rm -rf dataset/august-2018/bugs-dot-jar/accumulo_buggy
cp -r dataset/august-2018/bugs-dot-jar/accumulo dataset/august-2018/bugs-dot-jar/accumulo_buggy
Previous HEAD position was c5fa9f0... Added bug report.
HEAD is now at 371074a... Added bug report.
[INFO] Scanning for projects...
[INFO] ------------------------------------------------------------------------
[INFO] Reactor Build Order:
[INFO] 
[INFO] Apache Accumulo
[INFO] Trace
[INFO] Start
[INFO] Fate
[INFO] Core
[INFO] Server
[INFO] Examples
[INFO] Simple Examples
[INFO] Testing
[INFO] Instamo Example
[INFO] Proxy
[INFO] Assemble
[INFO]                                                                         
[INFO] ------------------------------------------------------------------------
[INFO] Building Apache Accumulo 1.5.0-SNAPSHOT
[INFO] ------------------------------------------------------------------------
[INFO] 
[INFO] --- maven-clean-plugin:2.5:clean (default-clean) @ accumulo ---
[INFO] Deleting /tmp/icse19/dataset/august-2018/bugs-dot-jar/accumulo_buggy/test (includes = [**/*.so], excludes = [])
[INFO] Deleting /tmp/icse19/dataset/august-2018/bugs-dot-jar/accumulo_buggy (includes = [**/*.pyc], excludes = [])
[INFO] 
[INFO] --- buildnumber-maven-plugin:1.1:create (default) @ accumulo ---
[INFO] Checking for local modifications: skipped.
[INFO] Updating project files from SCM: skipped.
[INFO] Executing: /bin/sh -c cd /tmp/icse19/dataset/august-2018/bugs-dot-jar/accumulo_buggy && svn --non-interactive info
[INFO] Working directory: /tmp/icse19/dataset/august-2018/bugs-dot-jar/accumulo_buggy
[INFO] Storing buildNumber: null at timestamp: 1533111552786
[INFO] Executing: /bin/sh -c cd /tmp/icse19/dataset/august-2018/bugs-dot-jar/accumulo_buggy && svn --non-interactive info
[INFO] Working directory: /tmp/icse19/dataset/august-2018/bugs-dot-jar/accumulo_buggy
[INFO] Storing buildScmBranch: UNKNOWN_BRANCH
[INFO] 
[INFO] --- maven-enforcer-plugin:1.0.1:enforce (enforce-mvn) @ accumulo ---
[INFO] 
[INFO] --- maven-remote-resources-plugin:1.3:process (default) @ accumulo ---
[INFO] 
[INFO] --- maven-dependency-plugin:2.3:copy-dependencies (copy-dependencies) @ accumulo ---
[INFO] 
[INFO] --- maven-site-plugin:3.2:attach-descriptor (attach-descriptor) @ accumulo ---
[INFO] 
[INFO] --- maven-source-plugin:2.1.2:jar-no-fork (attach-sources) @ accumulo ---
[INFO] 
[INFO] --- maven-source-plugin:2.1.2:test-jar-no-fork (attach-sources) @ accumulo ---
[INFO] 
[INFO] --- maven-install-plugin:2.3.1:install (default-install) @ accumulo ---
[INFO] Installing /tmp/icse19/dataset/august-2018/bugs-dot-jar/accumulo_buggy/pom.xml to /home/spirals/danglot/.m2/repository/org/apache/accumulo/accumulo/1.5.0-SNAPSHOT/accumulo-1.5.0-SNAPSHOT.pom
[INFO] Installing /tmp/icse19/dataset/august-2018/bugs-dot-jar/accumulo_buggy/target/accumulo-1.5.0-SNAPSHOT-site.xml to /home/spirals/danglot/.m2/repository/org/apache/accumulo/accumulo/1.5.0-SNAPSHOT/accumulo-1.5.0-SNAPSHOT-site.xml
[INFO]                                                                         
[INFO] ------------------------------------------------------------------------
[INFO] Building Trace 1.5.0-SNAPSHOT
[INFO] ------------------------------------------------------------------------
[INFO] 
[INFO] --- maven-clean-plugin:2.5:clean (default-clean) @ accumulo-trace ---
[INFO] Deleting /tmp/icse19/dataset/august-2018/bugs-dot-jar/accumulo_buggy/trace (includes = [**/*.pyc], excludes = [])
[INFO] 
[INFO] --- buildnumber-maven-plugin:1.1:create (default) @ accumulo-trace ---
[INFO] Checking for local modifications: skipped.
[INFO] Updating project files from SCM: skipped.
[INFO] Executing: /bin/sh -c cd /tmp/icse19/dataset/august-2018/bugs-dot-jar/accumulo_buggy/trace && svn --non-interactive info
[INFO] Working directory: /tmp/icse19/dataset/august-2018/bugs-dot-jar/accumulo_buggy/trace
[INFO] Storing buildNumber: null at timestamp: 1533111557750
[INFO] Executing: /bin/sh -c cd /tmp/icse19/dataset/august-2018/bugs-dot-jar/accumulo_buggy/trace && svn --non-interactive info
[INFO] Working directory: /tmp/icse19/dataset/august-2018/bugs-dot-jar/accumulo_buggy/trace
[INFO] Storing buildScmBranch: UNKNOWN_BRANCH
[INFO] 
[INFO] --- maven-enforcer-plugin:1.0.1:enforce (enforce-mvn) @ accumulo-trace ---
[INFO] 
[INFO] --- exec-maven-plugin:1.2.1:exec (generate-thrift) @ accumulo-trace ---
****************************************************
*** thrift is not available
***   expecting 'thrift -version' to return 0.9
*** generated code will not be updated
****************************************************
[INFO] 
[INFO] --- maven-remote-resources-plugin:1.3:process (default) @ accumulo-trace ---
[INFO] 
[INFO] --- maven-resources-plugin:2.5:resources (default-resources) @ accumulo-trace ---
[debug] execute contextualize
[INFO] Using 'UTF-8' encoding to copy filtered resources.
[INFO] skip non existing resourceDirectory /tmp/icse19/dataset/august-2018/bugs-dot-jar/accumulo_buggy/trace/src/main/resources
[INFO] Copying 3 resources
[INFO] 
[INFO] --- maven-dependency-plugin:2.3:copy-dependencies (copy-dependencies) @ accumulo-trace ---
[INFO] Copying log4j-1.2.16.jar to /tmp/icse19/dataset/august-2018/bugs-dot-jar/accumulo_buggy/lib/log4j-1.2.16.jar
[INFO] Copying libthrift-0.9.0.jar to /tmp/icse19/dataset/august-2018/bugs-dot-jar/accumulo_buggy/lib/libthrift-0.9.0.jar
[INFO] 
[INFO] --- maven-compiler-plugin:2.3.2:compile (default-compile) @ accumulo-trace ---
[INFO] Compiling 22 source files to /tmp/icse19/dataset/august-2018/bugs-dot-jar/accumulo_buggy/trace/target/classes
[INFO] 
[INFO] --- maven-resources-plugin:2.5:testResources (default-testResources) @ accumulo-trace ---
[debug] execute contextualize
[INFO] Using 'UTF-8' encoding to copy filtered resources.
[INFO] skip non existing resourceDirectory /tmp/icse19/dataset/august-2018/bugs-dot-jar/accumulo_buggy/trace/src/test/resources
[INFO] Copying 3 resources
[INFO] 
[INFO] --- maven-compiler-plugin:2.3.2:testCompile (default-testCompile) @ accumulo-trace ---
[INFO] Compiling 3 source files to /tmp/icse19/dataset/august-2018/bugs-dot-jar/accumulo_buggy/trace/target/test-classes
[INFO] 
[INFO] --- maven-surefire-plugin:2.12:test (default-test) @ accumulo-trace ---
[INFO] Tests are skipped.
[INFO] 
[INFO] --- maven-jar-plugin:2.4:jar (default-jar) @ accumulo-trace ---
[INFO] Building jar: /tmp/icse19/dataset/august-2018/bugs-dot-jar/accumulo_buggy/lib/accumulo-trace-1.5.0-SNAPSHOT.jar
[INFO] 
[INFO] --- maven-site-plugin:3.2:attach-descriptor (attach-descriptor) @ accumulo-trace ---
[INFO] 
[INFO] --- maven-source-plugin:2.1.2:jar-no-fork (attach-sources) @ accumulo-trace ---
[INFO] META-INF already added, skipping
[INFO] META-INF/DEPENDENCIES already added, skipping
[INFO] META-INF/NOTICE already added, skipping
[INFO] META-INF/LICENSE already added, skipping
[INFO] Building jar: /tmp/icse19/dataset/august-2018/bugs-dot-jar/accumulo_buggy/lib/accumulo-trace-1.5.0-SNAPSHOT-sources.jar
[INFO] META-INF already added, skipping
[INFO] META-INF/DEPENDENCIES already added, skipping
[INFO] META-INF/NOTICE already added, skipping
[INFO] META-INF/LICENSE already added, skipping
[INFO] 
[INFO] --- maven-source-plugin:2.1.2:test-jar-no-fork (attach-sources) @ accumulo-trace ---
[INFO] META-INF already added, skipping
[INFO] META-INF/DEPENDENCIES already added, skipping
[INFO] META-INF/NOTICE already added, skipping
[INFO] META-INF/LICENSE already added, skipping
[INFO] Building jar: /tmp/icse19/dataset/august-2018/bugs-dot-jar/accumulo_buggy/lib/accumulo-trace-1.5.0-SNAPSHOT-test-sources.jar
[INFO] META-INF already added, skipping
[INFO] META-INF/DEPENDENCIES already added, skipping
[INFO] META-INF/NOTICE already added, skipping
[INFO] META-INF/LICENSE already added, skipping
[INFO] 
[INFO] --- maven-install-plugin:2.3.1:install (default-install) @ accumulo-trace ---
[INFO] Installing /tmp/icse19/dataset/august-2018/bugs-dot-jar/accumulo_buggy/lib/accumulo-trace-1.5.0-SNAPSHOT.jar to /home/spirals/danglot/.m2/repository/org/apache/accumulo/accumulo-trace/1.5.0-SNAPSHOT/accumulo-trace-1.5.0-SNAPSHOT.jar
[INFO] Installing /tmp/icse19/dataset/august-2018/bugs-dot-jar/accumulo_buggy/trace/pom.xml to /home/spirals/danglot/.m2/repository/org/apache/accumulo/accumulo-trace/1.5.0-SNAPSHOT/accumulo-trace-1.5.0-SNAPSHOT.pom
[INFO] Installing /tmp/icse19/dataset/august-2018/bugs-dot-jar/accumulo_buggy/lib/accumulo-trace-1.5.0-SNAPSHOT-sources.jar to /home/spirals/danglot/.m2/repository/org/apache/accumulo/accumulo-trace/1.5.0-SNAPSHOT/accumulo-trace-1.5.0-SNAPSHOT-sources.jar
[INFO] Installing /tmp/icse19/dataset/august-2018/bugs-dot-jar/accumulo_buggy/lib/accumulo-trace-1.5.0-SNAPSHOT-test-sources.jar to /home/spirals/danglot/.m2/repository/org/apache/accumulo/accumulo-trace/1.5.0-SNAPSHOT/accumulo-trace-1.5.0-SNAPSHOT-test-sources.jar
[INFO]                                                                         
[INFO] ------------------------------------------------------------------------
[INFO] Building Start 1.5.0-SNAPSHOT
[INFO] ------------------------------------------------------------------------
[INFO] 
[INFO] --- maven-clean-plugin:2.5:clean (default-clean) @ accumulo-start ---
[INFO] Deleting /tmp/icse19/dataset/august-2018/bugs-dot-jar/accumulo_buggy/start (includes = [**/*.pyc], excludes = [])
[INFO] 
[INFO] --- buildnumber-maven-plugin:1.1:create (default) @ accumulo-start ---
[INFO] Checking for local modifications: skipped.
[INFO] Updating project files from SCM: skipped.
[INFO] Executing: /bin/sh -c cd /tmp/icse19/dataset/august-2018/bugs-dot-jar/accumulo_buggy/start && svn --non-interactive info
[INFO] Working directory: /tmp/icse19/dataset/august-2018/bugs-dot-jar/accumulo_buggy/start
[INFO] Storing buildNumber: null at timestamp: 1533111564667
[INFO] Executing: /bin/sh -c cd /tmp/icse19/dataset/august-2018/bugs-dot-jar/accumulo_buggy/start && svn --non-interactive info
[INFO] Working directory: /tmp/icse19/dataset/august-2018/bugs-dot-jar/accumulo_buggy/start
[INFO] Storing buildScmBranch: UNKNOWN_BRANCH
[INFO] 
[INFO] --- maven-enforcer-plugin:1.0.1:enforce (enforce-mvn) @ accumulo-start ---
[INFO] 
[INFO] --- maven-remote-resources-plugin:1.3:process (default) @ accumulo-start ---
[INFO] 
[INFO] --- maven-resources-plugin:2.5:resources (default-resources) @ accumulo-start ---
[debug] execute contextualize
[INFO] Using 'UTF-8' encoding to copy filtered resources.
[INFO] skip non existing resourceDirectory /tmp/icse19/dataset/august-2018/bugs-dot-jar/accumulo_buggy/start/src/main/resources
[INFO] Copying 3 resources
[INFO] 
[INFO] --- maven-dependency-plugin:2.3:copy-dependencies (copy-dependencies) @ accumulo-start ---
[INFO] Copying commons-io-1.4.jar to /tmp/icse19/dataset/august-2018/bugs-dot-jar/accumulo_buggy/lib/commons-io-1.4.jar
[INFO] Copying commons-vfs2-2.0.jar to /tmp/icse19/dataset/august-2018/bugs-dot-jar/accumulo_buggy/lib/commons-vfs2-2.0.jar
[INFO] Copying commons-logging-1.0.4.jar to /tmp/icse19/dataset/august-2018/bugs-dot-jar/accumulo_buggy/lib/commons-logging-1.0.4.jar
[INFO] log4j-1.2.16.jar already exists in destination.
[INFO] 
[INFO] --- maven-compiler-plugin:2.3.2:compile (default-compile) @ accumulo-start ---
[INFO] Compiling 16 source files to /tmp/icse19/dataset/august-2018/bugs-dot-jar/accumulo_buggy/start/target/classes
[INFO] 
[INFO] --- maven-resources-plugin:2.5:testResources (default-testResources) @ accumulo-start ---
[debug] execute contextualize
[INFO] Using 'UTF-8' encoding to copy filtered resources.
[INFO] Copying 4 resources
[INFO] Copying 3 resources
[INFO] 
[INFO] --- maven-compiler-plugin:2.3.2:testCompile (default-testCompile) @ accumulo-start ---
[INFO] Compiling 7 source files to /tmp/icse19/dataset/august-2018/bugs-dot-jar/accumulo_buggy/start/target/test-classes
[INFO] 
[INFO] --- maven-surefire-plugin:2.12:test (default-test) @ accumulo-start ---
[INFO] Tests are skipped.
[INFO] 
[INFO] --- maven-jar-plugin:2.4:jar (default-jar) @ accumulo-start ---
[INFO] Building jar: /tmp/icse19/dataset/august-2018/bugs-dot-jar/accumulo_buggy/lib/accumulo-start-1.5.0-SNAPSHOT.jar
[INFO] 
[INFO] --- maven-site-plugin:3.2:attach-descriptor (attach-descriptor) @ accumulo-start ---
[INFO] 
[INFO] --- maven-source-plugin:2.1.2:jar-no-fork (attach-sources) @ accumulo-start ---
[INFO] META-INF already added, skipping
[INFO] META-INF/DEPENDENCIES already added, skipping
[INFO] META-INF/NOTICE already added, skipping
[INFO] META-INF/LICENSE already added, skipping
[INFO] Building jar: /tmp/icse19/dataset/august-2018/bugs-dot-jar/accumulo_buggy/lib/accumulo-start-1.5.0-SNAPSHOT-sources.jar
[INFO] META-INF already added, skipping
[INFO] META-INF/DEPENDENCIES already added, skipping
[INFO] META-INF/NOTICE already added, skipping
[INFO] META-INF/LICENSE already added, skipping
[INFO] 
[INFO] --- maven-source-plugin:2.1.2:test-jar-no-fork (attach-sources) @ accumulo-start ---
[INFO] META-INF already added, skipping
[INFO] META-INF/DEPENDENCIES already added, skipping
[INFO] META-INF/NOTICE already added, skipping
[INFO] META-INF/LICENSE already added, skipping
[INFO] Building jar: /tmp/icse19/dataset/august-2018/bugs-dot-jar/accumulo_buggy/lib/accumulo-start-1.5.0-SNAPSHOT-test-sources.jar
[INFO] META-INF already added, skipping
[INFO] META-INF/DEPENDENCIES already added, skipping
[INFO] META-INF/NOTICE already added, skipping
[INFO] META-INF/LICENSE already added, skipping
[INFO] 
[INFO] --- maven-install-plugin:2.3.1:install (default-install) @ accumulo-start ---
[INFO] Installing /tmp/icse19/dataset/august-2018/bugs-dot-jar/accumulo_buggy/lib/accumulo-start-1.5.0-SNAPSHOT.jar to /home/spirals/danglot/.m2/repository/org/apache/accumulo/accumulo-start/1.5.0-SNAPSHOT/accumulo-start-1.5.0-SNAPSHOT.jar
[INFO] Installing /tmp/icse19/dataset/august-2018/bugs-dot-jar/accumulo_buggy/start/pom.xml to /home/spirals/danglot/.m2/repository/org/apache/accumulo/accumulo-start/1.5.0-SNAPSHOT/accumulo-start-1.5.0-SNAPSHOT.pom
[INFO] Installing /tmp/icse19/dataset/august-2018/bugs-dot-jar/accumulo_buggy/lib/accumulo-start-1.5.0-SNAPSHOT-sources.jar to /home/spirals/danglot/.m2/repository/org/apache/accumulo/accumulo-start/1.5.0-SNAPSHOT/accumulo-start-1.5.0-SNAPSHOT-sources.jar
[INFO] Installing /tmp/icse19/dataset/august-2018/bugs-dot-jar/accumulo_buggy/lib/accumulo-start-1.5.0-SNAPSHOT-test-sources.jar to /home/spirals/danglot/.m2/repository/org/apache/accumulo/accumulo-start/1.5.0-SNAPSHOT/accumulo-start-1.5.0-SNAPSHOT-test-sources.jar
[INFO]                                                                         
[INFO] ------------------------------------------------------------------------
[INFO] Building Fate 1.5.0-SNAPSHOT
[INFO] ------------------------------------------------------------------------
[INFO] 
[INFO] --- maven-clean-plugin:2.5:clean (default-clean) @ accumulo-fate ---
[INFO] Deleting /tmp/icse19/dataset/august-2018/bugs-dot-jar/accumulo_buggy/fate (includes = [**/*.pyc], excludes = [])
[INFO] 
[INFO] --- buildnumber-maven-plugin:1.1:create (default) @ accumulo-fate ---
[INFO] Checking for local modifications: skipped.
[INFO] Updating project files from SCM: skipped.
[INFO] Executing: /bin/sh -c cd /tmp/icse19/dataset/august-2018/bugs-dot-jar/accumulo_buggy/fate && svn --non-interactive info
[INFO] Working directory: /tmp/icse19/dataset/august-2018/bugs-dot-jar/accumulo_buggy/fate
[INFO] Storing buildNumber: null at timestamp: 1533111571038
[INFO] Executing: /bin/sh -c cd /tmp/icse19/dataset/august-2018/bugs-dot-jar/accumulo_buggy/fate && svn --non-interactive info
[INFO] Working directory: /tmp/icse19/dataset/august-2018/bugs-dot-jar/accumulo_buggy/fate
[INFO] Storing buildScmBranch: UNKNOWN_BRANCH
[INFO] 
[INFO] --- maven-enforcer-plugin:1.0.1:enforce (enforce-mvn) @ accumulo-fate ---
[INFO] 
[INFO] --- maven-remote-resources-plugin:1.3:process (default) @ accumulo-fate ---
[INFO] 
[INFO] --- maven-resources-plugin:2.5:resources (default-resources) @ accumulo-fate ---
[debug] execute contextualize
[INFO] Using 'UTF-8' encoding to copy filtered resources.
[INFO] skip non existing resourceDirectory /tmp/icse19/dataset/august-2018/bugs-dot-jar/accumulo_buggy/fate/src/main/resources
[INFO] Copying 3 resources
[INFO] 
[INFO] --- maven-dependency-plugin:2.3:copy-dependencies (copy-dependencies) @ accumulo-fate ---
[INFO] Copying commons-lang-2.4.jar to /tmp/icse19/dataset/august-2018/bugs-dot-jar/accumulo_buggy/lib/commons-lang-2.4.jar
[INFO] log4j-1.2.16.jar already exists in destination.
[INFO] 
[INFO] --- maven-compiler-plugin:2.3.2:compile (default-compile) @ accumulo-fate ---
[INFO] Compiling 22 source files to /tmp/icse19/dataset/august-2018/bugs-dot-jar/accumulo_buggy/fate/target/classes
[INFO] 
[INFO] --- maven-resources-plugin:2.5:testResources (default-testResources) @ accumulo-fate ---
[debug] execute contextualize
[INFO] Using 'UTF-8' encoding to copy filtered resources.
[INFO] Copying 1 resource
[INFO] Copying 3 resources
[INFO] 
[INFO] --- maven-compiler-plugin:2.3.2:testCompile (default-testCompile) @ accumulo-fate ---
[INFO] Compiling 4 source files to /tmp/icse19/dataset/august-2018/bugs-dot-jar/accumulo_buggy/fate/target/test-classes
[INFO] 
[INFO] --- maven-surefire-plugin:2.12:test (default-test) @ accumulo-fate ---
[INFO] Tests are skipped.
[INFO] 
[INFO] --- maven-jar-plugin:2.4:jar (default-jar) @ accumulo-fate ---
[INFO] Building jar: /tmp/icse19/dataset/august-2018/bugs-dot-jar/accumulo_buggy/lib/accumulo-fate-1.5.0-SNAPSHOT.jar
[INFO] 
[INFO] --- maven-site-plugin:3.2:attach-descriptor (attach-descriptor) @ accumulo-fate ---
[INFO] 
[INFO] --- maven-source-plugin:2.1.2:jar-no-fork (attach-sources) @ accumulo-fate ---
[INFO] META-INF already added, skipping
[INFO] META-INF/DEPENDENCIES already added, skipping
[INFO] META-INF/NOTICE already added, skipping
[INFO] META-INF/LICENSE already added, skipping
[INFO] Building jar: /tmp/icse19/dataset/august-2018/bugs-dot-jar/accumulo_buggy/lib/accumulo-fate-1.5.0-SNAPSHOT-sources.jar
[INFO] META-INF already added, skipping
[INFO] META-INF/DEPENDENCIES already added, skipping
[INFO] META-INF/NOTICE already added, skipping
[INFO] META-INF/LICENSE already added, skipping
[INFO] 
[INFO] --- maven-source-plugin:2.1.2:test-jar-no-fork (attach-sources) @ accumulo-fate ---
[INFO] META-INF already added, skipping
[INFO] META-INF/DEPENDENCIES already added, skipping
[INFO] META-INF/NOTICE already added, skipping
[INFO] META-INF/LICENSE already added, skipping
[INFO] Building jar: /tmp/icse19/dataset/august-2018/bugs-dot-jar/accumulo_buggy/lib/accumulo-fate-1.5.0-SNAPSHOT-test-sources.jar
[INFO] META-INF already added, skipping
[INFO] META-INF/DEPENDENCIES already added, skipping
[INFO] META-INF/NOTICE already added, skipping
[INFO] META-INF/LICENSE already added, skipping
[INFO] 
[INFO] --- maven-install-plugin:2.3.1:install (default-install) @ accumulo-fate ---
[INFO] Installing /tmp/icse19/dataset/august-2018/bugs-dot-jar/accumulo_buggy/lib/accumulo-fate-1.5.0-SNAPSHOT.jar to /home/spirals/danglot/.m2/repository/org/apache/accumulo/accumulo-fate/1.5.0-SNAPSHOT/accumulo-fate-1.5.0-SNAPSHOT.jar
[INFO] Installing /tmp/icse19/dataset/august-2018/bugs-dot-jar/accumulo_buggy/fate/pom.xml to /home/spirals/danglot/.m2/repository/org/apache/accumulo/accumulo-fate/1.5.0-SNAPSHOT/accumulo-fate-1.5.0-SNAPSHOT.pom
[INFO] Installing /tmp/icse19/dataset/august-2018/bugs-dot-jar/accumulo_buggy/lib/accumulo-fate-1.5.0-SNAPSHOT-sources.jar to /home/spirals/danglot/.m2/repository/org/apache/accumulo/accumulo-fate/1.5.0-SNAPSHOT/accumulo-fate-1.5.0-SNAPSHOT-sources.jar
[INFO] Installing /tmp/icse19/dataset/august-2018/bugs-dot-jar/accumulo_buggy/lib/accumulo-fate-1.5.0-SNAPSHOT-test-sources.jar to /home/spirals/danglot/.m2/repository/org/apache/accumulo/accumulo-fate/1.5.0-SNAPSHOT/accumulo-fate-1.5.0-SNAPSHOT-test-sources.jar
[INFO]                                                                         
[INFO] ------------------------------------------------------------------------
[INFO] Building Core 1.5.0-SNAPSHOT
[INFO] ------------------------------------------------------------------------
[INFO] 
[INFO] --- maven-clean-plugin:2.5:clean (default-clean) @ accumulo-core ---
[INFO] Deleting /tmp/icse19/dataset/august-2018/bugs-dot-jar/accumulo_buggy/core (includes = [**/*.pyc], excludes = [])
[INFO] 
[INFO] --- buildnumber-maven-plugin:1.1:create (default) @ accumulo-core ---
[INFO] Checking for local modifications: skipped.
[INFO] Updating project files from SCM: skipped.
[INFO] Executing: /bin/sh -c cd /tmp/icse19/dataset/august-2018/bugs-dot-jar/accumulo_buggy/core && svn --non-interactive info
[INFO] Working directory: /tmp/icse19/dataset/august-2018/bugs-dot-jar/accumulo_buggy/core
[INFO] Storing buildNumber: null at timestamp: 1533111576500
[INFO] Executing: /bin/sh -c cd /tmp/icse19/dataset/august-2018/bugs-dot-jar/accumulo_buggy/core && svn --non-interactive info
[INFO] Working directory: /tmp/icse19/dataset/august-2018/bugs-dot-jar/accumulo_buggy/core
[INFO] Storing buildScmBranch: UNKNOWN_BRANCH
[INFO] 
[INFO] --- maven-enforcer-plugin:1.0.1:enforce (enforce-mvn) @ accumulo-core ---
[INFO] 
[INFO] --- exec-maven-plugin:1.2.1:exec (generate-thrift) @ accumulo-core ---
****************************************************
*** thrift is not available
***   expecting 'thrift -version' to return 0.9
*** generated code will not be updated
****************************************************
[INFO] 
[INFO] --- maven-remote-resources-plugin:1.3:process (default) @ accumulo-core ---
[INFO] 
[INFO] --- maven-resources-plugin:2.5:resources (default-resources) @ accumulo-core ---
[debug] execute contextualize
[INFO] Using 'UTF-8' encoding to copy filtered resources.
[INFO] Copying 1 resource
[INFO] Copying 3 resources
[INFO] 
[INFO] --- maven-dependency-plugin:2.3:copy-dependencies (copy-dependencies) @ accumulo-core ---
[INFO] Copying jcommander-1.30.jar to /tmp/icse19/dataset/august-2018/bugs-dot-jar/accumulo_buggy/lib/jcommander-1.30.jar
[INFO] Copying commons-collections-3.2.jar to /tmp/icse19/dataset/august-2018/bugs-dot-jar/accumulo_buggy/lib/commons-collections-3.2.jar
[INFO] Copying jline-0.9.94.jar to /tmp/icse19/dataset/august-2018/bugs-dot-jar/accumulo_buggy/lib/jline-0.9.94.jar
[INFO] log4j-1.2.16.jar already exists in destination.
[INFO] libthrift-0.9.0.jar already exists in destination.
[INFO] commons-logging-1.0.4.jar already exists in destination.
[INFO] commons-lang-2.4.jar already exists in destination.
[INFO] 
[INFO] --- maven-compiler-plugin:2.3.2:compile (default-compile) @ accumulo-core ---
[INFO] Compiling 484 source files to /tmp/icse19/dataset/august-2018/bugs-dot-jar/accumulo_buggy/core/target/classes
[INFO] 
[INFO] --- maven-resources-plugin:2.5:testResources (default-testResources) @ accumulo-core ---
[debug] execute contextualize
[INFO] Using 'UTF-8' encoding to copy filtered resources.
[INFO] Copying 4 resources
[INFO] Copying 3 resources
[INFO] 
[INFO] --- maven-compiler-plugin:2.3.2:testCompile (default-testCompile) @ accumulo-core ---
[INFO] Compiling 77 source files to /tmp/icse19/dataset/august-2018/bugs-dot-jar/accumulo_buggy/core/target/test-classes
[INFO] 
[INFO] --- maven-surefire-plugin:2.12:test (default-test) @ accumulo-core ---
[INFO] Tests are skipped.
[INFO] 
[INFO] --- maven-jar-plugin:2.4:jar (default-jar) @ accumulo-core ---
[INFO] Building jar: /tmp/icse19/dataset/august-2018/bugs-dot-jar/accumulo_buggy/lib/accumulo-core-1.5.0-SNAPSHOT.jar
[INFO] 
[INFO] --- maven-site-plugin:3.2:attach-descriptor (attach-descriptor) @ accumulo-core ---
[INFO] 
[INFO] --- maven-source-plugin:2.1.2:jar-no-fork (attach-sources) @ accumulo-core ---
[INFO] org already added, skipping
[INFO] org/apache already added, skipping
[INFO] org/apache/accumulo already added, skipping
[INFO] org/apache/accumulo/core already added, skipping
[INFO] org/apache/accumulo/core/conf already added, skipping
[INFO] META-INF already added, skipping
[INFO] META-INF/DEPENDENCIES already added, skipping
[INFO] META-INF/NOTICE already added, skipping
[INFO] META-INF/LICENSE already added, skipping
[INFO] Building jar: /tmp/icse19/dataset/august-2018/bugs-dot-jar/accumulo_buggy/lib/accumulo-core-1.5.0-SNAPSHOT-sources.jar
[INFO] org already added, skipping
[INFO] org/apache already added, skipping
[INFO] org/apache/accumulo already added, skipping
[INFO] org/apache/accumulo/core already added, skipping
[INFO] org/apache/accumulo/core/conf already added, skipping
[INFO] META-INF already added, skipping
[INFO] META-INF/DEPENDENCIES already added, skipping
[INFO] META-INF/NOTICE already added, skipping
[INFO] META-INF/LICENSE already added, skipping
[INFO] 
[INFO] --- maven-source-plugin:2.1.2:test-jar-no-fork (attach-sources) @ accumulo-core ---
[INFO] org already added, skipping
[INFO] org/apache already added, skipping
[INFO] org/apache/accumulo already added, skipping
[INFO] org/apache/accumulo/core already added, skipping
[INFO] org/apache/accumulo/core/file already added, skipping
[INFO] org/apache/accumulo/core/file/rfile already added, skipping
[INFO] META-INF already added, skipping
[INFO] META-INF/DEPENDENCIES already added, skipping
[INFO] META-INF/NOTICE already added, skipping
[INFO] META-INF/LICENSE already added, skipping
[INFO] Building jar: /tmp/icse19/dataset/august-2018/bugs-dot-jar/accumulo_buggy/lib/accumulo-core-1.5.0-SNAPSHOT-test-sources.jar
[INFO] org already added, skipping
[INFO] org/apache already added, skipping
[INFO] org/apache/accumulo already added, skipping
[INFO] org/apache/accumulo/core already added, skipping
[INFO] org/apache/accumulo/core/file already added, skipping
[INFO] org/apache/accumulo/core/file/rfile already added, skipping
[INFO] META-INF already added, skipping
[INFO] META-INF/DEPENDENCIES already added, skipping
[INFO] META-INF/NOTICE already added, skipping
[INFO] META-INF/LICENSE already added, skipping
[INFO] 
[INFO] --- maven-install-plugin:2.3.1:install (default-install) @ accumulo-core ---
[INFO] Installing /tmp/icse19/dataset/august-2018/bugs-dot-jar/accumulo_buggy/lib/accumulo-core-1.5.0-SNAPSHOT.jar to /home/spirals/danglot/.m2/repository/org/apache/accumulo/accumulo-core/1.5.0-SNAPSHOT/accumulo-core-1.5.0-SNAPSHOT.jar
[INFO] Installing /tmp/icse19/dataset/august-2018/bugs-dot-jar/accumulo_buggy/core/pom.xml to /home/spirals/danglot/.m2/repository/org/apache/accumulo/accumulo-core/1.5.0-SNAPSHOT/accumulo-core-1.5.0-SNAPSHOT.pom
[INFO] Installing /tmp/icse19/dataset/august-2018/bugs-dot-jar/accumulo_buggy/lib/accumulo-core-1.5.0-SNAPSHOT-sources.jar to /home/spirals/danglot/.m2/repository/org/apache/accumulo/accumulo-core/1.5.0-SNAPSHOT/accumulo-core-1.5.0-SNAPSHOT-sources.jar
[INFO] Installing /tmp/icse19/dataset/august-2018/bugs-dot-jar/accumulo_buggy/lib/accumulo-core-1.5.0-SNAPSHOT-test-sources.jar to /home/spirals/danglot/.m2/repository/org/apache/accumulo/accumulo-core/1.5.0-SNAPSHOT/accumulo-core-1.5.0-SNAPSHOT-test-sources.jar
[INFO]                                                                         
[INFO] ------------------------------------------------------------------------
[INFO] Building Server 1.5.0-SNAPSHOT
[INFO] ------------------------------------------------------------------------
[INFO] 
[INFO] --- maven-clean-plugin:2.5:clean (default-clean) @ accumulo-server ---
[INFO] Deleting /tmp/icse19/dataset/august-2018/bugs-dot-jar/accumulo_buggy/server (includes = [**/*.pyc], excludes = [])
[INFO] 
[INFO] --- buildnumber-maven-plugin:1.1:create (default) @ accumulo-server ---
[INFO] Checking for local modifications: skipped.
[INFO] Updating project files from SCM: skipped.
[INFO] Executing: /bin/sh -c cd /tmp/icse19/dataset/august-2018/bugs-dot-jar/accumulo_buggy/server && svn --non-interactive info
[INFO] Working directory: /tmp/icse19/dataset/august-2018/bugs-dot-jar/accumulo_buggy/server
[INFO] Storing buildNumber: null at timestamp: 1533111604134
[INFO] Executing: /bin/sh -c cd /tmp/icse19/dataset/august-2018/bugs-dot-jar/accumulo_buggy/server && svn --non-interactive info
[INFO] Working directory: /tmp/icse19/dataset/august-2018/bugs-dot-jar/accumulo_buggy/server
[INFO] Storing buildScmBranch: UNKNOWN_BRANCH
[INFO] 
[INFO] --- maven-enforcer-plugin:1.0.1:enforce (enforce-mvn) @ accumulo-server ---
[INFO] 
[INFO] --- maven-remote-resources-plugin:1.3:process (default) @ accumulo-server ---
[INFO] 
[INFO] --- maven-resources-plugin:2.5:resources (default-resources) @ accumulo-server ---
[debug] execute contextualize
[INFO] Using 'UTF-8' encoding to copy filtered resources.
[INFO] Copying 38 resources
[INFO] Copying 3 resources
[INFO] 
[INFO] --- maven-dependency-plugin:2.3:copy-dependencies (copy-dependencies) @ accumulo-server ---
[INFO] Copying gson-2.2.2.jar to /tmp/icse19/dataset/august-2018/bugs-dot-jar/accumulo_buggy/lib/gson-2.2.2.jar
[INFO] Copying commons-configuration-1.5.jar to /tmp/icse19/dataset/august-2018/bugs-dot-jar/accumulo_buggy/lib/commons-configuration-1.5.jar
[INFO] log4j-1.2.16.jar already exists in destination.
[INFO] commons-collections-3.2.jar already exists in destination.
[INFO] jline-0.9.94.jar already exists in destination.
[INFO] commons-io-1.4.jar already exists in destination.
[INFO] libthrift-0.9.0.jar already exists in destination.
[INFO] commons-lang-2.4.jar already exists in destination.
[INFO] 
[INFO] --- maven-compiler-plugin:2.3.2:compile (default-compile) @ accumulo-server ---
[INFO] Compiling 238 source files to /tmp/icse19/dataset/august-2018/bugs-dot-jar/accumulo_buggy/server/target/classes
[INFO] 
[INFO] --- maven-resources-plugin:2.5:testResources (default-testResources) @ accumulo-server ---
[debug] execute contextualize
[INFO] Using 'UTF-8' encoding to copy filtered resources.
[INFO] skip non existing resourceDirectory /tmp/icse19/dataset/august-2018/bugs-dot-jar/accumulo_buggy/server/src/test/resources
[INFO] Copying 3 resources
[INFO] 
[INFO] --- maven-compiler-plugin:2.3.2:testCompile (default-testCompile) @ accumulo-server ---
[INFO] Compiling 21 source files to /tmp/icse19/dataset/august-2018/bugs-dot-jar/accumulo_buggy/server/target/test-classes
[INFO] 
[INFO] --- maven-surefire-plugin:2.12:test (default-test) @ accumulo-server ---
[INFO] Tests are skipped.
[INFO] 
[INFO] --- maven-jar-plugin:2.4:jar (default-jar) @ accumulo-server ---
[INFO] Building jar: /tmp/icse19/dataset/august-2018/bugs-dot-jar/accumulo_buggy/lib/accumulo-server-1.5.0-SNAPSHOT.jar
[INFO] 
[INFO] --- maven-site-plugin:3.2:attach-descriptor (attach-descriptor) @ accumulo-server ---
[INFO] 
[INFO] --- maven-source-plugin:2.1.2:jar-no-fork (attach-sources) @ accumulo-server ---
[INFO] META-INF already added, skipping
[INFO] META-INF/DEPENDENCIES already added, skipping
[INFO] META-INF/NOTICE already added, skipping
[INFO] META-INF/LICENSE already added, skipping
[INFO] Building jar: /tmp/icse19/dataset/august-2018/bugs-dot-jar/accumulo_buggy/lib/accumulo-server-1.5.0-SNAPSHOT-sources.jar
[INFO] META-INF already added, skipping
[INFO] META-INF/DEPENDENCIES already added, skipping
[INFO] META-INF/NOTICE already added, skipping
[INFO] META-INF/LICENSE already added, skipping
[INFO] 
[INFO] --- maven-source-plugin:2.1.2:test-jar-no-fork (attach-sources) @ accumulo-server ---
[INFO] META-INF already added, skipping
[INFO] META-INF/DEPENDENCIES already added, skipping
[INFO] META-INF/NOTICE already added, skipping
[INFO] META-INF/LICENSE already added, skipping
[INFO] Building jar: /tmp/icse19/dataset/august-2018/bugs-dot-jar/accumulo_buggy/lib/accumulo-server-1.5.0-SNAPSHOT-test-sources.jar
[INFO] META-INF already added, skipping
[INFO] META-INF/DEPENDENCIES already added, skipping
[INFO] META-INF/NOTICE already added, skipping
[INFO] META-INF/LICENSE already added, skipping
[INFO] 
[INFO] --- maven-install-plugin:2.3.1:install (default-install) @ accumulo-server ---
[INFO] Installing /tmp/icse19/dataset/august-2018/bugs-dot-jar/accumulo_buggy/lib/accumulo-server-1.5.0-SNAPSHOT.jar to /home/spirals/danglot/.m2/repository/org/apache/accumulo/accumulo-server/1.5.0-SNAPSHOT/accumulo-server-1.5.0-SNAPSHOT.jar
[INFO] Installing /tmp/icse19/dataset/august-2018/bugs-dot-jar/accumulo_buggy/server/pom.xml to /home/spirals/danglot/.m2/repository/org/apache/accumulo/accumulo-server/1.5.0-SNAPSHOT/accumulo-server-1.5.0-SNAPSHOT.pom
[INFO] Installing /tmp/icse19/dataset/august-2018/bugs-dot-jar/accumulo_buggy/lib/accumulo-server-1.5.0-SNAPSHOT-sources.jar to /home/spirals/danglot/.m2/repository/org/apache/accumulo/accumulo-server/1.5.0-SNAPSHOT/accumulo-server-1.5.0-SNAPSHOT-sources.jar
[INFO] Installing /tmp/icse19/dataset/august-2018/bugs-dot-jar/accumulo_buggy/lib/accumulo-server-1.5.0-SNAPSHOT-test-sources.jar to /home/spirals/danglot/.m2/repository/org/apache/accumulo/accumulo-server/1.5.0-SNAPSHOT/accumulo-server-1.5.0-SNAPSHOT-test-sources.jar
[INFO]                                                                         
[INFO] ------------------------------------------------------------------------
[INFO] Building Examples 1.5.0-SNAPSHOT
[INFO] ------------------------------------------------------------------------
[INFO] 
[INFO] --- maven-clean-plugin:2.5:clean (default-clean) @ accumulo-examples ---
[INFO] Deleting /tmp/icse19/dataset/august-2018/bugs-dot-jar/accumulo_buggy/examples (includes = [**/*.pyc], excludes = [])
[INFO] 
[INFO] --- buildnumber-maven-plugin:1.1:create (default) @ accumulo-examples ---
[INFO] Checking for local modifications: skipped.
[INFO] Updating project files from SCM: skipped.
[INFO] Executing: /bin/sh -c cd /tmp/icse19/dataset/august-2018/bugs-dot-jar/accumulo_buggy/examples && svn --non-interactive info
[INFO] Working directory: /tmp/icse19/dataset/august-2018/bugs-dot-jar/accumulo_buggy/examples
[INFO] Storing buildNumber: null at timestamp: 1533111618495
[INFO] Executing: /bin/sh -c cd /tmp/icse19/dataset/august-2018/bugs-dot-jar/accumulo_buggy/examples && svn --non-interactive info
[INFO] Working directory: /tmp/icse19/dataset/august-2018/bugs-dot-jar/accumulo_buggy/examples
[INFO] Storing buildScmBranch: UNKNOWN_BRANCH
[INFO] 
[INFO] --- maven-enforcer-plugin:1.0.1:enforce (enforce-mvn) @ accumulo-examples ---
[INFO] 
[INFO] --- maven-remote-resources-plugin:1.3:process (default) @ accumulo-examples ---
[INFO] 
[INFO] --- maven-dependency-plugin:2.3:copy-dependencies (copy-dependencies) @ accumulo-examples ---
[INFO] 
[INFO] --- maven-site-plugin:3.2:attach-descriptor (attach-descriptor) @ accumulo-examples ---
[INFO] 
[INFO] --- maven-source-plugin:2.1.2:jar-no-fork (attach-sources) @ accumulo-examples ---
[INFO] 
[INFO] --- maven-source-plugin:2.1.2:test-jar-no-fork (attach-sources) @ accumulo-examples ---
[INFO] 
[INFO] --- maven-install-plugin:2.3.1:install (default-install) @ accumulo-examples ---
[INFO] Installing /tmp/icse19/dataset/august-2018/bugs-dot-jar/accumulo_buggy/examples/pom.xml to /home/spirals/danglot/.m2/repository/org/apache/accumulo/accumulo-examples/1.5.0-SNAPSHOT/accumulo-examples-1.5.0-SNAPSHOT.pom
[INFO]                                                                         
[INFO] ------------------------------------------------------------------------
[INFO] Building Simple Examples 1.5.0-SNAPSHOT
[INFO] ------------------------------------------------------------------------
[INFO] 
[INFO] --- maven-clean-plugin:2.5:clean (default-clean) @ accumulo-examples-simple ---
[INFO] Deleting /tmp/icse19/dataset/august-2018/bugs-dot-jar/accumulo_buggy/examples/simple (includes = [**/*.pyc], excludes = [])
[INFO] 
[INFO] --- buildnumber-maven-plugin:1.1:create (default) @ accumulo-examples-simple ---
[INFO] Checking for local modifications: skipped.
[INFO] Updating project files from SCM: skipped.
[INFO] Executing: /bin/sh -c cd /tmp/icse19/dataset/august-2018/bugs-dot-jar/accumulo_buggy/examples/simple && svn --non-interactive info
[INFO] Working directory: /tmp/icse19/dataset/august-2018/bugs-dot-jar/accumulo_buggy/examples/simple
[INFO] Storing buildNumber: null at timestamp: 1533111619053
[INFO] Executing: /bin/sh -c cd /tmp/icse19/dataset/august-2018/bugs-dot-jar/accumulo_buggy/examples/simple && svn --non-interactive info
[INFO] Working directory: /tmp/icse19/dataset/august-2018/bugs-dot-jar/accumulo_buggy/examples/simple
[INFO] Storing buildScmBranch: UNKNOWN_BRANCH
[INFO] 
[INFO] --- maven-enforcer-plugin:1.0.1:enforce (enforce-mvn) @ accumulo-examples-simple ---
[INFO] 
[INFO] --- maven-remote-resources-plugin:1.3:process (default) @ accumulo-examples-simple ---
[INFO] 
[INFO] --- maven-resources-plugin:2.5:resources (default-resources) @ accumulo-examples-simple ---
[debug] execute contextualize
[INFO] Using 'UTF-8' encoding to copy filtered resources.
[INFO] skip non existing resourceDirectory /tmp/icse19/dataset/august-2018/bugs-dot-jar/accumulo_buggy/examples/simple/src/main/resources
[INFO] Copying 3 resources
[INFO] 
[INFO] --- maven-dependency-plugin:2.3:copy-dependencies (copy-dependencies) @ accumulo-examples-simple ---
[INFO] Copying log4j-1.2.16.jar to /tmp/icse19/dataset/august-2018/bugs-dot-jar/accumulo_buggy/examples/lib/log4j-1.2.16.jar
[INFO] 
[INFO] --- maven-compiler-plugin:2.3.2:compile (default-compile) @ accumulo-examples-simple ---
[INFO] Compiling 39 source files to /tmp/icse19/dataset/august-2018/bugs-dot-jar/accumulo_buggy/examples/simple/target/classes
[INFO] 
[INFO] --- maven-resources-plugin:2.5:testResources (default-testResources) @ accumulo-examples-simple ---
[debug] execute contextualize
[INFO] Using 'UTF-8' encoding to copy filtered resources.
[INFO] skip non existing resourceDirectory /tmp/icse19/dataset/august-2018/bugs-dot-jar/accumulo_buggy/examples/simple/src/test/resources
[INFO] Copying 3 resources
[INFO] 
[INFO] --- maven-compiler-plugin:2.3.2:testCompile (default-testCompile) @ accumulo-examples-simple ---
[INFO] Compiling 5 source files to /tmp/icse19/dataset/august-2018/bugs-dot-jar/accumulo_buggy/examples/simple/target/test-classes
[INFO] 
[INFO] --- maven-surefire-plugin:2.12:test (default-test) @ accumulo-examples-simple ---
[INFO] Tests are skipped.
[INFO] 
[INFO] --- maven-jar-plugin:2.4:jar (default-jar) @ accumulo-examples-simple ---
[INFO] Building jar: /tmp/icse19/dataset/august-2018/bugs-dot-jar/accumulo_buggy/lib/accumulo-examples-simple-1.5.0-SNAPSHOT.jar
[INFO] 
[INFO] --- maven-site-plugin:3.2:attach-descriptor (attach-descriptor) @ accumulo-examples-simple ---
[INFO] 
[INFO] --- maven-source-plugin:2.1.2:jar-no-fork (attach-sources) @ accumulo-examples-simple ---
[INFO] META-INF already added, skipping
[INFO] META-INF/DEPENDENCIES already added, skipping
[INFO] META-INF/NOTICE already added, skipping
[INFO] META-INF/LICENSE already added, skipping
[INFO] Building jar: /tmp/icse19/dataset/august-2018/bugs-dot-jar/accumulo_buggy/lib/accumulo-examples-simple-1.5.0-SNAPSHOT-sources.jar
[INFO] META-INF already added, skipping
[INFO] META-INF/DEPENDENCIES already added, skipping
[INFO] META-INF/NOTICE already added, skipping
[INFO] META-INF/LICENSE already added, skipping
[INFO] 
[INFO] --- maven-source-plugin:2.1.2:test-jar-no-fork (attach-sources) @ accumulo-examples-simple ---
[INFO] META-INF already added, skipping
[INFO] META-INF/DEPENDENCIES already added, skipping
[INFO] META-INF/NOTICE already added, skipping
[INFO] META-INF/LICENSE already added, skipping
[INFO] Building jar: /tmp/icse19/dataset/august-2018/bugs-dot-jar/accumulo_buggy/lib/accumulo-examples-simple-1.5.0-SNAPSHOT-test-sources.jar
[INFO] META-INF already added, skipping
[INFO] META-INF/DEPENDENCIES already added, skipping
[INFO] META-INF/NOTICE already added, skipping
[INFO] META-INF/LICENSE already added, skipping
[INFO] 
[INFO] --- maven-install-plugin:2.3.1:install (default-install) @ accumulo-examples-simple ---
[INFO] Installing /tmp/icse19/dataset/august-2018/bugs-dot-jar/accumulo_buggy/lib/accumulo-examples-simple-1.5.0-SNAPSHOT.jar to /home/spirals/danglot/.m2/repository/org/apache/accumulo/accumulo-examples-simple/1.5.0-SNAPSHOT/accumulo-examples-simple-1.5.0-SNAPSHOT.jar
[INFO] Installing /tmp/icse19/dataset/august-2018/bugs-dot-jar/accumulo_buggy/examples/simple/pom.xml to /home/spirals/danglot/.m2/repository/org/apache/accumulo/accumulo-examples-simple/1.5.0-SNAPSHOT/accumulo-examples-simple-1.5.0-SNAPSHOT.pom
[INFO] Installing /tmp/icse19/dataset/august-2018/bugs-dot-jar/accumulo_buggy/lib/accumulo-examples-simple-1.5.0-SNAPSHOT-sources.jar to /home/spirals/danglot/.m2/repository/org/apache/accumulo/accumulo-examples-simple/1.5.0-SNAPSHOT/accumulo-examples-simple-1.5.0-SNAPSHOT-sources.jar
[INFO] Installing /tmp/icse19/dataset/august-2018/bugs-dot-jar/accumulo_buggy/lib/accumulo-examples-simple-1.5.0-SNAPSHOT-test-sources.jar to /home/spirals/danglot/.m2/repository/org/apache/accumulo/accumulo-examples-simple/1.5.0-SNAPSHOT/accumulo-examples-simple-1.5.0-SNAPSHOT-test-sources.jar
[INFO]                                                                         
[INFO] ------------------------------------------------------------------------
[INFO] Building Testing 1.5.0-SNAPSHOT
[INFO] ------------------------------------------------------------------------
[INFO] 
[INFO] --- maven-clean-plugin:2.5:clean (default-clean) @ accumulo-test ---
[INFO] Deleting /tmp/icse19/dataset/august-2018/bugs-dot-jar/accumulo_buggy/test (includes = [**/*.pyc], excludes = [])
[INFO] 
[INFO] --- buildnumber-maven-plugin:1.1:create (default) @ accumulo-test ---
[INFO] Checking for local modifications: skipped.
[INFO] Updating project files from SCM: skipped.
[INFO] Executing: /bin/sh -c cd /tmp/icse19/dataset/august-2018/bugs-dot-jar/accumulo_buggy/test && svn --non-interactive info
[INFO] Working directory: /tmp/icse19/dataset/august-2018/bugs-dot-jar/accumulo_buggy/test
[INFO] Storing buildNumber: null at timestamp: 1533111626971
[INFO] Executing: /bin/sh -c cd /tmp/icse19/dataset/august-2018/bugs-dot-jar/accumulo_buggy/test && svn --non-interactive info
[INFO] Working directory: /tmp/icse19/dataset/august-2018/bugs-dot-jar/accumulo_buggy/test
[INFO] Storing buildScmBranch: UNKNOWN_BRANCH
[INFO] 
[INFO] --- maven-enforcer-plugin:1.0.1:enforce (enforce-mvn) @ accumulo-test ---
[INFO] 
[INFO] --- maven-remote-resources-plugin:1.3:process (default) @ accumulo-test ---
[INFO] 
[INFO] --- maven-resources-plugin:2.5:resources (default-resources) @ accumulo-test ---
[debug] execute contextualize
[INFO] Using 'UTF-8' encoding to copy filtered resources.
[INFO] skip non existing resourceDirectory /tmp/icse19/dataset/august-2018/bugs-dot-jar/accumulo_buggy/test/src/main/resources
[INFO] Copying 3 resources
[INFO] 
[INFO] --- maven-dependency-plugin:2.3:copy-dependencies (copy-dependencies) @ accumulo-test ---
[INFO] 
[INFO] --- maven-compiler-plugin:2.3.2:compile (default-compile) @ accumulo-test ---
[INFO] Compiling 180 source files to /tmp/icse19/dataset/august-2018/bugs-dot-jar/accumulo_buggy/test/target/classes
[INFO] 
[INFO] --- maven-resources-plugin:2.5:testResources (default-testResources) @ accumulo-test ---
[debug] execute contextualize
[INFO] Using 'UTF-8' encoding to copy filtered resources.
[INFO] Copying 2 resources
[INFO] Copying 3 resources
[INFO] 
[INFO] --- maven-compiler-plugin:2.3.2:testCompile (default-testCompile) @ accumulo-test ---
[INFO] Compiling 4 source files to /tmp/icse19/dataset/august-2018/bugs-dot-jar/accumulo_buggy/test/target/test-classes
[INFO] 
[INFO] --- maven-surefire-plugin:2.12:test (default-test) @ accumulo-test ---
[INFO] Tests are skipped.
[INFO] 
[INFO] --- maven-jar-plugin:2.4:jar (default-jar) @ accumulo-test ---
[INFO] Building jar: /tmp/icse19/dataset/august-2018/bugs-dot-jar/accumulo_buggy/lib/accumulo-test-1.5.0-SNAPSHOT.jar
[INFO] 
[INFO] --- maven-site-plugin:3.2:attach-descriptor (attach-descriptor) @ accumulo-test ---
[INFO] 
[INFO] --- maven-source-plugin:2.1.2:jar-no-fork (attach-sources) @ accumulo-test ---
[INFO] META-INF already added, skipping
[INFO] META-INF/DEPENDENCIES already added, skipping
[INFO] META-INF/NOTICE already added, skipping
[INFO] META-INF/LICENSE already added, skipping
[INFO] Building jar: /tmp/icse19/dataset/august-2018/bugs-dot-jar/accumulo_buggy/lib/accumulo-test-1.5.0-SNAPSHOT-sources.jar
[INFO] META-INF already added, skipping
[INFO] META-INF/DEPENDENCIES already added, skipping
[INFO] META-INF/NOTICE already added, skipping
[INFO] META-INF/LICENSE already added, skipping
[INFO] 
[INFO] --- maven-source-plugin:2.1.2:test-jar-no-fork (attach-sources) @ accumulo-test ---
[INFO] META-INF already added, skipping
[INFO] META-INF/DEPENDENCIES already added, skipping
[INFO] META-INF/NOTICE already added, skipping
[INFO] META-INF/LICENSE already added, skipping
[INFO] Building jar: /tmp/icse19/dataset/august-2018/bugs-dot-jar/accumulo_buggy/lib/accumulo-test-1.5.0-SNAPSHOT-test-sources.jar
[INFO] META-INF already added, skipping
[INFO] META-INF/DEPENDENCIES already added, skipping
[INFO] META-INF/NOTICE already added, skipping
[INFO] META-INF/LICENSE already added, skipping
[INFO] 
[INFO] --- maven-install-plugin:2.3.1:install (default-install) @ accumulo-test ---
[INFO] Installing /tmp/icse19/dataset/august-2018/bugs-dot-jar/accumulo_buggy/lib/accumulo-test-1.5.0-SNAPSHOT.jar to /home/spirals/danglot/.m2/repository/org/apache/accumulo/accumulo-test/1.5.0-SNAPSHOT/accumulo-test-1.5.0-SNAPSHOT.jar
[INFO] Installing /tmp/icse19/dataset/august-2018/bugs-dot-jar/accumulo_buggy/test/pom.xml to /home/spirals/danglot/.m2/repository/org/apache/accumulo/accumulo-test/1.5.0-SNAPSHOT/accumulo-test-1.5.0-SNAPSHOT.pom
[INFO] Installing /tmp/icse19/dataset/august-2018/bugs-dot-jar/accumulo_buggy/lib/accumulo-test-1.5.0-SNAPSHOT-sources.jar to /home/spirals/danglot/.m2/repository/org/apache/accumulo/accumulo-test/1.5.0-SNAPSHOT/accumulo-test-1.5.0-SNAPSHOT-sources.jar
[INFO] Installing /tmp/icse19/dataset/august-2018/bugs-dot-jar/accumulo_buggy/lib/accumulo-test-1.5.0-SNAPSHOT-test-sources.jar to /home/spirals/danglot/.m2/repository/org/apache/accumulo/accumulo-test/1.5.0-SNAPSHOT/accumulo-test-1.5.0-SNAPSHOT-test-sources.jar
[INFO]                                                                         
[INFO] ------------------------------------------------------------------------
[INFO] Building Instamo Example 1.5.0-SNAPSHOT
[INFO] ------------------------------------------------------------------------
[INFO] 
[INFO] --- maven-clean-plugin:2.5:clean (default-clean) @ accumulo-examples-instamo ---
[INFO] 
[INFO] --- maven-resources-plugin:2.6:resources (default-resources) @ accumulo-examples-instamo ---
[WARNING] Using platform encoding (ANSI_X3.4-1968 actually) to copy filtered resources, i.e. build is platform dependent!
[INFO] Copying 1 resource
[INFO] 
[INFO] --- maven-compiler-plugin:2.0.2:compile (default-compile) @ accumulo-examples-instamo ---
[INFO] Compiling 2 source files to /tmp/icse19/dataset/august-2018/bugs-dot-jar/accumulo_buggy/examples/instamo/target/classes
[INFO] 
[INFO] --- maven-resources-plugin:2.6:testResources (default-testResources) @ accumulo-examples-instamo ---
[WARNING] Using platform encoding (ANSI_X3.4-1968 actually) to copy filtered resources, i.e. build is platform dependent!
[INFO] skip non existing resourceDirectory /tmp/icse19/dataset/august-2018/bugs-dot-jar/accumulo_buggy/examples/instamo/src/test/resources
[INFO] 
[INFO] --- maven-compiler-plugin:2.0.2:testCompile (default-testCompile) @ accumulo-examples-instamo ---
[INFO] Compiling 1 source file to /tmp/icse19/dataset/august-2018/bugs-dot-jar/accumulo_buggy/examples/instamo/target/test-classes
[INFO] 
[INFO] --- maven-surefire-plugin:2.12.4:test (default-test) @ accumulo-examples-instamo ---
[INFO] Tests are skipped.
[INFO] 
[INFO] --- maven-jar-plugin:2.4:jar (default-jar) @ accumulo-examples-instamo ---
[INFO] Building jar: /tmp/icse19/dataset/august-2018/bugs-dot-jar/accumulo_buggy/examples/instamo/target/accumulo-examples-instamo-1.5.0-SNAPSHOT.jar
[INFO] 
[INFO] --- maven-install-plugin:2.4:install (default-install) @ accumulo-examples-instamo ---
[INFO] Installing /tmp/icse19/dataset/august-2018/bugs-dot-jar/accumulo_buggy/examples/instamo/target/accumulo-examples-instamo-1.5.0-SNAPSHOT.jar to /home/spirals/danglot/.m2/repository/org/apache/accumulo/accumulo-examples-instamo/1.5.0-SNAPSHOT/accumulo-examples-instamo-1.5.0-SNAPSHOT.jar
[INFO] Installing /tmp/icse19/dataset/august-2018/bugs-dot-jar/accumulo_buggy/examples/instamo/pom.xml to /home/spirals/danglot/.m2/repository/org/apache/accumulo/accumulo-examples-instamo/1.5.0-SNAPSHOT/accumulo-examples-instamo-1.5.0-SNAPSHOT.pom
[INFO]                                                                         
[INFO] ------------------------------------------------------------------------
[INFO] Building Proxy 1.5.0-SNAPSHOT
[INFO] ------------------------------------------------------------------------
[INFO] 
[INFO] --- maven-clean-plugin:2.5:clean (default-clean) @ accumulo-proxy ---
[INFO] Deleting /tmp/icse19/dataset/august-2018/bugs-dot-jar/accumulo_buggy/proxy (includes = [**/*.pyc], excludes = [])
[INFO] 
[INFO] --- buildnumber-maven-plugin:1.1:create (default) @ accumulo-proxy ---
[INFO] Checking for local modifications: skipped.
[INFO] Updating project files from SCM: skipped.
[INFO] Executing: /bin/sh -c cd /tmp/icse19/dataset/august-2018/bugs-dot-jar/accumulo_buggy/proxy && svn --non-interactive info
[INFO] Working directory: /tmp/icse19/dataset/august-2018/bugs-dot-jar/accumulo_buggy/proxy
[INFO] Storing buildNumber: null at timestamp: 1533111641429
[INFO] Executing: /bin/sh -c cd /tmp/icse19/dataset/august-2018/bugs-dot-jar/accumulo_buggy/proxy && svn --non-interactive info
[INFO] Working directory: /tmp/icse19/dataset/august-2018/bugs-dot-jar/accumulo_buggy/proxy
[INFO] Storing buildScmBranch: UNKNOWN_BRANCH
[INFO] 
[INFO] --- maven-enforcer-plugin:1.0.1:enforce (enforce-mvn) @ accumulo-proxy ---
[INFO] 
[INFO] --- exec-maven-plugin:1.2.1:exec (generate-thrift) @ accumulo-proxy ---
****************************************************
*** thrift is not available
***   expecting 'thrift -version' to return 0.9
*** generated code will not be updated
****************************************************
[INFO] 
[INFO] --- maven-remote-resources-plugin:1.3:process (default) @ accumulo-proxy ---
[INFO] 
[INFO] --- maven-resources-plugin:2.5:resources (default-resources) @ accumulo-proxy ---
[debug] execute contextualize
[INFO] Using 'UTF-8' encoding to copy filtered resources.
[INFO] skip non existing resourceDirectory /tmp/icse19/dataset/august-2018/bugs-dot-jar/accumulo_buggy/proxy/src/main/resources
[INFO] Copying 3 resources
[INFO] 
[INFO] --- maven-dependency-plugin:2.3:copy-dependencies (copy-dependencies) @ accumulo-proxy ---
[INFO] Copying guava-13.0.1.jar to /tmp/icse19/dataset/august-2018/bugs-dot-jar/accumulo_buggy/lib/guava-13.0.1.jar
[INFO] jcommander-1.30.jar already exists in destination.
[INFO] libthrift-0.9.0.jar already exists in destination.
[INFO] 
[INFO] --- maven-compiler-plugin:2.3.2:compile (default-compile) @ accumulo-proxy ---
[INFO] Compiling 38 source files to /tmp/icse19/dataset/august-2018/bugs-dot-jar/accumulo_buggy/proxy/target/classes
[INFO] 
[INFO] --- maven-resources-plugin:2.5:testResources (default-testResources) @ accumulo-proxy ---
[debug] execute contextualize
[INFO] Using 'UTF-8' encoding to copy filtered resources.
[INFO] skip non existing resourceDirectory /tmp/icse19/dataset/august-2018/bugs-dot-jar/accumulo_buggy/proxy/src/test/resources
[INFO] Copying 3 resources
[INFO] 
[INFO] --- maven-compiler-plugin:2.3.2:testCompile (default-testCompile) @ accumulo-proxy ---
[INFO] Compiling 5 source files to /tmp/icse19/dataset/august-2018/bugs-dot-jar/accumulo_buggy/proxy/target/test-classes
[INFO] 
[INFO] --- maven-surefire-plugin:2.12:test (default-test) @ accumulo-proxy ---
[INFO] Tests are skipped.
[INFO] 
[INFO] --- maven-jar-plugin:2.4:jar (default-jar) @ accumulo-proxy ---
[INFO] Building jar: /tmp/icse19/dataset/august-2018/bugs-dot-jar/accumulo_buggy/lib/accumulo-proxy-1.5.0-SNAPSHOT.jar
[INFO] 
[INFO] --- maven-site-plugin:3.2:attach-descriptor (attach-descriptor) @ accumulo-proxy ---
[INFO] 
[INFO] --- maven-source-plugin:2.1.2:jar-no-fork (attach-sources) @ accumulo-proxy ---
[INFO] META-INF already added, skipping
[INFO] META-INF/DEPENDENCIES already added, skipping
[INFO] META-INF/NOTICE already added, skipping
[INFO] META-INF/LICENSE already added, skipping
[INFO] Building jar: /tmp/icse19/dataset/august-2018/bugs-dot-jar/accumulo_buggy/lib/accumulo-proxy-1.5.0-SNAPSHOT-sources.jar
[INFO] META-INF already added, skipping
[INFO] META-INF/DEPENDENCIES already added, skipping
[INFO] META-INF/NOTICE already added, skipping
[INFO] META-INF/LICENSE already added, skipping
[INFO] 
[INFO] --- maven-source-plugin:2.1.2:test-jar-no-fork (attach-sources) @ accumulo-proxy ---
[INFO] META-INF already added, skipping
[INFO] META-INF/DEPENDENCIES already added, skipping
[INFO] META-INF/NOTICE already added, skipping
[INFO] META-INF/LICENSE already added, skipping
[INFO] Building jar: /tmp/icse19/dataset/august-2018/bugs-dot-jar/accumulo_buggy/lib/accumulo-proxy-1.5.0-SNAPSHOT-test-sources.jar
[INFO] META-INF already added, skipping
[INFO] META-INF/DEPENDENCIES already added, skipping
[INFO] META-INF/NOTICE already added, skipping
[INFO] META-INF/LICENSE already added, skipping
[INFO] 
[INFO] --- maven-install-plugin:2.3.1:install (default-install) @ accumulo-proxy ---
[INFO] Installing /tmp/icse19/dataset/august-2018/bugs-dot-jar/accumulo_buggy/lib/accumulo-proxy-1.5.0-SNAPSHOT.jar to /home/spirals/danglot/.m2/repository/org/apache/accumulo/accumulo-proxy/1.5.0-SNAPSHOT/accumulo-proxy-1.5.0-SNAPSHOT.jar
[INFO] Installing /tmp/icse19/dataset/august-2018/bugs-dot-jar/accumulo_buggy/proxy/pom.xml to /home/spirals/danglot/.m2/repository/org/apache/accumulo/accumulo-proxy/1.5.0-SNAPSHOT/accumulo-proxy-1.5.0-SNAPSHOT.pom
[INFO] Installing /tmp/icse19/dataset/august-2018/bugs-dot-jar/accumulo_buggy/lib/accumulo-proxy-1.5.0-SNAPSHOT-sources.jar to /home/spirals/danglot/.m2/repository/org/apache/accumulo/accumulo-proxy/1.5.0-SNAPSHOT/accumulo-proxy-1.5.0-SNAPSHOT-sources.jar
[INFO] Installing /tmp/icse19/dataset/august-2018/bugs-dot-jar/accumulo_buggy/lib/accumulo-proxy-1.5.0-SNAPSHOT-test-sources.jar to /home/spirals/danglot/.m2/repository/org/apache/accumulo/accumulo-proxy/1.5.0-SNAPSHOT/accumulo-proxy-1.5.0-SNAPSHOT-test-sources.jar
[INFO]                                                                         
[INFO] ------------------------------------------------------------------------
[INFO] Building Assemble 1.5.0-SNAPSHOT
[INFO] ------------------------------------------------------------------------
[INFO] 
[INFO] --- maven-clean-plugin:2.5:clean (default-clean) @ accumulo-assemble ---
[INFO] Deleting /tmp/icse19/dataset/august-2018/bugs-dot-jar/accumulo_buggy/assemble (includes = [**/*.pyc], excludes = [])
[INFO] 
[INFO] --- buildnumber-maven-plugin:1.1:create (default) @ accumulo-assemble ---
[INFO] Checking for local modifications: skipped.
[INFO] Updating project files from SCM: skipped.
[INFO] Executing: /bin/sh -c cd /tmp/icse19/dataset/august-2018/bugs-dot-jar/accumulo_buggy/assemble && svn --non-interactive info
[INFO] Working directory: /tmp/icse19/dataset/august-2018/bugs-dot-jar/accumulo_buggy/assemble
[INFO] Storing buildNumber: null at timestamp: 1533111657799
[INFO] Executing: /bin/sh -c cd /tmp/icse19/dataset/august-2018/bugs-dot-jar/accumulo_buggy/assemble && svn --non-interactive info
[INFO] Working directory: /tmp/icse19/dataset/august-2018/bugs-dot-jar/accumulo_buggy/assemble
[INFO] Storing buildScmBranch: UNKNOWN_BRANCH
[INFO] 
[INFO] --- maven-enforcer-plugin:1.0.1:enforce (enforce-mvn) @ accumulo-assemble ---
[INFO] 
[INFO] --- maven-remote-resources-plugin:1.3:process (default) @ accumulo-assemble ---
[INFO] 
[INFO] --- maven-dependency-plugin:2.3:copy-dependencies (copy-dependencies) @ accumulo-assemble ---
[INFO] 
[INFO] --- maven-site-plugin:3.2:attach-descriptor (attach-descriptor) @ accumulo-assemble ---
[INFO] 
[INFO] --- maven-source-plugin:2.1.2:jar-no-fork (attach-sources) @ accumulo-assemble ---
[INFO] 
[INFO] --- maven-source-plugin:2.1.2:test-jar-no-fork (attach-sources) @ accumulo-assemble ---
[INFO] 
[INFO] --- exec-maven-plugin:1.2.1:exec (config webpage) @ accumulo-assemble ---
[INFO] 
[INFO] --- maven-install-plugin:2.3.1:install (default-install) @ accumulo-assemble ---
[INFO] Installing /tmp/icse19/dataset/august-2018/bugs-dot-jar/accumulo_buggy/assemble/pom.xml to /home/spirals/danglot/.m2/repository/org/apache/accumulo/accumulo-assemble/1.5.0-SNAPSHOT/accumulo-assemble-1.5.0-SNAPSHOT.pom
[INFO] ------------------------------------------------------------------------
[INFO] Reactor Summary:
[INFO] 
[INFO] Apache Accumulo .................................... SUCCESS [  6.179 s]
[INFO] Trace .............................................. SUCCESS [  6.489 s]
[INFO] Start .............................................. SUCCESS [  6.958 s]
[INFO] Fate ............................................... SUCCESS [  5.344 s]
[INFO] Core ............................................... SUCCESS [ 27.626 s]
[INFO] Server ............................................. SUCCESS [ 14.501 s]
[INFO] Examples ........................................... SUCCESS [  0.455 s]
[INFO] Simple Examples .................................... SUCCESS [  7.925 s]
[INFO] Testing ............................................ SUCCESS [ 11.040 s]
[INFO] Instamo Example .................................... SUCCESS [  3.393 s]
[INFO] Proxy .............................................. SUCCESS [ 16.441 s]
[INFO] Assemble ........................................... SUCCESS [  1.730 s]
[INFO] ------------------------------------------------------------------------
[INFO] BUILD SUCCESS
[INFO] ------------------------------------------------------------------------
[INFO] Total time: 01:49 min
[INFO] Finished at: 2018-08-01T10:20:59+02:00
[INFO] Final Memory: 188M/4559M
[INFO] ------------------------------------------------------------------------
cd dataset/august-2018/bugs-dot-jar/accumulo_buggy && git checkout   remotes/origin/bugs-dot-jar_ACCUMULO-1183_742960f1 && ~/apache-maven-3.3.9/bin/mvn clean install -DskipTests
rm -rf dataset/august-2018/bugs-dot-jar/accumulo_fixed
cp -r dataset/august-2018/bugs-dot-jar/accumulo_buggy dataset/august-2018/bugs-dot-jar/accumulo_fixed
patching file core/src/main/java/org/apache/accumulo/core/cli/ClientOpts.java
cd dataset/august-2018/bugs-dot-jar/accumulo_fixed && patch -p1 < .bugs-dot-jar/developer-patch.diff
[INFO] Scanning for projects...
[WARNING] The POM for org.eclipse.m2e:lifecycle-mapping:jar:1.0.0 is missing, no dependency information available
[WARNING] Failed to retrieve plugin descriptor for org.eclipse.m2e:lifecycle-mapping:1.0.0: Plugin org.eclipse.m2e:lifecycle-mapping:1.0.0 or one of its dependencies could not be resolved: Failure to find org.eclipse.m2e:lifecycle-mapping:jar:1.0.0 in https://repo.maven.apache.org/maven2 was cached in the local repository, resolution will not be reattempted until the update interval of central has elapsed or updates are forced
[INFO]                                                                         
[INFO] ------------------------------------------------------------------------
[INFO] Building Core 1.5.0-SNAPSHOT
[INFO] ------------------------------------------------------------------------
[WARNING] The POM for org.eclipse.m2e:lifecycle-mapping:jar:1.0.0 is missing, no dependency information available
[WARNING] Failed to retrieve plugin descriptor for org.eclipse.m2e:lifecycle-mapping:1.0.0: Plugin org.eclipse.m2e:lifecycle-mapping:1.0.0 or one of its dependencies could not be resolved: Failure to find org.eclipse.m2e:lifecycle-mapping:jar:1.0.0 in https://repo.maven.apache.org/maven2 was cached in the local repository, resolution will not be reattempted until the update interval of central has elapsed or updates are forced
[INFO] 
[INFO] --- maven-clean-plugin:2.5:clean (default-clean) @ accumulo-core ---
[INFO] Deleting /tmp/icse19/dataset/august-2018/bugs-dot-jar/accumulo_buggy/core/target
[INFO] Deleting /tmp/icse19/dataset/august-2018/bugs-dot-jar/accumulo_buggy/core (includes = [**/*.pyc], excludes = [])
[INFO] 
[INFO] --- versions-maven-plugin:2.5:use-latest-versions (default-cli) @ accumulo-core ---
[INFO] Major version changes allowed
[INFO] 
[INFO] --- diff-test-selection:0.2:list (default-cli) @ accumulo-core ---
[INFO] /tmp/icse19/dataset/august-2018/bugs-dot-jar/accumulo_buggy/core
[WARN] Maven will be executed in interactive mode, but no input stream has been configured for this MavenInvoker instance.
[INFO] Scanning for projects...
[INFO]                                                                         
[INFO] ------------------------------------------------------------------------
[INFO] Building Core 1.5.0-SNAPSHOT
[INFO] ------------------------------------------------------------------------
[INFO] 
[INFO] --- maven-clean-plugin:2.5:clean (default-clean) @ accumulo-core ---
[INFO] Deleting /tmp/icse19/dataset/august-2018/bugs-dot-jar/accumulo_buggy/core (includes = [**/*.pyc], excludes = [])
[INFO] 
[INFO] --- clover-maven-plugin:4.2.0:setup (default-cli) @ accumulo-core ---
[INFO] No 'maven.clover.licenseLocation' configured. Using default license.
[INFO] OpenClover Version 4.2.0, built on April 30 2017 (build-1000)
[INFO] Loaded from: /home/spirals/danglot/.m2/repository/org/openclover/clover/4.2.0/clover-4.2.0.jar
[INFO] Clover free edition.
[INFO] Creating new database at '/tmp/icse19/dataset/august-2018/bugs-dot-jar/accumulo_buggy/core/target/clover/clover.db'.
[INFO] Processing files at 1.8 source level.
[INFO] Clover all over. Instrumented 484 files (48 packages).
[INFO] Elapsed time = 23.513 secs. (20.584 files/sec, 7,242.547 srclines/sec)
[INFO] OpenClover Version 4.2.0, built on April 30 2017 (build-1000)
[INFO] Loaded from: /home/spirals/danglot/.m2/repository/org/openclover/clover/4.2.0/clover-4.2.0.jar
[INFO] Clover free edition.
[INFO] Updating existing database at '/tmp/icse19/dataset/august-2018/bugs-dot-jar/accumulo_buggy/core/target/clover/clover.db'.
[INFO] Processing files at 1.8 source level.
[INFO] Clover all over. Instrumented 77 files (22 packages).
[INFO] 364 test methods detected.
[INFO] Elapsed time = 2.875 secs. (26.783 files/sec, 6,433.739 srclines/sec)
[INFO] 
[INFO] --- buildnumber-maven-plugin:1.1:create (default) @ accumulo-core ---
[INFO] Checking for local modifications: skipped.
[INFO] Updating project files from SCM: skipped.
[INFO] Executing: /bin/sh -c cd /tmp/icse19/dataset/august-2018/bugs-dot-jar/accumulo_buggy/core && svn --non-interactive info
[INFO] Working directory: /tmp/icse19/dataset/august-2018/bugs-dot-jar/accumulo_buggy/core
[INFO] Storing buildNumber: null at timestamp: 1533111705076
[INFO] Executing: /bin/sh -c cd /tmp/icse19/dataset/august-2018/bugs-dot-jar/accumulo_buggy/core && svn --non-interactive info
[INFO] Working directory: /tmp/icse19/dataset/august-2018/bugs-dot-jar/accumulo_buggy/core
[INFO] Storing buildScmBranch: UNKNOWN_BRANCH
[INFO] 
[INFO] --- maven-enforcer-plugin:1.0.1:enforce (enforce-mvn) @ accumulo-core ---
[INFO] Skipping Rule Enforcement.
[INFO] 
[INFO] --- exec-maven-plugin:1.2.1:exec (generate-thrift) @ accumulo-core ---
****************************************************
*** thrift is not available
***   expecting 'thrift -version' to return 0.9
*** generated code will not be updated
****************************************************
[INFO] 
[INFO] --- maven-remote-resources-plugin:1.3:process (default) @ accumulo-core ---
[INFO] 
[INFO] --- maven-resources-plugin:2.5:resources (default-resources) @ accumulo-core ---
[debug] execute contextualize
[INFO] Using 'UTF-8' encoding to copy filtered resources.
[INFO] Copying 1 resource
[INFO] Copying 1 resource
[INFO] Copying 3 resources
[INFO] 
[INFO] --- maven-dependency-plugin:2.3:copy-dependencies (copy-dependencies) @ accumulo-core ---
[INFO] jcommander-1.30.jar already exists in destination.
[INFO] log4j-1.2.16.jar already exists in destination.
[INFO] commons-collections-3.2.jar already exists in destination.
[INFO] jline-0.9.94.jar already exists in destination.
[INFO] libthrift-0.9.0.jar already exists in destination.
[INFO] commons-logging-1.0.4.jar already exists in destination.
[INFO] commons-lang-2.4.jar already exists in destination.
[INFO] 
[INFO] --- maven-compiler-plugin:2.3.2:compile (default-compile) @ accumulo-core ---
[INFO] Compiling 484 source files to /tmp/icse19/dataset/august-2018/bugs-dot-jar/accumulo_buggy/core/target/classes
[INFO] 
[INFO] --- maven-resources-plugin:2.5:testResources (default-testResources) @ accumulo-core ---
[debug] execute contextualize
[INFO] Using 'UTF-8' encoding to copy filtered resources.
[INFO] Copying 4 resources
[INFO] Copying 3 resources
[INFO] 
[INFO] --- maven-compiler-plugin:2.3.2:testCompile (default-testCompile) @ accumulo-core ---
[INFO] Compiling 77 source files to /tmp/icse19/dataset/august-2018/bugs-dot-jar/accumulo_buggy/core/target/test-classes
[INFO] 
[INFO] --- maven-surefire-plugin:2.12:test (default-test) @ accumulo-core ---
[INFO] Surefire report directory: /tmp/icse19/dataset/august-2018/bugs-dot-jar/accumulo_buggy/core/target/surefire-reports

-------------------------------------------------------
 T E S T S
-------------------------------------------------------
Running org.apache.accumulo.core.file.rfile.RelativeKeyTest
Tests run: 6, Failures: 0, Errors: 0, Skipped: 0, Time elapsed: 0.486 sec
Running org.apache.accumulo.core.file.rfile.BlockIndexTest
Tests run: 2, Failures: 0, Errors: 0, Skipped: 0, Time elapsed: 0.433 sec
Running org.apache.accumulo.core.file.rfile.MultiLevelIndexTest
Tests run: 1, Failures: 0, Errors: 0, Skipped: 0, Time elapsed: 1.968 sec
Running org.apache.accumulo.core.file.rfile.RFileTest
Tests run: 21, Failures: 0, Errors: 0, Skipped: 0, Time elapsed: 8.81 sec
Running org.apache.accumulo.core.file.blockfile.cache.TestLruBlockCache
Tests run: 7, Failures: 0, Errors: 0, Skipped: 0, Time elapsed: 1.048 sec
Running org.apache.accumulo.core.file.blockfile.cache.TestCachedBlockQueue
Tests run: 2, Failures: 0, Errors: 0, Skipped: 0, Time elapsed: 0.009 sec
Running org.apache.accumulo.core.iterators.FirstEntryInRowIteratorTest
Tests run: 1, Failures: 0, Errors: 0, Skipped: 0, Time elapsed: 0.024 sec
Running org.apache.accumulo.core.iterators.system.DeletingIteratorTest
Tests run: 4, Failures: 0, Errors: 0, Skipped: 0, Time elapsed: 0.065 sec
Running org.apache.accumulo.core.iterators.system.VisibilityFilterTest
Tests run: 1, Failures: 0, Errors: 0, Skipped: 0, Time elapsed: 0.039 sec
Running org.apache.accumulo.core.iterators.system.ColumnFilterTest
Tests run: 3, Failures: 0, Errors: 0, Skipped: 0, Time elapsed: 0.011 sec
Running org.apache.accumulo.core.iterators.system.TimeSettingIteratorTest
Tests run: 1, Failures: 0, Errors: 0, Skipped: 0, Time elapsed: 0.007 sec
Running org.apache.accumulo.core.iterators.system.SourceSwitchingIteratorTest
Tests run: 5, Failures: 0, Errors: 0, Skipped: 0, Time elapsed: 0.02 sec
Running org.apache.accumulo.core.iterators.system.ColumnFamilySkippingIteratorTest
Tests run: 3, Failures: 0, Errors: 0, Skipped: 0, Time elapsed: 2.153 sec
Running org.apache.accumulo.core.iterators.system.MultiIteratorTest
Tests run: 7, Failures: 0, Errors: 0, Skipped: 0, Time elapsed: 0.271 sec
Running org.apache.accumulo.core.iterators.user.TransformingIteratorTest
18/08/01 10:22:37 ERROR user.TransformingIteratorTest$IllegalVisKeyTransformingIterator: Parse error after transformation : A&|||
18/08/01 10:22:37 ERROR user.TransformingIteratorTest$IllegalVisKeyTransformingIterator: Parse error after transformation : A&|||
18/08/01 10:22:37 ERROR user.TransformingIteratorTest$IllegalVisCompactionKeyTransformingIterator: Parse error after transformation : A&|||
Tests run: 16, Failures: 0, Errors: 0, Skipped: 0, Time elapsed: 0.541 sec
Running org.apache.accumulo.core.iterators.user.RegExFilterTest
Tests run: 1, Failures: 0, Errors: 0, Skipped: 0, Time elapsed: 0.011 sec
Running org.apache.accumulo.core.iterators.user.VisibilityFilterTest
18/08/01 10:22:37 ERROR system.VisibilityFilter: Parse Error
org.apache.accumulo.core.util.BadArgumentException: empty term near index 0
&
^
	at org.apache.accumulo.core.security.ColumnVisibility$ColumnVisibilityParser.processTerm(ColumnVisibility.java:240)
	at org.apache.accumulo.core.security.ColumnVisibility$ColumnVisibilityParser.parse_(ColumnVisibility.java:253)
	at org.apache.accumulo.core.security.ColumnVisibility$ColumnVisibilityParser.parse(ColumnVisibility.java:221)
	at org.apache.accumulo.core.security.ColumnVisibility.validate(ColumnVisibility.java:354)
	at org.apache.accumulo.core.security.ColumnVisibility.<init>(ColumnVisibility.java:430)
	at org.apache.accumulo.core.security.ColumnVisibility.<init>(ColumnVisibility.java:388)
	at org.apache.accumulo.core.iterators.system.VisibilityFilter.accept(VisibilityFilter.java:71)
	at org.apache.accumulo.core.iterators.user.VisibilityFilter.accept(VisibilityFilter.java:85)
	at org.apache.accumulo.core.iterators.Filter.findTop(Filter.java:72)
	at org.apache.accumulo.core.iterators.Filter.seek(Filter.java:65)
	at org.apache.accumulo.core.iterators.user.VisibilityFilterTest.verify(VisibilityFilterTest.java:85)
	at org.apache.accumulo.core.iterators.user.VisibilityFilterTest.__CLR4_2_0esgkz12eqy(VisibilityFilterTest.java:187)
	at org.apache.accumulo.core.iterators.user.VisibilityFilterTest.testFilterUnauthorizedAndBad(VisibilityFilterTest.java:176)
	at sun.reflect.NativeMethodAccessorImpl.invoke0(Native Method)
	at sun.reflect.NativeMethodAccessorImpl.invoke(NativeMethodAccessorImpl.java:62)
	at sun.reflect.DelegatingMethodAccessorImpl.invoke(DelegatingMethodAccessorImpl.java:43)
	at java.lang.reflect.Method.invoke(Method.java:498)
	at org.junit.runners.model.FrameworkMethod$1.runReflectiveCall(FrameworkMethod.java:47)
	at org.junit.internal.runners.model.ReflectiveCallable.run(ReflectiveCallable.java:12)
	at org.junit.runners.model.FrameworkMethod.invokeExplosively(FrameworkMethod.java:44)
	at org.junit.internal.runners.statements.InvokeMethod.evaluate(InvokeMethod.java:17)
	at org.junit.runners.ParentRunner.runLeaf(ParentRunner.java:271)
	at org.junit.runners.BlockJUnit4ClassRunner.runChild(BlockJUnit4ClassRunner.java:70)
	at org.junit.runners.BlockJUnit4ClassRunner.runChild(BlockJUnit4ClassRunner.java:50)
	at org.junit.runners.ParentRunner$3.run(ParentRunner.java:238)
	at org.junit.runners.ParentRunner$1.schedule(ParentRunner.java:63)
	at org.junit.runners.ParentRunner.runChildren(ParentRunner.java:236)
	at org.junit.runners.ParentRunner.access$000(ParentRunner.java:53)
	at org.junit.runners.ParentRunner$2.evaluate(ParentRunner.java:229)
	at org.junit.runners.ParentRunner.run(ParentRunner.java:309)
	at org.apache.maven.surefire.junit4.JUnit4Provider.execute(JUnit4Provider.java:236)
	at org.apache.maven.surefire.junit4.JUnit4Provider.executeTestSet(JUnit4Provider.java:134)
	at org.apache.maven.surefire.junit4.JUnit4Provider.invoke(JUnit4Provider.java:113)
	at sun.reflect.NativeMethodAccessorImpl.invoke0(Native Method)
	at sun.reflect.NativeMethodAccessorImpl.invoke(NativeMethodAccessorImpl.java:62)
	at sun.reflect.DelegatingMethodAccessorImpl.invoke(DelegatingMethodAccessorImpl.java:43)
	at java.lang.reflect.Method.invoke(Method.java:498)
	at org.apache.maven.surefire.util.ReflectionUtils.invokeMethodWithArray(ReflectionUtils.java:189)
	at org.apache.maven.surefire.booter.ProviderFactory$ProviderProxy.invoke(ProviderFactory.java:165)
	at org.apache.maven.surefire.booter.ProviderFactory.invokeProvider(ProviderFactory.java:85)
	at org.apache.maven.surefire.booter.ForkedBooter.runSuitesInProcess(ForkedBooter.java:103)
	at org.apache.maven.surefire.booter.ForkedBooter.main(ForkedBooter.java:74)
Tests run: 9, Failures: 0, Errors: 0, Skipped: 0, Time elapsed: 0.159 sec
Running org.apache.accumulo.core.iterators.user.WholeRowIteratorTest
Tests run: 3, Failures: 0, Errors: 0, Skipped: 0, Time elapsed: 0.011 sec
Running org.apache.accumulo.core.iterators.user.RowDeletingIteratorTest
Tests run: 4, Failures: 0, Errors: 0, Skipped: 0, Time elapsed: 0.011 sec
Running org.apache.accumulo.core.iterators.user.GrepIteratorTest
Tests run: 1, Failures: 0, Errors: 0, Skipped: 0, Time elapsed: 0.006 sec
Running org.apache.accumulo.core.iterators.user.LargeRowFilterTest
Tests run: 5, Failures: 0, Errors: 0, Skipped: 0, Time elapsed: 0.138 sec
Running org.apache.accumulo.core.iterators.user.RowFilterTest
Tests run: 1, Failures: 0, Errors: 0, Skipped: 0, Time elapsed: 0.023 sec
Running org.apache.accumulo.core.iterators.user.FilterTest
Tests run: 11, Failures: 0, Errors: 0, Skipped: 0, Time elapsed: 0.145 sec
Running org.apache.accumulo.core.iterators.user.VersioningIteratorTest
Tests run: 6, Failures: 0, Errors: 0, Skipped: 0, Time elapsed: 0.022 sec
Running org.apache.accumulo.core.iterators.user.IndexedDocIteratorTest
Tests run: 5, Failures: 0, Errors: 0, Skipped: 0, Time elapsed: 2.089 sec
Running org.apache.accumulo.core.iterators.user.IntersectingIteratorTest
Tests run: 6, Failures: 0, Errors: 0, Skipped: 0, Time elapsed: 2.859 sec
Running org.apache.accumulo.core.iterators.user.CombinerTest
Tests run: 14, Failures: 0, Errors: 0, Skipped: 0, Time elapsed: 0.118 sec
Running org.apache.accumulo.core.iterators.FirstEntryInRowTest
Tests run: 2, Failures: 0, Errors: 0, Skipped: 0, Time elapsed: 0.028 sec
Running org.apache.accumulo.core.iterators.AggregatingIteratorTest
Tests run: 7, Failures: 0, Errors: 0, Skipped: 0, Time elapsed: 0.018 sec
Running org.apache.accumulo.core.iterators.aggregation.conf.AggregatorConfigurationTest
Tests run: 2, Failures: 0, Errors: 0, Skipped: 0, Time elapsed: 0.009 sec
Running org.apache.accumulo.core.iterators.aggregation.NumSummationTest
Tests run: 5, Failures: 0, Errors: 0, Skipped: 0, Time elapsed: 0.011 sec
Running org.apache.accumulo.core.iterators.IterUtilTest
Tests run: 5, Failures: 0, Errors: 0, Skipped: 0, Time elapsed: 0.012 sec
Running org.apache.accumulo.core.client.mapreduce.AccumuloOutputFormatTest
Tests run: 2, Failures: 0, Errors: 0, Skipped: 0, Time elapsed: 4.343 sec
Running org.apache.accumulo.core.client.mapreduce.AccumuloInputFormatTest
Tests run: 9, Failures: 0, Errors: 0, Skipped: 0, Time elapsed: 4.215 sec
Running org.apache.accumulo.core.client.mapreduce.lib.partition.RangePartitionerTest
Tests run: 2, Failures: 0, Errors: 0, Skipped: 0, Time elapsed: 0.677 sec
Running org.apache.accumulo.core.client.mapreduce.AccumuloFileOutputFormatTest
Tests run: 4, Failures: 0, Errors: 0, Skipped: 0, Time elapsed: 12.205 sec
Running org.apache.accumulo.core.client.mapreduce.AccumuloRowInputFormatTest
Tests run: 1, Failures: 0, Errors: 0, Skipped: 0, Time elapsed: 4.047 sec
Running org.apache.accumulo.core.client.mock.MockConnectorTest
Tests run: 9, Failures: 0, Errors: 0, Skipped: 0, Time elapsed: 0.052 sec
Running org.apache.accumulo.core.client.mock.MockTableOperationsTest
Tests run: 6, Failures: 0, Errors: 0, Skipped: 0, Time elapsed: 0.093 sec
Running org.apache.accumulo.core.client.mock.TestBatchScanner821
Tests run: 1, Failures: 0, Errors: 0, Skipped: 0, Time elapsed: 0.006 sec
Running org.apache.accumulo.core.client.TestThrift1474
Tests run: 1, Failures: 0, Errors: 0, Skipped: 0, Time elapsed: 0.114 sec
Running org.apache.accumulo.core.client.BatchWriterConfigTest
Tests run: 10, Failures: 0, Errors: 0, Skipped: 0, Time elapsed: 0.018 sec
Running org.apache.accumulo.core.client.RowIteratorTest
Tests run: 2, Failures: 0, Errors: 0, Skipped: 0, Time elapsed: 0.006 sec
Running org.apache.accumulo.core.client.ClientSideIteratorTest
Tests run: 2, Failures: 0, Errors: 0, Skipped: 0, Time elapsed: 0.018 sec
Running org.apache.accumulo.core.client.mapred.AccumuloOutputFormatTest
Tests run: 2, Failures: 0, Errors: 0, Skipped: 0, Time elapsed: 4.073 sec
Running org.apache.accumulo.core.client.mapred.AccumuloInputFormatTest
Tests run: 6, Failures: 0, Errors: 0, Skipped: 0, Time elapsed: 4.093 sec
Running org.apache.accumulo.core.client.mapred.AccumuloFileOutputFormatTest
Tests run: 4, Failures: 0, Errors: 0, Skipped: 0, Time elapsed: 12.124 sec
Running org.apache.accumulo.core.client.mapred.AccumuloRowInputFormatTest
Tests run: 1, Failures: 0, Errors: 0, Skipped: 0, Time elapsed: 4.033 sec
Running org.apache.accumulo.core.client.impl.ScannerOptionsTest
Tests run: 2, Failures: 0, Errors: 0, Skipped: 0, Time elapsed: 0.005 sec
Running org.apache.accumulo.core.client.impl.TabletLocatorImplTest
Tests run: 17, Failures: 0, Errors: 0, Skipped: 0, Time elapsed: 0.121 sec
Running org.apache.accumulo.core.client.admin.TableOperationsHelperTest
Tests run: 1, Failures: 0, Errors: 0, Skipped: 0, Time elapsed: 0.007 sec
Running org.apache.accumulo.core.client.admin.FindMaxTest
Tests run: 1, Failures: 0, Errors: 0, Skipped: 0, Time elapsed: 3.665 sec
Running org.apache.accumulo.core.conf.PropertyTest
Tests run: 3, Failures: 0, Errors: 0, Skipped: 0, Time elapsed: 0.011 sec
Running org.apache.accumulo.core.security.VisibilityEvaluatorTest
Tests run: 4, Failures: 0, Errors: 0, Skipped: 0, Time elapsed: 0.021 sec
Running org.apache.accumulo.core.security.ColumnVisibilityTest
Tests run: 11, Failures: 0, Errors: 0, Skipped: 0, Time elapsed: 0.027 sec
Running org.apache.accumulo.core.security.AuthorizationsTest
Tests run: 2, Failures: 0, Errors: 0, Skipped: 0, Time elapsed: 0.004 sec
Running org.apache.accumulo.core.util.MetadataTableTest
Tests run: 1, Failures: 0, Errors: 0, Skipped: 0, Time elapsed: 0.006 sec
Running org.apache.accumulo.core.util.TestVersion
Tests run: 1, Failures: 0, Errors: 0, Skipped: 0, Time elapsed: 0.004 sec
Running org.apache.accumulo.core.util.TestStringUtil
Tests run: 1, Failures: 0, Errors: 0, Skipped: 0, Time elapsed: 0.003 sec
Running org.apache.accumulo.core.util.LocalityGroupUtilTest
Tests run: 2, Failures: 0, Errors: 0, Skipped: 0, Time elapsed: 0.013 sec
Running org.apache.accumulo.core.util.EscapeTokenizerTest
Tests run: 11, Failures: 0, Errors: 0, Skipped: 0, Time elapsed: 0.014 sec
Running org.apache.accumulo.core.util.TextUtilTest
Tests run: 1, Failures: 0, Errors: 0, Skipped: 0, Time elapsed: 0.002 sec
Running org.apache.accumulo.core.util.MergeTest
Tests run: 1, Failures: 0, Errors: 0, Skipped: 0, Time elapsed: 0.008 sec
Running org.apache.accumulo.core.util.shell.command.FormatterCommandTest
Tests run: 1, Failures: 0, Errors: 0, Skipped: 0, Time elapsed: 0.374 sec
Running org.apache.accumulo.core.util.shell.ShellTest
usage: about [-?] [-v]
description: displays information about this program
  -?,--help        display this help
  -v,--verbose     display detailed session information
usage: setauths [-?] -c | -s <comma-separated-authorizations>  [-u <user>]
description: sets the maximum scan authorizations for a user
  -?,--help                                                     display this help
  -c,--clear-authorizations                                     clear the scan authorizations
  -s,--scan-authorizations <comma-separated-authorizations>     scan authorizations to set
  -u,--user <user>                                              user to operate on
Tests run: 5, Failures: 1, Errors: 0, Skipped: 0, Time elapsed: 0.169 sec <<< FAILURE!
Running org.apache.accumulo.core.util.AddressUtilTest
Tests run: 2, Failures: 0, Errors: 0, Skipped: 0, Time elapsed: 0.005 sec
Running org.apache.accumulo.core.data.KeyExtentTest
Tests run: 3, Failures: 0, Errors: 0, Skipped: 0, Time elapsed: 0.016 sec
Running org.apache.accumulo.core.data.MutationTest
Tests run: 13, Failures: 0, Errors: 0, Skipped: 0, Time elapsed: 0.131 sec
Running org.apache.accumulo.core.data.ColumnTest
Tests run: 3, Failures: 0, Errors: 0, Skipped: 0, Time elapsed: 0.005 sec
Running org.apache.accumulo.core.data.KeyTest
Tests run: 5, Failures: 0, Errors: 0, Skipped: 0, Time elapsed: 0.007 sec
Running org.apache.accumulo.core.data.RangeTest
Tests run: 43, Failures: 0, Errors: 0, Skipped: 0, Time elapsed: 0.059 sec
Running org.apache.accumulo.core.cli.TestClientOpts
Tests run: 1, Failures: 1, Errors: 0, Skipped: 0, Time elapsed: 0.011 sec <<< FAILURE!

Results :

Failed tests:   authsTest(org.apache.accumulo.core.util.shell.ShellTest): y,z,x present in danglot@fake> getauths(..)
  test(org.apache.accumulo.core.cli.TestClientOpts): expected null, but was:<org.apache.accumulo.core.security.tokens.PasswordToken@fee189f1>

Tests run: 364, Failures: 2, Errors: 0, Skipped: 0

[INFO] ------------------------------------------------------------------------
[INFO] BUILD FAILURE
[INFO] ------------------------------------------------------------------------
[INFO] Total time: 02:25 min
[INFO] Finished at: 2018-08-01T10:23:38+02:00
[INFO] Final Memory: 71M/2767M
[INFO] ------------------------------------------------------------------------
[ERROR] Failed to execute goal org.apache.maven.plugins:maven-surefire-plugin:2.12:test (default-test) on project accumulo-core: There are test failures.
[ERROR] 
[ERROR] Please refer to /tmp/icse19/dataset/august-2018/bugs-dot-jar/accumulo_buggy/core/target/surefire-reports for the individual test results.
[ERROR] -> [Help 1]
[ERROR] 
[ERROR] To see the full stack trace of the errors, re-run Maven with the -e switch.
[ERROR] Re-run Maven using the -X switch to enable full debug logging.
[ERROR] 
[ERROR] For more information about the errors and possible solutions, please read the following articles:
[ERROR] [Help 1] http://cwiki.apache.org/confluence/display/MAVEN/MojoFailureException
Writing HTML report to '/tmp/icse19/dataset/august-2018/bugs-dot-jar/accumulo_buggy/core/target/clover/report'
Done. Processed 49 packages in 24708ms (504ms per package).
[INFO] org.apache.accumulo.core.cli.TestClientOpts;test
[INFO] ------------------------------------------------------------------------
[INFO] BUILD SUCCESS
[INFO] ------------------------------------------------------------------------
[INFO] Total time: 03:04 min
[INFO] Finished at: 2018-08-01T10:24:08+02:00
[INFO] Final Memory: 91M/6521M
[INFO] ------------------------------------------------------------------------
cd dataset/august-2018/bugs-dot-jar/accumulo_buggy/core && ~/apache-maven-3.3.9/bin/mvn clean versions:use-latest-versions -Dincludes=junit:junit eu.stamp-project:diff-test-selection:0.2:list -DpathToDiff=../.bugs-dot-jar/developer-patch.diff -DpathToOtherVersion=../../accumulo_fixed/ -DoutputPath=../../../accumulo/data_test-selection_bugs-dot-jar_ACCUMULO-1183_742960f1.csv -Dreport=CSV
rm -rf accumulo_fixed
