rm -rf dataset/august-2018/bugs-dot-jar/accumulo_buggy
cp -r dataset/august-2018/bugs-dot-jar/accumulo dataset/august-2018/bugs-dot-jar/accumulo_buggy
Previous HEAD position was e05431f... Added bug report.
HEAD is now at 95514dc... Added bug report.
[INFO] Scanning for projects...
[INFO] ------------------------------------------------------------------------
[INFO] Reactor Build Order:
[INFO] 
[INFO] accumulo
[INFO] cloudtrace
[INFO] accumulo-start
[INFO] accumulo-core
[INFO] accumulo-server
[INFO] accumulo-examples
[INFO] examples-simple
[INFO] accumulo-wikisearch
[INFO] wikisearch-ingest
[INFO] wikisearch-query
[INFO] wikisearch-query-war
[INFO] accumulo-assemble
[INFO]                                                                         
[INFO] ------------------------------------------------------------------------
[INFO] Building accumulo 1.5.0-SNAPSHOT
[INFO] ------------------------------------------------------------------------
[INFO] 
[INFO] --- maven-clean-plugin:2.4.1:clean (default-clean) @ accumulo ---
[INFO] Deleting /tmp/icse19/dataset/august-2018/bugs-dot-jar/accumulo_buggy/test (includes = [**/*.so], excludes = [])
[INFO] Deleting /tmp/icse19/dataset/august-2018/bugs-dot-jar/accumulo_buggy (includes = [**/*.pyc], excludes = [])
[INFO] 
[INFO] --- buildnumber-maven-plugin:1.1:create (default) @ accumulo ---
[INFO] Checking for local modifications: skipped.
[INFO] Updating project files from SCM: skipped.
[INFO] Executing: /bin/sh -c cd /tmp/icse19/dataset/august-2018/bugs-dot-jar/accumulo_buggy && svn --non-interactive info
[INFO] Working directory: /tmp/icse19/dataset/august-2018/bugs-dot-jar/accumulo_buggy
[INFO] Storing buildNumber: null at timestamp: 1533114157731
[INFO] Executing: /bin/sh -c cd /tmp/icse19/dataset/august-2018/bugs-dot-jar/accumulo_buggy && svn --non-interactive info
[INFO] Working directory: /tmp/icse19/dataset/august-2018/bugs-dot-jar/accumulo_buggy
[INFO] Storing buildScmBranch: UNKNOWN_BRANCH
[INFO] 
[INFO] --- maven-enforcer-plugin:1.0.1:enforce (enforce-mvn) @ accumulo ---
[INFO] 
[INFO] --- maven-remote-resources-plugin:1.2.1:process (default) @ accumulo ---
[INFO] 
[INFO] --- maven-dependency-plugin:2.3:copy-dependencies (copy-dependencies) @ accumulo ---
[INFO] 
[INFO] --- exec-maven-plugin:1.2.1:exec (user-manual) @ accumulo ---
This is pdfTeX, Version 3.14159265-2.6-1.40.15 (TeX Live 2015/dev/Debian) (preloaded format=pdflatex)
 restricted \write18 enabled.
entering extended mode
(./accumulo_user_manual.tex
LaTeX2e <2014/05/01>
Babel <3.9l> and hyphenation patterns for 2 languages loaded.
(/usr/share/texlive/texmf-dist/tex/latex/base/report.cls
Document Class: report 2014/09/29 v1.4h Standard LaTeX document class
(/usr/share/texlive/texmf-dist/tex/latex/base/size11.clo))
(/usr/share/texlive/texmf-dist/tex/latex/base/alltt.sty)
(/usr/share/texlive/texmf-dist/tex/latex/multirow/multirow.sty)
(/usr/share/texlive/texmf-dist/tex/latex/graphics/graphicx.sty
(/usr/share/texlive/texmf-dist/tex/latex/graphics/keyval.sty)
(/usr/share/texlive/texmf-dist/tex/latex/graphics/graphics.sty
(/usr/share/texlive/texmf-dist/tex/latex/graphics/trig.sty)
(/usr/share/texlive/texmf-dist/tex/latex/latexconfig/graphics.cfg)
(/usr/share/texlive/texmf-dist/tex/latex/pdftex-def/pdftex.def
(/usr/share/texlive/texmf-dist/tex/generic/oberdiek/infwarerr.sty)
(/usr/share/texlive/texmf-dist/tex/generic/oberdiek/ltxcmds.sty))))
(/usr/share/texlive/texmf-dist/tex/latex/base/fontenc.sty
(/usr/share/texlive/texmf-dist/tex/latex/base/t1enc.def))
(/usr/share/texlive/texmf-dist/tex/latex/parskip/parskip.sty)
(/usr/share/texlive/texmf-dist/tex/latex/hyperref/hyperref.sty
(/usr/share/texlive/texmf-dist/tex/generic/oberdiek/hobsub-hyperref.sty
(/usr/share/texlive/texmf-dist/tex/generic/oberdiek/hobsub-generic.sty))
(/usr/share/texlive/texmf-dist/tex/generic/ifxetex/ifxetex.sty)
(/usr/share/texlive/texmf-dist/tex/latex/oberdiek/auxhook.sty)
(/usr/share/texlive/texmf-dist/tex/latex/oberdiek/kvoptions.sty)
(/usr/share/texlive/texmf-dist/tex/latex/hyperref/pd1enc.def)
(/usr/share/texlive/texmf-dist/tex/latex/latexconfig/hyperref.cfg)
(/usr/share/texlive/texmf-dist/tex/latex/url/url.sty))

Package hyperref Message: Driver (autodetected): hpdftex.

(/usr/share/texlive/texmf-dist/tex/latex/hyperref/hpdftex.def
(/usr/share/texlive/texmf-dist/tex/latex/oberdiek/rerunfilecheck.sty))
No file accumulo_user_manual.aux.
(/usr/share/texlive/texmf-dist/tex/context/base/supp-pdf.mkii
[Loading MPS to PDF converter (version 2006.09.02).]
) (/usr/share/texlive/texmf-dist/tex/latex/oberdiek/epstopdf-base.sty
(/usr/share/texlive/texmf-dist/tex/latex/oberdiek/grfext.sty)
(/usr/share/texlive/texmf-dist/tex/latex/latexconfig/epstopdf-sys.cfg))
(/usr/share/texlive/texmf-dist/tex/latex/hyperref/nameref.sty
(/usr/share/texlive/texmf-dist/tex/generic/oberdiek/gettitlestring.sty))

LaTeX Warning: No \author given.

[1{/var/lib/texmf/fonts/map/pdftex/updmap/pdftex.map}]pdfTeX warning (ext4): de
stination with the same identifier (name{page.1}) has been already used, duplic
ate ignored
<to be read again> 
                   \relax 
l.42 \include{chapters/introduction}
                                     [1] (./chapters/introduction.tex
Chapter 1.
) [2] (./chapters/design.tex
Chapter 2.
[3] [4] <images/data_distribution.png, id=41, 811.03pt x 583.17876pt>
<use images/data_distribution.png> [5 <./images/data_distribution.png>]
<images/failure_handling.png, id=50, 813.0375pt x 624.3325pt>
<use images/failure_handling.png> [6]) [7 <./images/failure_handling.png (PNG c
opy)>] (./chapters/shell.tex
Chapter 3.
(/usr/share/texlive/texmf-dist/tex/latex/txfonts/t1txtt.fd) [8] [9]) [10]
(./chapters/clients.tex
Chapter 4.
(/usr/share/texlive/texmf-dist/tex/latex/base/omscmr.fd) [11] [12] [13]
Overfull \hbox (48.45232pt too wide) in paragraph at lines 171--173
\T1/txtt/m/n/10.95 src/examples/src/main/java/org/apache/accumulo/examples/isol
ation/InterferenceTest.java 
) [14] (./chapters/table_configuration.tex
Chapter 5.
[15]
Overfull \hbox (26.06111pt too wide) in paragraph at lines 108--108
[]\T1/txtt/m/n/10 user@myinstance mytable> config -t mytable -s table.constrain
t.1=com.test.ExampleConstraint[] 

Overfull \hbox (26.06111pt too wide) in paragraph at lines 108--108
[]\T1/txtt/m/n/10 user@myinstance mytable> config -t mytable -s table.constrain
t.2=com.test.AnotherConstraint[] 
[16]
Overfull \hbox (126.66458pt too wide) in paragraph at lines 111--114
\T1/cmr/m/n/10.95 New con-straints can be cre-ated by writ-ing a Java class tha
t im-ple-ments the org.apache.accumulo.core.constraints.Constraint
[17] [18] [19]
Overfull \hbox (36.56108pt too wide) in paragraph at lines 269--269
[]\T1/txtt/m/n/10 user@myinstance filtertest> setiter -t filtertest -scan -minc
 -majc -p 10 -n myfilter -ageoff[] 

Overfull \hbox (477.5598pt too wide) in paragraph at lines 269--269
[]\T1/txtt/m/n/10 ----------> set org.apache.accumulo.core.iterators.user.AgeOf
fFilter parameter negate, default false keeps k/v that pass accept method, true
 rejects k/v that pass accept method:[] 

Overfull \hbox (162.56071pt too wide) in paragraph at lines 269--269
[]\T1/txtt/m/n/10 ----------> set org.apache.accumulo.core.iterators.user.AgeOf
fFilter parameter ttl, time to live (milliseconds): 3000[] 

Overfull \hbox (514.3097pt too wide) in paragraph at lines 269--269
[]\T1/txtt/m/n/10 ----------> set org.apache.accumulo.core.iterators.user.AgeOf
fFilter parameter currentTime, if set, use the given value as the absolute time
 in milliseconds as the current time of day:[] 

Overfull \hbox (136.31079pt too wide) in paragraph at lines 293--293
[]\T1/txtt/m/n/10 table    | table.iterator.majc.myfilter .............. | 10,o
rg.apache.accumulo.core.iterators.user.AgeOffFilter[] 

Overfull \hbox (141.56078pt too wide) in paragraph at lines 293--293
[]\T1/txtt/m/n/10 table    | table.iterator.majc.vers .................. | 20,o
rg.apache.accumulo.core.iterators.VersioningIterator[] 

Overfull \hbox (136.31079pt too wide) in paragraph at lines 293--293
[]\T1/txtt/m/n/10 table    | table.iterator.minc.myfilter .............. | 10,o
rg.apache.accumulo.core.iterators.user.AgeOffFilter[] 

Overfull \hbox (141.56078pt too wide) in paragraph at lines 293--293
[]\T1/txtt/m/n/10 table    | table.iterator.minc.vers .................. | 20,o
rg.apache.accumulo.core.iterators.VersioningIterator[] 

Overfull \hbox (136.31079pt too wide) in paragraph at lines 293--293
[]\T1/txtt/m/n/10 table    | table.iterator.scan.myfilter .............. | 10,o
rg.apache.accumulo.core.iterators.user.AgeOffFilter[] 

Overfull \hbox (141.56078pt too wide) in paragraph at lines 293--293
[]\T1/txtt/m/n/10 table    | table.iterator.scan.vers .................. | 20,o
rg.apache.accumulo.core.iterators.VersioningIterator[] 
[20]
Overfull \hbox (89.14725pt too wide) in paragraph at lines 355--357
\T1/cmr/m/n/10.95 accumulo/src/examples/simple/main/java/org/apache/accumulo/ex
amples/simple/combiner/StatsCombiner.java 
[21]
Overfull \hbox (8.21118pt too wide) in paragraph at lines 376--376
[]\T1/txtt/m/n/10.95 table.cache.block.enable: Determines whether file (data) b
lock cache is enabled.[] 
[22] [23] [24] [25] [26]) [27] (./chapters/table_design.tex
Chapter 6.
[28] [29] [30] [31] [32] [33]) [34] (./chapters/high_speed_ingest.tex
Chapter 7.
[35] [36]) [37] (./chapters/analytics.tex
Chapter 8.
[38] [39] [40]) [41] (./chapters/security.tex
Chapter 9.
[42] [43]
Overfull \hbox (31.3111pt too wide) in paragraph at lines 124--124
[]\T1/txtt/m/n/10 config -t table -s table.constraint.1=org.apache.accumulo.cor
e.security.VisibilityConstraint[] 
[44]) [45] (./chapters/administration.tex
Chapter 10.
[46]
Overfull \hbox (3.49286pt too wide) in paragraph at lines 56--63
\T1/cmr/m/n/10.95 Accumulo re-quires HDFS and ZooKeeper to be con-fig-ured and 
run-ning be-fore start-ing. Password-
[47] [48] [49] [50]) [51] (./appendices/shell_commands.tex
Appendix A.

Overfull \hbox (36.95485pt too wide) in paragraph at lines 37--37
[]    \T1/txtt/m/n/10.95 usage: addsplits [<split> <split> ] [-?] [-b64] [-sf <
filename>] [-t <tableName>][] 

Overfull \hbox (42.70358pt too wide) in paragraph at lines 41--41
[]      \T1/txtt/m/n/10.95 -sf,--splits-file <filename>  file with newline sepa
rated list of rows to add to[] 
[52]
Overfull \hbox (36.95485pt too wide) in paragraph at lines 71--71
[]    \T1/txtt/m/n/10.95 usage: clonetable <current table name> <new table name
> [-?] [-e <arg>] [-nf] [-s[] 

Overfull \hbox (13.95992pt too wide) in paragraph at lines 75--75
[]      \T1/txtt/m/n/10.95 -e,--exclude <arg>  properties that should not be co
pied from source table.[] 

Overfull \hbox (25.45738pt too wide) in paragraph at lines 78--78
[]      \T1/txtt/m/n/10.95 -s,--set <arg>  set initial properties before the ta
ble comes online. Expects[] 
[53]
Overfull \hbox (25.45738pt too wide) in paragraph at lines 89--89
[]    \T1/txtt/m/n/10.95 usage: compact [-?] [-b <arg>] [-e <arg>] [-nf] [-p <p
attern> | -t <tableName>][] 

Overfull \hbox (19.70865pt too wide) in paragraph at lines 91--91
[]    \T1/txtt/m/n/10.95 description: sets all tablets for a table to major com
pact as soon as possible[] 

Overfull \hbox (42.70358pt too wide) in paragraph at lines 103--103
[]    \T1/txtt/m/n/10.95 usage: config [-?] [-d <property> | -f <string> | -s <
property=value>]  [-np]  [-t[] 

Overfull \hbox (25.45738pt too wide) in paragraph at lines 116--116
[]              \T1/txtt/m/n/10.95 <<columnfamily>[:<columnqualifier>]=<aggrega
tion class>>] [-b64] [-cc[] 

Overfull \hbox (31.20612pt too wide) in paragraph at lines 117--117
[]              \T1/txtt/m/n/10.95 <table>] [-cs <table> | -sf <filename>] [-ev
c] [-f <className>] [-ndi][] 

Overfull \hbox (54.20105pt too wide) in paragraph at lines 119--119
[]    \T1/txtt/m/n/10.95 description: creates a new table, with optional aggreg
ators and optionally pre-split[] 

Overfull \hbox (36.95485pt too wide) in paragraph at lines 121--121
[]      \T1/txtt/m/n/10.95 -a,--aggregator <<columnfamily>[:<columnqualifier>]=
<aggregation class>>  comma[] 
[54]
Overfull \hbox (54.20105pt too wide) in paragraph at lines 126--126
[]      \T1/txtt/m/n/10.95 -evc,--enable-visibility-constraint  prevents users 
from writing data they can not[] 

Overfull \hbox (42.70358pt too wide) in paragraph at lines 127--127
[]              \T1/txtt/m/n/10.95 read.  When enabling this may want to consid
er disabling bulk import and[] 

Overfull \hbox (48.45232pt too wide) in paragraph at lines 130--130
[]      \T1/txtt/m/n/10.95 -ndi,--no-default-iterators  prevents creation of th
e normal default iterator set[] 

Overfull \hbox (54.20105pt too wide) in paragraph at lines 131--131
[]      \T1/txtt/m/n/10.95 -sf,--splits-file <filename>  file with newline sepa
rated list of rows to create a[] 

Overfull \hbox (31.20612pt too wide) in paragraph at lines 141--141
[]      \T1/txtt/m/n/10.95 -s,--scan-authorizations <comma-separated-authorizat
ions>  scan authorizations[] 

Overfull \hbox (36.95485pt too wide) in paragraph at lines 155--155
[]      \T1/txtt/m/n/10.95 -l,--authorization-label <expression>  formatted aut
horization label expression[] 
[55]
Overfull \hbox (42.70358pt too wide) in paragraph at lines 172--172
[]              \T1/txtt/m/n/10.95 <<columnfamily>[:<columnqualifier>],<columnf
amily>[:<columnqualifier>]>][] 

Overfull \hbox (36.95485pt too wide) in paragraph at lines 179--179
[]              \T1/txtt/m/n/10.95 <<columnfamily>[:<columnqualifier>],<columnf
amily>[:<columnqualifier>]>[] 

Overfull \hbox (36.95485pt too wide) in paragraph at lines 183--183
[]      \T1/txtt/m/n/10.95 -fm,--formatter <className>  fully qualified name of
 the formatter class to use[] 

Overfull \hbox (31.20612pt too wide) in paragraph at lines 186--186
[]      \T1/txtt/m/n/10.95 -s,--scan-authorizations <comma-separated-authorizat
ions>  scan authorizations[] 

Overfull \hbox (42.70358pt too wide) in paragraph at lines 194--194
[]    \T1/txtt/m/n/10.95 description: delete a range of rows in a table.  Note 
that rows matching the start[] 
[56]
Overfull \hbox (42.70358pt too wide) in paragraph at lines 205--205
[]    \T1/txtt/m/n/10.95 description: deletes a table-specific scan iterator so
 it is no longer used during[] 

Overfull \hbox (31.20612pt too wide) in paragraph at lines 241--241
[]    \T1/txtt/m/n/10.95 description: Prints how much space is used by files re
ferenced by a table.  When[] 

Overfull \hbox (36.95485pt too wide) in paragraph at lines 242--242
[]              \T1/txtt/m/n/10.95 multiple tables are specified it prints how 
much space is used by files[] 
[57]
Overfull \hbox (42.70358pt too wide) in paragraph at lines 250--250
[]              \T1/txtt/m/n/10.95 <<columnfamily>[:<columnqualifier>],<columnf
amily>[:<columnqualifier>]>][] 

Overfull \hbox (42.70358pt too wide) in paragraph at lines 251--251
[]              \T1/txtt/m/n/10.95 [-e <end-row>] [-f <int>] [-fm <className>] 
[-np] [-nt <arg>] [-r <row>][] 

Overfull \hbox (13.95992pt too wide) in paragraph at lines 253--253
[]    \T1/txtt/m/n/10.95 description: searches each row, column family, column 
qualifier and value, in[] 

Overfull \hbox (42.70358pt too wide) in paragraph at lines 254--254
[]              \T1/txtt/m/n/10.95 parallel, on the server side (using a java M
atcher, so put .* before and[] 

Overfull \hbox (36.95485pt too wide) in paragraph at lines 259--259
[]              \T1/txtt/m/n/10.95 <<columnfamily>[:<columnqualifier>],<columnf
amily>[:<columnqualifier>]>[] 

Overfull \hbox (36.95485pt too wide) in paragraph at lines 263--263
[]      \T1/txtt/m/n/10.95 -fm,--formatter <className>  fully qualified name of
 the formatter class to use[] 

Overfull \hbox (31.20612pt too wide) in paragraph at lines 267--267
[]      \T1/txtt/m/n/10.95 -s,--scan-authorizations <comma-separated-authorizat
ions>  scan authorizations[] 
[58]
Overfull \hbox (13.95992pt too wide) in paragraph at lines 287--287
[]    \T1/txtt/m/n/10.95 usage: flush [-?] [-b <arg>] [-e <arg>] [-p <pattern> 
| -t <tableName>]  [-w][] 

Overfull \hbox (31.20612pt too wide) in paragraph at lines 301--301
[]      \T1/txtt/m/n/10.95 -f,--formatter <className>  fully qualified name of 
the formatter class to use[] 

Overfull \hbox (31.20612pt too wide) in paragraph at lines 323--323
[]    \T1/txtt/m/n/10.95 description: retrieves the current split points for ta
blets in the current table[] 
[59]
Overfull \hbox (8.21118pt too wide) in paragraph at lines 333--333
[]    \T1/txtt/m/n/10.95 usage: grant <permission> [-?] -p <pattern> | -s | -t 
<table>  -u <username>[] 

Overfull \hbox (42.70358pt too wide) in paragraph at lines 344--344
[]              \T1/txtt/m/n/10.95 <<columnfamily>[:<columnqualifier>],<columnf
amily>[:<columnqualifier>]>][] 

Overfull \hbox (42.70358pt too wide) in paragraph at lines 345--345
[]              \T1/txtt/m/n/10.95 [-e <end-row>] [-f <int>] [-fm <className>] 
[-np] [-nt <arg>] [-r <row>][] 

Overfull \hbox (54.20105pt too wide) in paragraph at lines 347--347
[]    \T1/txtt/m/n/10.95 description: searches each row, column family, column 
qualifier and value in a table[] 

Overfull \hbox (31.20612pt too wide) in paragraph at lines 348--348
[]              \T1/txtt/m/n/10.95 for a substring (not a regular expression), 
in parallel, on the server[] 

Overfull \hbox (36.95485pt too wide) in paragraph at lines 353--353
[]              \T1/txtt/m/n/10.95 <<columnfamily>[:<columnqualifier>],<columnf
amily>[:<columnqualifier>]>[] 

Overfull \hbox (36.95485pt too wide) in paragraph at lines 357--357
[]      \T1/txtt/m/n/10.95 -fm,--formatter <className>  fully qualified name of
 the formatter class to use[] 

Overfull \hbox (31.20612pt too wide) in paragraph at lines 361--361
[]      \T1/txtt/m/n/10.95 -s,--scan-authorizations <comma-separated-authorizat
ions>  scan authorizations[] 
[60]
Overfull \hbox (36.95485pt too wide) in paragraph at lines 384--384
[]    \T1/txtt/m/n/10.95 description: bulk imports an entire directory of data 
files to the current table.[] 

Overfull \hbox (36.95485pt too wide) in paragraph at lines 397--397
[]    \T1/txtt/m/n/10.95 usage: insert <row> <colfamily> <colqualifier> <value>
 [-?] [-l <expression>] [-t[] 

Overfull \hbox (36.95485pt too wide) in paragraph at lines 401--401
[]      \T1/txtt/m/n/10.95 -l,--authorization-label <expression>  formatted aut
horization label expression[] 
[61]
Overfull \hbox (42.70358pt too wide) in paragraph at lines 419--419
[]              \T1/txtt/m/n/10.95 accumulo.core.client.admin.ActiveScan javado
c for more information about[] 

Overfull \hbox (13.95992pt too wide) in paragraph at lines 423--423
[]      \T1/txtt/m/n/10.95 -ts,--tabletServer <tablet server>  list scans for a
 specific tablet server[] 

Overfull \hbox (2.46245pt too wide) in paragraph at lines 432--432
[]      \T1/txtt/m/n/10.95 -be,--begin-exclusive  make start row exclusive, by 
defaults it inclusive[] 

Overfull \hbox (31.20612pt too wide) in paragraph at lines 435--435
[]      \T1/txtt/m/n/10.95 -s,--scan-authorizations <comma-separated-authorizat
ions>  scan authorizations[] 
[62]
Overfull \hbox (42.70358pt too wide) in paragraph at lines 446--446
[]      \T1/txtt/m/n/10.95 -f,--force  merge small tablets to large tablets, ev
en if it goes over the given[] 
[63]
Overfull \hbox (42.70358pt too wide) in paragraph at lines 506--506
[]              \T1/txtt/m/n/10.95 <<columnfamily>[:<columnqualifier>],<columnf
amily>[:<columnqualifier>]>][] 

Overfull \hbox (36.95485pt too wide) in paragraph at lines 513--513
[]              \T1/txtt/m/n/10.95 <<columnfamily>[:<columnqualifier>],<columnf
amily>[:<columnqualifier>]>[] 

Overfull \hbox (36.95485pt too wide) in paragraph at lines 517--517
[]      \T1/txtt/m/n/10.95 -fm,--formatter <className>  fully qualified name of
 the formatter class to use[] 

Overfull \hbox (31.20612pt too wide) in paragraph at lines 520--520
[]      \T1/txtt/m/n/10.95 -s,--scan-authorizations <comma-separated-authorizat
ions>  scan authorizations[] 
[64]
Overfull \hbox (13.95992pt too wide) in paragraph at lines 537--537
[]    \T1/txtt/m/n/10.95 usage: setgroups <group>=<col fam>,<col fam> <group>=<
col fam>,<col fam> [-?][] 

Overfull \hbox (42.70358pt too wide) in paragraph at lines 539--539
[]    \T1/txtt/m/n/10.95 description: sets the locality groups for a given tabl
e (for binary or commas, use[] 

Overfull \hbox (13.95992pt too wide) in paragraph at lines 546--546
[]    \T1/txtt/m/n/10.95 usage: setiter [-?] -ageoff | -agg | -class <name> | -
regex | -reqvis | -vers[] 

Overfull \hbox (36.95485pt too wide) in paragraph at lines 558--558
[]      \T1/txtt/m/n/10.95 -reqvis,--require-visibility  a type that omits entr
ies with empty visibilities[] 
[65]
Overfull \hbox (36.95485pt too wide) in paragraph at lines 565--565
[]    \T1/txtt/m/n/10.95 usage: setscaniter [-?] -ageoff | -agg | -class <name>
 | -regex | -reqvis | -vers[] 

Overfull \hbox (36.95485pt too wide) in paragraph at lines 575--575
[]      \T1/txtt/m/n/10.95 -reqvis,--require-visibility  a type that omits entr
ies with empty visibilities[] 
[66]) [67] (./accumulo_user_manual.aux (./chapters/introduction.aux)
(./chapters/design.aux) (./chapters/shell.aux) (./chapters/clients.aux)
(./chapters/table_configuration.aux) (./chapters/table_design.aux)
(./chapters/high_speed_ingest.aux) (./chapters/analytics.aux)
(./chapters/security.aux) (./chapters/administration.aux)
(./appendices/shell_commands.aux))

Package rerunfilecheck Warning: File `accumulo_user_manual.out' has changed.
(rerunfilecheck)                Rerun to get outlines right
(rerunfilecheck)                or use package `bookmark'.

 )
(see the transcript file for additional information) </home/spirals/danglot/.te
xmf-var/fonts/pk/ljfour/jknappen/ec/ecti1095.600pk> </home/spirals/danglot/.tex
mf-var/fonts/pk/ljfour/jknappen/ec/ecbx1095.600pk> </home/spirals/danglot/.texm
f-var/fonts/pk/ljfour/jknappen/ec/ecbx1200.600pk> </home/spirals/danglot/.texmf
-var/fonts/pk/ljfour/jknappen/ec/ecbx1440.600pk> </home/spirals/danglot/.texmf-
var/fonts/pk/ljfour/jknappen/ec/ecbx2074.600pk> </home/spirals/danglot/.texmf-v
ar/fonts/pk/ljfour/jknappen/ec/ecrm1095.600pk> </home/spirals/danglot/.texmf-va
r/fonts/pk/ljfour/jknappen/ec/ecbx2488.600pk> </home/spirals/danglot/.texmf-var
/fonts/pk/ljfour/jknappen/ec/ecrm1200.600pk> </home/spirals/danglot/.texmf-var/
fonts/pk/ljfour/jknappen/ec/ecrm1728.600pk></usr/share/texlive/texmf-dist/fonts
/type1/public/amsfonts/cm/cmbx10.pfb></usr/share/texlive/texmf-dist/fonts/type1
/public/amsfonts/cm/cmmi10.pfb></usr/share/texlive/texmf-dist/fonts/type1/publi
c/amsfonts/cm/cmmi8.pfb></usr/share/texlive/texmf-dist/fonts/type1/public/amsfo
nts/cm/cmr10.pfb></usr/share/texlive/texmf-dist/fonts/type1/public/amsfonts/cm/
cmr8.pfb></usr/share/texlive/texmf-dist/fonts/type1/public/amsfonts/cm/cmsy10.p
fb></usr/share/texlive/texmf-dist/fonts/type1/public/txfonts/t1xbtt.pfb></usr/s
hare/texlive/texmf-dist/fonts/type1/public/txfonts/t1xtt.pfb>
Output written on accumulo_user_manual.pdf (68 pages, 374084 bytes).
Transcript written on accumulo_user_manual.log.
This is pdfTeX, Version 3.14159265-2.6-1.40.15 (TeX Live 2015/dev/Debian) (preloaded format=pdflatex)
 restricted \write18 enabled.
entering extended mode
(./accumulo_user_manual.tex
LaTeX2e <2014/05/01>
Babel <3.9l> and hyphenation patterns for 2 languages loaded.
(/usr/share/texlive/texmf-dist/tex/latex/base/report.cls
Document Class: report 2014/09/29 v1.4h Standard LaTeX document class
(/usr/share/texlive/texmf-dist/tex/latex/base/size11.clo))
(/usr/share/texlive/texmf-dist/tex/latex/base/alltt.sty)
(/usr/share/texlive/texmf-dist/tex/latex/multirow/multirow.sty)
(/usr/share/texlive/texmf-dist/tex/latex/graphics/graphicx.sty
(/usr/share/texlive/texmf-dist/tex/latex/graphics/keyval.sty)
(/usr/share/texlive/texmf-dist/tex/latex/graphics/graphics.sty
(/usr/share/texlive/texmf-dist/tex/latex/graphics/trig.sty)
(/usr/share/texlive/texmf-dist/tex/latex/latexconfig/graphics.cfg)
(/usr/share/texlive/texmf-dist/tex/latex/pdftex-def/pdftex.def
(/usr/share/texlive/texmf-dist/tex/generic/oberdiek/infwarerr.sty)
(/usr/share/texlive/texmf-dist/tex/generic/oberdiek/ltxcmds.sty))))
(/usr/share/texlive/texmf-dist/tex/latex/base/fontenc.sty
(/usr/share/texlive/texmf-dist/tex/latex/base/t1enc.def))
(/usr/share/texlive/texmf-dist/tex/latex/parskip/parskip.sty)
(/usr/share/texlive/texmf-dist/tex/latex/hyperref/hyperref.sty
(/usr/share/texlive/texmf-dist/tex/generic/oberdiek/hobsub-hyperref.sty
(/usr/share/texlive/texmf-dist/tex/generic/oberdiek/hobsub-generic.sty))
(/usr/share/texlive/texmf-dist/tex/generic/ifxetex/ifxetex.sty)
(/usr/share/texlive/texmf-dist/tex/latex/oberdiek/auxhook.sty)
(/usr/share/texlive/texmf-dist/tex/latex/oberdiek/kvoptions.sty)
(/usr/share/texlive/texmf-dist/tex/latex/hyperref/pd1enc.def)
(/usr/share/texlive/texmf-dist/tex/latex/latexconfig/hyperref.cfg)
(/usr/share/texlive/texmf-dist/tex/latex/url/url.sty))

Package hyperref Message: Driver (autodetected): hpdftex.

(/usr/share/texlive/texmf-dist/tex/latex/hyperref/hpdftex.def
(/usr/share/texlive/texmf-dist/tex/latex/oberdiek/rerunfilecheck.sty))
(./accumulo_user_manual.aux (./chapters/introduction.aux)
(./chapters/design.aux) (./chapters/shell.aux) (./chapters/clients.aux)
(./chapters/table_configuration.aux) (./chapters/table_design.aux)
(./chapters/high_speed_ingest.aux) (./chapters/analytics.aux)
(./chapters/security.aux) (./chapters/administration.aux)
(./appendices/shell_commands.aux))
(/usr/share/texlive/texmf-dist/tex/context/base/supp-pdf.mkii
[Loading MPS to PDF converter (version 2006.09.02).]
) (/usr/share/texlive/texmf-dist/tex/latex/oberdiek/epstopdf-base.sty
(/usr/share/texlive/texmf-dist/tex/latex/oberdiek/grfext.sty)
(/usr/share/texlive/texmf-dist/tex/latex/latexconfig/epstopdf-sys.cfg))
(/usr/share/texlive/texmf-dist/tex/latex/hyperref/nameref.sty
(/usr/share/texlive/texmf-dist/tex/generic/oberdiek/gettitlestring.sty))
(./accumulo_user_manual.out) (./accumulo_user_manual.out)

LaTeX Warning: No \author given.

[1{/var/lib/texmf/fonts/map/pdftex/updmap/pdftex.map}]
(./accumulo_user_manual.tocpdfTeX warning (ext4): destination with the same ide
ntifier (name{page.1}) has been already used, duplicate ignored
<to be read again> 
                   \relax 
l.28 ...ine {5}Table Configuration}{15}{chapter.5}
                                                   [1] [2]) [3]
(./chapters/introduction.tex
Chapter 1.
) [4] (./chapters/design.tex
Chapter 2.
[5] [6] <images/data_distribution.png, id=495, 811.03pt x 583.17876pt>
<use images/data_distribution.png> [7 <./images/data_distribution.png>]
<images/failure_handling.png, id=502, 813.0375pt x 624.3325pt>
<use images/failure_handling.png> [8]) [9 <./images/failure_handling.png (PNG c
opy)>] (./chapters/shell.tex
Chapter 3.
(/usr/share/texlive/texmf-dist/tex/latex/txfonts/t1txtt.fd) [10] [11]) [12]
(./chapters/clients.tex
Chapter 4.
(/usr/share/texlive/texmf-dist/tex/latex/base/omscmr.fd) [13] [14] [15]
Overfull \hbox (48.45232pt too wide) in paragraph at lines 171--173
\T1/txtt/m/n/10.95 src/examples/src/main/java/org/apache/accumulo/examples/isol
ation/InterferenceTest.java 
) [16] (./chapters/table_configuration.tex
Chapter 5.
[17]
Overfull \hbox (26.06111pt too wide) in paragraph at lines 108--108
[]\T1/txtt/m/n/10 user@myinstance mytable> config -t mytable -s table.constrain
t.1=com.test.ExampleConstraint[] 

Overfull \hbox (26.06111pt too wide) in paragraph at lines 108--108
[]\T1/txtt/m/n/10 user@myinstance mytable> config -t mytable -s table.constrain
t.2=com.test.AnotherConstraint[] 
[18]
Overfull \hbox (126.66458pt too wide) in paragraph at lines 111--114
\T1/cmr/m/n/10.95 New con-straints can be cre-ated by writ-ing a Java class tha
t im-ple-ments the org.apache.accumulo.core.constraints.Constraint
[19] [20] [21]
Overfull \hbox (36.56108pt too wide) in paragraph at lines 269--269
[]\T1/txtt/m/n/10 user@myinstance filtertest> setiter -t filtertest -scan -minc
 -majc -p 10 -n myfilter -ageoff[] 

Overfull \hbox (477.5598pt too wide) in paragraph at lines 269--269
[]\T1/txtt/m/n/10 ----------> set org.apache.accumulo.core.iterators.user.AgeOf
fFilter parameter negate, default false keeps k/v that pass accept method, true
 rejects k/v that pass accept method:[] 

Overfull \hbox (162.56071pt too wide) in paragraph at lines 269--269
[]\T1/txtt/m/n/10 ----------> set org.apache.accumulo.core.iterators.user.AgeOf
fFilter parameter ttl, time to live (milliseconds): 3000[] 

Overfull \hbox (514.3097pt too wide) in paragraph at lines 269--269
[]\T1/txtt/m/n/10 ----------> set org.apache.accumulo.core.iterators.user.AgeOf
fFilter parameter currentTime, if set, use the given value as the absolute time
 in milliseconds as the current time of day:[] 

Overfull \hbox (136.31079pt too wide) in paragraph at lines 293--293
[]\T1/txtt/m/n/10 table    | table.iterator.majc.myfilter .............. | 10,o
rg.apache.accumulo.core.iterators.user.AgeOffFilter[] 

Overfull \hbox (141.56078pt too wide) in paragraph at lines 293--293
[]\T1/txtt/m/n/10 table    | table.iterator.majc.vers .................. | 20,o
rg.apache.accumulo.core.iterators.VersioningIterator[] 

Overfull \hbox (136.31079pt too wide) in paragraph at lines 293--293
[]\T1/txtt/m/n/10 table    | table.iterator.minc.myfilter .............. | 10,o
rg.apache.accumulo.core.iterators.user.AgeOffFilter[] 

Overfull \hbox (141.56078pt too wide) in paragraph at lines 293--293
[]\T1/txtt/m/n/10 table    | table.iterator.minc.vers .................. | 20,o
rg.apache.accumulo.core.iterators.VersioningIterator[] 

Overfull \hbox (136.31079pt too wide) in paragraph at lines 293--293
[]\T1/txtt/m/n/10 table    | table.iterator.scan.myfilter .............. | 10,o
rg.apache.accumulo.core.iterators.user.AgeOffFilter[] 

Overfull \hbox (141.56078pt too wide) in paragraph at lines 293--293
[]\T1/txtt/m/n/10 table    | table.iterator.scan.vers .................. | 20,o
rg.apache.accumulo.core.iterators.VersioningIterator[] 
[22]
Overfull \hbox (89.14725pt too wide) in paragraph at lines 355--357
\T1/cmr/m/n/10.95 accumulo/src/examples/simple/main/java/org/apache/accumulo/ex
amples/simple/combiner/StatsCombiner.java 
[23]
Overfull \hbox (8.21118pt too wide) in paragraph at lines 376--376
[]\T1/txtt/m/n/10.95 table.cache.block.enable: Determines whether file (data) b
lock cache is enabled.[] 
[24] [25] [26] [27] [28]) [29] (./chapters/table_design.tex
Chapter 6.
[30] [31] [32] [33] [34] [35]) [36] (./chapters/high_speed_ingest.tex
Chapter 7.
[37] [38]) [39] (./chapters/analytics.tex
Chapter 8.
[40] [41] [42]) [43] (./chapters/security.tex
Chapter 9.
[44] [45]
Overfull \hbox (31.3111pt too wide) in paragraph at lines 124--124
[]\T1/txtt/m/n/10 config -t table -s table.constraint.1=org.apache.accumulo.cor
e.security.VisibilityConstraint[] 
[46]) [47] (./chapters/administration.tex
Chapter 10.
[48]
Overfull \hbox (3.49286pt too wide) in paragraph at lines 56--63
\T1/cmr/m/n/10.95 Accumulo re-quires HDFS and ZooKeeper to be con-fig-ured and 
run-ning be-fore start-ing. Password-
[49] [50] [51] [52]) [53] (./appendices/shell_commands.tex
Appendix A.

Overfull \hbox (36.95485pt too wide) in paragraph at lines 37--37
[]    \T1/txtt/m/n/10.95 usage: addsplits [<split> <split> ] [-?] [-b64] [-sf <
filename>] [-t <tableName>][] 

Overfull \hbox (42.70358pt too wide) in paragraph at lines 41--41
[]      \T1/txtt/m/n/10.95 -sf,--splits-file <filename>  file with newline sepa
rated list of rows to add to[] 
[54]
Overfull \hbox (36.95485pt too wide) in paragraph at lines 71--71
[]    \T1/txtt/m/n/10.95 usage: clonetable <current table name> <new table name
> [-?] [-e <arg>] [-nf] [-s[] 

Overfull \hbox (13.95992pt too wide) in paragraph at lines 75--75
[]      \T1/txtt/m/n/10.95 -e,--exclude <arg>  properties that should not be co
pied from source table.[] 

Overfull \hbox (25.45738pt too wide) in paragraph at lines 78--78
[]      \T1/txtt/m/n/10.95 -s,--set <arg>  set initial properties before the ta
ble comes online. Expects[] 
[55]
Overfull \hbox (25.45738pt too wide) in paragraph at lines 89--89
[]    \T1/txtt/m/n/10.95 usage: compact [-?] [-b <arg>] [-e <arg>] [-nf] [-p <p
attern> | -t <tableName>][] 

Overfull \hbox (19.70865pt too wide) in paragraph at lines 91--91
[]    \T1/txtt/m/n/10.95 description: sets all tablets for a table to major com
pact as soon as possible[] 

Overfull \hbox (42.70358pt too wide) in paragraph at lines 103--103
[]    \T1/txtt/m/n/10.95 usage: config [-?] [-d <property> | -f <string> | -s <
property=value>]  [-np]  [-t[] 

Overfull \hbox (25.45738pt too wide) in paragraph at lines 116--116
[]              \T1/txtt/m/n/10.95 <<columnfamily>[:<columnqualifier>]=<aggrega
tion class>>] [-b64] [-cc[] 

Overfull \hbox (31.20612pt too wide) in paragraph at lines 117--117
[]              \T1/txtt/m/n/10.95 <table>] [-cs <table> | -sf <filename>] [-ev
c] [-f <className>] [-ndi][] 

Overfull \hbox (54.20105pt too wide) in paragraph at lines 119--119
[]    \T1/txtt/m/n/10.95 description: creates a new table, with optional aggreg
ators and optionally pre-split[] 

Overfull \hbox (36.95485pt too wide) in paragraph at lines 121--121
[]      \T1/txtt/m/n/10.95 -a,--aggregator <<columnfamily>[:<columnqualifier>]=
<aggregation class>>  comma[] 
[56]
Overfull \hbox (54.20105pt too wide) in paragraph at lines 126--126
[]      \T1/txtt/m/n/10.95 -evc,--enable-visibility-constraint  prevents users 
from writing data they can not[] 

Overfull \hbox (42.70358pt too wide) in paragraph at lines 127--127
[]              \T1/txtt/m/n/10.95 read.  When enabling this may want to consid
er disabling bulk import and[] 

Overfull \hbox (48.45232pt too wide) in paragraph at lines 130--130
[]      \T1/txtt/m/n/10.95 -ndi,--no-default-iterators  prevents creation of th
e normal default iterator set[] 

Overfull \hbox (54.20105pt too wide) in paragraph at lines 131--131
[]      \T1/txtt/m/n/10.95 -sf,--splits-file <filename>  file with newline sepa
rated list of rows to create a[] 

Overfull \hbox (31.20612pt too wide) in paragraph at lines 141--141
[]      \T1/txtt/m/n/10.95 -s,--scan-authorizations <comma-separated-authorizat
ions>  scan authorizations[] 

Overfull \hbox (36.95485pt too wide) in paragraph at lines 155--155
[]      \T1/txtt/m/n/10.95 -l,--authorization-label <expression>  formatted aut
horization label expression[] 
[57]
Overfull \hbox (42.70358pt too wide) in paragraph at lines 172--172
[]              \T1/txtt/m/n/10.95 <<columnfamily>[:<columnqualifier>],<columnf
amily>[:<columnqualifier>]>][] 

Overfull \hbox (36.95485pt too wide) in paragraph at lines 179--179
[]              \T1/txtt/m/n/10.95 <<columnfamily>[:<columnqualifier>],<columnf
amily>[:<columnqualifier>]>[] 

Overfull \hbox (36.95485pt too wide) in paragraph at lines 183--183
[]      \T1/txtt/m/n/10.95 -fm,--formatter <className>  fully qualified name of
 the formatter class to use[] 

Overfull \hbox (31.20612pt too wide) in paragraph at lines 186--186
[]      \T1/txtt/m/n/10.95 -s,--scan-authorizations <comma-separated-authorizat
ions>  scan authorizations[] 

Overfull \hbox (42.70358pt too wide) in paragraph at lines 194--194
[]    \T1/txtt/m/n/10.95 description: delete a range of rows in a table.  Note 
that rows matching the start[] 
[58]
Overfull \hbox (42.70358pt too wide) in paragraph at lines 205--205
[]    \T1/txtt/m/n/10.95 description: deletes a table-specific scan iterator so
 it is no longer used during[] 

Overfull \hbox (31.20612pt too wide) in paragraph at lines 241--241
[]    \T1/txtt/m/n/10.95 description: Prints how much space is used by files re
ferenced by a table.  When[] 

Overfull \hbox (36.95485pt too wide) in paragraph at lines 242--242
[]              \T1/txtt/m/n/10.95 multiple tables are specified it prints how 
much space is used by files[] 
[59]
Overfull \hbox (42.70358pt too wide) in paragraph at lines 250--250
[]              \T1/txtt/m/n/10.95 <<columnfamily>[:<columnqualifier>],<columnf
amily>[:<columnqualifier>]>][] 

Overfull \hbox (42.70358pt too wide) in paragraph at lines 251--251
[]              \T1/txtt/m/n/10.95 [-e <end-row>] [-f <int>] [-fm <className>] 
[-np] [-nt <arg>] [-r <row>][] 

Overfull \hbox (13.95992pt too wide) in paragraph at lines 253--253
[]    \T1/txtt/m/n/10.95 description: searches each row, column family, column 
qualifier and value, in[] 

Overfull \hbox (42.70358pt too wide) in paragraph at lines 254--254
[]              \T1/txtt/m/n/10.95 parallel, on the server side (using a java M
atcher, so put .* before and[] 

Overfull \hbox (36.95485pt too wide) in paragraph at lines 259--259
[]              \T1/txtt/m/n/10.95 <<columnfamily>[:<columnqualifier>],<columnf
amily>[:<columnqualifier>]>[] 

Overfull \hbox (36.95485pt too wide) in paragraph at lines 263--263
[]      \T1/txtt/m/n/10.95 -fm,--formatter <className>  fully qualified name of
 the formatter class to use[] 

Overfull \hbox (31.20612pt too wide) in paragraph at lines 267--267
[]      \T1/txtt/m/n/10.95 -s,--scan-authorizations <comma-separated-authorizat
ions>  scan authorizations[] 
[60]
Overfull \hbox (13.95992pt too wide) in paragraph at lines 287--287
[]    \T1/txtt/m/n/10.95 usage: flush [-?] [-b <arg>] [-e <arg>] [-p <pattern> 
| -t <tableName>]  [-w][] 

Overfull \hbox (31.20612pt too wide) in paragraph at lines 301--301
[]      \T1/txtt/m/n/10.95 -f,--formatter <className>  fully qualified name of 
the formatter class to use[] 

Overfull \hbox (31.20612pt too wide) in paragraph at lines 323--323
[]    \T1/txtt/m/n/10.95 description: retrieves the current split points for ta
blets in the current table[] 
[61]
Overfull \hbox (8.21118pt too wide) in paragraph at lines 333--333
[]    \T1/txtt/m/n/10.95 usage: grant <permission> [-?] -p <pattern> | -s | -t 
<table>  -u <username>[] 

Overfull \hbox (42.70358pt too wide) in paragraph at lines 344--344
[]              \T1/txtt/m/n/10.95 <<columnfamily>[:<columnqualifier>],<columnf
amily>[:<columnqualifier>]>][] 

Overfull \hbox (42.70358pt too wide) in paragraph at lines 345--345
[]              \T1/txtt/m/n/10.95 [-e <end-row>] [-f <int>] [-fm <className>] 
[-np] [-nt <arg>] [-r <row>][] 

Overfull \hbox (54.20105pt too wide) in paragraph at lines 347--347
[]    \T1/txtt/m/n/10.95 description: searches each row, column family, column 
qualifier and value in a table[] 

Overfull \hbox (31.20612pt too wide) in paragraph at lines 348--348
[]              \T1/txtt/m/n/10.95 for a substring (not a regular expression), 
in parallel, on the server[] 

Overfull \hbox (36.95485pt too wide) in paragraph at lines 353--353
[]              \T1/txtt/m/n/10.95 <<columnfamily>[:<columnqualifier>],<columnf
amily>[:<columnqualifier>]>[] 

Overfull \hbox (36.95485pt too wide) in paragraph at lines 357--357
[]      \T1/txtt/m/n/10.95 -fm,--formatter <className>  fully qualified name of
 the formatter class to use[] 

Overfull \hbox (31.20612pt too wide) in paragraph at lines 361--361
[]      \T1/txtt/m/n/10.95 -s,--scan-authorizations <comma-separated-authorizat
ions>  scan authorizations[] 
[62]
Overfull \hbox (36.95485pt too wide) in paragraph at lines 384--384
[]    \T1/txtt/m/n/10.95 description: bulk imports an entire directory of data 
files to the current table.[] 

Overfull \hbox (36.95485pt too wide) in paragraph at lines 397--397
[]    \T1/txtt/m/n/10.95 usage: insert <row> <colfamily> <colqualifier> <value>
 [-?] [-l <expression>] [-t[] 

Overfull \hbox (36.95485pt too wide) in paragraph at lines 401--401
[]      \T1/txtt/m/n/10.95 -l,--authorization-label <expression>  formatted aut
horization label expression[] 
[63]
Overfull \hbox (42.70358pt too wide) in paragraph at lines 419--419
[]              \T1/txtt/m/n/10.95 accumulo.core.client.admin.ActiveScan javado
c for more information about[] 

Overfull \hbox (13.95992pt too wide) in paragraph at lines 423--423
[]      \T1/txtt/m/n/10.95 -ts,--tabletServer <tablet server>  list scans for a
 specific tablet server[] 

Overfull \hbox (2.46245pt too wide) in paragraph at lines 432--432
[]      \T1/txtt/m/n/10.95 -be,--begin-exclusive  make start row exclusive, by 
defaults it inclusive[] 

Overfull \hbox (31.20612pt too wide) in paragraph at lines 435--435
[]      \T1/txtt/m/n/10.95 -s,--scan-authorizations <comma-separated-authorizat
ions>  scan authorizations[] 
[64]
Overfull \hbox (42.70358pt too wide) in paragraph at lines 446--446
[]      \T1/txtt/m/n/10.95 -f,--force  merge small tablets to large tablets, ev
en if it goes over the given[] 
[65]
Overfull \hbox (42.70358pt too wide) in paragraph at lines 506--506
[]              \T1/txtt/m/n/10.95 <<columnfamily>[:<columnqualifier>],<columnf
amily>[:<columnqualifier>]>][] 

Overfull \hbox (36.95485pt too wide) in paragraph at lines 513--513
[]              \T1/txtt/m/n/10.95 <<columnfamily>[:<columnqualifier>],<columnf
amily>[:<columnqualifier>]>[] 

Overfull \hbox (36.95485pt too wide) in paragraph at lines 517--517
[]      \T1/txtt/m/n/10.95 -fm,--formatter <className>  fully qualified name of
 the formatter class to use[] 

Overfull \hbox (31.20612pt too wide) in paragraph at lines 520--520
[]      \T1/txtt/m/n/10.95 -s,--scan-authorizations <comma-separated-authorizat
ions>  scan authorizations[] 
[66]
Overfull \hbox (13.95992pt too wide) in paragraph at lines 537--537
[]    \T1/txtt/m/n/10.95 usage: setgroups <group>=<col fam>,<col fam> <group>=<
col fam>,<col fam> [-?][] 

Overfull \hbox (42.70358pt too wide) in paragraph at lines 539--539
[]    \T1/txtt/m/n/10.95 description: sets the locality groups for a given tabl
e (for binary or commas, use[] 

Overfull \hbox (13.95992pt too wide) in paragraph at lines 546--546
[]    \T1/txtt/m/n/10.95 usage: setiter [-?] -ageoff | -agg | -class <name> | -
regex | -reqvis | -vers[] 

Overfull \hbox (36.95485pt too wide) in paragraph at lines 558--558
[]      \T1/txtt/m/n/10.95 -reqvis,--require-visibility  a type that omits entr
ies with empty visibilities[] 
[67]
Overfull \hbox (36.95485pt too wide) in paragraph at lines 565--565
[]    \T1/txtt/m/n/10.95 usage: setscaniter [-?] -ageoff | -agg | -class <name>
 | -regex | -reqvis | -vers[] 

Overfull \hbox (36.95485pt too wide) in paragraph at lines 575--575
[]      \T1/txtt/m/n/10.95 -reqvis,--require-visibility  a type that omits entr
ies with empty visibilities[] 
[68]) [69] (./accumulo_user_manual.aux (./chapters/introduction.aux)
(./chapters/design.aux) (./chapters/shell.aux) (./chapters/clients.aux)
(./chapters/table_configuration.aux) (./chapters/table_design.aux)
(./chapters/high_speed_ingest.aux) (./chapters/analytics.aux)
(./chapters/security.aux) (./chapters/administration.aux)
(./appendices/shell_commands.aux)) )
(see the transcript file for additional information) </home/spirals/danglot/.te
xmf-var/fonts/pk/ljfour/jknappen/ec/ecti1095.600pk> </home/spirals/danglot/.tex
mf-var/fonts/pk/ljfour/jknappen/ec/ecbx1200.600pk> </home/spirals/danglot/.texm
f-var/fonts/pk/ljfour/jknappen/ec/ecbx1440.600pk> </home/spirals/danglot/.texmf
-var/fonts/pk/ljfour/jknappen/ec/ecbx2074.600pk> </home/spirals/danglot/.texmf-
var/fonts/pk/ljfour/jknappen/ec/ecrm1095.600pk> </home/spirals/danglot/.texmf-v
ar/fonts/pk/ljfour/jknappen/ec/ecbx1095.600pk> </home/spirals/danglot/.texmf-va
r/fonts/pk/ljfour/jknappen/ec/ecbx2488.600pk> </home/spirals/danglot/.texmf-var
/fonts/pk/ljfour/jknappen/ec/ecrm1200.600pk> </home/spirals/danglot/.texmf-var/
fonts/pk/ljfour/jknappen/ec/ecrm1728.600pk></usr/share/texlive/texmf-dist/fonts
/type1/public/amsfonts/cm/cmbx10.pfb></usr/share/texlive/texmf-dist/fonts/type1
/public/amsfonts/cm/cmmi10.pfb></usr/share/texlive/texmf-dist/fonts/type1/publi
c/amsfonts/cm/cmmi8.pfb></usr/share/texlive/texmf-dist/fonts/type1/public/amsfo
nts/cm/cmr10.pfb></usr/share/texlive/texmf-dist/fonts/type1/public/amsfonts/cm/
cmr8.pfb></usr/share/texlive/texmf-dist/fonts/type1/public/amsfonts/cm/cmsy10.p
fb></usr/share/texlive/texmf-dist/fonts/type1/public/txfonts/t1xbtt.pfb></usr/s
hare/texlive/texmf-dist/fonts/type1/public/txfonts/t1xtt.pfb>
Output written on accumulo_user_manual.pdf (70 pages, 391323 bytes).
Transcript written on accumulo_user_manual.log.
This is pdfTeX, Version 3.14159265-2.6-1.40.15 (TeX Live 2015/dev/Debian) (preloaded format=pdflatex)
 restricted \write18 enabled.
entering extended mode
(./accumulo_user_manual.tex
LaTeX2e <2014/05/01>
Babel <3.9l> and hyphenation patterns for 2 languages loaded.
(/usr/share/texlive/texmf-dist/tex/latex/base/report.cls
Document Class: report 2014/09/29 v1.4h Standard LaTeX document class
(/usr/share/texlive/texmf-dist/tex/latex/base/size11.clo))
(/usr/share/texlive/texmf-dist/tex/latex/base/alltt.sty)
(/usr/share/texlive/texmf-dist/tex/latex/multirow/multirow.sty)
(/usr/share/texlive/texmf-dist/tex/latex/graphics/graphicx.sty
(/usr/share/texlive/texmf-dist/tex/latex/graphics/keyval.sty)
(/usr/share/texlive/texmf-dist/tex/latex/graphics/graphics.sty
(/usr/share/texlive/texmf-dist/tex/latex/graphics/trig.sty)
(/usr/share/texlive/texmf-dist/tex/latex/latexconfig/graphics.cfg)
(/usr/share/texlive/texmf-dist/tex/latex/pdftex-def/pdftex.def
(/usr/share/texlive/texmf-dist/tex/generic/oberdiek/infwarerr.sty)
(/usr/share/texlive/texmf-dist/tex/generic/oberdiek/ltxcmds.sty))))
(/usr/share/texlive/texmf-dist/tex/latex/base/fontenc.sty
(/usr/share/texlive/texmf-dist/tex/latex/base/t1enc.def))
(/usr/share/texlive/texmf-dist/tex/latex/parskip/parskip.sty)
(/usr/share/texlive/texmf-dist/tex/latex/hyperref/hyperref.sty
(/usr/share/texlive/texmf-dist/tex/generic/oberdiek/hobsub-hyperref.sty
(/usr/share/texlive/texmf-dist/tex/generic/oberdiek/hobsub-generic.sty))
(/usr/share/texlive/texmf-dist/tex/generic/ifxetex/ifxetex.sty)
(/usr/share/texlive/texmf-dist/tex/latex/oberdiek/auxhook.sty)
(/usr/share/texlive/texmf-dist/tex/latex/oberdiek/kvoptions.sty)
(/usr/share/texlive/texmf-dist/tex/latex/hyperref/pd1enc.def)
(/usr/share/texlive/texmf-dist/tex/latex/latexconfig/hyperref.cfg)
(/usr/share/texlive/texmf-dist/tex/latex/url/url.sty))

Package hyperref Message: Driver (autodetected): hpdftex.

(/usr/share/texlive/texmf-dist/tex/latex/hyperref/hpdftex.def
(/usr/share/texlive/texmf-dist/tex/latex/oberdiek/rerunfilecheck.sty))
(./accumulo_user_manual.aux (./chapters/introduction.aux)
(./chapters/design.aux) (./chapters/shell.aux) (./chapters/clients.aux)
(./chapters/table_configuration.aux) (./chapters/table_design.aux)
(./chapters/high_speed_ingest.aux) (./chapters/analytics.aux)
(./chapters/security.aux) (./chapters/administration.aux)
(./appendices/shell_commands.aux))
(/usr/share/texlive/texmf-dist/tex/context/base/supp-pdf.mkii
[Loading MPS to PDF converter (version 2006.09.02).]
) (/usr/share/texlive/texmf-dist/tex/latex/oberdiek/epstopdf-base.sty
(/usr/share/texlive/texmf-dist/tex/latex/oberdiek/grfext.sty)
(/usr/share/texlive/texmf-dist/tex/latex/latexconfig/epstopdf-sys.cfg))
(/usr/share/texlive/texmf-dist/tex/latex/hyperref/nameref.sty
(/usr/share/texlive/texmf-dist/tex/generic/oberdiek/gettitlestring.sty))
(./accumulo_user_manual.out) (./accumulo_user_manual.out)

LaTeX Warning: No \author given.

[1{/var/lib/texmf/fonts/map/pdftex/updmap/pdftex.map}]
(./accumulo_user_manual.tocpdfTeX warning (ext4): destination with the same ide
ntifier (name{page.1}) has been already used, duplicate ignored
<to be read again> 
                   \relax 
l.28 ...ine {5}Table Configuration}{17}{chapter.5}
                                                   [1] [2]) [3]
(./chapters/introduction.tex
Chapter 1.
) [4] (./chapters/design.tex
Chapter 2.
[5] [6] <images/data_distribution.png, id=495, 811.03pt x 583.17876pt>
<use images/data_distribution.png> [7 <./images/data_distribution.png>]
<images/failure_handling.png, id=502, 813.0375pt x 624.3325pt>
<use images/failure_handling.png> [8]) [9 <./images/failure_handling.png (PNG c
opy)>] (./chapters/shell.tex
Chapter 3.
(/usr/share/texlive/texmf-dist/tex/latex/txfonts/t1txtt.fd) [10] [11]) [12]
(./chapters/clients.tex
Chapter 4.
(/usr/share/texlive/texmf-dist/tex/latex/base/omscmr.fd) [13] [14] [15]
Overfull \hbox (48.45232pt too wide) in paragraph at lines 171--173
\T1/txtt/m/n/10.95 src/examples/src/main/java/org/apache/accumulo/examples/isol
ation/InterferenceTest.java 
) [16] (./chapters/table_configuration.tex
Chapter 5.
[17]
Overfull \hbox (26.06111pt too wide) in paragraph at lines 108--108
[]\T1/txtt/m/n/10 user@myinstance mytable> config -t mytable -s table.constrain
t.1=com.test.ExampleConstraint[] 

Overfull \hbox (26.06111pt too wide) in paragraph at lines 108--108
[]\T1/txtt/m/n/10 user@myinstance mytable> config -t mytable -s table.constrain
t.2=com.test.AnotherConstraint[] 
[18]
Overfull \hbox (126.66458pt too wide) in paragraph at lines 111--114
\T1/cmr/m/n/10.95 New con-straints can be cre-ated by writ-ing a Java class tha
t im-ple-ments the org.apache.accumulo.core.constraints.Constraint
[19] [20] [21]
Overfull \hbox (36.56108pt too wide) in paragraph at lines 269--269
[]\T1/txtt/m/n/10 user@myinstance filtertest> setiter -t filtertest -scan -minc
 -majc -p 10 -n myfilter -ageoff[] 

Overfull \hbox (477.5598pt too wide) in paragraph at lines 269--269
[]\T1/txtt/m/n/10 ----------> set org.apache.accumulo.core.iterators.user.AgeOf
fFilter parameter negate, default false keeps k/v that pass accept method, true
 rejects k/v that pass accept method:[] 

Overfull \hbox (162.56071pt too wide) in paragraph at lines 269--269
[]\T1/txtt/m/n/10 ----------> set org.apache.accumulo.core.iterators.user.AgeOf
fFilter parameter ttl, time to live (milliseconds): 3000[] 

Overfull \hbox (514.3097pt too wide) in paragraph at lines 269--269
[]\T1/txtt/m/n/10 ----------> set org.apache.accumulo.core.iterators.user.AgeOf
fFilter parameter currentTime, if set, use the given value as the absolute time
 in milliseconds as the current time of day:[] 

Overfull \hbox (136.31079pt too wide) in paragraph at lines 293--293
[]\T1/txtt/m/n/10 table    | table.iterator.majc.myfilter .............. | 10,o
rg.apache.accumulo.core.iterators.user.AgeOffFilter[] 

Overfull \hbox (141.56078pt too wide) in paragraph at lines 293--293
[]\T1/txtt/m/n/10 table    | table.iterator.majc.vers .................. | 20,o
rg.apache.accumulo.core.iterators.VersioningIterator[] 

Overfull \hbox (136.31079pt too wide) in paragraph at lines 293--293
[]\T1/txtt/m/n/10 table    | table.iterator.minc.myfilter .............. | 10,o
rg.apache.accumulo.core.iterators.user.AgeOffFilter[] 

Overfull \hbox (141.56078pt too wide) in paragraph at lines 293--293
[]\T1/txtt/m/n/10 table    | table.iterator.minc.vers .................. | 20,o
rg.apache.accumulo.core.iterators.VersioningIterator[] 

Overfull \hbox (136.31079pt too wide) in paragraph at lines 293--293
[]\T1/txtt/m/n/10 table    | table.iterator.scan.myfilter .............. | 10,o
rg.apache.accumulo.core.iterators.user.AgeOffFilter[] 

Overfull \hbox (141.56078pt too wide) in paragraph at lines 293--293
[]\T1/txtt/m/n/10 table    | table.iterator.scan.vers .................. | 20,o
rg.apache.accumulo.core.iterators.VersioningIterator[] 
[22]
Overfull \hbox (89.14725pt too wide) in paragraph at lines 355--357
\T1/cmr/m/n/10.95 accumulo/src/examples/simple/main/java/org/apache/accumulo/ex
amples/simple/combiner/StatsCombiner.java 
[23]
Overfull \hbox (8.21118pt too wide) in paragraph at lines 376--376
[]\T1/txtt/m/n/10.95 table.cache.block.enable: Determines whether file (data) b
lock cache is enabled.[] 
[24] [25] [26] [27] [28]) [29] (./chapters/table_design.tex
Chapter 6.
[30] [31] [32] [33] [34] [35]) [36] (./chapters/high_speed_ingest.tex
Chapter 7.
[37] [38]) [39] (./chapters/analytics.tex
Chapter 8.
[40] [41] [42]) [43] (./chapters/security.tex
Chapter 9.
[44] [45]
Overfull \hbox (31.3111pt too wide) in paragraph at lines 124--124
[]\T1/txtt/m/n/10 config -t table -s table.constraint.1=org.apache.accumulo.cor
e.security.VisibilityConstraint[] 
[46]) [47] (./chapters/administration.tex
Chapter 10.
[48]
Overfull \hbox (3.49286pt too wide) in paragraph at lines 56--63
\T1/cmr/m/n/10.95 Accumulo re-quires HDFS and ZooKeeper to be con-fig-ured and 
run-ning be-fore start-ing. Password-
[49] [50] [51] [52]) [53] (./appendices/shell_commands.tex
Appendix A.

Overfull \hbox (36.95485pt too wide) in paragraph at lines 37--37
[]    \T1/txtt/m/n/10.95 usage: addsplits [<split> <split> ] [-?] [-b64] [-sf <
filename>] [-t <tableName>][] 

Overfull \hbox (42.70358pt too wide) in paragraph at lines 41--41
[]      \T1/txtt/m/n/10.95 -sf,--splits-file <filename>  file with newline sepa
rated list of rows to add to[] 
[54]
Overfull \hbox (36.95485pt too wide) in paragraph at lines 71--71
[]    \T1/txtt/m/n/10.95 usage: clonetable <current table name> <new table name
> [-?] [-e <arg>] [-nf] [-s[] 

Overfull \hbox (13.95992pt too wide) in paragraph at lines 75--75
[]      \T1/txtt/m/n/10.95 -e,--exclude <arg>  properties that should not be co
pied from source table.[] 

Overfull \hbox (25.45738pt too wide) in paragraph at lines 78--78
[]      \T1/txtt/m/n/10.95 -s,--set <arg>  set initial properties before the ta
ble comes online. Expects[] 
[55]
Overfull \hbox (25.45738pt too wide) in paragraph at lines 89--89
[]    \T1/txtt/m/n/10.95 usage: compact [-?] [-b <arg>] [-e <arg>] [-nf] [-p <p
attern> | -t <tableName>][] 

Overfull \hbox (19.70865pt too wide) in paragraph at lines 91--91
[]    \T1/txtt/m/n/10.95 description: sets all tablets for a table to major com
pact as soon as possible[] 

Overfull \hbox (42.70358pt too wide) in paragraph at lines 103--103
[]    \T1/txtt/m/n/10.95 usage: config [-?] [-d <property> | -f <string> | -s <
property=value>]  [-np]  [-t[] 

Overfull \hbox (25.45738pt too wide) in paragraph at lines 116--116
[]              \T1/txtt/m/n/10.95 <<columnfamily>[:<columnqualifier>]=<aggrega
tion class>>] [-b64] [-cc[] 

Overfull \hbox (31.20612pt too wide) in paragraph at lines 117--117
[]              \T1/txtt/m/n/10.95 <table>] [-cs <table> | -sf <filename>] [-ev
c] [-f <className>] [-ndi][] 

Overfull \hbox (54.20105pt too wide) in paragraph at lines 119--119
[]    \T1/txtt/m/n/10.95 description: creates a new table, with optional aggreg
ators and optionally pre-split[] 

Overfull \hbox (36.95485pt too wide) in paragraph at lines 121--121
[]      \T1/txtt/m/n/10.95 -a,--aggregator <<columnfamily>[:<columnqualifier>]=
<aggregation class>>  comma[] 
[56]
Overfull \hbox (54.20105pt too wide) in paragraph at lines 126--126
[]      \T1/txtt/m/n/10.95 -evc,--enable-visibility-constraint  prevents users 
from writing data they can not[] 

Overfull \hbox (42.70358pt too wide) in paragraph at lines 127--127
[]              \T1/txtt/m/n/10.95 read.  When enabling this may want to consid
er disabling bulk import and[] 

Overfull \hbox (48.45232pt too wide) in paragraph at lines 130--130
[]      \T1/txtt/m/n/10.95 -ndi,--no-default-iterators  prevents creation of th
e normal default iterator set[] 

Overfull \hbox (54.20105pt too wide) in paragraph at lines 131--131
[]      \T1/txtt/m/n/10.95 -sf,--splits-file <filename>  file with newline sepa
rated list of rows to create a[] 

Overfull \hbox (31.20612pt too wide) in paragraph at lines 141--141
[]      \T1/txtt/m/n/10.95 -s,--scan-authorizations <comma-separated-authorizat
ions>  scan authorizations[] 

Overfull \hbox (36.95485pt too wide) in paragraph at lines 155--155
[]      \T1/txtt/m/n/10.95 -l,--authorization-label <expression>  formatted aut
horization label expression[] 
[57]
Overfull \hbox (42.70358pt too wide) in paragraph at lines 172--172
[]              \T1/txtt/m/n/10.95 <<columnfamily>[:<columnqualifier>],<columnf
amily>[:<columnqualifier>]>][] 

Overfull \hbox (36.95485pt too wide) in paragraph at lines 179--179
[]              \T1/txtt/m/n/10.95 <<columnfamily>[:<columnqualifier>],<columnf
amily>[:<columnqualifier>]>[] 

Overfull \hbox (36.95485pt too wide) in paragraph at lines 183--183
[]      \T1/txtt/m/n/10.95 -fm,--formatter <className>  fully qualified name of
 the formatter class to use[] 

Overfull \hbox (31.20612pt too wide) in paragraph at lines 186--186
[]      \T1/txtt/m/n/10.95 -s,--scan-authorizations <comma-separated-authorizat
ions>  scan authorizations[] 

Overfull \hbox (42.70358pt too wide) in paragraph at lines 194--194
[]    \T1/txtt/m/n/10.95 description: delete a range of rows in a table.  Note 
that rows matching the start[] 
[58]
Overfull \hbox (42.70358pt too wide) in paragraph at lines 205--205
[]    \T1/txtt/m/n/10.95 description: deletes a table-specific scan iterator so
 it is no longer used during[] 

Overfull \hbox (31.20612pt too wide) in paragraph at lines 241--241
[]    \T1/txtt/m/n/10.95 description: Prints how much space is used by files re
ferenced by a table.  When[] 

Overfull \hbox (36.95485pt too wide) in paragraph at lines 242--242
[]              \T1/txtt/m/n/10.95 multiple tables are specified it prints how 
much space is used by files[] 
[59]
Overfull \hbox (42.70358pt too wide) in paragraph at lines 250--250
[]              \T1/txtt/m/n/10.95 <<columnfamily>[:<columnqualifier>],<columnf
amily>[:<columnqualifier>]>][] 

Overfull \hbox (42.70358pt too wide) in paragraph at lines 251--251
[]              \T1/txtt/m/n/10.95 [-e <end-row>] [-f <int>] [-fm <className>] 
[-np] [-nt <arg>] [-r <row>][] 

Overfull \hbox (13.95992pt too wide) in paragraph at lines 253--253
[]    \T1/txtt/m/n/10.95 description: searches each row, column family, column 
qualifier and value, in[] 

Overfull \hbox (42.70358pt too wide) in paragraph at lines 254--254
[]              \T1/txtt/m/n/10.95 parallel, on the server side (using a java M
atcher, so put .* before and[] 

Overfull \hbox (36.95485pt too wide) in paragraph at lines 259--259
[]              \T1/txtt/m/n/10.95 <<columnfamily>[:<columnqualifier>],<columnf
amily>[:<columnqualifier>]>[] 

Overfull \hbox (36.95485pt too wide) in paragraph at lines 263--263
[]      \T1/txtt/m/n/10.95 -fm,--formatter <className>  fully qualified name of
 the formatter class to use[] 

Overfull \hbox (31.20612pt too wide) in paragraph at lines 267--267
[]      \T1/txtt/m/n/10.95 -s,--scan-authorizations <comma-separated-authorizat
ions>  scan authorizations[] 
[60]
Overfull \hbox (13.95992pt too wide) in paragraph at lines 287--287
[]    \T1/txtt/m/n/10.95 usage: flush [-?] [-b <arg>] [-e <arg>] [-p <pattern> 
| -t <tableName>]  [-w][] 

Overfull \hbox (31.20612pt too wide) in paragraph at lines 301--301
[]      \T1/txtt/m/n/10.95 -f,--formatter <className>  fully qualified name of 
the formatter class to use[] 

Overfull \hbox (31.20612pt too wide) in paragraph at lines 323--323
[]    \T1/txtt/m/n/10.95 description: retrieves the current split points for ta
blets in the current table[] 
[61]
Overfull \hbox (8.21118pt too wide) in paragraph at lines 333--333
[]    \T1/txtt/m/n/10.95 usage: grant <permission> [-?] -p <pattern> | -s | -t 
<table>  -u <username>[] 

Overfull \hbox (42.70358pt too wide) in paragraph at lines 344--344
[]              \T1/txtt/m/n/10.95 <<columnfamily>[:<columnqualifier>],<columnf
amily>[:<columnqualifier>]>][] 

Overfull \hbox (42.70358pt too wide) in paragraph at lines 345--345
[]              \T1/txtt/m/n/10.95 [-e <end-row>] [-f <int>] [-fm <className>] 
[-np] [-nt <arg>] [-r <row>][] 

Overfull \hbox (54.20105pt too wide) in paragraph at lines 347--347
[]    \T1/txtt/m/n/10.95 description: searches each row, column family, column 
qualifier and value in a table[] 

Overfull \hbox (31.20612pt too wide) in paragraph at lines 348--348
[]              \T1/txtt/m/n/10.95 for a substring (not a regular expression), 
in parallel, on the server[] 

Overfull \hbox (36.95485pt too wide) in paragraph at lines 353--353
[]              \T1/txtt/m/n/10.95 <<columnfamily>[:<columnqualifier>],<columnf
amily>[:<columnqualifier>]>[] 

Overfull \hbox (36.95485pt too wide) in paragraph at lines 357--357
[]      \T1/txtt/m/n/10.95 -fm,--formatter <className>  fully qualified name of
 the formatter class to use[] 

Overfull \hbox (31.20612pt too wide) in paragraph at lines 361--361
[]      \T1/txtt/m/n/10.95 -s,--scan-authorizations <comma-separated-authorizat
ions>  scan authorizations[] 
[62]
Overfull \hbox (36.95485pt too wide) in paragraph at lines 384--384
[]    \T1/txtt/m/n/10.95 description: bulk imports an entire directory of data 
files to the current table.[] 

Overfull \hbox (36.95485pt too wide) in paragraph at lines 397--397
[]    \T1/txtt/m/n/10.95 usage: insert <row> <colfamily> <colqualifier> <value>
 [-?] [-l <expression>] [-t[] 

Overfull \hbox (36.95485pt too wide) in paragraph at lines 401--401
[]      \T1/txtt/m/n/10.95 -l,--authorization-label <expression>  formatted aut
horization label expression[] 
[63]
Overfull \hbox (42.70358pt too wide) in paragraph at lines 419--419
[]              \T1/txtt/m/n/10.95 accumulo.core.client.admin.ActiveScan javado
c for more information about[] 

Overfull \hbox (13.95992pt too wide) in paragraph at lines 423--423
[]      \T1/txtt/m/n/10.95 -ts,--tabletServer <tablet server>  list scans for a
 specific tablet server[] 

Overfull \hbox (2.46245pt too wide) in paragraph at lines 432--432
[]      \T1/txtt/m/n/10.95 -be,--begin-exclusive  make start row exclusive, by 
defaults it inclusive[] 

Overfull \hbox (31.20612pt too wide) in paragraph at lines 435--435
[]      \T1/txtt/m/n/10.95 -s,--scan-authorizations <comma-separated-authorizat
ions>  scan authorizations[] 
[64]
Overfull \hbox (42.70358pt too wide) in paragraph at lines 446--446
[]      \T1/txtt/m/n/10.95 -f,--force  merge small tablets to large tablets, ev
en if it goes over the given[] 
[65]
Overfull \hbox (42.70358pt too wide) in paragraph at lines 506--506
[]              \T1/txtt/m/n/10.95 <<columnfamily>[:<columnqualifier>],<columnf
amily>[:<columnqualifier>]>][] 

Overfull \hbox (36.95485pt too wide) in paragraph at lines 513--513
[]              \T1/txtt/m/n/10.95 <<columnfamily>[:<columnqualifier>],<columnf
amily>[:<columnqualifier>]>[] 

Overfull \hbox (36.95485pt too wide) in paragraph at lines 517--517
[]      \T1/txtt/m/n/10.95 -fm,--formatter <className>  fully qualified name of
 the formatter class to use[] 

Overfull \hbox (31.20612pt too wide) in paragraph at lines 520--520
[]      \T1/txtt/m/n/10.95 -s,--scan-authorizations <comma-separated-authorizat
ions>  scan authorizations[] 
[66]
Overfull \hbox (13.95992pt too wide) in paragraph at lines 537--537
[]    \T1/txtt/m/n/10.95 usage: setgroups <group>=<col fam>,<col fam> <group>=<
col fam>,<col fam> [-?][] 

Overfull \hbox (42.70358pt too wide) in paragraph at lines 539--539
[]    \T1/txtt/m/n/10.95 description: sets the locality groups for a given tabl
e (for binary or commas, use[] 

Overfull \hbox (13.95992pt too wide) in paragraph at lines 546--546
[]    \T1/txtt/m/n/10.95 usage: setiter [-?] -ageoff | -agg | -class <name> | -
regex | -reqvis | -vers[] 

Overfull \hbox (36.95485pt too wide) in paragraph at lines 558--558
[]      \T1/txtt/m/n/10.95 -reqvis,--require-visibility  a type that omits entr
ies with empty visibilities[] 
[67]
Overfull \hbox (36.95485pt too wide) in paragraph at lines 565--565
[]    \T1/txtt/m/n/10.95 usage: setscaniter [-?] -ageoff | -agg | -class <name>
 | -regex | -reqvis | -vers[] 

Overfull \hbox (36.95485pt too wide) in paragraph at lines 575--575
[]      \T1/txtt/m/n/10.95 -reqvis,--require-visibility  a type that omits entr
ies with empty visibilities[] 
[68]) [69] (./accumulo_user_manual.aux (./chapters/introduction.aux)
(./chapters/design.aux) (./chapters/shell.aux) (./chapters/clients.aux)
(./chapters/table_configuration.aux) (./chapters/table_design.aux)
(./chapters/high_speed_ingest.aux) (./chapters/analytics.aux)
(./chapters/security.aux) (./chapters/administration.aux)
(./appendices/shell_commands.aux)) )
(see the transcript file for additional information) </home/spirals/danglot/.te
xmf-var/fonts/pk/ljfour/jknappen/ec/ecti1095.600pk> </home/spirals/danglot/.tex
mf-var/fonts/pk/ljfour/jknappen/ec/ecbx1200.600pk> </home/spirals/danglot/.texm
f-var/fonts/pk/ljfour/jknappen/ec/ecbx1440.600pk> </home/spirals/danglot/.texmf
-var/fonts/pk/ljfour/jknappen/ec/ecbx2074.600pk> </home/spirals/danglot/.texmf-
var/fonts/pk/ljfour/jknappen/ec/ecrm1095.600pk> </home/spirals/danglot/.texmf-v
ar/fonts/pk/ljfour/jknappen/ec/ecbx1095.600pk> </home/spirals/danglot/.texmf-va
r/fonts/pk/ljfour/jknappen/ec/ecbx2488.600pk> </home/spirals/danglot/.texmf-var
/fonts/pk/ljfour/jknappen/ec/ecrm1200.600pk> </home/spirals/danglot/.texmf-var/
fonts/pk/ljfour/jknappen/ec/ecrm1728.600pk></usr/share/texlive/texmf-dist/fonts
/type1/public/amsfonts/cm/cmbx10.pfb></usr/share/texlive/texmf-dist/fonts/type1
/public/amsfonts/cm/cmmi10.pfb></usr/share/texlive/texmf-dist/fonts/type1/publi
c/amsfonts/cm/cmmi8.pfb></usr/share/texlive/texmf-dist/fonts/type1/public/amsfo
nts/cm/cmr10.pfb></usr/share/texlive/texmf-dist/fonts/type1/public/amsfonts/cm/
cmr8.pfb></usr/share/texlive/texmf-dist/fonts/type1/public/amsfonts/cm/cmsy10.p
fb></usr/share/texlive/texmf-dist/fonts/type1/public/txfonts/t1xbtt.pfb></usr/s
hare/texlive/texmf-dist/fonts/type1/public/txfonts/t1xtt.pfb>
Output written on accumulo_user_manual.pdf (70 pages, 391336 bytes).
Transcript written on accumulo_user_manual.log.
This is pdfTeX, Version 3.14159265-2.6-1.40.15 (TeX Live 2015/dev/Debian) (preloaded format=pdflatex)
 restricted \write18 enabled.
entering extended mode
(./accumulo_user_manual.tex
LaTeX2e <2014/05/01>
Babel <3.9l> and hyphenation patterns for 2 languages loaded.
(/usr/share/texlive/texmf-dist/tex/latex/base/report.cls
Document Class: report 2014/09/29 v1.4h Standard LaTeX document class
(/usr/share/texlive/texmf-dist/tex/latex/base/size11.clo))
(/usr/share/texlive/texmf-dist/tex/latex/base/alltt.sty)
(/usr/share/texlive/texmf-dist/tex/latex/multirow/multirow.sty)
(/usr/share/texlive/texmf-dist/tex/latex/graphics/graphicx.sty
(/usr/share/texlive/texmf-dist/tex/latex/graphics/keyval.sty)
(/usr/share/texlive/texmf-dist/tex/latex/graphics/graphics.sty
(/usr/share/texlive/texmf-dist/tex/latex/graphics/trig.sty)
(/usr/share/texlive/texmf-dist/tex/latex/latexconfig/graphics.cfg)
(/usr/share/texlive/texmf-dist/tex/latex/pdftex-def/pdftex.def
(/usr/share/texlive/texmf-dist/tex/generic/oberdiek/infwarerr.sty)
(/usr/share/texlive/texmf-dist/tex/generic/oberdiek/ltxcmds.sty))))
(/usr/share/texlive/texmf-dist/tex/latex/base/fontenc.sty
(/usr/share/texlive/texmf-dist/tex/latex/base/t1enc.def))
(/usr/share/texlive/texmf-dist/tex/latex/parskip/parskip.sty)
(/usr/share/texlive/texmf-dist/tex/latex/hyperref/hyperref.sty
(/usr/share/texlive/texmf-dist/tex/generic/oberdiek/hobsub-hyperref.sty
(/usr/share/texlive/texmf-dist/tex/generic/oberdiek/hobsub-generic.sty))
(/usr/share/texlive/texmf-dist/tex/generic/ifxetex/ifxetex.sty)
(/usr/share/texlive/texmf-dist/tex/latex/oberdiek/auxhook.sty)
(/usr/share/texlive/texmf-dist/tex/latex/oberdiek/kvoptions.sty)
(/usr/share/texlive/texmf-dist/tex/latex/hyperref/pd1enc.def)
(/usr/share/texlive/texmf-dist/tex/latex/latexconfig/hyperref.cfg)
(/usr/share/texlive/texmf-dist/tex/latex/url/url.sty))

Package hyperref Message: Driver (autodetected): hpdftex.

(/usr/share/texlive/texmf-dist/tex/latex/hyperref/hpdftex.def
(/usr/share/texlive/texmf-dist/tex/latex/oberdiek/rerunfilecheck.sty))
(./accumulo_user_manual.aux (./chapters/introduction.aux)
(./chapters/design.aux) (./chapters/shell.aux) (./chapters/clients.aux)
(./chapters/table_configuration.aux) (./chapters/table_design.aux)
(./chapters/high_speed_ingest.aux) (./chapters/analytics.aux)
(./chapters/security.aux) (./chapters/administration.aux)
(./appendices/shell_commands.aux))
(/usr/share/texlive/texmf-dist/tex/context/base/supp-pdf.mkii
[Loading MPS to PDF converter (version 2006.09.02).]
) (/usr/share/texlive/texmf-dist/tex/latex/oberdiek/epstopdf-base.sty
(/usr/share/texlive/texmf-dist/tex/latex/oberdiek/grfext.sty)
(/usr/share/texlive/texmf-dist/tex/latex/latexconfig/epstopdf-sys.cfg))
(/usr/share/texlive/texmf-dist/tex/latex/hyperref/nameref.sty
(/usr/share/texlive/texmf-dist/tex/generic/oberdiek/gettitlestring.sty))
(./accumulo_user_manual.out) (./accumulo_user_manual.out)

LaTeX Warning: No \author given.

[1{/var/lib/texmf/fonts/map/pdftex/updmap/pdftex.map}]
(./accumulo_user_manual.tocpdfTeX warning (ext4): destination with the same ide
ntifier (name{page.1}) has been already used, duplicate ignored
<to be read again> 
                   \relax 
l.28 ...ine {5}Table Configuration}{17}{chapter.5}
                                                   [1] [2]) [3]
(./chapters/introduction.tex
Chapter 1.
) [4] (./chapters/design.tex
Chapter 2.
[5] [6] <images/data_distribution.png, id=495, 811.03pt x 583.17876pt>
<use images/data_distribution.png> [7 <./images/data_distribution.png>]
<images/failure_handling.png, id=502, 813.0375pt x 624.3325pt>
<use images/failure_handling.png> [8]) [9 <./images/failure_handling.png (PNG c
opy)>] (./chapters/shell.tex
Chapter 3.
(/usr/share/texlive/texmf-dist/tex/latex/txfonts/t1txtt.fd) [10] [11]) [12]
(./chapters/clients.tex
Chapter 4.
(/usr/share/texlive/texmf-dist/tex/latex/base/omscmr.fd) [13] [14] [15]
Overfull \hbox (48.45232pt too wide) in paragraph at lines 171--173
\T1/txtt/m/n/10.95 src/examples/src/main/java/org/apache/accumulo/examples/isol
ation/InterferenceTest.java 
) [16] (./chapters/table_configuration.tex
Chapter 5.
[17]
Overfull \hbox (26.06111pt too wide) in paragraph at lines 108--108
[]\T1/txtt/m/n/10 user@myinstance mytable> config -t mytable -s table.constrain
t.1=com.test.ExampleConstraint[] 

Overfull \hbox (26.06111pt too wide) in paragraph at lines 108--108
[]\T1/txtt/m/n/10 user@myinstance mytable> config -t mytable -s table.constrain
t.2=com.test.AnotherConstraint[] 
[18]
Overfull \hbox (126.66458pt too wide) in paragraph at lines 111--114
\T1/cmr/m/n/10.95 New con-straints can be cre-ated by writ-ing a Java class tha
t im-ple-ments the org.apache.accumulo.core.constraints.Constraint
[19] [20] [21]
Overfull \hbox (36.56108pt too wide) in paragraph at lines 269--269
[]\T1/txtt/m/n/10 user@myinstance filtertest> setiter -t filtertest -scan -minc
 -majc -p 10 -n myfilter -ageoff[] 

Overfull \hbox (477.5598pt too wide) in paragraph at lines 269--269
[]\T1/txtt/m/n/10 ----------> set org.apache.accumulo.core.iterators.user.AgeOf
fFilter parameter negate, default false keeps k/v that pass accept method, true
 rejects k/v that pass accept method:[] 

Overfull \hbox (162.56071pt too wide) in paragraph at lines 269--269
[]\T1/txtt/m/n/10 ----------> set org.apache.accumulo.core.iterators.user.AgeOf
fFilter parameter ttl, time to live (milliseconds): 3000[] 

Overfull \hbox (514.3097pt too wide) in paragraph at lines 269--269
[]\T1/txtt/m/n/10 ----------> set org.apache.accumulo.core.iterators.user.AgeOf
fFilter parameter currentTime, if set, use the given value as the absolute time
 in milliseconds as the current time of day:[] 

Overfull \hbox (136.31079pt too wide) in paragraph at lines 293--293
[]\T1/txtt/m/n/10 table    | table.iterator.majc.myfilter .............. | 10,o
rg.apache.accumulo.core.iterators.user.AgeOffFilter[] 

Overfull \hbox (141.56078pt too wide) in paragraph at lines 293--293
[]\T1/txtt/m/n/10 table    | table.iterator.majc.vers .................. | 20,o
rg.apache.accumulo.core.iterators.VersioningIterator[] 

Overfull \hbox (136.31079pt too wide) in paragraph at lines 293--293
[]\T1/txtt/m/n/10 table    | table.iterator.minc.myfilter .............. | 10,o
rg.apache.accumulo.core.iterators.user.AgeOffFilter[] 

Overfull \hbox (141.56078pt too wide) in paragraph at lines 293--293
[]\T1/txtt/m/n/10 table    | table.iterator.minc.vers .................. | 20,o
rg.apache.accumulo.core.iterators.VersioningIterator[] 

Overfull \hbox (136.31079pt too wide) in paragraph at lines 293--293
[]\T1/txtt/m/n/10 table    | table.iterator.scan.myfilter .............. | 10,o
rg.apache.accumulo.core.iterators.user.AgeOffFilter[] 

Overfull \hbox (141.56078pt too wide) in paragraph at lines 293--293
[]\T1/txtt/m/n/10 table    | table.iterator.scan.vers .................. | 20,o
rg.apache.accumulo.core.iterators.VersioningIterator[] 
[22]
Overfull \hbox (89.14725pt too wide) in paragraph at lines 355--357
\T1/cmr/m/n/10.95 accumulo/src/examples/simple/main/java/org/apache/accumulo/ex
amples/simple/combiner/StatsCombiner.java 
[23]
Overfull \hbox (8.21118pt too wide) in paragraph at lines 376--376
[]\T1/txtt/m/n/10.95 table.cache.block.enable: Determines whether file (data) b
lock cache is enabled.[] 
[24] [25] [26] [27] [28]) [29] (./chapters/table_design.tex
Chapter 6.
[30] [31] [32] [33] [34] [35]) [36] (./chapters/high_speed_ingest.tex
Chapter 7.
[37] [38]) [39] (./chapters/analytics.tex
Chapter 8.
[40] [41] [42]) [43] (./chapters/security.tex
Chapter 9.
[44] [45]
Overfull \hbox (31.3111pt too wide) in paragraph at lines 124--124
[]\T1/txtt/m/n/10 config -t table -s table.constraint.1=org.apache.accumulo.cor
e.security.VisibilityConstraint[] 
[46]) [47] (./chapters/administration.tex
Chapter 10.
[48]
Overfull \hbox (3.49286pt too wide) in paragraph at lines 56--63
\T1/cmr/m/n/10.95 Accumulo re-quires HDFS and ZooKeeper to be con-fig-ured and 
run-ning be-fore start-ing. Password-
[49] [50] [51] [52]) [53] (./appendices/shell_commands.tex
Appendix A.

Overfull \hbox (36.95485pt too wide) in paragraph at lines 37--37
[]    \T1/txtt/m/n/10.95 usage: addsplits [<split> <split> ] [-?] [-b64] [-sf <
filename>] [-t <tableName>][] 

Overfull \hbox (42.70358pt too wide) in paragraph at lines 41--41
[]      \T1/txtt/m/n/10.95 -sf,--splits-file <filename>  file with newline sepa
rated list of rows to add to[] 
[54]
Overfull \hbox (36.95485pt too wide) in paragraph at lines 71--71
[]    \T1/txtt/m/n/10.95 usage: clonetable <current table name> <new table name
> [-?] [-e <arg>] [-nf] [-s[] 

Overfull \hbox (13.95992pt too wide) in paragraph at lines 75--75
[]      \T1/txtt/m/n/10.95 -e,--exclude <arg>  properties that should not be co
pied from source table.[] 

Overfull \hbox (25.45738pt too wide) in paragraph at lines 78--78
[]      \T1/txtt/m/n/10.95 -s,--set <arg>  set initial properties before the ta
ble comes online. Expects[] 
[55]
Overfull \hbox (25.45738pt too wide) in paragraph at lines 89--89
[]    \T1/txtt/m/n/10.95 usage: compact [-?] [-b <arg>] [-e <arg>] [-nf] [-p <p
attern> | -t <tableName>][] 

Overfull \hbox (19.70865pt too wide) in paragraph at lines 91--91
[]    \T1/txtt/m/n/10.95 description: sets all tablets for a table to major com
pact as soon as possible[] 

Overfull \hbox (42.70358pt too wide) in paragraph at lines 103--103
[]    \T1/txtt/m/n/10.95 usage: config [-?] [-d <property> | -f <string> | -s <
property=value>]  [-np]  [-t[] 

Overfull \hbox (25.45738pt too wide) in paragraph at lines 116--116
[]              \T1/txtt/m/n/10.95 <<columnfamily>[:<columnqualifier>]=<aggrega
tion class>>] [-b64] [-cc[] 

Overfull \hbox (31.20612pt too wide) in paragraph at lines 117--117
[]              \T1/txtt/m/n/10.95 <table>] [-cs <table> | -sf <filename>] [-ev
c] [-f <className>] [-ndi][] 

Overfull \hbox (54.20105pt too wide) in paragraph at lines 119--119
[]    \T1/txtt/m/n/10.95 description: creates a new table, with optional aggreg
ators and optionally pre-split[] 

Overfull \hbox (36.95485pt too wide) in paragraph at lines 121--121
[]      \T1/txtt/m/n/10.95 -a,--aggregator <<columnfamily>[:<columnqualifier>]=
<aggregation class>>  comma[] 
[56]
Overfull \hbox (54.20105pt too wide) in paragraph at lines 126--126
[]      \T1/txtt/m/n/10.95 -evc,--enable-visibility-constraint  prevents users 
from writing data they can not[] 

Overfull \hbox (42.70358pt too wide) in paragraph at lines 127--127
[]              \T1/txtt/m/n/10.95 read.  When enabling this may want to consid
er disabling bulk import and[] 

Overfull \hbox (48.45232pt too wide) in paragraph at lines 130--130
[]      \T1/txtt/m/n/10.95 -ndi,--no-default-iterators  prevents creation of th
e normal default iterator set[] 

Overfull \hbox (54.20105pt too wide) in paragraph at lines 131--131
[]      \T1/txtt/m/n/10.95 -sf,--splits-file <filename>  file with newline sepa
rated list of rows to create a[] 

Overfull \hbox (31.20612pt too wide) in paragraph at lines 141--141
[]      \T1/txtt/m/n/10.95 -s,--scan-authorizations <comma-separated-authorizat
ions>  scan authorizations[] 

Overfull \hbox (36.95485pt too wide) in paragraph at lines 155--155
[]      \T1/txtt/m/n/10.95 -l,--authorization-label <expression>  formatted aut
horization label expression[] 
[57]
Overfull \hbox (42.70358pt too wide) in paragraph at lines 172--172
[]              \T1/txtt/m/n/10.95 <<columnfamily>[:<columnqualifier>],<columnf
amily>[:<columnqualifier>]>][] 

Overfull \hbox (36.95485pt too wide) in paragraph at lines 179--179
[]              \T1/txtt/m/n/10.95 <<columnfamily>[:<columnqualifier>],<columnf
amily>[:<columnqualifier>]>[] 

Overfull \hbox (36.95485pt too wide) in paragraph at lines 183--183
[]      \T1/txtt/m/n/10.95 -fm,--formatter <className>  fully qualified name of
 the formatter class to use[] 

Overfull \hbox (31.20612pt too wide) in paragraph at lines 186--186
[]      \T1/txtt/m/n/10.95 -s,--scan-authorizations <comma-separated-authorizat
ions>  scan authorizations[] 

Overfull \hbox (42.70358pt too wide) in paragraph at lines 194--194
[]    \T1/txtt/m/n/10.95 description: delete a range of rows in a table.  Note 
that rows matching the start[] 
[58]
Overfull \hbox (42.70358pt too wide) in paragraph at lines 205--205
[]    \T1/txtt/m/n/10.95 description: deletes a table-specific scan iterator so
 it is no longer used during[] 

Overfull \hbox (31.20612pt too wide) in paragraph at lines 241--241
[]    \T1/txtt/m/n/10.95 description: Prints how much space is used by files re
ferenced by a table.  When[] 

Overfull \hbox (36.95485pt too wide) in paragraph at lines 242--242
[]              \T1/txtt/m/n/10.95 multiple tables are specified it prints how 
much space is used by files[] 
[59]
Overfull \hbox (42.70358pt too wide) in paragraph at lines 250--250
[]              \T1/txtt/m/n/10.95 <<columnfamily>[:<columnqualifier>],<columnf
amily>[:<columnqualifier>]>][] 

Overfull \hbox (42.70358pt too wide) in paragraph at lines 251--251
[]              \T1/txtt/m/n/10.95 [-e <end-row>] [-f <int>] [-fm <className>] 
[-np] [-nt <arg>] [-r <row>][] 

Overfull \hbox (13.95992pt too wide) in paragraph at lines 253--253
[]    \T1/txtt/m/n/10.95 description: searches each row, column family, column 
qualifier and value, in[] 

Overfull \hbox (42.70358pt too wide) in paragraph at lines 254--254
[]              \T1/txtt/m/n/10.95 parallel, on the server side (using a java M
atcher, so put .* before and[] 

Overfull \hbox (36.95485pt too wide) in paragraph at lines 259--259
[]              \T1/txtt/m/n/10.95 <<columnfamily>[:<columnqualifier>],<columnf
amily>[:<columnqualifier>]>[] 

Overfull \hbox (36.95485pt too wide) in paragraph at lines 263--263
[]      \T1/txtt/m/n/10.95 -fm,--formatter <className>  fully qualified name of
 the formatter class to use[] 

Overfull \hbox (31.20612pt too wide) in paragraph at lines 267--267
[]      \T1/txtt/m/n/10.95 -s,--scan-authorizations <comma-separated-authorizat
ions>  scan authorizations[] 
[60]
Overfull \hbox (13.95992pt too wide) in paragraph at lines 287--287
[]    \T1/txtt/m/n/10.95 usage: flush [-?] [-b <arg>] [-e <arg>] [-p <pattern> 
| -t <tableName>]  [-w][] 

Overfull \hbox (31.20612pt too wide) in paragraph at lines 301--301
[]      \T1/txtt/m/n/10.95 -f,--formatter <className>  fully qualified name of 
the formatter class to use[] 

Overfull \hbox (31.20612pt too wide) in paragraph at lines 323--323
[]    \T1/txtt/m/n/10.95 description: retrieves the current split points for ta
blets in the current table[] 
[61]
Overfull \hbox (8.21118pt too wide) in paragraph at lines 333--333
[]    \T1/txtt/m/n/10.95 usage: grant <permission> [-?] -p <pattern> | -s | -t 
<table>  -u <username>[] 

Overfull \hbox (42.70358pt too wide) in paragraph at lines 344--344
[]              \T1/txtt/m/n/10.95 <<columnfamily>[:<columnqualifier>],<columnf
amily>[:<columnqualifier>]>][] 

Overfull \hbox (42.70358pt too wide) in paragraph at lines 345--345
[]              \T1/txtt/m/n/10.95 [-e <end-row>] [-f <int>] [-fm <className>] 
[-np] [-nt <arg>] [-r <row>][] 

Overfull \hbox (54.20105pt too wide) in paragraph at lines 347--347
[]    \T1/txtt/m/n/10.95 description: searches each row, column family, column 
qualifier and value in a table[] 

Overfull \hbox (31.20612pt too wide) in paragraph at lines 348--348
[]              \T1/txtt/m/n/10.95 for a substring (not a regular expression), 
in parallel, on the server[] 

Overfull \hbox (36.95485pt too wide) in paragraph at lines 353--353
[]              \T1/txtt/m/n/10.95 <<columnfamily>[:<columnqualifier>],<columnf
amily>[:<columnqualifier>]>[] 

Overfull \hbox (36.95485pt too wide) in paragraph at lines 357--357
[]      \T1/txtt/m/n/10.95 -fm,--formatter <className>  fully qualified name of
 the formatter class to use[] 

Overfull \hbox (31.20612pt too wide) in paragraph at lines 361--361
[]      \T1/txtt/m/n/10.95 -s,--scan-authorizations <comma-separated-authorizat
ions>  scan authorizations[] 
[62]
Overfull \hbox (36.95485pt too wide) in paragraph at lines 384--384
[]    \T1/txtt/m/n/10.95 description: bulk imports an entire directory of data 
files to the current table.[] 

Overfull \hbox (36.95485pt too wide) in paragraph at lines 397--397
[]    \T1/txtt/m/n/10.95 usage: insert <row> <colfamily> <colqualifier> <value>
 [-?] [-l <expression>] [-t[] 

Overfull \hbox (36.95485pt too wide) in paragraph at lines 401--401
[]      \T1/txtt/m/n/10.95 -l,--authorization-label <expression>  formatted aut
horization label expression[] 
[63]
Overfull \hbox (42.70358pt too wide) in paragraph at lines 419--419
[]              \T1/txtt/m/n/10.95 accumulo.core.client.admin.ActiveScan javado
c for more information about[] 

Overfull \hbox (13.95992pt too wide) in paragraph at lines 423--423
[]      \T1/txtt/m/n/10.95 -ts,--tabletServer <tablet server>  list scans for a
 specific tablet server[] 

Overfull \hbox (2.46245pt too wide) in paragraph at lines 432--432
[]      \T1/txtt/m/n/10.95 -be,--begin-exclusive  make start row exclusive, by 
defaults it inclusive[] 

Overfull \hbox (31.20612pt too wide) in paragraph at lines 435--435
[]      \T1/txtt/m/n/10.95 -s,--scan-authorizations <comma-separated-authorizat
ions>  scan authorizations[] 
[64]
Overfull \hbox (42.70358pt too wide) in paragraph at lines 446--446
[]      \T1/txtt/m/n/10.95 -f,--force  merge small tablets to large tablets, ev
en if it goes over the given[] 
[65]
Overfull \hbox (42.70358pt too wide) in paragraph at lines 506--506
[]              \T1/txtt/m/n/10.95 <<columnfamily>[:<columnqualifier>],<columnf
amily>[:<columnqualifier>]>][] 

Overfull \hbox (36.95485pt too wide) in paragraph at lines 513--513
[]              \T1/txtt/m/n/10.95 <<columnfamily>[:<columnqualifier>],<columnf
amily>[:<columnqualifier>]>[] 

Overfull \hbox (36.95485pt too wide) in paragraph at lines 517--517
[]      \T1/txtt/m/n/10.95 -fm,--formatter <className>  fully qualified name of
 the formatter class to use[] 

Overfull \hbox (31.20612pt too wide) in paragraph at lines 520--520
[]      \T1/txtt/m/n/10.95 -s,--scan-authorizations <comma-separated-authorizat
ions>  scan authorizations[] 
[66]
Overfull \hbox (13.95992pt too wide) in paragraph at lines 537--537
[]    \T1/txtt/m/n/10.95 usage: setgroups <group>=<col fam>,<col fam> <group>=<
col fam>,<col fam> [-?][] 

Overfull \hbox (42.70358pt too wide) in paragraph at lines 539--539
[]    \T1/txtt/m/n/10.95 description: sets the locality groups for a given tabl
e (for binary or commas, use[] 

Overfull \hbox (13.95992pt too wide) in paragraph at lines 546--546
[]    \T1/txtt/m/n/10.95 usage: setiter [-?] -ageoff | -agg | -class <name> | -
regex | -reqvis | -vers[] 

Overfull \hbox (36.95485pt too wide) in paragraph at lines 558--558
[]      \T1/txtt/m/n/10.95 -reqvis,--require-visibility  a type that omits entr
ies with empty visibilities[] 
[67]
Overfull \hbox (36.95485pt too wide) in paragraph at lines 565--565
[]    \T1/txtt/m/n/10.95 usage: setscaniter [-?] -ageoff | -agg | -class <name>
 | -regex | -reqvis | -vers[] 

Overfull \hbox (36.95485pt too wide) in paragraph at lines 575--575
[]      \T1/txtt/m/n/10.95 -reqvis,--require-visibility  a type that omits entr
ies with empty visibilities[] 
[68]) [69] (./accumulo_user_manual.aux (./chapters/introduction.aux)
(./chapters/design.aux) (./chapters/shell.aux) (./chapters/clients.aux)
(./chapters/table_configuration.aux) (./chapters/table_design.aux)
(./chapters/high_speed_ingest.aux) (./chapters/analytics.aux)
(./chapters/security.aux) (./chapters/administration.aux)
(./appendices/shell_commands.aux)) )
(see the transcript file for additional information) </home/spirals/danglot/.te
xmf-var/fonts/pk/ljfour/jknappen/ec/ecti1095.600pk> </home/spirals/danglot/.tex
mf-var/fonts/pk/ljfour/jknappen/ec/ecbx1200.600pk> </home/spirals/danglot/.texm
f-var/fonts/pk/ljfour/jknappen/ec/ecbx1440.600pk> </home/spirals/danglot/.texmf
-var/fonts/pk/ljfour/jknappen/ec/ecbx2074.600pk> </home/spirals/danglot/.texmf-
var/fonts/pk/ljfour/jknappen/ec/ecrm1095.600pk> </home/spirals/danglot/.texmf-v
ar/fonts/pk/ljfour/jknappen/ec/ecbx1095.600pk> </home/spirals/danglot/.texmf-va
r/fonts/pk/ljfour/jknappen/ec/ecbx2488.600pk> </home/spirals/danglot/.texmf-var
/fonts/pk/ljfour/jknappen/ec/ecrm1200.600pk> </home/spirals/danglot/.texmf-var/
fonts/pk/ljfour/jknappen/ec/ecrm1728.600pk></usr/share/texlive/texmf-dist/fonts
/type1/public/amsfonts/cm/cmbx10.pfb></usr/share/texlive/texmf-dist/fonts/type1
/public/amsfonts/cm/cmmi10.pfb></usr/share/texlive/texmf-dist/fonts/type1/publi
c/amsfonts/cm/cmmi8.pfb></usr/share/texlive/texmf-dist/fonts/type1/public/amsfo
nts/cm/cmr10.pfb></usr/share/texlive/texmf-dist/fonts/type1/public/amsfonts/cm/
cmr8.pfb></usr/share/texlive/texmf-dist/fonts/type1/public/amsfonts/cm/cmsy10.p
fb></usr/share/texlive/texmf-dist/fonts/type1/public/txfonts/t1xbtt.pfb></usr/s
hare/texlive/texmf-dist/fonts/type1/public/txfonts/t1xtt.pfb>
Output written on accumulo_user_manual.pdf (70 pages, 391336 bytes).
Transcript written on accumulo_user_manual.log.
[INFO] 
[INFO] --- maven-site-plugin:3.0:attach-descriptor (attach-descriptor) @ accumulo ---
[INFO] 
[INFO] --- maven-install-plugin:2.3.1:install (default-install) @ accumulo ---
[INFO] Installing /tmp/icse19/dataset/august-2018/bugs-dot-jar/accumulo_buggy/pom.xml to /home/spirals/danglot/.m2/repository/org/apache/accumulo/accumulo/1.5.0-SNAPSHOT/accumulo-1.5.0-SNAPSHOT.pom
[INFO] Installing /tmp/icse19/dataset/august-2018/bugs-dot-jar/accumulo_buggy/target/accumulo-1.5.0-SNAPSHOT-site.xml to /home/spirals/danglot/.m2/repository/org/apache/accumulo/accumulo/1.5.0-SNAPSHOT/accumulo-1.5.0-SNAPSHOT-site.xml
[INFO]                                                                         
[INFO] ------------------------------------------------------------------------
[INFO] Building cloudtrace 1.5.0-SNAPSHOT
[INFO] ------------------------------------------------------------------------
[INFO] 
[INFO] --- maven-clean-plugin:2.4.1:clean (default-clean) @ cloudtrace ---
[INFO] Deleting /tmp/icse19/dataset/august-2018/bugs-dot-jar/accumulo_buggy/trace (includes = [**/*.pyc], excludes = [])
[INFO] 
[INFO] --- buildnumber-maven-plugin:1.1:create (default) @ cloudtrace ---
[INFO] Checking for local modifications: skipped.
[INFO] Updating project files from SCM: skipped.
[INFO] Executing: /bin/sh -c cd /tmp/icse19/dataset/august-2018/bugs-dot-jar/accumulo_buggy/trace && svn --non-interactive info
[INFO] Working directory: /tmp/icse19/dataset/august-2018/bugs-dot-jar/accumulo_buggy/trace
[INFO] Storing buildNumber: null at timestamp: 1533114162593
[INFO] Executing: /bin/sh -c cd /tmp/icse19/dataset/august-2018/bugs-dot-jar/accumulo_buggy/trace && svn --non-interactive info
[INFO] Working directory: /tmp/icse19/dataset/august-2018/bugs-dot-jar/accumulo_buggy/trace
[INFO] Storing buildScmBranch: UNKNOWN_BRANCH
[INFO] 
[INFO] --- maven-enforcer-plugin:1.0.1:enforce (enforce-mvn) @ cloudtrace ---
[INFO] 
[INFO] --- maven-remote-resources-plugin:1.2.1:process (default) @ cloudtrace ---
[INFO] 
[INFO] --- maven-resources-plugin:2.5:resources (default-resources) @ cloudtrace ---
[debug] execute contextualize
[INFO] Using 'UTF-8' encoding to copy filtered resources.
[INFO] skip non existing resourceDirectory /tmp/icse19/dataset/august-2018/bugs-dot-jar/accumulo_buggy/trace/src/main/resources
[INFO] Copying 3 resources
[INFO] 
[INFO] --- maven-dependency-plugin:2.3:copy-dependencies (copy-dependencies) @ cloudtrace ---
[INFO] Copying libthrift-0.6.1.jar to /tmp/icse19/dataset/august-2018/bugs-dot-jar/accumulo_buggy/lib/libthrift-0.6.1.jar
[INFO] Copying log4j-1.2.16.jar to /tmp/icse19/dataset/august-2018/bugs-dot-jar/accumulo_buggy/lib/log4j-1.2.16.jar
[INFO] 
[INFO] --- maven-compiler-plugin:2.3.2:compile (default-compile) @ cloudtrace ---
[INFO] Compiling 22 source files to /tmp/icse19/dataset/august-2018/bugs-dot-jar/accumulo_buggy/trace/target/classes
[INFO] 
[INFO] --- maven-resources-plugin:2.5:testResources (default-testResources) @ cloudtrace ---
[debug] execute contextualize
[INFO] Using 'UTF-8' encoding to copy filtered resources.
[INFO] skip non existing resourceDirectory /tmp/icse19/dataset/august-2018/bugs-dot-jar/accumulo_buggy/trace/src/test/resources
[INFO] Copying 3 resources
[INFO] 
[INFO] --- maven-compiler-plugin:2.3.2:testCompile (default-testCompile) @ cloudtrace ---
[INFO] Compiling 3 source files to /tmp/icse19/dataset/august-2018/bugs-dot-jar/accumulo_buggy/trace/target/test-classes
[INFO] 
[INFO] --- maven-surefire-plugin:2.12:test (default-test) @ cloudtrace ---
[INFO] Tests are skipped.
[INFO] 
[INFO] --- maven-jar-plugin:2.3.1:jar (default-jar) @ cloudtrace ---
[INFO] Building jar: /tmp/icse19/dataset/august-2018/bugs-dot-jar/accumulo_buggy/lib/cloudtrace-1.5.0-SNAPSHOT.jar
[INFO] 
[INFO] --- maven-site-plugin:3.0:attach-descriptor (attach-descriptor) @ cloudtrace ---
[INFO] 
[INFO] --- maven-install-plugin:2.3.1:install (default-install) @ cloudtrace ---
[INFO] Installing /tmp/icse19/dataset/august-2018/bugs-dot-jar/accumulo_buggy/lib/cloudtrace-1.5.0-SNAPSHOT.jar to /home/spirals/danglot/.m2/repository/org/apache/accumulo/cloudtrace/1.5.0-SNAPSHOT/cloudtrace-1.5.0-SNAPSHOT.jar
[INFO] Installing /tmp/icse19/dataset/august-2018/bugs-dot-jar/accumulo_buggy/trace/pom.xml to /home/spirals/danglot/.m2/repository/org/apache/accumulo/cloudtrace/1.5.0-SNAPSHOT/cloudtrace-1.5.0-SNAPSHOT.pom
[INFO]                                                                         
[INFO] ------------------------------------------------------------------------
[INFO] Building accumulo-start 1.5.0-SNAPSHOT
[INFO] ------------------------------------------------------------------------
[INFO] 
[INFO] --- maven-clean-plugin:2.4.1:clean (default-clean) @ accumulo-start ---
[INFO] Deleting /tmp/icse19/dataset/august-2018/bugs-dot-jar/accumulo_buggy/start (includes = [**/*.pyc], excludes = [])
[INFO] 
[INFO] --- buildnumber-maven-plugin:1.1:create (default) @ accumulo-start ---
[INFO] Checking for local modifications: skipped.
[INFO] Updating project files from SCM: skipped.
[INFO] Executing: /bin/sh -c cd /tmp/icse19/dataset/august-2018/bugs-dot-jar/accumulo_buggy/start && svn --non-interactive info
[INFO] Working directory: /tmp/icse19/dataset/august-2018/bugs-dot-jar/accumulo_buggy/start
[INFO] Storing buildNumber: null at timestamp: 1533114165783
[INFO] Executing: /bin/sh -c cd /tmp/icse19/dataset/august-2018/bugs-dot-jar/accumulo_buggy/start && svn --non-interactive info
[INFO] Working directory: /tmp/icse19/dataset/august-2018/bugs-dot-jar/accumulo_buggy/start
[INFO] Storing buildScmBranch: UNKNOWN_BRANCH
[INFO] 
[INFO] --- maven-enforcer-plugin:1.0.1:enforce (enforce-mvn) @ accumulo-start ---
[INFO] 
[INFO] --- maven-remote-resources-plugin:1.2.1:process (default) @ accumulo-start ---
[INFO] 
[INFO] --- maven-resources-plugin:2.5:resources (default-resources) @ accumulo-start ---
[debug] execute contextualize
[INFO] Using 'UTF-8' encoding to copy filtered resources.
[INFO] skip non existing resourceDirectory /tmp/icse19/dataset/august-2018/bugs-dot-jar/accumulo_buggy/start/src/main/resources
[INFO] Copying 3 resources
[INFO] 
[INFO] --- maven-dependency-plugin:2.3:copy-dependencies (copy-dependencies) @ accumulo-start ---
[INFO] Copying commons-io-1.4.jar to /tmp/icse19/dataset/august-2018/bugs-dot-jar/accumulo_buggy/lib/commons-io-1.4.jar
[INFO] Copying commons-jci-fam-1.0.jar to /tmp/icse19/dataset/august-2018/bugs-dot-jar/accumulo_buggy/lib/commons-jci-fam-1.0.jar
[INFO] Copying commons-logging-1.0.4.jar to /tmp/icse19/dataset/august-2018/bugs-dot-jar/accumulo_buggy/lib/commons-logging-1.0.4.jar
[INFO] log4j-1.2.16.jar already exists in destination.
[INFO] 
[INFO] --- maven-compiler-plugin:2.3.2:compile (default-compile) @ accumulo-start ---
[INFO] Compiling 5 source files to /tmp/icse19/dataset/august-2018/bugs-dot-jar/accumulo_buggy/start/target/classes
[INFO] 
[INFO] --- maven-resources-plugin:2.5:testResources (default-testResources) @ accumulo-start ---
[debug] execute contextualize
[INFO] Using 'UTF-8' encoding to copy filtered resources.
[INFO] Copying 3 resources
[INFO] Copying 3 resources
[INFO] 
[INFO] --- maven-compiler-plugin:2.3.2:testCompile (default-testCompile) @ accumulo-start ---
[INFO] Compiling 2 source files to /tmp/icse19/dataset/august-2018/bugs-dot-jar/accumulo_buggy/start/target/test-classes
[INFO] 
[INFO] --- maven-surefire-plugin:2.12:test (default-test) @ accumulo-start ---
[INFO] Tests are skipped.
[INFO] 
[INFO] --- maven-jar-plugin:2.3.1:jar (default-jar) @ accumulo-start ---
[INFO] Building jar: /tmp/icse19/dataset/august-2018/bugs-dot-jar/accumulo_buggy/lib/accumulo-start-1.5.0-SNAPSHOT.jar
[INFO] 
[INFO] --- maven-site-plugin:3.0:attach-descriptor (attach-descriptor) @ accumulo-start ---
[INFO] 
[INFO] --- maven-install-plugin:2.3.1:install (default-install) @ accumulo-start ---
[INFO] Installing /tmp/icse19/dataset/august-2018/bugs-dot-jar/accumulo_buggy/lib/accumulo-start-1.5.0-SNAPSHOT.jar to /home/spirals/danglot/.m2/repository/org/apache/accumulo/accumulo-start/1.5.0-SNAPSHOT/accumulo-start-1.5.0-SNAPSHOT.jar
[INFO] Installing /tmp/icse19/dataset/august-2018/bugs-dot-jar/accumulo_buggy/start/pom.xml to /home/spirals/danglot/.m2/repository/org/apache/accumulo/accumulo-start/1.5.0-SNAPSHOT/accumulo-start-1.5.0-SNAPSHOT.pom
[INFO]                                                                         
[INFO] ------------------------------------------------------------------------
[INFO] Building accumulo-core 1.5.0-SNAPSHOT
[INFO] ------------------------------------------------------------------------
[INFO] 
[INFO] --- maven-clean-plugin:2.4.1:clean (default-clean) @ accumulo-core ---
[INFO] Deleting /tmp/icse19/dataset/august-2018/bugs-dot-jar/accumulo_buggy/core (includes = [**/*.pyc], excludes = [])
[INFO] 
[INFO] --- buildnumber-maven-plugin:1.1:create (default) @ accumulo-core ---
[INFO] Checking for local modifications: skipped.
[INFO] Updating project files from SCM: skipped.
[INFO] Executing: /bin/sh -c cd /tmp/icse19/dataset/august-2018/bugs-dot-jar/accumulo_buggy/core && svn --non-interactive info
[INFO] Working directory: /tmp/icse19/dataset/august-2018/bugs-dot-jar/accumulo_buggy/core
[INFO] Storing buildNumber: null at timestamp: 1533114167815
[INFO] Executing: /bin/sh -c cd /tmp/icse19/dataset/august-2018/bugs-dot-jar/accumulo_buggy/core && svn --non-interactive info
[INFO] Working directory: /tmp/icse19/dataset/august-2018/bugs-dot-jar/accumulo_buggy/core
[INFO] Storing buildScmBranch: UNKNOWN_BRANCH
[INFO] 
[INFO] --- maven-enforcer-plugin:1.0.1:enforce (enforce-mvn) @ accumulo-core ---
[INFO] 
[INFO] --- exec-maven-plugin:1.2.1:exec (generate-core-thrift) @ accumulo-core ---
thrift is not available
[INFO] 
[INFO] --- maven-remote-resources-plugin:1.2.1:process (default) @ accumulo-core ---
[INFO] 
[INFO] --- maven-resources-plugin:2.5:resources (default-resources) @ accumulo-core ---
[debug] execute contextualize
[INFO] Using 'UTF-8' encoding to copy filtered resources.
[INFO] Copying 1 resource
[INFO] Copying 3 resources
[INFO] 
[INFO] --- maven-dependency-plugin:2.3:copy-dependencies (copy-dependencies) @ accumulo-core ---
[INFO] Copying commons-collections-3.2.jar to /tmp/icse19/dataset/august-2018/bugs-dot-jar/accumulo_buggy/lib/commons-collections-3.2.jar
[INFO] Copying jline-0.9.94.jar to /tmp/icse19/dataset/august-2018/bugs-dot-jar/accumulo_buggy/lib/jline-0.9.94.jar
[INFO] Copying commons-lang-2.4.jar to /tmp/icse19/dataset/august-2018/bugs-dot-jar/accumulo_buggy/lib/commons-lang-2.4.jar
[INFO] libthrift-0.6.1.jar already exists in destination.
[INFO] log4j-1.2.16.jar already exists in destination.
[INFO] commons-logging-1.0.4.jar already exists in destination.
[INFO] 
[INFO] --- maven-compiler-plugin:2.3.2:compile (default-compile) @ accumulo-core ---
[INFO] Compiling 427 source files to /tmp/icse19/dataset/august-2018/bugs-dot-jar/accumulo_buggy/core/target/classes
[INFO] 
[INFO] --- maven-resources-plugin:2.5:testResources (default-testResources) @ accumulo-core ---
[debug] execute contextualize
[INFO] Using 'UTF-8' encoding to copy filtered resources.
[INFO] Copying 2 resources
[INFO] Copying 3 resources
[INFO] 
[INFO] --- maven-compiler-plugin:2.3.2:testCompile (default-testCompile) @ accumulo-core ---
[INFO] Compiling 60 source files to /tmp/icse19/dataset/august-2018/bugs-dot-jar/accumulo_buggy/core/target/test-classes
[INFO] 
[INFO] --- maven-surefire-plugin:2.12:test (default-test) @ accumulo-core ---
[INFO] Tests are skipped.
[INFO] 
[INFO] --- maven-jar-plugin:2.3.1:jar (default-jar) @ accumulo-core ---
[INFO] Building jar: /tmp/icse19/dataset/august-2018/bugs-dot-jar/accumulo_buggy/lib/accumulo-core-1.5.0-SNAPSHOT.jar
[INFO] 
[INFO] --- maven-site-plugin:3.0:attach-descriptor (attach-descriptor) @ accumulo-core ---
[INFO] 
[INFO] --- maven-install-plugin:2.3.1:install (default-install) @ accumulo-core ---
[INFO] Installing /tmp/icse19/dataset/august-2018/bugs-dot-jar/accumulo_buggy/lib/accumulo-core-1.5.0-SNAPSHOT.jar to /home/spirals/danglot/.m2/repository/org/apache/accumulo/accumulo-core/1.5.0-SNAPSHOT/accumulo-core-1.5.0-SNAPSHOT.jar
[INFO] Installing /tmp/icse19/dataset/august-2018/bugs-dot-jar/accumulo_buggy/core/pom.xml to /home/spirals/danglot/.m2/repository/org/apache/accumulo/accumulo-core/1.5.0-SNAPSHOT/accumulo-core-1.5.0-SNAPSHOT.pom
[INFO]                                                                         
[INFO] ------------------------------------------------------------------------
[INFO] Building accumulo-server 1.5.0-SNAPSHOT
[INFO] ------------------------------------------------------------------------
[INFO] 
[INFO] --- maven-clean-plugin:2.4.1:clean (default-clean) @ accumulo-server ---
[INFO] Deleting /tmp/icse19/dataset/august-2018/bugs-dot-jar/accumulo_buggy/server (includes = [**/*.pyc], excludes = [])
[INFO] 
[INFO] --- buildnumber-maven-plugin:1.1:create (default) @ accumulo-server ---
[INFO] Checking for local modifications: skipped.
[INFO] Updating project files from SCM: skipped.
[INFO] Executing: /bin/sh -c cd /tmp/icse19/dataset/august-2018/bugs-dot-jar/accumulo_buggy/server && svn --non-interactive info
[INFO] Working directory: /tmp/icse19/dataset/august-2018/bugs-dot-jar/accumulo_buggy/server
[INFO] Storing buildNumber: null at timestamp: 1533114181101
[INFO] Executing: /bin/sh -c cd /tmp/icse19/dataset/august-2018/bugs-dot-jar/accumulo_buggy/server && svn --non-interactive info
[INFO] Working directory: /tmp/icse19/dataset/august-2018/bugs-dot-jar/accumulo_buggy/server
[INFO] Storing buildScmBranch: UNKNOWN_BRANCH
[INFO] 
[INFO] --- maven-enforcer-plugin:1.0.1:enforce (enforce-mvn) @ accumulo-server ---
[INFO] 
[INFO] --- maven-remote-resources-plugin:1.2.1:process (default) @ accumulo-server ---
[INFO] 
[INFO] --- maven-resources-plugin:2.5:resources (default-resources) @ accumulo-server ---
[debug] execute contextualize
[INFO] Using 'UTF-8' encoding to copy filtered resources.
[INFO] Copying 38 resources
[INFO] Copying 3 resources
[INFO] 
[INFO] --- maven-dependency-plugin:2.3:copy-dependencies (copy-dependencies) @ accumulo-server ---
[INFO] Copying commons-configuration-1.5.jar to /tmp/icse19/dataset/august-2018/bugs-dot-jar/accumulo_buggy/lib/commons-configuration-1.5.jar
[INFO] libthrift-0.6.1.jar already exists in destination.
[INFO] log4j-1.2.16.jar already exists in destination.
[INFO] commons-collections-3.2.jar already exists in destination.
[INFO] jline-0.9.94.jar already exists in destination.
[INFO] commons-io-1.4.jar already exists in destination.
[INFO] commons-lang-2.4.jar already exists in destination.
[INFO] 
[INFO] --- maven-compiler-plugin:2.3.2:compile (default-compile) @ accumulo-server ---
[INFO] Compiling 399 source files to /tmp/icse19/dataset/august-2018/bugs-dot-jar/accumulo_buggy/server/target/classes
[INFO] 
[INFO] --- maven-resources-plugin:2.5:testResources (default-testResources) @ accumulo-server ---
[debug] execute contextualize
[INFO] Using 'UTF-8' encoding to copy filtered resources.
[INFO] skip non existing resourceDirectory /tmp/icse19/dataset/august-2018/bugs-dot-jar/accumulo_buggy/server/src/test/resources
[INFO] Copying 3 resources
[INFO] 
[INFO] --- maven-compiler-plugin:2.3.2:testCompile (default-testCompile) @ accumulo-server ---
[INFO] Compiling 23 source files to /tmp/icse19/dataset/august-2018/bugs-dot-jar/accumulo_buggy/server/target/test-classes
[INFO] 
[INFO] --- maven-surefire-plugin:2.12:test (default-test) @ accumulo-server ---
[INFO] Tests are skipped.
[INFO] 
[INFO] --- maven-jar-plugin:2.3.1:jar (default-jar) @ accumulo-server ---
[INFO] Building jar: /tmp/icse19/dataset/august-2018/bugs-dot-jar/accumulo_buggy/lib/accumulo-server-1.5.0-SNAPSHOT.jar
[INFO] 
[INFO] --- maven-site-plugin:3.0:attach-descriptor (attach-descriptor) @ accumulo-server ---
[INFO] 
[INFO] --- maven-install-plugin:2.3.1:install (default-install) @ accumulo-server ---
[INFO] Installing /tmp/icse19/dataset/august-2018/bugs-dot-jar/accumulo_buggy/lib/accumulo-server-1.5.0-SNAPSHOT.jar to /home/spirals/danglot/.m2/repository/org/apache/accumulo/accumulo-server/1.5.0-SNAPSHOT/accumulo-server-1.5.0-SNAPSHOT.jar
[INFO] Installing /tmp/icse19/dataset/august-2018/bugs-dot-jar/accumulo_buggy/server/pom.xml to /home/spirals/danglot/.m2/repository/org/apache/accumulo/accumulo-server/1.5.0-SNAPSHOT/accumulo-server-1.5.0-SNAPSHOT.pom
[INFO]                                                                         
[INFO] ------------------------------------------------------------------------
[INFO] Building accumulo-examples 1.5.0-SNAPSHOT
[INFO] ------------------------------------------------------------------------
[INFO] 
[INFO] --- maven-clean-plugin:2.4.1:clean (default-clean) @ accumulo-examples ---
[INFO] Deleting /tmp/icse19/dataset/august-2018/bugs-dot-jar/accumulo_buggy/examples (includes = [**/*.pyc], excludes = [])
[INFO] 
[INFO] --- buildnumber-maven-plugin:1.1:create (default) @ accumulo-examples ---
[INFO] Checking for local modifications: skipped.
[INFO] Updating project files from SCM: skipped.
[INFO] Executing: /bin/sh -c cd /tmp/icse19/dataset/august-2018/bugs-dot-jar/accumulo_buggy/examples && svn --non-interactive info
[INFO] Working directory: /tmp/icse19/dataset/august-2018/bugs-dot-jar/accumulo_buggy/examples
[INFO] Storing buildNumber: null at timestamp: 1533114190330
[INFO] Executing: /bin/sh -c cd /tmp/icse19/dataset/august-2018/bugs-dot-jar/accumulo_buggy/examples && svn --non-interactive info
[INFO] Working directory: /tmp/icse19/dataset/august-2018/bugs-dot-jar/accumulo_buggy/examples
[INFO] Storing buildScmBranch: UNKNOWN_BRANCH
[INFO] 
[INFO] --- maven-enforcer-plugin:1.0.1:enforce (enforce-mvn) @ accumulo-examples ---
[INFO] 
[INFO] --- maven-remote-resources-plugin:1.2.1:process (default) @ accumulo-examples ---
[INFO] 
[INFO] --- maven-dependency-plugin:2.3:copy-dependencies (copy-dependencies) @ accumulo-examples ---
[INFO] 
[INFO] --- maven-site-plugin:3.0:attach-descriptor (attach-descriptor) @ accumulo-examples ---
[INFO] 
[INFO] --- maven-install-plugin:2.3.1:install (default-install) @ accumulo-examples ---
[INFO] Installing /tmp/icse19/dataset/august-2018/bugs-dot-jar/accumulo_buggy/examples/pom.xml to /home/spirals/danglot/.m2/repository/org/apache/accumulo/accumulo-examples/1.5.0-SNAPSHOT/accumulo-examples-1.5.0-SNAPSHOT.pom
[INFO]                                                                         
[INFO] ------------------------------------------------------------------------
[INFO] Building examples-simple 1.5.0-SNAPSHOT
[INFO] ------------------------------------------------------------------------
[INFO] 
[INFO] --- maven-clean-plugin:2.4.1:clean (default-clean) @ examples-simple ---
[INFO] Deleting /tmp/icse19/dataset/august-2018/bugs-dot-jar/accumulo_buggy/examples/simple (includes = [**/*.pyc], excludes = [])
[INFO] 
[INFO] --- buildnumber-maven-plugin:1.1:create (default) @ examples-simple ---
[INFO] Checking for local modifications: skipped.
[INFO] Updating project files from SCM: skipped.
[INFO] Executing: /bin/sh -c cd /tmp/icse19/dataset/august-2018/bugs-dot-jar/accumulo_buggy/examples/simple && svn --non-interactive info
[INFO] Working directory: /tmp/icse19/dataset/august-2018/bugs-dot-jar/accumulo_buggy/examples/simple
[INFO] Storing buildNumber: null at timestamp: 1533114190660
[INFO] Executing: /bin/sh -c cd /tmp/icse19/dataset/august-2018/bugs-dot-jar/accumulo_buggy/examples/simple && svn --non-interactive info
[INFO] Working directory: /tmp/icse19/dataset/august-2018/bugs-dot-jar/accumulo_buggy/examples/simple
[INFO] Storing buildScmBranch: UNKNOWN_BRANCH
[INFO] 
[INFO] --- maven-enforcer-plugin:1.0.1:enforce (enforce-mvn) @ examples-simple ---
[INFO] 
[INFO] --- maven-remote-resources-plugin:1.2.1:process (default) @ examples-simple ---
[INFO] 
[INFO] --- maven-resources-plugin:2.5:resources (default-resources) @ examples-simple ---
[debug] execute contextualize
[INFO] Using 'UTF-8' encoding to copy filtered resources.
[INFO] skip non existing resourceDirectory /tmp/icse19/dataset/august-2018/bugs-dot-jar/accumulo_buggy/examples/simple/src/main/resources
[INFO] Copying 3 resources
[INFO] 
[INFO] --- maven-dependency-plugin:2.3:copy-dependencies (copy-dependencies) @ examples-simple ---
[INFO] Copying log4j-1.2.16.jar to /tmp/icse19/dataset/august-2018/bugs-dot-jar/accumulo_buggy/examples/lib/log4j-1.2.16.jar
[INFO] 
[INFO] --- maven-compiler-plugin:2.3.2:compile (default-compile) @ examples-simple ---
[INFO] Compiling 40 source files to /tmp/icse19/dataset/august-2018/bugs-dot-jar/accumulo_buggy/examples/simple/target/classes
[INFO] 
[INFO] --- maven-resources-plugin:2.5:testResources (default-testResources) @ examples-simple ---
[debug] execute contextualize
[INFO] Using 'UTF-8' encoding to copy filtered resources.
[INFO] skip non existing resourceDirectory /tmp/icse19/dataset/august-2018/bugs-dot-jar/accumulo_buggy/examples/simple/src/test/resources
[INFO] Copying 3 resources
[INFO] 
[INFO] --- maven-compiler-plugin:2.3.2:testCompile (default-testCompile) @ examples-simple ---
[INFO] Compiling 5 source files to /tmp/icse19/dataset/august-2018/bugs-dot-jar/accumulo_buggy/examples/simple/target/test-classes
[INFO] 
[INFO] --- maven-surefire-plugin:2.12:test (default-test) @ examples-simple ---
[INFO] Tests are skipped.
[INFO] 
[INFO] --- maven-jar-plugin:2.3.1:jar (default-jar) @ examples-simple ---
[INFO] Building jar: /tmp/icse19/dataset/august-2018/bugs-dot-jar/accumulo_buggy/lib/examples-simple-1.5.0-SNAPSHOT.jar
[INFO] 
[INFO] --- maven-site-plugin:3.0:attach-descriptor (attach-descriptor) @ examples-simple ---
[INFO] 
[INFO] --- maven-install-plugin:2.3.1:install (default-install) @ examples-simple ---
[INFO] Installing /tmp/icse19/dataset/august-2018/bugs-dot-jar/accumulo_buggy/lib/examples-simple-1.5.0-SNAPSHOT.jar to /home/spirals/danglot/.m2/repository/org/apache/accumulo/examples-simple/1.5.0-SNAPSHOT/examples-simple-1.5.0-SNAPSHOT.jar
[INFO] Installing /tmp/icse19/dataset/august-2018/bugs-dot-jar/accumulo_buggy/examples/simple/pom.xml to /home/spirals/danglot/.m2/repository/org/apache/accumulo/examples-simple/1.5.0-SNAPSHOT/examples-simple-1.5.0-SNAPSHOT.pom
[INFO]                                                                         
[INFO] ------------------------------------------------------------------------
[INFO] Building accumulo-wikisearch 1.5.0-SNAPSHOT
[INFO] ------------------------------------------------------------------------
[INFO] 
[INFO] --- maven-clean-plugin:2.4.1:clean (default-clean) @ accumulo-wikisearch ---
[INFO] 
[INFO] --- buildnumber-maven-plugin:1.1:create (default) @ accumulo-wikisearch ---
[INFO] Checking for local modifications: skipped.
[INFO] Updating project files from SCM: skipped.
[INFO] Executing: /bin/sh -c cd /tmp/icse19/dataset/august-2018/bugs-dot-jar/accumulo_buggy/examples/wikisearch && svn --non-interactive info
[INFO] Working directory: /tmp/icse19/dataset/august-2018/bugs-dot-jar/accumulo_buggy/examples/wikisearch
[INFO] Storing buildNumber: null at timestamp: 1533114194190
[INFO] Executing: /bin/sh -c cd /tmp/icse19/dataset/august-2018/bugs-dot-jar/accumulo_buggy/examples/wikisearch && svn --non-interactive info
[INFO] Working directory: /tmp/icse19/dataset/august-2018/bugs-dot-jar/accumulo_buggy/examples/wikisearch
[INFO] Storing buildScmBranch: UNKNOWN_BRANCH
[INFO] 
[INFO] --- maven-enforcer-plugin:1.0.1:enforce (enforce-mvn) @ accumulo-wikisearch ---
[INFO] 
[INFO] --- maven-remote-resources-plugin:1.2.1:process (default) @ accumulo-wikisearch ---
[INFO] 
[INFO] --- maven-dependency-plugin:2.3:copy-dependencies (copy-dependencies) @ accumulo-wikisearch ---
[INFO] 
[INFO] --- maven-site-plugin:3.0:attach-descriptor (attach-descriptor) @ accumulo-wikisearch ---
[INFO] 
[INFO] --- maven-install-plugin:2.3.1:install (default-install) @ accumulo-wikisearch ---
[INFO] Installing /tmp/icse19/dataset/august-2018/bugs-dot-jar/accumulo_buggy/examples/wikisearch/pom.xml to /home/spirals/danglot/.m2/repository/org/apache/accumulo/accumulo-wikisearch/1.5.0-SNAPSHOT/accumulo-wikisearch-1.5.0-SNAPSHOT.pom
[INFO]                                                                         
[INFO] ------------------------------------------------------------------------
[INFO] Building wikisearch-ingest 1.5.0-SNAPSHOT
[INFO] ------------------------------------------------------------------------
[INFO] 
[INFO] --- maven-clean-plugin:2.4.1:clean (default-clean) @ wikisearch-ingest ---
[INFO] 
[INFO] --- buildnumber-maven-plugin:1.1:create (default) @ wikisearch-ingest ---
[INFO] Checking for local modifications: skipped.
[INFO] Updating project files from SCM: skipped.
[INFO] Executing: /bin/sh -c cd /tmp/icse19/dataset/august-2018/bugs-dot-jar/accumulo_buggy/examples/wikisearch/ingest && svn --non-interactive info
[INFO] Working directory: /tmp/icse19/dataset/august-2018/bugs-dot-jar/accumulo_buggy/examples/wikisearch/ingest
[INFO] Storing buildNumber: null at timestamp: 1533114194606
[INFO] Executing: /bin/sh -c cd /tmp/icse19/dataset/august-2018/bugs-dot-jar/accumulo_buggy/examples/wikisearch/ingest && svn --non-interactive info
[INFO] Working directory: /tmp/icse19/dataset/august-2018/bugs-dot-jar/accumulo_buggy/examples/wikisearch/ingest
[INFO] Storing buildScmBranch: UNKNOWN_BRANCH
[INFO] 
[INFO] --- maven-enforcer-plugin:1.0.1:enforce (enforce-mvn) @ wikisearch-ingest ---
[INFO] 
[INFO] --- maven-remote-resources-plugin:1.2.1:process (default) @ wikisearch-ingest ---
[INFO] 
[INFO] --- maven-resources-plugin:2.5:resources (default-resources) @ wikisearch-ingest ---
[debug] execute contextualize
[INFO] Using 'UTF-8' encoding to copy filtered resources.
[INFO] skip non existing resourceDirectory /tmp/icse19/dataset/august-2018/bugs-dot-jar/accumulo_buggy/examples/wikisearch/ingest/src/main/resources
[INFO] Copying 3 resources
[INFO] 
[INFO] --- maven-dependency-plugin:2.3:copy-dependencies (copy-dependencies) @ wikisearch-ingest ---
[INFO] Copying google-collections-1.0.jar to /tmp/icse19/dataset/august-2018/bugs-dot-jar/accumulo_buggy/examples/wikisearch/ingest/lib/google-collections-1.0.jar
[INFO] Copying protobuf-java-2.3.0.jar to /tmp/icse19/dataset/august-2018/bugs-dot-jar/accumulo_buggy/examples/wikisearch/ingest/lib/protobuf-java-2.3.0.jar
[INFO] Copying libthrift-0.6.1.jar to /tmp/icse19/dataset/august-2018/bugs-dot-jar/accumulo_buggy/examples/wikisearch/ingest/lib/libthrift-0.6.1.jar
[INFO] Copying lucene-wikipedia-3.0.2.jar to /tmp/icse19/dataset/august-2018/bugs-dot-jar/accumulo_buggy/examples/wikisearch/ingest/lib/lucene-wikipedia-3.0.2.jar
[INFO] Copying accumulo-core-1.5.0-SNAPSHOT.jar to /tmp/icse19/dataset/august-2018/bugs-dot-jar/accumulo_buggy/examples/wikisearch/ingest/lib/accumulo-core-1.5.0-SNAPSHOT.jar
[INFO] Copying hadoop-core-0.20.205.0.jar to /tmp/icse19/dataset/august-2018/bugs-dot-jar/accumulo_buggy/examples/wikisearch/ingest/lib/hadoop-core-0.20.205.0.jar
[INFO] Copying commons-codec-1.5.jar to /tmp/icse19/dataset/august-2018/bugs-dot-jar/accumulo_buggy/examples/wikisearch/ingest/lib/commons-codec-1.5.jar
[INFO] Copying lucene-core-3.0.2.jar to /tmp/icse19/dataset/august-2018/bugs-dot-jar/accumulo_buggy/examples/wikisearch/ingest/lib/lucene-core-3.0.2.jar
[INFO] Copying cloudtrace-1.5.0-SNAPSHOT.jar to /tmp/icse19/dataset/august-2018/bugs-dot-jar/accumulo_buggy/examples/wikisearch/ingest/lib/cloudtrace-1.5.0-SNAPSHOT.jar
[INFO] Copying commons-lang-2.4.jar to /tmp/icse19/dataset/august-2018/bugs-dot-jar/accumulo_buggy/examples/wikisearch/ingest/lib/commons-lang-2.4.jar
[INFO] 
[INFO] --- maven-compiler-plugin:2.3.2:compile (default-compile) @ wikisearch-ingest ---
[INFO] Compiling 23 source files to /tmp/icse19/dataset/august-2018/bugs-dot-jar/accumulo_buggy/examples/wikisearch/ingest/target/classes
[INFO] 
[INFO] --- maven-resources-plugin:2.5:testResources (default-testResources) @ wikisearch-ingest ---
[debug] execute contextualize
[INFO] Using 'UTF-8' encoding to copy filtered resources.
[INFO] Copying 1 resource
[INFO] Copying 3 resources
[INFO] 
[INFO] --- maven-compiler-plugin:2.3.2:testCompile (default-testCompile) @ wikisearch-ingest ---
[INFO] Compiling 5 source files to /tmp/icse19/dataset/august-2018/bugs-dot-jar/accumulo_buggy/examples/wikisearch/ingest/target/test-classes
[INFO] 
[INFO] --- maven-surefire-plugin:2.12:test (default-test) @ wikisearch-ingest ---
[INFO] Tests are skipped.
[INFO] 
[INFO] --- maven-jar-plugin:2.3.1:jar (default-jar) @ wikisearch-ingest ---
[INFO] Building jar: /tmp/icse19/dataset/august-2018/bugs-dot-jar/accumulo_buggy/examples/wikisearch/ingest/lib/wikisearch-ingest-1.5.0-SNAPSHOT.jar
[INFO] 
[INFO] --- maven-site-plugin:3.0:attach-descriptor (attach-descriptor) @ wikisearch-ingest ---
[INFO] 
[INFO] --- maven-install-plugin:2.3.1:install (default-install) @ wikisearch-ingest ---
[INFO] Installing /tmp/icse19/dataset/august-2018/bugs-dot-jar/accumulo_buggy/examples/wikisearch/ingest/lib/wikisearch-ingest-1.5.0-SNAPSHOT.jar to /home/spirals/danglot/.m2/repository/org/apache/accumulo/wikisearch-ingest/1.5.0-SNAPSHOT/wikisearch-ingest-1.5.0-SNAPSHOT.jar
[INFO] Installing /tmp/icse19/dataset/august-2018/bugs-dot-jar/accumulo_buggy/examples/wikisearch/ingest/pom.xml to /home/spirals/danglot/.m2/repository/org/apache/accumulo/wikisearch-ingest/1.5.0-SNAPSHOT/wikisearch-ingest-1.5.0-SNAPSHOT.pom
[INFO]                                                                         
[INFO] ------------------------------------------------------------------------
[INFO] Building wikisearch-query 1.5.0-SNAPSHOT
[INFO] ------------------------------------------------------------------------
[INFO] 
[INFO] --- maven-clean-plugin:2.4.1:clean (default-clean) @ wikisearch-query ---
[INFO] 
[INFO] --- buildnumber-maven-plugin:1.1:create (default) @ wikisearch-query ---
[INFO] Checking for local modifications: skipped.
[INFO] Updating project files from SCM: skipped.
[INFO] Executing: /bin/sh -c cd /tmp/icse19/dataset/august-2018/bugs-dot-jar/accumulo_buggy/examples/wikisearch/query && svn --non-interactive info
[INFO] Working directory: /tmp/icse19/dataset/august-2018/bugs-dot-jar/accumulo_buggy/examples/wikisearch/query
[INFO] Storing buildNumber: null at timestamp: 1533114197840
[INFO] Executing: /bin/sh -c cd /tmp/icse19/dataset/august-2018/bugs-dot-jar/accumulo_buggy/examples/wikisearch/query && svn --non-interactive info
[INFO] Working directory: /tmp/icse19/dataset/august-2018/bugs-dot-jar/accumulo_buggy/examples/wikisearch/query
[INFO] Storing buildScmBranch: UNKNOWN_BRANCH
[INFO] 
[INFO] --- maven-enforcer-plugin:1.0.1:enforce (enforce-mvn) @ wikisearch-query ---
[INFO] 
[INFO] --- maven-remote-resources-plugin:1.2.1:process (default) @ wikisearch-query ---
[INFO] 
[INFO] --- maven-resources-plugin:2.5:resources (default-resources) @ wikisearch-query ---
[debug] execute contextualize
[INFO] Using 'UTF-8' encoding to copy filtered resources.
[INFO] Copying 2 resources
[INFO] Copying 3 resources
[INFO] 
[INFO] --- maven-dependency-plugin:2.3:copy-dependencies (copy-dependencies) @ wikisearch-query ---
[INFO] Copying protobuf-java-2.3.0.jar to /tmp/icse19/dataset/august-2018/bugs-dot-jar/accumulo_buggy/examples/wikisearch/query/lib/protobuf-java-2.3.0.jar
[INFO] Copying commons-jexl-2.0.1.jar to /tmp/icse19/dataset/august-2018/bugs-dot-jar/accumulo_buggy/examples/wikisearch/query/lib/commons-jexl-2.0.1.jar
[INFO] Copying google-collections-1.0.jar to /tmp/icse19/dataset/august-2018/bugs-dot-jar/accumulo_buggy/examples/wikisearch/query/lib/google-collections-1.0.jar
[INFO] Copying accumulo-core-1.5.0-SNAPSHOT.jar to /tmp/icse19/dataset/august-2018/bugs-dot-jar/accumulo_buggy/examples/wikisearch/query/lib/accumulo-core-1.5.0-SNAPSHOT.jar
[INFO] Copying commons-codec-1.5.jar to /tmp/icse19/dataset/august-2018/bugs-dot-jar/accumulo_buggy/examples/wikisearch/query/lib/commons-codec-1.5.jar
[INFO] Copying hadoop-core-0.20.205.0.jar to /tmp/icse19/dataset/august-2018/bugs-dot-jar/accumulo_buggy/examples/wikisearch/query/lib/hadoop-core-0.20.205.0.jar
[INFO] Copying wikisearch-ingest-1.5.0-SNAPSHOT.jar to /tmp/icse19/dataset/august-2018/bugs-dot-jar/accumulo_buggy/examples/wikisearch/query/lib/wikisearch-ingest-1.5.0-SNAPSHOT.jar
[INFO] Copying kryo-1.04.jar to /tmp/icse19/dataset/august-2018/bugs-dot-jar/accumulo_buggy/examples/wikisearch/query/lib/kryo-1.04.jar
[INFO] Copying commons-lang-2.4.jar to /tmp/icse19/dataset/august-2018/bugs-dot-jar/accumulo_buggy/examples/wikisearch/query/lib/commons-lang-2.4.jar
[INFO] 
[INFO] --- maven-compiler-plugin:2.3.2:compile (default-compile) @ wikisearch-query ---
[INFO] Compiling 32 source files to /tmp/icse19/dataset/august-2018/bugs-dot-jar/accumulo_buggy/examples/wikisearch/query/target/classes
[INFO] 
[INFO] --- maven-resources-plugin:2.5:testResources (default-testResources) @ wikisearch-query ---
[debug] execute contextualize
[INFO] Using 'UTF-8' encoding to copy filtered resources.
[INFO] Copying 1 resource
[INFO] Copying 3 resources
[INFO] 
[INFO] --- maven-compiler-plugin:2.3.2:testCompile (default-testCompile) @ wikisearch-query ---
[INFO] Compiling 2 source files to /tmp/icse19/dataset/august-2018/bugs-dot-jar/accumulo_buggy/examples/wikisearch/query/target/test-classes
[INFO] 
[INFO] --- maven-surefire-plugin:2.12:test (default-test) @ wikisearch-query ---
[INFO] Tests are skipped.
[INFO] 
[INFO] --- maven-ejb-plugin:2.1:ejb (default-ejb) @ wikisearch-query ---
[INFO] Building ejb wikisearch-query-1.5.0-SNAPSHOT with ejbVersion 3.1
[INFO] Building jar: /tmp/icse19/dataset/august-2018/bugs-dot-jar/accumulo_buggy/examples/wikisearch/query/target/wikisearch-query-1.5.0-SNAPSHOT.jar
[INFO] 
[INFO] --- maven-site-plugin:3.0:attach-descriptor (attach-descriptor) @ wikisearch-query ---
[INFO] 
[INFO] --- maven-install-plugin:2.3.1:install (default-install) @ wikisearch-query ---
[INFO] Installing /tmp/icse19/dataset/august-2018/bugs-dot-jar/accumulo_buggy/examples/wikisearch/query/target/wikisearch-query-1.5.0-SNAPSHOT.jar to /home/spirals/danglot/.m2/repository/org/apache/accumulo/wikisearch-query/1.5.0-SNAPSHOT/wikisearch-query-1.5.0-SNAPSHOT.jar
[INFO] Installing /tmp/icse19/dataset/august-2018/bugs-dot-jar/accumulo_buggy/examples/wikisearch/query/pom.xml to /home/spirals/danglot/.m2/repository/org/apache/accumulo/wikisearch-query/1.5.0-SNAPSHOT/wikisearch-query-1.5.0-SNAPSHOT.pom
[INFO]                                                                         
[INFO] ------------------------------------------------------------------------
[INFO] Building wikisearch-query-war 1.5.0-SNAPSHOT
[INFO] ------------------------------------------------------------------------
[INFO] 
[INFO] --- maven-clean-plugin:2.4.1:clean (default-clean) @ wikisearch-query-war ---
[INFO] 
[INFO] --- buildnumber-maven-plugin:1.1:create (default) @ wikisearch-query-war ---
[INFO] Checking for local modifications: skipped.
[INFO] Updating project files from SCM: skipped.
[INFO] Executing: /bin/sh -c cd /tmp/icse19/dataset/august-2018/bugs-dot-jar/accumulo_buggy/examples/wikisearch/query-war && svn --non-interactive info
[INFO] Working directory: /tmp/icse19/dataset/august-2018/bugs-dot-jar/accumulo_buggy/examples/wikisearch/query-war
[INFO] Storing buildNumber: null at timestamp: 1533114202261
[INFO] Executing: /bin/sh -c cd /tmp/icse19/dataset/august-2018/bugs-dot-jar/accumulo_buggy/examples/wikisearch/query-war && svn --non-interactive info
[INFO] Working directory: /tmp/icse19/dataset/august-2018/bugs-dot-jar/accumulo_buggy/examples/wikisearch/query-war
[INFO] Storing buildScmBranch: UNKNOWN_BRANCH
[INFO] 
[INFO] --- maven-enforcer-plugin:1.0.1:enforce (enforce-mvn) @ wikisearch-query-war ---
[INFO] 
[INFO] --- maven-remote-resources-plugin:1.2.1:process (default) @ wikisearch-query-war ---
[INFO] 
[INFO] --- maven-resources-plugin:2.5:resources (default-resources) @ wikisearch-query-war ---
[debug] execute contextualize
[INFO] Using 'UTF-8' encoding to copy filtered resources.
[INFO] skip non existing resourceDirectory /tmp/icse19/dataset/august-2018/bugs-dot-jar/accumulo_buggy/examples/wikisearch/query-war/src/main/resources
[INFO] Copying 3 resources
[INFO] 
[INFO] --- maven-compiler-plugin:2.3.2:compile (default-compile) @ wikisearch-query-war ---
[INFO] No sources to compile
[INFO] 
[INFO] --- maven-resources-plugin:2.5:testResources (default-testResources) @ wikisearch-query-war ---
[debug] execute contextualize
[INFO] Using 'UTF-8' encoding to copy filtered resources.
[INFO] Copying 1 resource
[INFO] Copying 3 resources
[INFO] 
[INFO] --- maven-compiler-plugin:2.3.2:testCompile (default-testCompile) @ wikisearch-query-war ---
[INFO] No sources to compile
[INFO] 
[INFO] --- maven-surefire-plugin:2.12:test (default-test) @ wikisearch-query-war ---
[INFO] Tests are skipped.
[INFO] 
[INFO] --- maven-war-plugin:2.1.1:war (default-war) @ wikisearch-query-war ---
[INFO] Packaging webapp
[INFO] Assembling webapp [wikisearch-query-war] in [/tmp/icse19/dataset/august-2018/bugs-dot-jar/accumulo_buggy/examples/wikisearch/query-war/target/wikisearch-query-war-1.5.0-SNAPSHOT]
[INFO] Processing war project
[INFO] Copying webapp resources [/tmp/icse19/dataset/august-2018/bugs-dot-jar/accumulo_buggy/examples/wikisearch/query-war/src/main/webapp]
[INFO] Webapp assembled in [25 msecs]
[INFO] Building war: /tmp/icse19/dataset/august-2018/bugs-dot-jar/accumulo_buggy/examples/wikisearch/query-war/target/wikisearch-query-war-1.5.0-SNAPSHOT.war
[INFO] WEB-INF/web.xml already added, skipping
[INFO] 
[INFO] --- maven-site-plugin:3.0:attach-descriptor (attach-descriptor) @ wikisearch-query-war ---
[INFO] 
[INFO] --- maven-install-plugin:2.3.1:install (default-install) @ wikisearch-query-war ---
[INFO] Installing /tmp/icse19/dataset/august-2018/bugs-dot-jar/accumulo_buggy/examples/wikisearch/query-war/target/wikisearch-query-war-1.5.0-SNAPSHOT.war to /home/spirals/danglot/.m2/repository/org/apache/accumulo/wikisearch-query-war/1.5.0-SNAPSHOT/wikisearch-query-war-1.5.0-SNAPSHOT.war
[INFO] Installing /tmp/icse19/dataset/august-2018/bugs-dot-jar/accumulo_buggy/examples/wikisearch/query-war/pom.xml to /home/spirals/danglot/.m2/repository/org/apache/accumulo/wikisearch-query-war/1.5.0-SNAPSHOT/wikisearch-query-war-1.5.0-SNAPSHOT.pom
[INFO]                                                                         
[INFO] ------------------------------------------------------------------------
[INFO] Building accumulo-assemble 1.5.0-SNAPSHOT
[INFO] ------------------------------------------------------------------------
[INFO] 
[INFO] --- maven-clean-plugin:2.4.1:clean (default-clean) @ accumulo-assemble ---
[INFO] Deleting /tmp/icse19/dataset/august-2018/bugs-dot-jar/accumulo_buggy/assemble (includes = [**/*.pyc], excludes = [])
[INFO] 
[INFO] --- buildnumber-maven-plugin:1.1:create (default) @ accumulo-assemble ---
[INFO] Checking for local modifications: skipped.
[INFO] Updating project files from SCM: skipped.
[INFO] Executing: /bin/sh -c cd /tmp/icse19/dataset/august-2018/bugs-dot-jar/accumulo_buggy/assemble && svn --non-interactive info
[INFO] Working directory: /tmp/icse19/dataset/august-2018/bugs-dot-jar/accumulo_buggy/assemble
[INFO] Storing buildNumber: null at timestamp: 1533114203118
[INFO] Executing: /bin/sh -c cd /tmp/icse19/dataset/august-2018/bugs-dot-jar/accumulo_buggy/assemble && svn --non-interactive info
[INFO] Working directory: /tmp/icse19/dataset/august-2018/bugs-dot-jar/accumulo_buggy/assemble
[INFO] Storing buildScmBranch: UNKNOWN_BRANCH
[INFO] 
[INFO] --- maven-enforcer-plugin:1.0.1:enforce (enforce-mvn) @ accumulo-assemble ---
[INFO] 
[INFO] --- maven-remote-resources-plugin:1.2.1:process (default) @ accumulo-assemble ---
[INFO] 
[INFO] --- maven-dependency-plugin:2.3:copy-dependencies (copy-dependencies) @ accumulo-assemble ---
[INFO] 
[INFO] --- exec-maven-plugin:1.2.1:exec (user-manual) @ accumulo-assemble ---
[INFO] 
[INFO] --- maven-site-plugin:3.0:attach-descriptor (attach-descriptor) @ accumulo-assemble ---
[INFO] 
[INFO] --- exec-maven-plugin:1.2.1:exec (config webpage) @ accumulo-assemble ---
[INFO] 
[INFO] --- maven-install-plugin:2.3.1:install (default-install) @ accumulo-assemble ---
[INFO] Installing /tmp/icse19/dataset/august-2018/bugs-dot-jar/accumulo_buggy/assemble/pom.xml to /home/spirals/danglot/.m2/repository/org/apache/accumulo/accumulo-assemble/1.5.0-SNAPSHOT/accumulo-assemble-1.5.0-SNAPSHOT.pom
[INFO] ------------------------------------------------------------------------
[INFO] Reactor Summary:
[INFO] 
[INFO] accumulo ........................................... SUCCESS [  5.594 s]
[INFO] cloudtrace ......................................... SUCCESS [  3.260 s]
[INFO] accumulo-start ..................................... SUCCESS [  1.791 s]
[INFO] accumulo-core ...................................... SUCCESS [ 13.472 s]
[INFO] accumulo-server .................................... SUCCESS [  9.296 s]
[INFO] accumulo-examples .................................. SUCCESS [  0.282 s]
[INFO] examples-simple .................................... SUCCESS [  3.586 s]
[INFO] accumulo-wikisearch ................................ SUCCESS [  0.302 s]
[INFO] wikisearch-ingest .................................. SUCCESS [  3.238 s]
[INFO] wikisearch-query ................................... SUCCESS [  4.519 s]
[INFO] wikisearch-query-war ............................... SUCCESS [  0.829 s]
[INFO] accumulo-assemble .................................. SUCCESS [  1.076 s]
[INFO] ------------------------------------------------------------------------
[INFO] BUILD SUCCESS
[INFO] ------------------------------------------------------------------------
[INFO] Total time: 47.885 s
[INFO] Finished at: 2018-08-01T11:03:24+02:00
[INFO] Final Memory: 135M/1180M
[INFO] ------------------------------------------------------------------------
cd dataset/august-2018/bugs-dot-jar/accumulo_buggy && git checkout   remotes/origin/bugs-dot-jar_ACCUMULO-776_dc9f23d9 && ~/apache-maven-3.3.9/bin/mvn clean install -DskipTests
rm -rf dataset/august-2018/bugs-dot-jar/accumulo_fixed
cp -r dataset/august-2018/bugs-dot-jar/accumulo_buggy dataset/august-2018/bugs-dot-jar/accumulo_fixed
patching file core/src/main/java/org/apache/accumulo/core/iterators/FirstEntryInRowIterator.java
cd dataset/august-2018/bugs-dot-jar/accumulo_fixed && patch -p1 < .bugs-dot-jar/developer-patch.diff
[INFO] Scanning for projects...
[WARNING] The POM for org.eclipse.m2e:lifecycle-mapping:jar:1.0.0 is missing, no dependency information available
[WARNING] Failed to retrieve plugin descriptor for org.eclipse.m2e:lifecycle-mapping:1.0.0: Plugin org.eclipse.m2e:lifecycle-mapping:1.0.0 or one of its dependencies could not be resolved: Failure to find org.eclipse.m2e:lifecycle-mapping:jar:1.0.0 in https://repo.maven.apache.org/maven2 was cached in the local repository, resolution will not be reattempted until the update interval of central has elapsed or updates are forced
[INFO]                                                                         
[INFO] ------------------------------------------------------------------------
[INFO] Building accumulo-core 1.5.0-SNAPSHOT
[INFO] ------------------------------------------------------------------------
[WARNING] The POM for org.eclipse.m2e:lifecycle-mapping:jar:1.0.0 is missing, no dependency information available
[WARNING] Failed to retrieve plugin descriptor for org.eclipse.m2e:lifecycle-mapping:1.0.0: Plugin org.eclipse.m2e:lifecycle-mapping:1.0.0 or one of its dependencies could not be resolved: Failure to find org.eclipse.m2e:lifecycle-mapping:jar:1.0.0 in https://repo.maven.apache.org/maven2 was cached in the local repository, resolution will not be reattempted until the update interval of central has elapsed or updates are forced
[INFO] 
[INFO] --- maven-clean-plugin:2.4.1:clean (default-clean) @ accumulo-core ---
[INFO] Deleting /tmp/icse19/dataset/august-2018/bugs-dot-jar/accumulo_buggy/core/target
[INFO] Deleting /tmp/icse19/dataset/august-2018/bugs-dot-jar/accumulo_buggy/core (includes = [**/*.pyc], excludes = [])
[INFO] 
[INFO] --- versions-maven-plugin:2.5:use-latest-versions (default-cli) @ accumulo-core ---
[INFO] Major version changes allowed
[INFO] 
[INFO] --- diff-test-selection:0.2:list (default-cli) @ accumulo-core ---
[INFO] /tmp/icse19/dataset/august-2018/bugs-dot-jar/accumulo_buggy/core
[WARN] Maven will be executed in interactive mode, but no input stream has been configured for this MavenInvoker instance.
[INFO] Scanning for projects...
[INFO]                                                                         
[INFO] ------------------------------------------------------------------------
[INFO] Building accumulo-core 1.5.0-SNAPSHOT
[INFO] ------------------------------------------------------------------------
[INFO] 
[INFO] --- maven-clean-plugin:2.4.1:clean (default-clean) @ accumulo-core ---
[INFO] Deleting /tmp/icse19/dataset/august-2018/bugs-dot-jar/accumulo_buggy/core (includes = [**/*.pyc], excludes = [])
[INFO] 
[INFO] --- clover-maven-plugin:4.2.0:setup (default-cli) @ accumulo-core ---
[INFO] No 'maven.clover.licenseLocation' configured. Using default license.
[INFO] OpenClover Version 4.2.0, built on April 30 2017 (build-1000)
[INFO] Loaded from: /home/spirals/danglot/.m2/repository/org/openclover/clover/4.2.0/clover-4.2.0.jar
[INFO] Clover free edition.
[INFO] Creating new database at '/tmp/icse19/dataset/august-2018/bugs-dot-jar/accumulo_buggy/core/target/clover/clover.db'.
[INFO] Processing files at 1.8 source level.
[INFO] Clover all over. Instrumented 427 files (41 packages).
[INFO] Elapsed time = 13.582 secs. (31.439 files/sec, 10,329.259 srclines/sec)
[INFO] OpenClover Version 4.2.0, built on April 30 2017 (build-1000)
[INFO] Loaded from: /home/spirals/danglot/.m2/repository/org/openclover/clover/4.2.0/clover-4.2.0.jar
[INFO] Clover free edition.
[INFO] Updating existing database at '/tmp/icse19/dataset/august-2018/bugs-dot-jar/accumulo_buggy/core/target/clover/clover.db'.
[INFO] Processing files at 1.8 source level.
[INFO] Clover all over. Instrumented 60 files (19 packages).
[INFO] 281 test methods detected.
[INFO] Elapsed time = 1.424 secs. (42.135 files/sec, 9,726.826 srclines/sec)
[INFO] 
[INFO] --- buildnumber-maven-plugin:1.1:create (default) @ accumulo-core ---
[INFO] Checking for local modifications: skipped.
[INFO] Updating project files from SCM: skipped.
[INFO] Executing: /bin/sh -c cd /tmp/icse19/dataset/august-2018/bugs-dot-jar/accumulo_buggy/core && svn --non-interactive info
[INFO] Working directory: /tmp/icse19/dataset/august-2018/bugs-dot-jar/accumulo_buggy/core
[INFO] Storing buildNumber: null at timestamp: 1533114230118
[INFO] Executing: /bin/sh -c cd /tmp/icse19/dataset/august-2018/bugs-dot-jar/accumulo_buggy/core && svn --non-interactive info
[INFO] Working directory: /tmp/icse19/dataset/august-2018/bugs-dot-jar/accumulo_buggy/core
[INFO] Storing buildScmBranch: UNKNOWN_BRANCH
[INFO] 
[INFO] --- maven-enforcer-plugin:1.0.1:enforce (enforce-mvn) @ accumulo-core ---
[INFO] Skipping Rule Enforcement.
[INFO] 
[INFO] --- exec-maven-plugin:1.2.1:exec (generate-core-thrift) @ accumulo-core ---
thrift is not available
[INFO] 
[INFO] --- maven-remote-resources-plugin:1.2.1:process (default) @ accumulo-core ---
[INFO] 
[INFO] --- maven-resources-plugin:2.5:resources (default-resources) @ accumulo-core ---
[debug] execute contextualize
[INFO] Using 'UTF-8' encoding to copy filtered resources.
[INFO] Copying 1 resource
[INFO] Copying 1 resource
[INFO] Copying 3 resources
[INFO] 
[INFO] --- maven-dependency-plugin:2.3:copy-dependencies (copy-dependencies) @ accumulo-core ---
[INFO] libthrift-0.6.1.jar already exists in destination.
[INFO] log4j-1.2.16.jar already exists in destination.
[INFO] commons-collections-3.2.jar already exists in destination.
[INFO] jline-0.9.94.jar already exists in destination.
[INFO] commons-logging-1.0.4.jar already exists in destination.
[INFO] commons-lang-2.4.jar already exists in destination.
[INFO] 
[INFO] --- maven-compiler-plugin:2.3.2:compile (default-compile) @ accumulo-core ---
[INFO] Compiling 427 source files to /tmp/icse19/dataset/august-2018/bugs-dot-jar/accumulo_buggy/core/target/classes
[INFO] 
[INFO] --- maven-resources-plugin:2.5:testResources (default-testResources) @ accumulo-core ---
[debug] execute contextualize
[INFO] Using 'UTF-8' encoding to copy filtered resources.
[INFO] Copying 2 resources
[INFO] Copying 3 resources
[INFO] 
[INFO] --- maven-compiler-plugin:2.3.2:testCompile (default-testCompile) @ accumulo-core ---
[INFO] Compiling 60 source files to /tmp/icse19/dataset/august-2018/bugs-dot-jar/accumulo_buggy/core/target/test-classes
[INFO] 
[INFO] --- maven-surefire-plugin:2.12:test (default-test) @ accumulo-core ---
[INFO] Surefire report directory: /tmp/icse19/dataset/august-2018/bugs-dot-jar/accumulo_buggy/core/target/surefire-reports

-------------------------------------------------------
 T E S T S
-------------------------------------------------------
Running org.apache.accumulo.core.file.blockfile.cache.TestLruBlockCache
Tests run: 7, Failures: 0, Errors: 0, Skipped: 0, Time elapsed: 1.24 sec
Running org.apache.accumulo.core.file.blockfile.cache.TestCachedBlockQueue
Tests run: 2, Failures: 0, Errors: 0, Skipped: 0, Time elapsed: 0.004 sec
Running org.apache.accumulo.core.file.rfile.RFileTest
Tests run: 19, Failures: 0, Errors: 0, Skipped: 0, Time elapsed: 7.349 sec
Running org.apache.accumulo.core.file.rfile.MultiLevelIndexTest
Tests run: 1, Failures: 0, Errors: 0, Skipped: 0, Time elapsed: 0.758 sec
Running org.apache.accumulo.core.iterators.AggregatingIteratorTest
Tests run: 7, Failures: 0, Errors: 0, Skipped: 0, Time elapsed: 0.067 sec
Running org.apache.accumulo.core.iterators.system.MultiIteratorTest
Tests run: 7, Failures: 0, Errors: 0, Skipped: 0, Time elapsed: 0.222 sec
Running org.apache.accumulo.core.iterators.system.ColumnFamilySkippingIteratorTest
Tests run: 3, Failures: 0, Errors: 0, Skipped: 0, Time elapsed: 1.25 sec
Running org.apache.accumulo.core.iterators.system.SourceSwitchingIteratorTest
Tests run: 5, Failures: 0, Errors: 0, Skipped: 0, Time elapsed: 0.034 sec
Running org.apache.accumulo.core.iterators.system.TimeSettingIteratorTest
Tests run: 1, Failures: 0, Errors: 0, Skipped: 0, Time elapsed: 0.003 sec
Running org.apache.accumulo.core.iterators.system.DeletingIteratorTest
Tests run: 4, Failures: 0, Errors: 0, Skipped: 0, Time elapsed: 0.008 sec
Running org.apache.accumulo.core.iterators.system.ColumnFilterTest
Tests run: 3, Failures: 0, Errors: 0, Skipped: 0, Time elapsed: 0.006 sec
Running org.apache.accumulo.core.iterators.user.RowDeletingIteratorTest
Tests run: 4, Failures: 0, Errors: 0, Skipped: 0, Time elapsed: 0.01 sec
Running org.apache.accumulo.core.iterators.user.VersioningIteratorTest
Tests run: 6, Failures: 0, Errors: 0, Skipped: 0, Time elapsed: 0.03 sec
Running org.apache.accumulo.core.iterators.user.WholeRowIteratorTest
Tests run: 3, Failures: 0, Errors: 0, Skipped: 0, Time elapsed: 0.009 sec
Running org.apache.accumulo.core.iterators.user.RegExFilterTest
Tests run: 1, Failures: 0, Errors: 0, Skipped: 0, Time elapsed: 0.007 sec
Running org.apache.accumulo.core.iterators.user.IndexedDocIteratorTest
Tests run: 5, Failures: 0, Errors: 0, Skipped: 0, Time elapsed: 1.029 sec
Running org.apache.accumulo.core.iterators.user.LargeRowFilterTest
Tests run: 5, Failures: 0, Errors: 0, Skipped: 0, Time elapsed: 0.101 sec
Running org.apache.accumulo.core.iterators.user.CombinerTest
Tests run: 13, Failures: 0, Errors: 0, Skipped: 0, Time elapsed: 0.029 sec
Running org.apache.accumulo.core.iterators.user.FilterTest
Tests run: 11, Failures: 0, Errors: 0, Skipped: 0, Time elapsed: 0.135 sec
Running org.apache.accumulo.core.iterators.user.RowFilterTest
Tests run: 1, Failures: 0, Errors: 0, Skipped: 0, Time elapsed: 0.064 sec
Running org.apache.accumulo.core.iterators.user.IntersectingIteratorTest
Tests run: 6, Failures: 0, Errors: 0, Skipped: 0, Time elapsed: 1.594 sec
Running org.apache.accumulo.core.iterators.user.GrepIteratorTest
Tests run: 1, Failures: 0, Errors: 0, Skipped: 0, Time elapsed: 0.005 sec
Running org.apache.accumulo.core.iterators.FirstEntryInRowTest
Tests run: 2, Failures: 0, Errors: 2, Skipped: 0, Time elapsed: 0.026 sec <<< FAILURE!
Running org.apache.accumulo.core.iterators.IterUtilTest
Tests run: 5, Failures: 0, Errors: 0, Skipped: 0, Time elapsed: 0.007 sec
Running org.apache.accumulo.core.iterators.aggregation.NumSummationTest
Tests run: 5, Failures: 0, Errors: 0, Skipped: 0, Time elapsed: 0.008 sec
Running org.apache.accumulo.core.iterators.aggregation.conf.AggregatorConfigurationTest
Tests run: 2, Failures: 0, Errors: 0, Skipped: 0, Time elapsed: 0.007 sec
Running org.apache.accumulo.core.util.TextUtilTest
Tests run: 1, Failures: 0, Errors: 0, Skipped: 0, Time elapsed: 0.001 sec
Running org.apache.accumulo.core.util.LocalityGroupUtilTest
Tests run: 2, Failures: 0, Errors: 0, Skipped: 0, Time elapsed: 0.01 sec
Running org.apache.accumulo.core.util.TestVersion
Tests run: 1, Failures: 0, Errors: 0, Skipped: 0, Time elapsed: 0.006 sec
Running org.apache.accumulo.core.util.TestStringUtil
Tests run: 1, Failures: 0, Errors: 0, Skipped: 0, Time elapsed: 0.001 sec
Running org.apache.accumulo.core.util.MergeTest
Tests run: 1, Failures: 0, Errors: 0, Skipped: 0, Time elapsed: 0.004 sec
Running org.apache.accumulo.core.util.shell.ShellTest
usage: about [-?] [-v]
description: displays information about this program
  -?,--help        display this help
  -v,--verbose     display detailed session information
Tests run: 3, Failures: 0, Errors: 0, Skipped: 0, Time elapsed: 0.261 sec
Running org.apache.accumulo.core.util.shell.command.FormatterCommandTest
Tests run: 1, Failures: 0, Errors: 0, Skipped: 0, Time elapsed: 0.029 sec
Running org.apache.accumulo.core.util.AddressUtilTest
Tests run: 2, Failures: 0, Errors: 0, Skipped: 0, Time elapsed: 0.019 sec
Running org.apache.accumulo.core.util.EscapeTokenizerTest
Tests run: 11, Failures: 0, Errors: 0, Skipped: 0, Time elapsed: 0.014 sec
Running org.apache.accumulo.core.util.MetadataTableTest
Tests run: 1, Failures: 0, Errors: 0, Skipped: 0, Time elapsed: 0.008 sec
Running org.apache.accumulo.core.security.AuthorizationsTest
Tests run: 2, Failures: 0, Errors: 0, Skipped: 0, Time elapsed: 0.009 sec
Running org.apache.accumulo.core.security.ColumnVisibilityTest
Tests run: 10, Failures: 0, Errors: 0, Skipped: 0, Time elapsed: 0.019 sec
Running org.apache.accumulo.core.security.VisibilityEvaluatorTest
Tests run: 1, Failures: 0, Errors: 0, Skipped: 0, Time elapsed: 0.002 sec
Running org.apache.accumulo.core.client.ClientSideIteratorTest
Tests run: 2, Failures: 0, Errors: 0, Skipped: 0, Time elapsed: 0.01 sec
Running org.apache.accumulo.core.client.mapreduce.lib.partition.RangePartitionerTest
Tests run: 2, Failures: 0, Errors: 0, Skipped: 0, Time elapsed: 0.444 sec
Running org.apache.accumulo.core.client.mapreduce.AccumuloOutputFormatTest
Tests run: 1, Failures: 0, Errors: 0, Skipped: 0, Time elapsed: 0.061 sec
Running org.apache.accumulo.core.client.mapreduce.AccumuloRowInputFormatTest
Tests run: 1, Failures: 0, Errors: 0, Skipped: 0, Time elapsed: 0.013 sec
Running org.apache.accumulo.core.client.mapreduce.AccumuloFileOutputFormatTest
file:/tmp/icse19/dataset/august-2018/bugs-dot-jar/accumulo_buggy/core/target/_temporary/_attempt_local_0000_m_000000_0/part-m-00000.rf
file:/tmp/icse19/dataset/august-2018/bugs-dot-jar/accumulo_buggy/core/target/_temporary/_attempt_local_0000_m_000000_0/part-m-00000.rf
Tests run: 4, Failures: 0, Errors: 0, Skipped: 0, Time elapsed: 0.039 sec
Running org.apache.accumulo.core.client.mapreduce.AccumuloInputFormatTest
Tests run: 10, Failures: 1, Errors: 0, Skipped: 0, Time elapsed: 0.08 sec <<< FAILURE!
Running org.apache.accumulo.core.client.impl.ScannerOptionsTest
Tests run: 2, Failures: 0, Errors: 0, Skipped: 0, Time elapsed: 0.002 sec
Running org.apache.accumulo.core.client.impl.TabletLocatorImplTest
Tests run: 16, Failures: 0, Errors: 0, Skipped: 0, Time elapsed: 0.056 sec
Running org.apache.accumulo.core.client.mock.MockTableOperationsTest
Tests run: 1, Failures: 0, Errors: 0, Skipped: 0, Time elapsed: 0.003 sec
Running org.apache.accumulo.core.client.mock.MockConnectorTest
Tests run: 8, Failures: 0, Errors: 0, Skipped: 0, Time elapsed: 0.022 sec
Running org.apache.accumulo.core.client.admin.TableOperationsHelperTest
Tests run: 1, Failures: 0, Errors: 0, Skipped: 0, Time elapsed: 0.003 sec
Running org.apache.accumulo.core.client.admin.FindMaxTest
Tests run: 1, Failures: 0, Errors: 0, Skipped: 0, Time elapsed: 2.369 sec
Running org.apache.accumulo.core.client.RowIteratorTest
Tests run: 2, Failures: 0, Errors: 0, Skipped: 0, Time elapsed: 0.003 sec
Running org.apache.accumulo.core.conf.PropertyTest
Tests run: 3, Failures: 0, Errors: 0, Skipped: 0, Time elapsed: 0.005 sec
Running org.apache.accumulo.core.data.MutationTest
Tests run: 8, Failures: 0, Errors: 0, Skipped: 0, Time elapsed: 0.068 sec
Running org.apache.accumulo.core.data.RangeTest
Tests run: 43, Failures: 0, Errors: 0, Skipped: 0, Time elapsed: 0.055 sec
Running org.apache.accumulo.core.data.KeyExtentTest
Tests run: 3, Failures: 0, Errors: 0, Skipped: 0, Time elapsed: 0.011 sec
Running org.apache.accumulo.core.data.ColumnTest
Tests run: 3, Failures: 0, Errors: 0, Skipped: 0, Time elapsed: 0.004 sec
Running org.apache.accumulo.core.data.KeyTest
Tests run: 4, Failures: 0, Errors: 0, Skipped: 0, Time elapsed: 0.005 sec

Results :

Failed tests:   testAddIterator(org.apache.accumulo.core.client.mapreduce.AccumuloInputFormatTest): expected:<[v1]> but was:<[junk]>

Tests in error: 
  test1(org.apache.accumulo.core.iterators.FirstEntryInRowTest)
  test2(org.apache.accumulo.core.iterators.FirstEntryInRowTest)

Tests run: 281, Failures: 1, Errors: 2, Skipped: 0

[INFO] ------------------------------------------------------------------------
[INFO] BUILD FAILURE
[INFO] ------------------------------------------------------------------------
[INFO] Total time: 55.572 s
[INFO] Finished at: 2018-08-01T11:04:27+02:00
[INFO] Final Memory: 53M/1121M
[INFO] ------------------------------------------------------------------------
[ERROR] Failed to execute goal org.apache.maven.plugins:maven-surefire-plugin:2.12:test (default-test) on project accumulo-core: There are test failures.
[ERROR] 
[ERROR] Please refer to /tmp/icse19/dataset/august-2018/bugs-dot-jar/accumulo_buggy/core/target/surefire-reports for the individual test results.
[ERROR] -> [Help 1]
[ERROR] 
[ERROR] To see the full stack trace of the errors, re-run Maven with the -e switch.
[ERROR] Re-run Maven using the -X switch to enable full debug logging.
[ERROR] 
[ERROR] For more information about the errors and possible solutions, please read the following articles:
[ERROR] [Help 1] http://cwiki.apache.org/confluence/display/MAVEN/MojoFailureException
Writing HTML report to '/tmp/icse19/dataset/august-2018/bugs-dot-jar/accumulo_buggy/core/target/clover/report'
Done. Processed 42 packages in 15098ms (359ms per package).
[INFO] org.apache.accumulo.core.iterators.FirstEntryInRowTest;test2;test1
[INFO] ------------------------------------------------------------------------
[INFO] BUILD SUCCESS
[INFO] ------------------------------------------------------------------------
[INFO] Total time: 01:18 min
[INFO] Finished at: 2018-08-01T11:04:45+02:00
[INFO] Final Memory: 38M/1420M
[INFO] ------------------------------------------------------------------------
cd dataset/august-2018/bugs-dot-jar/accumulo_buggy/core && ~/apache-maven-3.3.9/bin/mvn clean versions:use-latest-versions -Dincludes=junit:junit eu.stamp-project:diff-test-selection:0.2:list -DpathToDiff=../.bugs-dot-jar/developer-patch.diff -DpathToOtherVersion=../../accumulo_fixed/ -DoutputPath=../../../accumulo/data_test-selection_bugs-dot-jar_ACCUMULO-776_dc9f23d9.csv -Dreport=CSV
rm -rf accumulo_fixed
