rm -rf dataset/august-2018/bugs-dot-jar/accumulo_buggy
cp -r dataset/august-2018/bugs-dot-jar/accumulo dataset/august-2018/bugs-dot-jar/accumulo_buggy
Previous HEAD position was 204f19301... Added bug report.
HEAD is now at 89a466a9f... Added bug report.
[INFO] Scanning for projects...
[INFO] ------------------------------------------------------------------------
[INFO] Reactor Build Order:
[INFO] 
[INFO] Apache Accumulo Project
[INFO] Trace
[INFO] Fate
[INFO] Start
[INFO] Core
[INFO] Server
[INFO] Examples
[INFO] Simple Examples
[INFO] MiniCluster
[INFO] Testing
[INFO] Proxy
[INFO] Assemblies
[INFO]                                                                         
[INFO] ------------------------------------------------------------------------
[INFO] Building Apache Accumulo Project 1.5.3-SNAPSHOT
[INFO] ------------------------------------------------------------------------
[INFO] 
[INFO] --- maven-clean-plugin:2.5:clean (default-clean) @ accumulo-project ---
[INFO] Deleting /tmp/icse19/dataset/august-2018/bugs-dot-jar/accumulo_buggy/test (includes = [**/*.so], excludes = [])
[INFO] Deleting /tmp/icse19/dataset/august-2018/bugs-dot-jar/accumulo_buggy (includes = [**/*.pyc], excludes = [])
[INFO] 
[INFO] --- maven-sortpom-plugin:2.1.0:verify (verify-sorted-pom) @ accumulo-project ---
[INFO] Verifying file /tmp/icse19/dataset/august-2018/bugs-dot-jar/accumulo_buggy/pom.xml
[INFO] 
[INFO] --- maven-enforcer-plugin:1.0.1:enforce (enforce-mvn) @ accumulo-project ---
[INFO] 
[INFO] --- mavanagaiata:0.7.0:commit (git-commit) @ accumulo-project ---
[INFO] 
[INFO] --- maven-remote-resources-plugin:1.4:process (default) @ accumulo-project ---
[INFO] 
[INFO] --- maven-dependency-plugin:2.8:copy-dependencies (copy-dependencies) @ accumulo-project ---
[INFO] 
[INFO] --- maven-site-plugin:3.3:attach-descriptor (attach-descriptor) @ accumulo-project ---
[INFO] 
[INFO] --- maven-failsafe-plugin:2.12.4:integration-test (run-integration-tests) @ accumulo-project ---
[INFO] Tests are skipped.
[INFO] 
[INFO] --- maven-checkstyle-plugin:2.13:check (check-style) @ accumulo-project ---
[INFO] 
[INFO] 
[INFO] --- maven-failsafe-plugin:2.12.4:verify (verify-integration-tests) @ accumulo-project ---
[INFO] Tests are skipped.
[INFO] 
[INFO] --- maven-install-plugin:2.3.1:install (default-install) @ accumulo-project ---
[INFO] Installing /tmp/icse19/dataset/august-2018/bugs-dot-jar/accumulo_buggy/pom.xml to /home/spirals/danglot/.m2/repository/org/apache/accumulo/accumulo-project/1.5.3-SNAPSHOT/accumulo-project-1.5.3-SNAPSHOT.pom
[INFO] Installing /tmp/icse19/dataset/august-2018/bugs-dot-jar/accumulo_buggy/target/accumulo-project-1.5.3-SNAPSHOT-site.xml to /home/spirals/danglot/.m2/repository/org/apache/accumulo/accumulo-project/1.5.3-SNAPSHOT/accumulo-project-1.5.3-SNAPSHOT-site.xml
[INFO]                                                                         
[INFO] ------------------------------------------------------------------------
[INFO] Building Trace 1.5.3-SNAPSHOT
[INFO] ------------------------------------------------------------------------
[INFO] 
[INFO] --- maven-clean-plugin:2.5:clean (default-clean) @ accumulo-trace ---
[INFO] Deleting /tmp/icse19/dataset/august-2018/bugs-dot-jar/accumulo_buggy/trace (includes = [**/*.pyc], excludes = [])
[INFO] 
[INFO] --- maven-sortpom-plugin:2.1.0:verify (verify-sorted-pom) @ accumulo-trace ---
[INFO] Verifying file /tmp/icse19/dataset/august-2018/bugs-dot-jar/accumulo_buggy/trace/pom.xml
[INFO] 
[INFO] --- maven-enforcer-plugin:1.0.1:enforce (enforce-mvn) @ accumulo-trace ---
[INFO] 
[INFO] --- mavanagaiata:0.7.0:commit (git-commit) @ accumulo-trace ---
[INFO] 
[INFO] --- maven-remote-resources-plugin:1.4:process (default) @ accumulo-trace ---
[INFO] 
[INFO] --- maven-resources-plugin:2.6:resources (default-resources) @ accumulo-trace ---
[INFO] Using 'UTF-8' encoding to copy filtered resources.
[INFO] skip non existing resourceDirectory /tmp/icse19/dataset/august-2018/bugs-dot-jar/accumulo_buggy/trace/src/main/resources
[INFO] Copying 3 resources
[INFO] 
[INFO] --- maven-compiler-plugin:2.5.1:compile (default-compile) @ accumulo-trace ---
[INFO] Compiling 22 source files to /tmp/icse19/dataset/august-2018/bugs-dot-jar/accumulo_buggy/trace/target/classes
[INFO] 
[INFO] --- maven-resources-plugin:2.6:testResources (default-testResources) @ accumulo-trace ---
[INFO] Using 'UTF-8' encoding to copy filtered resources.
[INFO] skip non existing resourceDirectory /tmp/icse19/dataset/august-2018/bugs-dot-jar/accumulo_buggy/trace/src/test/resources
[INFO] Copying 3 resources
[INFO] 
[INFO] --- maven-compiler-plugin:2.5.1:testCompile (default-testCompile) @ accumulo-trace ---
[INFO] Compiling 3 source files to /tmp/icse19/dataset/august-2018/bugs-dot-jar/accumulo_buggy/trace/target/test-classes
[INFO] 
[INFO] --- maven-surefire-plugin:2.12.4:test (default-test) @ accumulo-trace ---
[INFO] Tests are skipped.
[INFO] 
[INFO] --- maven-dependency-plugin:2.8:copy-dependencies (copy-dependencies) @ accumulo-trace ---
[INFO] Copying libthrift-0.9.0.jar to /tmp/icse19/dataset/august-2018/bugs-dot-jar/accumulo_buggy/lib/libthrift.jar
[INFO] 
[INFO] --- maven-jar-plugin:2.4:jar (default-jar) @ accumulo-trace ---
[INFO] Building jar: /tmp/icse19/dataset/august-2018/bugs-dot-jar/accumulo_buggy/trace/target/accumulo-trace-1.5.3-SNAPSHOT.jar
[INFO] 
[INFO] --- maven-site-plugin:3.3:attach-descriptor (attach-descriptor) @ accumulo-trace ---
[INFO] 
[INFO] --- maven-failsafe-plugin:2.12.4:integration-test (run-integration-tests) @ accumulo-trace ---
[INFO] Tests are skipped.
[INFO] 
[INFO] --- maven-checkstyle-plugin:2.13:check (check-style) @ accumulo-trace ---
[INFO] 
[INFO] 
[INFO] --- maven-failsafe-plugin:2.12.4:verify (verify-integration-tests) @ accumulo-trace ---
[INFO] Tests are skipped.
[INFO] 
[INFO] --- maven-install-plugin:2.3.1:install (default-install) @ accumulo-trace ---
[INFO] Installing /tmp/icse19/dataset/august-2018/bugs-dot-jar/accumulo_buggy/trace/target/accumulo-trace-1.5.3-SNAPSHOT.jar to /home/spirals/danglot/.m2/repository/org/apache/accumulo/accumulo-trace/1.5.3-SNAPSHOT/accumulo-trace-1.5.3-SNAPSHOT.jar
[INFO] Installing /tmp/icse19/dataset/august-2018/bugs-dot-jar/accumulo_buggy/trace/pom.xml to /home/spirals/danglot/.m2/repository/org/apache/accumulo/accumulo-trace/1.5.3-SNAPSHOT/accumulo-trace-1.5.3-SNAPSHOT.pom
[INFO]                                                                         
[INFO] ------------------------------------------------------------------------
[INFO] Building Fate 1.5.3-SNAPSHOT
[INFO] ------------------------------------------------------------------------
[INFO] 
[INFO] --- maven-clean-plugin:2.5:clean (default-clean) @ accumulo-fate ---
[INFO] Deleting /tmp/icse19/dataset/august-2018/bugs-dot-jar/accumulo_buggy/fate (includes = [**/*.pyc], excludes = [])
[INFO] 
[INFO] --- maven-sortpom-plugin:2.1.0:verify (verify-sorted-pom) @ accumulo-fate ---
[INFO] Verifying file /tmp/icse19/dataset/august-2018/bugs-dot-jar/accumulo_buggy/fate/pom.xml
[INFO] 
[INFO] --- maven-enforcer-plugin:1.0.1:enforce (enforce-mvn) @ accumulo-fate ---
[INFO] 
[INFO] --- mavanagaiata:0.7.0:commit (git-commit) @ accumulo-fate ---
[INFO] 
[INFO] --- maven-remote-resources-plugin:1.4:process (default) @ accumulo-fate ---
[INFO] 
[INFO] --- maven-resources-plugin:2.6:resources (default-resources) @ accumulo-fate ---
[INFO] Using 'UTF-8' encoding to copy filtered resources.
[INFO] skip non existing resourceDirectory /tmp/icse19/dataset/august-2018/bugs-dot-jar/accumulo_buggy/fate/src/main/resources
[INFO] Copying 3 resources
[INFO] 
[INFO] --- maven-compiler-plugin:2.5.1:compile (default-compile) @ accumulo-fate ---
[INFO] Compiling 26 source files to /tmp/icse19/dataset/august-2018/bugs-dot-jar/accumulo_buggy/fate/target/classes
[INFO] 
[INFO] --- maven-resources-plugin:2.6:testResources (default-testResources) @ accumulo-fate ---
[INFO] Using 'UTF-8' encoding to copy filtered resources.
[INFO] Copying 1 resource
[INFO] Copying 3 resources
[INFO] 
[INFO] --- maven-compiler-plugin:2.5.1:testCompile (default-testCompile) @ accumulo-fate ---
[INFO] Compiling 7 source files to /tmp/icse19/dataset/august-2018/bugs-dot-jar/accumulo_buggy/fate/target/test-classes
[INFO] 
[INFO] --- maven-surefire-plugin:2.12.4:test (default-test) @ accumulo-fate ---
[INFO] Tests are skipped.
[INFO] 
[INFO] --- maven-dependency-plugin:2.8:copy-dependencies (copy-dependencies) @ accumulo-fate ---
[INFO] Copying guava-14.0.1.jar to /tmp/icse19/dataset/august-2018/bugs-dot-jar/accumulo_buggy/lib/guava.jar
[INFO] 
[INFO] --- maven-jar-plugin:2.4:jar (default-jar) @ accumulo-fate ---
[INFO] Building jar: /tmp/icse19/dataset/august-2018/bugs-dot-jar/accumulo_buggy/fate/target/accumulo-fate-1.5.3-SNAPSHOT.jar
[INFO] 
[INFO] --- maven-site-plugin:3.3:attach-descriptor (attach-descriptor) @ accumulo-fate ---
[INFO] 
[INFO] --- maven-failsafe-plugin:2.12.4:integration-test (run-integration-tests) @ accumulo-fate ---
[INFO] Tests are skipped.
[INFO] 
[INFO] --- maven-checkstyle-plugin:2.13:check (check-style) @ accumulo-fate ---
[INFO] 
[INFO] 
[INFO] --- maven-failsafe-plugin:2.12.4:verify (verify-integration-tests) @ accumulo-fate ---
[INFO] Tests are skipped.
[INFO] 
[INFO] --- maven-install-plugin:2.3.1:install (default-install) @ accumulo-fate ---
[INFO] Installing /tmp/icse19/dataset/august-2018/bugs-dot-jar/accumulo_buggy/fate/target/accumulo-fate-1.5.3-SNAPSHOT.jar to /home/spirals/danglot/.m2/repository/org/apache/accumulo/accumulo-fate/1.5.3-SNAPSHOT/accumulo-fate-1.5.3-SNAPSHOT.jar
[INFO] Installing /tmp/icse19/dataset/august-2018/bugs-dot-jar/accumulo_buggy/fate/pom.xml to /home/spirals/danglot/.m2/repository/org/apache/accumulo/accumulo-fate/1.5.3-SNAPSHOT/accumulo-fate-1.5.3-SNAPSHOT.pom
[INFO]                                                                         
[INFO] ------------------------------------------------------------------------
[INFO] Building Start 1.5.3-SNAPSHOT
[INFO] ------------------------------------------------------------------------
[INFO] 
[INFO] --- maven-clean-plugin:2.5:clean (default-clean) @ accumulo-start ---
[INFO] Deleting /tmp/icse19/dataset/august-2018/bugs-dot-jar/accumulo_buggy/start (includes = [**/*.pyc], excludes = [])
[INFO] 
[INFO] --- maven-sortpom-plugin:2.1.0:verify (verify-sorted-pom) @ accumulo-start ---
[INFO] Verifying file /tmp/icse19/dataset/august-2018/bugs-dot-jar/accumulo_buggy/start/pom.xml
[INFO] 
[INFO] --- maven-enforcer-plugin:1.0.1:enforce (enforce-mvn) @ accumulo-start ---
[INFO] 
[INFO] --- mavanagaiata:0.7.0:commit (git-commit) @ accumulo-start ---
[INFO] 
[INFO] --- maven-remote-resources-plugin:1.4:process (default) @ accumulo-start ---
[INFO] 
[INFO] --- maven-resources-plugin:2.6:resources (default-resources) @ accumulo-start ---
[INFO] Using 'UTF-8' encoding to copy filtered resources.
[INFO] skip non existing resourceDirectory /tmp/icse19/dataset/august-2018/bugs-dot-jar/accumulo_buggy/start/src/main/resources
[INFO] Copying 3 resources
[INFO] 
[INFO] --- maven-compiler-plugin:2.5.1:compile (default-compile) @ accumulo-start ---
[INFO] Compiling 18 source files to /tmp/icse19/dataset/august-2018/bugs-dot-jar/accumulo_buggy/start/target/classes
[INFO] 
[INFO] --- maven-resources-plugin:2.6:testResources (default-testResources) @ accumulo-start ---
[INFO] Using 'UTF-8' encoding to copy filtered resources.
[INFO] Copying 6 resources
[INFO] Copying 3 resources
[INFO] 
[INFO] --- maven-compiler-plugin:2.5.1:testCompile (default-testCompile) @ accumulo-start ---
[INFO] Compiling 7 source files to /tmp/icse19/dataset/august-2018/bugs-dot-jar/accumulo_buggy/start/target/test-classes
[INFO] 
[INFO] --- maven-surefire-plugin:2.12.4:test (default-test) @ accumulo-start ---
[INFO] Tests are skipped.
[INFO] 
[INFO] --- maven-dependency-plugin:2.8:copy-dependencies (copy-dependencies) @ accumulo-start ---
[INFO] Copying commons-vfs2-2.0.jar to /tmp/icse19/dataset/august-2018/bugs-dot-jar/accumulo_buggy/lib/commons-vfs2.jar
[INFO] 
[INFO] --- maven-jar-plugin:2.4:jar (default-jar) @ accumulo-start ---
[INFO] Building jar: /tmp/icse19/dataset/august-2018/bugs-dot-jar/accumulo_buggy/start/target/accumulo-start-1.5.3-SNAPSHOT.jar
[INFO] 
[INFO] --- maven-site-plugin:3.3:attach-descriptor (attach-descriptor) @ accumulo-start ---
[INFO] 
[INFO] --- maven-failsafe-plugin:2.12.4:integration-test (run-integration-tests) @ accumulo-start ---
[INFO] Tests are skipped.
[INFO] 
[INFO] --- maven-checkstyle-plugin:2.13:check (check-style) @ accumulo-start ---
[INFO] 
[INFO] 
[INFO] --- maven-failsafe-plugin:2.12.4:verify (verify-integration-tests) @ accumulo-start ---
[INFO] Tests are skipped.
[INFO] 
[INFO] --- maven-install-plugin:2.3.1:install (default-install) @ accumulo-start ---
[INFO] Installing /tmp/icse19/dataset/august-2018/bugs-dot-jar/accumulo_buggy/start/target/accumulo-start-1.5.3-SNAPSHOT.jar to /home/spirals/danglot/.m2/repository/org/apache/accumulo/accumulo-start/1.5.3-SNAPSHOT/accumulo-start-1.5.3-SNAPSHOT.jar
[INFO] Installing /tmp/icse19/dataset/august-2018/bugs-dot-jar/accumulo_buggy/start/pom.xml to /home/spirals/danglot/.m2/repository/org/apache/accumulo/accumulo-start/1.5.3-SNAPSHOT/accumulo-start-1.5.3-SNAPSHOT.pom
[INFO]                                                                         
[INFO] ------------------------------------------------------------------------
[INFO] Building Core 1.5.3-SNAPSHOT
[INFO] ------------------------------------------------------------------------
[INFO] 
[INFO] --- maven-clean-plugin:2.5:clean (default-clean) @ accumulo-core ---
[INFO] Deleting /tmp/icse19/dataset/august-2018/bugs-dot-jar/accumulo_buggy/core (includes = [**/*.pyc], excludes = [])
[INFO] 
[INFO] --- maven-sortpom-plugin:2.1.0:verify (verify-sorted-pom) @ accumulo-core ---
[INFO] Verifying file /tmp/icse19/dataset/august-2018/bugs-dot-jar/accumulo_buggy/core/pom.xml
[INFO] 
[INFO] --- maven-enforcer-plugin:1.0.1:enforce (enforce-mvn) @ accumulo-core ---
[INFO] 
[INFO] --- mavanagaiata:0.7.0:commit (git-commit) @ accumulo-core ---
[INFO] 
[INFO] --- maven-resources-plugin:2.6:copy-resources (prepare-filtered-java-source) @ accumulo-core ---
[INFO] Using 'UTF-8' encoding to copy filtered resources.
[INFO] Copying 1 resource
[INFO] 
[INFO] --- build-helper-maven-plugin:1.8:add-source (add-filtered-java-source) @ accumulo-core ---
[INFO] Source directory: /tmp/icse19/dataset/august-2018/bugs-dot-jar/accumulo_buggy/core/target/filtered-java-src added.
[INFO] 
[INFO] --- maven-remote-resources-plugin:1.4:process (default) @ accumulo-core ---
[INFO] 
[INFO] --- maven-resources-plugin:2.6:resources (default-resources) @ accumulo-core ---
[INFO] Using 'UTF-8' encoding to copy filtered resources.
[INFO] Copying 1 resource
[INFO] Copying 3 resources
[INFO] 
[INFO] --- maven-compiler-plugin:2.5.1:compile (default-compile) @ accumulo-core ---
[INFO] Compiling 490 source files to /tmp/icse19/dataset/august-2018/bugs-dot-jar/accumulo_buggy/core/target/classes
[WARNING] bootstrap class path not set in conjunction with -source 1.6
/tmp/icse19/dataset/august-2018/bugs-dot-jar/accumulo_buggy/core/src/main/java/org/apache/accumulo/core/iterators/aggregation/conf/AggregatorConfiguration.java:[19,46] [deprecation] PerColumnIteratorConfig in org.apache.accumulo.core.iterators.conf has been deprecated
[WARNING] /tmp/icse19/dataset/august-2018/bugs-dot-jar/accumulo_buggy/core/src/main/java/org/apache/accumulo/core/iterators/aggregation/conf/AggregatorSet.java:[22,53] [deprecation] Aggregator in org.apache.accumulo.core.iterators.aggregation has been deprecated
[WARNING] /tmp/icse19/dataset/august-2018/bugs-dot-jar/accumulo_buggy/core/src/main/java/org/apache/accumulo/core/iterators/AggregatingIterator.java:[30,53] [deprecation] Aggregator in org.apache.accumulo.core.iterators.aggregation has been deprecated
[INFO] 
[INFO] --- maven-resources-plugin:2.6:testResources (default-testResources) @ accumulo-core ---
[INFO] Using 'UTF-8' encoding to copy filtered resources.
[INFO] Copying 6 resources
[INFO] Copying 3 resources
[INFO] 
[INFO] --- maven-compiler-plugin:2.5.1:testCompile (default-testCompile) @ accumulo-core ---
[INFO] Compiling 92 source files to /tmp/icse19/dataset/august-2018/bugs-dot-jar/accumulo_buggy/core/target/test-classes
[WARNING] bootstrap class path not set in conjunction with -source 1.6
/tmp/icse19/dataset/august-2018/bugs-dot-jar/accumulo_buggy/core/src/test/java/org/apache/accumulo/core/iterators/aggregation/conf/AggregatorConfigurationTest.java:[21,46] [deprecation] PerColumnIteratorConfig in org.apache.accumulo.core.iterators.conf has been deprecated
[WARNING] /tmp/icse19/dataset/august-2018/bugs-dot-jar/accumulo_buggy/core/src/test/java/org/apache/accumulo/core/iterators/AggregatingIteratorTest.java:[34,53] [deprecation] Aggregator in org.apache.accumulo.core.iterators.aggregation has been deprecated
[INFO] 
[INFO] --- maven-surefire-plugin:2.12.4:test (default-test) @ accumulo-core ---
[INFO] Tests are skipped.
[INFO] 
[INFO] --- maven-dependency-plugin:2.8:copy-dependencies (copy-dependencies) @ accumulo-core ---
[INFO] Copying commons-math-2.1.jar to /tmp/icse19/dataset/august-2018/bugs-dot-jar/accumulo_buggy/lib/commons-math.jar
[INFO] Copying jcommander-1.30.jar to /tmp/icse19/dataset/august-2018/bugs-dot-jar/accumulo_buggy/lib/jcommander.jar
[INFO] Copying jline-1.0.jar to /tmp/icse19/dataset/august-2018/bugs-dot-jar/accumulo_buggy/lib/jline.jar
[INFO] Copying accumulo-fate-1.5.3-SNAPSHOT.jar to /tmp/icse19/dataset/august-2018/bugs-dot-jar/accumulo_buggy/lib/accumulo-fate.jar
[INFO] Copying accumulo-trace-1.5.3-SNAPSHOT.jar to /tmp/icse19/dataset/august-2018/bugs-dot-jar/accumulo_buggy/lib/accumulo-trace.jar
[INFO] Copying accumulo-start-1.5.3-SNAPSHOT.jar to /tmp/icse19/dataset/august-2018/bugs-dot-jar/accumulo_buggy/lib/accumulo-start.jar
[INFO] commons-vfs2-2.0.jar already exists in destination.
[INFO] libthrift-0.9.0.jar already exists in destination.
[INFO] guava-14.0.1.jar already exists in destination.
[INFO] 
[INFO] --- maven-jar-plugin:2.4:jar (default-jar) @ accumulo-core ---
[INFO] Building jar: /tmp/icse19/dataset/august-2018/bugs-dot-jar/accumulo_buggy/core/target/accumulo-core-1.5.3-SNAPSHOT.jar
[INFO] 
[INFO] --- maven-site-plugin:3.3:attach-descriptor (attach-descriptor) @ accumulo-core ---
[INFO] 
[INFO] --- maven-failsafe-plugin:2.12.4:integration-test (run-integration-tests) @ accumulo-core ---
[INFO] Tests are skipped.
[INFO] 
[INFO] --- maven-checkstyle-plugin:2.13:check (check-style) @ accumulo-core ---
[INFO] 
[INFO] 
[INFO] --- maven-failsafe-plugin:2.12.4:verify (verify-integration-tests) @ accumulo-core ---
[INFO] Tests are skipped.
[INFO] 
[INFO] --- maven-install-plugin:2.3.1:install (default-install) @ accumulo-core ---
[INFO] Installing /tmp/icse19/dataset/august-2018/bugs-dot-jar/accumulo_buggy/core/target/accumulo-core-1.5.3-SNAPSHOT.jar to /home/spirals/danglot/.m2/repository/org/apache/accumulo/accumulo-core/1.5.3-SNAPSHOT/accumulo-core-1.5.3-SNAPSHOT.jar
[INFO] Installing /tmp/icse19/dataset/august-2018/bugs-dot-jar/accumulo_buggy/core/pom.xml to /home/spirals/danglot/.m2/repository/org/apache/accumulo/accumulo-core/1.5.3-SNAPSHOT/accumulo-core-1.5.3-SNAPSHOT.pom
[INFO]                                                                         
[INFO] ------------------------------------------------------------------------
[INFO] Building Server 1.5.3-SNAPSHOT
[INFO] ------------------------------------------------------------------------
[INFO] 
[INFO] --- maven-clean-plugin:2.5:clean (default-clean) @ accumulo-server ---
[INFO] Deleting /tmp/icse19/dataset/august-2018/bugs-dot-jar/accumulo_buggy/server (includes = [**/*.pyc], excludes = [])
[INFO] 
[INFO] --- maven-sortpom-plugin:2.1.0:verify (verify-sorted-pom) @ accumulo-server ---
[INFO] Verifying file /tmp/icse19/dataset/august-2018/bugs-dot-jar/accumulo_buggy/server/pom.xml
[INFO] 
[INFO] --- maven-enforcer-plugin:1.0.1:enforce (enforce-mvn) @ accumulo-server ---
[INFO] 
[INFO] --- mavanagaiata:0.7.0:commit (git-commit) @ accumulo-server ---
[INFO] 
[INFO] --- maven-remote-resources-plugin:1.4:process (default) @ accumulo-server ---
[INFO] 
[INFO] --- maven-resources-plugin:2.6:resources (default-resources) @ accumulo-server ---
[INFO] Using 'UTF-8' encoding to copy filtered resources.
[INFO] Copying 35 resources
[INFO] Copying 3 resources
[INFO] 
[INFO] --- maven-compiler-plugin:2.5.1:compile (default-compile) @ accumulo-server ---
[INFO] Compiling 251 source files to /tmp/icse19/dataset/august-2018/bugs-dot-jar/accumulo_buggy/server/target/classes
[WARNING] bootstrap class path not set in conjunction with -source 1.6
/tmp/icse19/dataset/august-2018/bugs-dot-jar/accumulo_buggy/server/src/main/java/org/apache/accumulo/server/master/Master.java:[233,23] '_' used as an identifier
[WARNING]   (use of '_' as an identifier might not be supported in releases after Java SE 8)
/tmp/icse19/dataset/august-2018/bugs-dot-jar/accumulo_buggy/server/src/main/java/org/apache/accumulo/server/master/Master.java:[237,56] '_' used as an identifier
[WARNING]   (use of '_' as an identifier might not be supported in releases after Java SE 8)
/tmp/icse19/dataset/august-2018/bugs-dot-jar/accumulo_buggy/server/src/main/java/org/apache/accumulo/server/master/Master.java:[237,66] '_' used as an identifier
[WARNING]   (use of '_' as an identifier might not be supported in releases after Java SE 8)
/tmp/icse19/dataset/august-2018/bugs-dot-jar/accumulo_buggy/server/src/main/java/org/apache/accumulo/server/master/Master.java:[237,74] '_' used as an identifier
[WARNING]   (use of '_' as an identifier might not be supported in releases after Java SE 8)
/tmp/icse19/dataset/august-2018/bugs-dot-jar/accumulo_buggy/server/src/main/java/org/apache/accumulo/server/master/Master.java:[237,85] '_' used as an identifier
[WARNING]   (use of '_' as an identifier might not be supported in releases after Java SE 8)
/tmp/icse19/dataset/august-2018/bugs-dot-jar/accumulo_buggy/server/src/main/java/org/apache/accumulo/server/master/Master.java:[238,39] '_' used as an identifier
[WARNING]   (use of '_' as an identifier might not be supported in releases after Java SE 8)
/tmp/icse19/dataset/august-2018/bugs-dot-jar/accumulo_buggy/server/src/main/java/org/apache/accumulo/server/master/Master.java:[238,74] '_' used as an identifier
[WARNING]   (use of '_' as an identifier might not be supported in releases after Java SE 8)
/tmp/icse19/dataset/august-2018/bugs-dot-jar/accumulo_buggy/server/src/main/java/org/apache/accumulo/server/master/Master.java:[238,85] '_' used as an identifier
[WARNING]   (use of '_' as an identifier might not be supported in releases after Java SE 8)
/tmp/icse19/dataset/august-2018/bugs-dot-jar/accumulo_buggy/server/src/main/java/org/apache/accumulo/server/master/Master.java:[239,39] '_' used as an identifier
[WARNING]   (use of '_' as an identifier might not be supported in releases after Java SE 8)
/tmp/icse19/dataset/august-2018/bugs-dot-jar/accumulo_buggy/server/src/main/java/org/apache/accumulo/server/master/Master.java:[239,46] '_' used as an identifier
[WARNING]   (use of '_' as an identifier might not be supported in releases after Java SE 8)
/tmp/icse19/dataset/august-2018/bugs-dot-jar/accumulo_buggy/server/src/main/java/org/apache/accumulo/server/master/Master.java:[239,85] '_' used as an identifier
[WARNING]   (use of '_' as an identifier might not be supported in releases after Java SE 8)
/tmp/icse19/dataset/august-2018/bugs-dot-jar/accumulo_buggy/server/src/main/java/org/apache/accumulo/server/master/Master.java:[240,39] '_' used as an identifier
[WARNING]   (use of '_' as an identifier might not be supported in releases after Java SE 8)
/tmp/icse19/dataset/august-2018/bugs-dot-jar/accumulo_buggy/server/src/main/java/org/apache/accumulo/server/master/Master.java:[240,46] '_' used as an identifier
[WARNING]   (use of '_' as an identifier might not be supported in releases after Java SE 8)
/tmp/icse19/dataset/august-2018/bugs-dot-jar/accumulo_buggy/server/src/main/java/org/apache/accumulo/server/master/Master.java:[240,85] '_' used as an identifier
[WARNING]   (use of '_' as an identifier might not be supported in releases after Java SE 8)
/tmp/icse19/dataset/august-2018/bugs-dot-jar/accumulo_buggy/server/src/main/java/org/apache/accumulo/server/master/Master.java:[241,39] '_' used as an identifier
[WARNING]   (use of '_' as an identifier might not be supported in releases after Java SE 8)
/tmp/icse19/dataset/august-2018/bugs-dot-jar/accumulo_buggy/server/src/main/java/org/apache/accumulo/server/master/Master.java:[241,46] '_' used as an identifier
[WARNING]   (use of '_' as an identifier might not be supported in releases after Java SE 8)
/tmp/icse19/dataset/august-2018/bugs-dot-jar/accumulo_buggy/server/src/main/java/org/apache/accumulo/server/master/Master.java:[242,39] '_' used as an identifier
[WARNING]   (use of '_' as an identifier might not be supported in releases after Java SE 8)
/tmp/icse19/dataset/august-2018/bugs-dot-jar/accumulo_buggy/server/src/main/java/org/apache/accumulo/server/master/Master.java:[242,46] '_' used as an identifier
[WARNING]   (use of '_' as an identifier might not be supported in releases after Java SE 8)
/tmp/icse19/dataset/august-2018/bugs-dot-jar/accumulo_buggy/server/src/main/java/org/apache/accumulo/server/master/Master.java:[242,56] '_' used as an identifier
[WARNING]   (use of '_' as an identifier might not be supported in releases after Java SE 8)
/tmp/icse19/dataset/august-2018/bugs-dot-jar/accumulo_buggy/server/src/main/java/org/apache/accumulo/server/master/Master.java:[242,74] '_' used as an identifier
[WARNING]   (use of '_' as an identifier might not be supported in releases after Java SE 8)
/tmp/icse19/dataset/august-2018/bugs-dot-jar/accumulo_buggy/server/src/main/java/org/apache/accumulo/server/master/Master.java:[243,39] '_' used as an identifier
[WARNING]   (use of '_' as an identifier might not be supported in releases after Java SE 8)
/tmp/icse19/dataset/august-2018/bugs-dot-jar/accumulo_buggy/server/src/main/java/org/apache/accumulo/server/master/Master.java:[243,46] '_' used as an identifier
[WARNING]   (use of '_' as an identifier might not be supported in releases after Java SE 8)
/tmp/icse19/dataset/august-2018/bugs-dot-jar/accumulo_buggy/server/src/main/java/org/apache/accumulo/server/master/Master.java:[243,56] '_' used as an identifier
[WARNING]   (use of '_' as an identifier might not be supported in releases after Java SE 8)
/tmp/icse19/dataset/august-2018/bugs-dot-jar/accumulo_buggy/server/src/main/java/org/apache/accumulo/server/master/Master.java:[243,66] '_' used as an identifier
[WARNING]   (use of '_' as an identifier might not be supported in releases after Java SE 8)
/tmp/icse19/dataset/august-2018/bugs-dot-jar/accumulo_buggy/server/src/main/java/org/apache/accumulo/server/master/Master.java:[243,74] '_' used as an identifier
[WARNING]   (use of '_' as an identifier might not be supported in releases after Java SE 8)
/tmp/icse19/dataset/august-2018/bugs-dot-jar/accumulo_buggy/server/src/main/java/org/apache/accumulo/server/master/Master.java:[243,85] '_' used as an identifier
[INFO] 
[INFO] --- maven-resources-plugin:2.6:testResources (default-testResources) @ accumulo-server ---
[INFO] Using 'UTF-8' encoding to copy filtered resources.
[INFO] Copying 1 resource
[INFO] Copying 3 resources
[INFO] 
[INFO] --- maven-compiler-plugin:2.5.1:testCompile (default-testCompile) @ accumulo-server ---
[INFO] Compiling 27 source files to /tmp/icse19/dataset/august-2018/bugs-dot-jar/accumulo_buggy/server/target/test-classes
[INFO] 
[INFO] --- maven-surefire-plugin:2.12.4:test (default-test) @ accumulo-server ---
[INFO] Tests are skipped.
[INFO] 
[INFO] --- maven-dependency-plugin:2.8:copy-dependencies (copy-dependencies) @ accumulo-server ---
[INFO] Copying gson-2.2.2.jar to /tmp/icse19/dataset/august-2018/bugs-dot-jar/accumulo_buggy/lib/gson.jar
[INFO] Copying jetty-6.1.26.jar to /tmp/icse19/dataset/august-2018/bugs-dot-jar/accumulo_buggy/lib/jetty.jar
[INFO] Copying accumulo-core-1.5.3-SNAPSHOT.jar to /tmp/icse19/dataset/august-2018/bugs-dot-jar/accumulo_buggy/lib/accumulo-core.jar
[INFO] jcommander-1.30.jar already exists in destination.
[INFO] jline-1.0.jar already exists in destination.
[INFO] libthrift-0.9.0.jar already exists in destination.
[INFO] accumulo-fate-1.5.3-SNAPSHOT.jar already exists in destination.
[INFO] accumulo-trace-1.5.3-SNAPSHOT.jar already exists in destination.
[INFO] guava-14.0.1.jar already exists in destination.
[INFO] accumulo-start-1.5.3-SNAPSHOT.jar already exists in destination.
[INFO] 
[INFO] --- maven-jar-plugin:2.4:jar (default-jar) @ accumulo-server ---
[INFO] Building jar: /tmp/icse19/dataset/august-2018/bugs-dot-jar/accumulo_buggy/server/target/accumulo-server-1.5.3-SNAPSHOT.jar
[INFO] 
[INFO] --- maven-site-plugin:3.3:attach-descriptor (attach-descriptor) @ accumulo-server ---
[INFO] 
[INFO] --- maven-failsafe-plugin:2.12.4:integration-test (run-integration-tests) @ accumulo-server ---
[INFO] Tests are skipped.
[INFO] 
[INFO] --- maven-checkstyle-plugin:2.13:check (check-style) @ accumulo-server ---
[INFO] 
[INFO] 
[INFO] --- maven-failsafe-plugin:2.12.4:verify (verify-integration-tests) @ accumulo-server ---
[INFO] Tests are skipped.
[INFO] 
[INFO] --- maven-install-plugin:2.3.1:install (default-install) @ accumulo-server ---
[INFO] Installing /tmp/icse19/dataset/august-2018/bugs-dot-jar/accumulo_buggy/server/target/accumulo-server-1.5.3-SNAPSHOT.jar to /home/spirals/danglot/.m2/repository/org/apache/accumulo/accumulo-server/1.5.3-SNAPSHOT/accumulo-server-1.5.3-SNAPSHOT.jar
[INFO] Installing /tmp/icse19/dataset/august-2018/bugs-dot-jar/accumulo_buggy/server/pom.xml to /home/spirals/danglot/.m2/repository/org/apache/accumulo/accumulo-server/1.5.3-SNAPSHOT/accumulo-server-1.5.3-SNAPSHOT.pom
[INFO]                                                                         
[INFO] ------------------------------------------------------------------------
[INFO] Building Examples 1.5.3-SNAPSHOT
[INFO] ------------------------------------------------------------------------
[INFO] 
[INFO] --- maven-clean-plugin:2.5:clean (default-clean) @ accumulo-examples ---
[INFO] Deleting /tmp/icse19/dataset/august-2018/bugs-dot-jar/accumulo_buggy/examples (includes = [**/*.pyc], excludes = [])
[INFO] 
[INFO] --- maven-sortpom-plugin:2.1.0:verify (verify-sorted-pom) @ accumulo-examples ---
[INFO] Verifying file /tmp/icse19/dataset/august-2018/bugs-dot-jar/accumulo_buggy/examples/pom.xml
[INFO] 
[INFO] --- maven-enforcer-plugin:1.0.1:enforce (enforce-mvn) @ accumulo-examples ---
[INFO] 
[INFO] --- mavanagaiata:0.7.0:commit (git-commit) @ accumulo-examples ---
[INFO] 
[INFO] --- maven-remote-resources-plugin:1.4:process (default) @ accumulo-examples ---
[INFO] 
[INFO] --- maven-dependency-plugin:2.8:copy-dependencies (copy-dependencies) @ accumulo-examples ---
[INFO] 
[INFO] --- maven-site-plugin:3.3:attach-descriptor (attach-descriptor) @ accumulo-examples ---
[INFO] 
[INFO] --- maven-failsafe-plugin:2.12.4:integration-test (run-integration-tests) @ accumulo-examples ---
[INFO] Tests are skipped.
[INFO] 
[INFO] --- maven-checkstyle-plugin:2.13:check (check-style) @ accumulo-examples ---
[INFO] 
[INFO] 
[INFO] --- maven-failsafe-plugin:2.12.4:verify (verify-integration-tests) @ accumulo-examples ---
[INFO] Tests are skipped.
[INFO] 
[INFO] --- maven-install-plugin:2.3.1:install (default-install) @ accumulo-examples ---
[INFO] Installing /tmp/icse19/dataset/august-2018/bugs-dot-jar/accumulo_buggy/examples/pom.xml to /home/spirals/danglot/.m2/repository/org/apache/accumulo/accumulo-examples/1.5.3-SNAPSHOT/accumulo-examples-1.5.3-SNAPSHOT.pom
[INFO]                                                                         
[INFO] ------------------------------------------------------------------------
[INFO] Building Simple Examples 1.5.3-SNAPSHOT
[INFO] ------------------------------------------------------------------------
[INFO] 
[INFO] --- maven-clean-plugin:2.5:clean (default-clean) @ accumulo-examples-simple ---
[INFO] Deleting /tmp/icse19/dataset/august-2018/bugs-dot-jar/accumulo_buggy/examples/simple (includes = [**/*.pyc], excludes = [])
[INFO] 
[INFO] --- maven-sortpom-plugin:2.1.0:verify (verify-sorted-pom) @ accumulo-examples-simple ---
[INFO] Verifying file /tmp/icse19/dataset/august-2018/bugs-dot-jar/accumulo_buggy/examples/simple/pom.xml
[INFO] 
[INFO] --- maven-enforcer-plugin:1.0.1:enforce (enforce-mvn) @ accumulo-examples-simple ---
[INFO] 
[INFO] --- mavanagaiata:0.7.0:commit (git-commit) @ accumulo-examples-simple ---
[INFO] 
[INFO] --- maven-remote-resources-plugin:1.4:process (default) @ accumulo-examples-simple ---
[INFO] 
[INFO] --- maven-resources-plugin:2.6:resources (default-resources) @ accumulo-examples-simple ---
[INFO] Using 'UTF-8' encoding to copy filtered resources.
[INFO] skip non existing resourceDirectory /tmp/icse19/dataset/august-2018/bugs-dot-jar/accumulo_buggy/examples/simple/src/main/resources
[INFO] Copying 3 resources
[INFO] 
[INFO] --- maven-compiler-plugin:2.5.1:compile (default-compile) @ accumulo-examples-simple ---
[INFO] Compiling 42 source files to /tmp/icse19/dataset/august-2018/bugs-dot-jar/accumulo_buggy/examples/simple/target/classes
[INFO] 
[INFO] --- maven-resources-plugin:2.6:testResources (default-testResources) @ accumulo-examples-simple ---
[INFO] Using 'UTF-8' encoding to copy filtered resources.
[INFO] Copying 1 resource
[INFO] Copying 3 resources
[INFO] 
[INFO] --- maven-compiler-plugin:2.5.1:testCompile (default-testCompile) @ accumulo-examples-simple ---
[INFO] Compiling 5 source files to /tmp/icse19/dataset/august-2018/bugs-dot-jar/accumulo_buggy/examples/simple/target/test-classes
[INFO] 
[INFO] --- maven-surefire-plugin:2.12.4:test (default-test) @ accumulo-examples-simple ---
[INFO] Tests are skipped.
[INFO] 
[INFO] --- maven-dependency-plugin:2.8:copy-dependencies (copy-dependencies) @ accumulo-examples-simple ---
[INFO] jcommander-1.30.jar already exists in destination.
[INFO] accumulo-core-1.5.3-SNAPSHOT.jar already exists in destination.
[INFO] 
[INFO] --- maven-jar-plugin:2.4:jar (default-jar) @ accumulo-examples-simple ---
[INFO] Building jar: /tmp/icse19/dataset/august-2018/bugs-dot-jar/accumulo_buggy/examples/simple/target/accumulo-examples-simple-1.5.3-SNAPSHOT.jar
[INFO] 
[INFO] --- maven-site-plugin:3.2:attach-descriptor (attach-descriptor) @ accumulo-examples-simple ---
[INFO] 
[INFO] --- maven-failsafe-plugin:2.12.4:integration-test (run-integration-tests) @ accumulo-examples-simple ---
[INFO] Tests are skipped.
[INFO] 
[INFO] --- maven-checkstyle-plugin:2.13:check (check-style) @ accumulo-examples-simple ---
[INFO] 
[INFO] 
[INFO] --- maven-failsafe-plugin:2.12.4:verify (verify-integration-tests) @ accumulo-examples-simple ---
[INFO] Tests are skipped.
[INFO] 
[INFO] --- maven-install-plugin:2.3.1:install (default-install) @ accumulo-examples-simple ---
[INFO] Installing /tmp/icse19/dataset/august-2018/bugs-dot-jar/accumulo_buggy/examples/simple/target/accumulo-examples-simple-1.5.3-SNAPSHOT.jar to /home/spirals/danglot/.m2/repository/org/apache/accumulo/accumulo-examples-simple/1.5.3-SNAPSHOT/accumulo-examples-simple-1.5.3-SNAPSHOT.jar
[INFO] Installing /tmp/icse19/dataset/august-2018/bugs-dot-jar/accumulo_buggy/examples/simple/pom.xml to /home/spirals/danglot/.m2/repository/org/apache/accumulo/accumulo-examples-simple/1.5.3-SNAPSHOT/accumulo-examples-simple-1.5.3-SNAPSHOT.pom
[INFO]                                                                         
[INFO] ------------------------------------------------------------------------
[INFO] Building MiniCluster 1.5.3-SNAPSHOT
[INFO] ------------------------------------------------------------------------
[INFO] 
[INFO] --- maven-clean-plugin:2.5:clean (default-clean) @ accumulo-minicluster ---
[INFO] Deleting /tmp/icse19/dataset/august-2018/bugs-dot-jar/accumulo_buggy/minicluster (includes = [**/*.pyc], excludes = [])
[INFO] 
[INFO] --- maven-sortpom-plugin:2.1.0:verify (verify-sorted-pom) @ accumulo-minicluster ---
[INFO] Verifying file /tmp/icse19/dataset/august-2018/bugs-dot-jar/accumulo_buggy/minicluster/pom.xml
[INFO] 
[INFO] --- maven-enforcer-plugin:1.0.1:enforce (enforce-mvn) @ accumulo-minicluster ---
[INFO] 
[INFO] --- mavanagaiata:0.7.0:commit (git-commit) @ accumulo-minicluster ---
[INFO] 
[INFO] --- maven-remote-resources-plugin:1.4:process (default) @ accumulo-minicluster ---
[INFO] 
[INFO] --- maven-resources-plugin:2.6:resources (default-resources) @ accumulo-minicluster ---
[INFO] Using 'UTF-8' encoding to copy filtered resources.
[INFO] skip non existing resourceDirectory /tmp/icse19/dataset/august-2018/bugs-dot-jar/accumulo_buggy/minicluster/src/main/resources
[INFO] Copying 3 resources
[INFO] 
[INFO] --- maven-compiler-plugin:2.5.1:compile (default-compile) @ accumulo-minicluster ---
[INFO] Compiling 2 source files to /tmp/icse19/dataset/august-2018/bugs-dot-jar/accumulo_buggy/minicluster/target/classes
[INFO] 
[INFO] --- maven-resources-plugin:2.6:testResources (default-testResources) @ accumulo-minicluster ---
[INFO] Using 'UTF-8' encoding to copy filtered resources.
[INFO] Copying 2 resources
[INFO] Copying 3 resources
[INFO] 
[INFO] --- maven-compiler-plugin:2.5.1:testCompile (default-testCompile) @ accumulo-minicluster ---
[INFO] Compiling 4 source files to /tmp/icse19/dataset/august-2018/bugs-dot-jar/accumulo_buggy/minicluster/target/test-classes
[INFO] 
[INFO] --- maven-surefire-plugin:2.12.4:test (default-test) @ accumulo-minicluster ---
[INFO] Tests are skipped.
[INFO] 
[INFO] --- maven-dependency-plugin:2.8:copy-dependencies (copy-dependencies) @ accumulo-minicluster ---
[INFO] Copying accumulo-server-1.5.3-SNAPSHOT.jar to /tmp/icse19/dataset/august-2018/bugs-dot-jar/accumulo_buggy/lib/accumulo-server.jar
[INFO] jcommander-1.30.jar already exists in destination.
[INFO] guava-14.0.1.jar already exists in destination.
[INFO] accumulo-core-1.5.3-SNAPSHOT.jar already exists in destination.
[INFO] accumulo-start-1.5.3-SNAPSHOT.jar already exists in destination.
[INFO] 
[INFO] --- maven-jar-plugin:2.4:jar (default-jar) @ accumulo-minicluster ---
[INFO] Building jar: /tmp/icse19/dataset/august-2018/bugs-dot-jar/accumulo_buggy/minicluster/target/accumulo-minicluster-1.5.3-SNAPSHOT.jar
[INFO] 
[INFO] --- maven-site-plugin:3.3:attach-descriptor (attach-descriptor) @ accumulo-minicluster ---
[INFO] 
[INFO] --- maven-failsafe-plugin:2.12.4:integration-test (run-integration-tests) @ accumulo-minicluster ---
[INFO] Tests are skipped.
[INFO] 
[INFO] --- maven-checkstyle-plugin:2.13:check (check-style) @ accumulo-minicluster ---
[INFO] 
[INFO] 
[INFO] --- maven-failsafe-plugin:2.12.4:verify (verify-integration-tests) @ accumulo-minicluster ---
[INFO] Tests are skipped.
[INFO] 
[INFO] --- maven-install-plugin:2.3.1:install (default-install) @ accumulo-minicluster ---
[INFO] Installing /tmp/icse19/dataset/august-2018/bugs-dot-jar/accumulo_buggy/minicluster/target/accumulo-minicluster-1.5.3-SNAPSHOT.jar to /home/spirals/danglot/.m2/repository/org/apache/accumulo/accumulo-minicluster/1.5.3-SNAPSHOT/accumulo-minicluster-1.5.3-SNAPSHOT.jar
[INFO] Installing /tmp/icse19/dataset/august-2018/bugs-dot-jar/accumulo_buggy/minicluster/pom.xml to /home/spirals/danglot/.m2/repository/org/apache/accumulo/accumulo-minicluster/1.5.3-SNAPSHOT/accumulo-minicluster-1.5.3-SNAPSHOT.pom
[INFO]                                                                         
[INFO] ------------------------------------------------------------------------
[INFO] Building Testing 1.5.3-SNAPSHOT
[INFO] ------------------------------------------------------------------------
[INFO] 
[INFO] --- maven-clean-plugin:2.5:clean (default-clean) @ accumulo-test ---
[INFO] Deleting /tmp/icse19/dataset/august-2018/bugs-dot-jar/accumulo_buggy/test (includes = [**/*.pyc], excludes = [])
[INFO] 
[INFO] --- maven-sortpom-plugin:2.1.0:verify (verify-sorted-pom) @ accumulo-test ---
[INFO] Verifying file /tmp/icse19/dataset/august-2018/bugs-dot-jar/accumulo_buggy/test/pom.xml
[INFO] 
[INFO] --- maven-enforcer-plugin:1.0.1:enforce (enforce-mvn) @ accumulo-test ---
[INFO] 
[INFO] --- mavanagaiata:0.7.0:commit (git-commit) @ accumulo-test ---
[INFO] 
[INFO] --- maven-remote-resources-plugin:1.4:process (default) @ accumulo-test ---
[INFO] 
[INFO] --- maven-resources-plugin:2.6:resources (default-resources) @ accumulo-test ---
[INFO] Using 'UTF-8' encoding to copy filtered resources.
[INFO] Copying 2 resources
[INFO] Copying 3 resources
[INFO] 
[INFO] --- maven-compiler-plugin:2.5.1:compile (default-compile) @ accumulo-test ---
[INFO] Compiling 193 source files to /tmp/icse19/dataset/august-2018/bugs-dot-jar/accumulo_buggy/test/target/classes
[INFO] 
[INFO] --- maven-resources-plugin:2.6:testResources (default-testResources) @ accumulo-test ---
[INFO] Using 'UTF-8' encoding to copy filtered resources.
[INFO] Copying 8 resources
[INFO] Copying 3 resources
[INFO] 
[INFO] --- maven-compiler-plugin:2.5.1:testCompile (default-testCompile) @ accumulo-test ---
[INFO] Compiling 13 source files to /tmp/icse19/dataset/august-2018/bugs-dot-jar/accumulo_buggy/test/target/test-classes
[INFO] 
[INFO] --- maven-surefire-plugin:2.12.4:test (default-test) @ accumulo-test ---
[INFO] Tests are skipped.
[INFO] 
[INFO] --- maven-dependency-plugin:2.8:copy-dependencies (copy-dependencies) @ accumulo-test ---
[INFO] Copying accumulo-minicluster-1.5.3-SNAPSHOT.jar to /tmp/icse19/dataset/august-2018/bugs-dot-jar/accumulo_buggy/lib/accumulo-minicluster.jar
[INFO] jcommander-1.30.jar already exists in destination.
[INFO] jline-1.0.jar already exists in destination.
[INFO] accumulo-server-1.5.3-SNAPSHOT.jar already exists in destination.
[INFO] libthrift-0.9.0.jar already exists in destination.
[INFO] accumulo-fate-1.5.3-SNAPSHOT.jar already exists in destination.
[INFO] accumulo-trace-1.5.3-SNAPSHOT.jar already exists in destination.
[INFO] accumulo-core-1.5.3-SNAPSHOT.jar already exists in destination.
[INFO] accumulo-start-1.5.3-SNAPSHOT.jar already exists in destination.
[INFO] 
[INFO] --- maven-jar-plugin:2.4:jar (default-jar) @ accumulo-test ---
[INFO] Building jar: /tmp/icse19/dataset/august-2018/bugs-dot-jar/accumulo_buggy/test/target/accumulo-test-1.5.3-SNAPSHOT.jar
[INFO] 
[INFO] --- maven-site-plugin:3.3:attach-descriptor (attach-descriptor) @ accumulo-test ---
[INFO] 
[INFO] --- maven-failsafe-plugin:2.12.4:integration-test (run-integration-tests) @ accumulo-test ---
[INFO] Tests are skipped.
[INFO] 
[INFO] --- maven-checkstyle-plugin:2.13:check (check-style) @ accumulo-test ---
[INFO] 
[INFO] 
[INFO] --- maven-failsafe-plugin:2.12.4:verify (verify-integration-tests) @ accumulo-test ---
[INFO] Tests are skipped.
[INFO] 
[INFO] --- maven-install-plugin:2.3.1:install (default-install) @ accumulo-test ---
[INFO] Installing /tmp/icse19/dataset/august-2018/bugs-dot-jar/accumulo_buggy/test/target/accumulo-test-1.5.3-SNAPSHOT.jar to /home/spirals/danglot/.m2/repository/org/apache/accumulo/accumulo-test/1.5.3-SNAPSHOT/accumulo-test-1.5.3-SNAPSHOT.jar
[INFO] Installing /tmp/icse19/dataset/august-2018/bugs-dot-jar/accumulo_buggy/test/pom.xml to /home/spirals/danglot/.m2/repository/org/apache/accumulo/accumulo-test/1.5.3-SNAPSHOT/accumulo-test-1.5.3-SNAPSHOT.pom
[INFO]                                                                         
[INFO] ------------------------------------------------------------------------
[INFO] Building Proxy 1.5.3-SNAPSHOT
[INFO] ------------------------------------------------------------------------
[INFO] 
[INFO] --- maven-clean-plugin:2.5:clean (default-clean) @ accumulo-proxy ---
[INFO] Deleting /tmp/icse19/dataset/august-2018/bugs-dot-jar/accumulo_buggy/proxy (includes = [**/*.pyc], excludes = [])
[INFO] 
[INFO] --- maven-sortpom-plugin:2.1.0:verify (verify-sorted-pom) @ accumulo-proxy ---
[INFO] Verifying file /tmp/icse19/dataset/august-2018/bugs-dot-jar/accumulo_buggy/proxy/pom.xml
[INFO] 
[INFO] --- maven-enforcer-plugin:1.0.1:enforce (enforce-mvn) @ accumulo-proxy ---
[INFO] 
[INFO] --- mavanagaiata:0.7.0:commit (git-commit) @ accumulo-proxy ---
[INFO] 
[INFO] --- maven-remote-resources-plugin:1.4:process (default) @ accumulo-proxy ---
[INFO] 
[INFO] --- maven-resources-plugin:2.6:resources (default-resources) @ accumulo-proxy ---
[INFO] Using 'UTF-8' encoding to copy filtered resources.
[INFO] skip non existing resourceDirectory /tmp/icse19/dataset/august-2018/bugs-dot-jar/accumulo_buggy/proxy/src/main/resources
[INFO] Copying 3 resources
[INFO] 
[INFO] --- maven-compiler-plugin:2.5.1:compile (default-compile) @ accumulo-proxy ---
[INFO] Compiling 37 source files to /tmp/icse19/dataset/august-2018/bugs-dot-jar/accumulo_buggy/proxy/target/classes
[INFO] 
[INFO] --- maven-resources-plugin:2.6:testResources (default-testResources) @ accumulo-proxy ---
[INFO] Using 'UTF-8' encoding to copy filtered resources.
[INFO] Copying 1 resource
[INFO] Copying 3 resources
[INFO] 
[INFO] --- maven-compiler-plugin:2.5.1:testCompile (default-testCompile) @ accumulo-proxy ---
[INFO] Compiling 5 source files to /tmp/icse19/dataset/august-2018/bugs-dot-jar/accumulo_buggy/proxy/target/test-classes
[INFO] 
[INFO] --- maven-surefire-plugin:2.12.4:test (default-test) @ accumulo-proxy ---
[INFO] Tests are skipped.
[INFO] 
[INFO] --- maven-dependency-plugin:2.8:copy-dependencies (copy-dependencies) @ accumulo-proxy ---
[INFO] jcommander-1.30.jar already exists in destination.
[INFO] accumulo-server-1.5.3-SNAPSHOT.jar already exists in destination.
[INFO] libthrift-0.9.0.jar already exists in destination.
[INFO] guava-14.0.1.jar already exists in destination.
[INFO] accumulo-core-1.5.3-SNAPSHOT.jar already exists in destination.
[INFO] accumulo-minicluster-1.5.3-SNAPSHOT.jar already exists in destination.
[INFO] 
[INFO] --- maven-jar-plugin:2.4:jar (default-jar) @ accumulo-proxy ---
[INFO] Building jar: /tmp/icse19/dataset/august-2018/bugs-dot-jar/accumulo_buggy/proxy/target/accumulo-proxy-1.5.3-SNAPSHOT.jar
[INFO] 
[INFO] --- maven-site-plugin:3.3:attach-descriptor (attach-descriptor) @ accumulo-proxy ---
[INFO] 
[INFO] --- maven-failsafe-plugin:2.12.4:integration-test (run-integration-tests) @ accumulo-proxy ---
[INFO] Tests are skipped.
[INFO] 
[INFO] --- maven-checkstyle-plugin:2.13:check (check-style) @ accumulo-proxy ---
[INFO] 
[INFO] 
[INFO] --- maven-failsafe-plugin:2.12.4:verify (verify-integration-tests) @ accumulo-proxy ---
[INFO] Tests are skipped.
[INFO] 
[INFO] --- maven-install-plugin:2.3.1:install (default-install) @ accumulo-proxy ---
[INFO] Installing /tmp/icse19/dataset/august-2018/bugs-dot-jar/accumulo_buggy/proxy/target/accumulo-proxy-1.5.3-SNAPSHOT.jar to /home/spirals/danglot/.m2/repository/org/apache/accumulo/accumulo-proxy/1.5.3-SNAPSHOT/accumulo-proxy-1.5.3-SNAPSHOT.jar
[INFO] Installing /tmp/icse19/dataset/august-2018/bugs-dot-jar/accumulo_buggy/proxy/pom.xml to /home/spirals/danglot/.m2/repository/org/apache/accumulo/accumulo-proxy/1.5.3-SNAPSHOT/accumulo-proxy-1.5.3-SNAPSHOT.pom
[INFO]                                                                         
[INFO] ------------------------------------------------------------------------
[INFO] Building Assemblies 1.5.3-SNAPSHOT
[INFO] ------------------------------------------------------------------------
[INFO] 
[INFO] --- maven-clean-plugin:2.5:clean (default-clean) @ accumulo ---
[INFO] Deleting /tmp/icse19/dataset/august-2018/bugs-dot-jar/accumulo_buggy/assemble (includes = [**/*.pyc], excludes = [])
[INFO] 
[INFO] --- maven-sortpom-plugin:2.1.0:verify (verify-sorted-pom) @ accumulo ---
[INFO] Verifying file /tmp/icse19/dataset/august-2018/bugs-dot-jar/accumulo_buggy/assemble/pom.xml
[INFO] 
[INFO] --- maven-enforcer-plugin:1.0.1:enforce (enforce-mvn) @ accumulo ---
[INFO] 
[INFO] --- mavanagaiata:0.7.0:commit (git-commit) @ accumulo ---
[INFO] 
[INFO] --- maven-remote-resources-plugin:1.4:process (default) @ accumulo ---
[INFO] 
[INFO] --- maven-dependency-plugin:2.8:copy-dependencies (copy-dependencies) @ accumulo ---
[INFO] Copying accumulo-examples-simple-1.5.3-SNAPSHOT.jar to /tmp/icse19/dataset/august-2018/bugs-dot-jar/accumulo_buggy/lib/accumulo-examples-simple.jar
[INFO] Copying accumulo-proxy-1.5.3-SNAPSHOT.jar to /tmp/icse19/dataset/august-2018/bugs-dot-jar/accumulo_buggy/lib/accumulo-proxy.jar
[INFO] Copying accumulo-test-1.5.3-SNAPSHOT.jar to /tmp/icse19/dataset/august-2018/bugs-dot-jar/accumulo_buggy/lib/accumulo-test.jar
[INFO] accumulo-server-1.5.3-SNAPSHOT.jar already exists in destination.
[INFO] accumulo-fate-1.5.3-SNAPSHOT.jar already exists in destination.
[INFO] accumulo-trace-1.5.3-SNAPSHOT.jar already exists in destination.
[INFO] accumulo-core-1.5.3-SNAPSHOT.jar already exists in destination.
[INFO] accumulo-minicluster-1.5.3-SNAPSHOT.jar already exists in destination.
[INFO] accumulo-start-1.5.3-SNAPSHOT.jar already exists in destination.
[INFO] 
[INFO] >>> exec-maven-plugin:1.2.1:java (config-webpage) > validate @ accumulo >>>
[INFO] 
[INFO] --- maven-sortpom-plugin:2.1.0:verify (verify-sorted-pom) @ accumulo ---
[INFO] Verifying file /tmp/icse19/dataset/august-2018/bugs-dot-jar/accumulo_buggy/assemble/pom.xml
[INFO] 
[INFO] --- maven-enforcer-plugin:1.0.1:enforce (enforce-mvn) @ accumulo ---
[INFO] 
[INFO] --- mavanagaiata:0.7.0:commit (git-commit) @ accumulo ---
[INFO] 
[INFO] <<< exec-maven-plugin:1.2.1:java (config-webpage) < validate @ accumulo <<<
[INFO] 
[INFO] --- exec-maven-plugin:1.2.1:java (config-webpage) @ accumulo ---
[INFO] 
[INFO] --- maven-site-plugin:3.3:attach-descriptor (attach-descriptor) @ accumulo ---
[INFO] 
[INFO] --- maven-failsafe-plugin:2.12.4:integration-test (run-integration-tests) @ accumulo ---
[INFO] Tests are skipped.
[INFO] 
[INFO] --- maven-checkstyle-plugin:2.13:check (check-style) @ accumulo ---
[INFO] 
[INFO] 
[INFO] --- maven-failsafe-plugin:2.12.4:verify (verify-integration-tests) @ accumulo ---
[INFO] Tests are skipped.
[INFO] 
[INFO] --- maven-install-plugin:2.3.1:install (default-install) @ accumulo ---
[INFO] Installing /tmp/icse19/dataset/august-2018/bugs-dot-jar/accumulo_buggy/assemble/pom.xml to /home/spirals/danglot/.m2/repository/org/apache/accumulo/accumulo/1.5.3-SNAPSHOT/accumulo-1.5.3-SNAPSHOT.pom
[INFO] ------------------------------------------------------------------------
[INFO] Reactor Summary:
[INFO] 
[INFO] Apache Accumulo Project ............................ SUCCESS [  6.146 s]
[INFO] Trace .............................................. SUCCESS [  5.179 s]
[INFO] Fate ............................................... SUCCESS [  2.878 s]
[INFO] Start .............................................. SUCCESS [  3.974 s]
[INFO] Core ............................................... SUCCESS [ 49.016 s]
[INFO] Server ............................................. SUCCESS [ 10.138 s]
[INFO] Examples ........................................... SUCCESS [  0.458 s]
[INFO] Simple Examples .................................... SUCCESS [  3.850 s]
[INFO] MiniCluster ........................................ SUCCESS [  1.583 s]
[INFO] Testing ............................................ SUCCESS [  4.266 s]
[INFO] Proxy .............................................. SUCCESS [  6.646 s]
[INFO] Assemblies ......................................... SUCCESS [  1.565 s]
[INFO] ------------------------------------------------------------------------
[INFO] BUILD SUCCESS
[INFO] ------------------------------------------------------------------------
[INFO] Total time: 01:36 min
[INFO] Finished at: 2018-08-01T11:02:08+02:00
[INFO] Final Memory: 94M/1454M
[INFO] ------------------------------------------------------------------------
cd dataset/august-2018/bugs-dot-jar/accumulo_buggy && git checkout   remotes/origin/bugs-dot-jar_ACCUMULO-3746_47c64d9a && ~/apache-maven-3.3.9/bin/mvn clean install -DskipTests
rm -rf dataset/august-2018/bugs-dot-jar/accumulo_fixed
cp -r dataset/august-2018/bugs-dot-jar/accumulo_buggy dataset/august-2018/bugs-dot-jar/accumulo_fixed
patching file core/src/main/java/org/apache/accumulo/core/data/Mutation.java
cd dataset/august-2018/bugs-dot-jar/accumulo_fixed && patch -p1 < .bugs-dot-jar/developer-patch.diff
[INFO] Scanning for projects...
[WARNING] The POM for org.eclipse.m2e:lifecycle-mapping:jar:1.0.0 is missing, no dependency information available
[WARNING] Failed to retrieve plugin descriptor for org.eclipse.m2e:lifecycle-mapping:1.0.0: Plugin org.eclipse.m2e:lifecycle-mapping:1.0.0 or one of its dependencies could not be resolved: Failure to find org.eclipse.m2e:lifecycle-mapping:jar:1.0.0 in https://repo.maven.apache.org/maven2 was cached in the local repository, resolution will not be reattempted until the update interval of central has elapsed or updates are forced
[INFO]                                                                         
[INFO] ------------------------------------------------------------------------
[INFO] Building Core 1.5.3-SNAPSHOT
[INFO] ------------------------------------------------------------------------
[WARNING] The POM for org.eclipse.m2e:lifecycle-mapping:jar:1.0.0 is missing, no dependency information available
[WARNING] Failed to retrieve plugin descriptor for org.eclipse.m2e:lifecycle-mapping:1.0.0: Plugin org.eclipse.m2e:lifecycle-mapping:1.0.0 or one of its dependencies could not be resolved: Failure to find org.eclipse.m2e:lifecycle-mapping:jar:1.0.0 in https://repo.maven.apache.org/maven2 was cached in the local repository, resolution will not be reattempted until the update interval of central has elapsed or updates are forced
[INFO] 
[INFO] --- maven-clean-plugin:2.5:clean (default-clean) @ accumulo-core ---
[INFO] Deleting /tmp/icse19/dataset/august-2018/bugs-dot-jar/accumulo_buggy/core/target
[INFO] Deleting /tmp/icse19/dataset/august-2018/bugs-dot-jar/accumulo_buggy/core (includes = [**/*.pyc], excludes = [])
[INFO] 
[INFO] --- versions-maven-plugin:2.5:use-latest-versions (default-cli) @ accumulo-core ---
[INFO] Major version changes allowed
[INFO] 
[INFO] --- diff-test-selection:0.2:list (default-cli) @ accumulo-core ---
[INFO] /tmp/icse19/dataset/august-2018/bugs-dot-jar/accumulo_buggy/core
[WARN] Maven will be executed in interactive mode, but no input stream has been configured for this MavenInvoker instance.
[INFO] Scanning for projects...
[INFO]                                                                         
[INFO] ------------------------------------------------------------------------
[INFO] Building Core 1.5.3-SNAPSHOT
[INFO] ------------------------------------------------------------------------
[INFO] 
[INFO] --- maven-clean-plugin:2.5:clean (default-clean) @ accumulo-core ---
[INFO] Deleting /tmp/icse19/dataset/august-2018/bugs-dot-jar/accumulo_buggy/core (includes = [**/*.pyc], excludes = [])
[INFO] 
[INFO] --- clover-maven-plugin:4.2.0:setup (default-cli) @ accumulo-core ---
[INFO] No 'maven.clover.licenseLocation' configured. Using default license.
[INFO] OpenClover Version 4.2.0, built on April 30 2017 (build-1000)
[INFO] Loaded from: /home/spirals/danglot/.m2/repository/org/openclover/clover/4.2.0/clover-4.2.0.jar
[INFO] Clover free edition.
[INFO] Creating new database at '/tmp/icse19/dataset/august-2018/bugs-dot-jar/accumulo_buggy/core/target/clover/clover.db'.
[INFO] Processing files at 1.8 source level.
[INFO] Clover all over. Instrumented 489 files (48 packages).
[INFO] Elapsed time = 13.292 secs. (36.789 files/sec, 13,125.414 srclines/sec)
[INFO] OpenClover Version 4.2.0, built on April 30 2017 (build-1000)
[INFO] Loaded from: /home/spirals/danglot/.m2/repository/org/openclover/clover/4.2.0/clover-4.2.0.jar
[INFO] Clover free edition.
[INFO] Updating existing database at '/tmp/icse19/dataset/august-2018/bugs-dot-jar/accumulo_buggy/core/target/clover/clover.db'.
[INFO] Processing files at 1.8 source level.
[INFO] Clover all over. Instrumented 92 files (24 packages).
[INFO] 438 test methods detected.
[INFO] Elapsed time = 2.086 secs. (44.104 files/sec, 9,859.06 srclines/sec)
[INFO] 
[INFO] --- maven-sortpom-plugin:2.1.0:verify (verify-sorted-pom) @ accumulo-core ---
[INFO] Verifying file /tmp/icse19/dataset/august-2018/bugs-dot-jar/accumulo_buggy/core/pom.xml
[INFO] 
[INFO] --- maven-enforcer-plugin:1.0.1:enforce (enforce-mvn) @ accumulo-core ---
[INFO] Skipping Rule Enforcement.
[INFO] 
[INFO] --- mavanagaiata:0.7.0:commit (git-commit) @ accumulo-core ---
[INFO] 
[INFO] --- maven-resources-plugin:2.6:copy-resources (prepare-filtered-java-source) @ accumulo-core ---
[INFO] Using 'UTF-8' encoding to copy filtered resources.
[INFO] Copying 1 resource
[INFO] 
[INFO] --- build-helper-maven-plugin:1.8:add-source (add-filtered-java-source) @ accumulo-core ---
[INFO] Source directory: /tmp/icse19/dataset/august-2018/bugs-dot-jar/accumulo_buggy/core/target/filtered-java-src added.
[INFO] 
[INFO] --- maven-remote-resources-plugin:1.4:process (default) @ accumulo-core ---
[INFO] 
[INFO] --- maven-resources-plugin:2.6:resources (default-resources) @ accumulo-core ---
[INFO] Using 'UTF-8' encoding to copy filtered resources.
[INFO] Copying 1 resource
[INFO] Copying 1 resource
[INFO] Copying 3 resources
[INFO] 
[INFO] --- maven-compiler-plugin:2.5.1:compile (default-compile) @ accumulo-core ---
[INFO] Compiling 490 source files to /tmp/icse19/dataset/august-2018/bugs-dot-jar/accumulo_buggy/core/target/classes
[WARNING] bootstrap class path not set in conjunction with -source 1.6
/tmp/icse19/dataset/august-2018/bugs-dot-jar/accumulo_buggy/core/target/clover/src-instrumented/org/apache/accumulo/core/iterators/aggregation/conf/AggregatorSet.java:[22,53] [deprecation] Aggregator in org.apache.accumulo.core.iterators.aggregation has been deprecated
[WARNING] /tmp/icse19/dataset/august-2018/bugs-dot-jar/accumulo_buggy/core/target/clover/src-instrumented/org/apache/accumulo/core/iterators/aggregation/conf/AggregatorConfiguration.java:[19,46] [deprecation] PerColumnIteratorConfig in org.apache.accumulo.core.iterators.conf has been deprecated
[WARNING] /tmp/icse19/dataset/august-2018/bugs-dot-jar/accumulo_buggy/core/target/clover/src-instrumented/org/apache/accumulo/core/iterators/AggregatingIterator.java:[30,53] [deprecation] Aggregator in org.apache.accumulo.core.iterators.aggregation has been deprecated
[INFO] 
[INFO] --- maven-resources-plugin:2.6:testResources (default-testResources) @ accumulo-core ---
[INFO] Using 'UTF-8' encoding to copy filtered resources.
[INFO] Copying 6 resources
[INFO] Copying 3 resources
[INFO] 
[INFO] --- maven-compiler-plugin:2.5.1:testCompile (default-testCompile) @ accumulo-core ---
[INFO] Compiling 92 source files to /tmp/icse19/dataset/august-2018/bugs-dot-jar/accumulo_buggy/core/target/test-classes
[WARNING] bootstrap class path not set in conjunction with -source 1.6
/tmp/icse19/dataset/august-2018/bugs-dot-jar/accumulo_buggy/core/target/clover/src-test-instrumented/org/apache/accumulo/core/iterators/AggregatingIteratorTest.java:[34,53] [deprecation] Aggregator in org.apache.accumulo.core.iterators.aggregation has been deprecated
[WARNING] /tmp/icse19/dataset/august-2018/bugs-dot-jar/accumulo_buggy/core/target/clover/src-test-instrumented/org/apache/accumulo/core/iterators/aggregation/conf/AggregatorConfigurationTest.java:[21,46] [deprecation] PerColumnIteratorConfig in org.apache.accumulo.core.iterators.conf has been deprecated
[WARNING] /tmp/icse19/dataset/august-2018/bugs-dot-jar/accumulo_buggy/core/target/clover/src-test-instrumented/org/apache/accumulo/core/client/security/SecurityErrorCodeTest.java:[42,156] [deprecation] SecurityErrorCode in org.apache.accumulo.core.security.thrift has been deprecated
[WARNING] /tmp/icse19/dataset/august-2018/bugs-dot-jar/accumulo_buggy/core/target/clover/src-test-instrumented/org/apache/accumulo/core/client/security/SecurityErrorCodeTest.java:[42,91] [deprecation] SecurityErrorCode in org.apache.accumulo.core.security.thrift has been deprecated
[WARNING] /tmp/icse19/dataset/august-2018/bugs-dot-jar/accumulo_buggy/core/target/clover/src-test-instrumented/org/apache/accumulo/core/client/mapreduce/AccumuloInputFormatTest.java:[76,64] [deprecation] setMaxVersions(Configuration,int) in InputFormatBase has been deprecated
[WARNING] /tmp/icse19/dataset/august-2018/bugs-dot-jar/accumulo_buggy/core/target/clover/src-test-instrumented/org/apache/accumulo/core/client/mapreduce/AccumuloInputFormatTest.java:[77,78] [deprecation] getMaxVersions(Configuration) in InputFormatBase has been deprecated
[WARNING] /tmp/icse19/dataset/august-2018/bugs-dot-jar/accumulo_buggy/core/target/clover/src-test-instrumented/org/apache/accumulo/core/client/mapreduce/AccumuloInputFormatTest.java:[91,64] [deprecation] setMaxVersions(Configuration,int) in InputFormatBase has been deprecated
[WARNING] /tmp/icse19/dataset/august-2018/bugs-dot-jar/accumulo_buggy/core/target/clover/src-test-instrumented/org/apache/accumulo/core/client/mapreduce/AccumuloInputFormatTest.java:[101,81] [deprecation] getMaxVersions(Configuration) in InputFormatBase has been deprecated
[INFO] 
[INFO] --- maven-surefire-plugin:2.12.4:test (default-test) @ accumulo-core ---
[INFO] Surefire report directory: /tmp/icse19/dataset/august-2018/bugs-dot-jar/accumulo_buggy/core/target/surefire-reports

-------------------------------------------------------
 T E S T S
-------------------------------------------------------
Running org.apache.accumulo.core.data.KeyExtentTest
Tests run: 3, Failures: 0, Errors: 0, Skipped: 0, Time elapsed: 0.151 sec
Running org.apache.accumulo.core.data.KeyTest
Tests run: 6, Failures: 0, Errors: 0, Skipped: 0, Time elapsed: 0.04 sec
Running org.apache.accumulo.core.data.ColumnTest
Tests run: 3, Failures: 0, Errors: 0, Skipped: 0, Time elapsed: 0.009 sec
Running org.apache.accumulo.core.data.RangeTest
Tests run: 47, Failures: 0, Errors: 0, Skipped: 0, Time elapsed: 0.105 sec
Running org.apache.accumulo.core.data.MutationTest
Tests run: 15, Failures: 2, Errors: 0, Skipped: 0, Time elapsed: 0.127 sec <<< FAILURE!
testPutAfterEquals(org.apache.accumulo.core.data.MutationTest)  Time elapsed: 0.008 sec  <<< FAILURE!
java.lang.AssertionError: Calling Mutation#equals then Mutation#put should not result in an IllegalStateException.
	at org.junit.Assert.fail(Assert.java:88)
	at org.apache.accumulo.core.data.MutationTest.__CLR4_2_03bco2t2cma(MutationTest.java:636)
	at org.apache.accumulo.core.data.MutationTest.testPutAfterEquals(MutationTest.java:628)
	at sun.reflect.NativeMethodAccessorImpl.invoke0(Native Method)
	at sun.reflect.NativeMethodAccessorImpl.invoke(NativeMethodAccessorImpl.java:62)
	at sun.reflect.DelegatingMethodAccessorImpl.invoke(DelegatingMethodAccessorImpl.java:43)
	at java.lang.reflect.Method.invoke(Method.java:498)
	at org.junit.runners.model.FrameworkMethod$1.runReflectiveCall(FrameworkMethod.java:47)
	at org.junit.internal.runners.model.ReflectiveCallable.run(ReflectiveCallable.java:12)
	at org.junit.runners.model.FrameworkMethod.invokeExplosively(FrameworkMethod.java:44)
	at org.junit.internal.runners.statements.InvokeMethod.evaluate(InvokeMethod.java:17)
	at org.junit.runners.ParentRunner.runLeaf(ParentRunner.java:271)
	at org.junit.runners.BlockJUnit4ClassRunner.runChild(BlockJUnit4ClassRunner.java:70)
	at org.junit.runners.BlockJUnit4ClassRunner.runChild(BlockJUnit4ClassRunner.java:50)
	at org.junit.runners.ParentRunner$3.run(ParentRunner.java:238)
	at org.junit.runners.ParentRunner$1.schedule(ParentRunner.java:63)
	at org.junit.runners.ParentRunner.runChildren(ParentRunner.java:236)
	at org.junit.runners.ParentRunner.access$000(ParentRunner.java:53)
	at org.junit.runners.ParentRunner$2.evaluate(ParentRunner.java:229)
	at org.junit.runners.ParentRunner.run(ParentRunner.java:309)
	at org.apache.maven.surefire.junit4.JUnit4Provider.execute(JUnit4Provider.java:252)
	at org.apache.maven.surefire.junit4.JUnit4Provider.executeTestSet(JUnit4Provider.java:141)
	at org.apache.maven.surefire.junit4.JUnit4Provider.invoke(JUnit4Provider.java:112)
	at sun.reflect.NativeMethodAccessorImpl.invoke0(Native Method)
	at sun.reflect.NativeMethodAccessorImpl.invoke(NativeMethodAccessorImpl.java:62)
	at sun.reflect.DelegatingMethodAccessorImpl.invoke(DelegatingMethodAccessorImpl.java:43)
	at java.lang.reflect.Method.invoke(Method.java:498)
	at org.apache.maven.surefire.util.ReflectionUtils.invokeMethodWithArray(ReflectionUtils.java:189)
	at org.apache.maven.surefire.booter.ProviderFactory$ProviderProxy.invoke(ProviderFactory.java:165)
	at org.apache.maven.surefire.booter.ProviderFactory.invokeProvider(ProviderFactory.java:85)
	at org.apache.maven.surefire.booter.ForkedBooter.runSuitesInProcess(ForkedBooter.java:115)
	at org.apache.maven.surefire.booter.ForkedBooter.main(ForkedBooter.java:75)

testPutAfterHashCode(org.apache.accumulo.core.data.MutationTest)  Time elapsed: 0.004 sec  <<< FAILURE!
java.lang.AssertionError: Calling Mutation#hashCode then Mutation#put should not result in an IllegalStateException.
	at org.junit.Assert.fail(Assert.java:88)
	at org.apache.accumulo.core.data.MutationTest.__CLR4_2_0r6296p2cm4(MutationTest.java:623)
	at org.apache.accumulo.core.data.MutationTest.testPutAfterHashCode(MutationTest.java:617)
	at sun.reflect.NativeMethodAccessorImpl.invoke0(Native Method)
	at sun.reflect.NativeMethodAccessorImpl.invoke(NativeMethodAccessorImpl.java:62)
	at sun.reflect.DelegatingMethodAccessorImpl.invoke(DelegatingMethodAccessorImpl.java:43)
	at java.lang.reflect.Method.invoke(Method.java:498)
	at org.junit.runners.model.FrameworkMethod$1.runReflectiveCall(FrameworkMethod.java:47)
	at org.junit.internal.runners.model.ReflectiveCallable.run(ReflectiveCallable.java:12)
	at org.junit.runners.model.FrameworkMethod.invokeExplosively(FrameworkMethod.java:44)
	at org.junit.internal.runners.statements.InvokeMethod.evaluate(InvokeMethod.java:17)
	at org.junit.runners.ParentRunner.runLeaf(ParentRunner.java:271)
	at org.junit.runners.BlockJUnit4ClassRunner.runChild(BlockJUnit4ClassRunner.java:70)
	at org.junit.runners.BlockJUnit4ClassRunner.runChild(BlockJUnit4ClassRunner.java:50)
	at org.junit.runners.ParentRunner$3.run(ParentRunner.java:238)
	at org.junit.runners.ParentRunner$1.schedule(ParentRunner.java:63)
	at org.junit.runners.ParentRunner.runChildren(ParentRunner.java:236)
	at org.junit.runners.ParentRunner.access$000(ParentRunner.java:53)
	at org.junit.runners.ParentRunner$2.evaluate(ParentRunner.java:229)
	at org.junit.runners.ParentRunner.run(ParentRunner.java:309)
	at org.apache.maven.surefire.junit4.JUnit4Provider.execute(JUnit4Provider.java:252)
	at org.apache.maven.surefire.junit4.JUnit4Provider.executeTestSet(JUnit4Provider.java:141)
	at org.apache.maven.surefire.junit4.JUnit4Provider.invoke(JUnit4Provider.java:112)
	at sun.reflect.NativeMethodAccessorImpl.invoke0(Native Method)
	at sun.reflect.NativeMethodAccessorImpl.invoke(NativeMethodAccessorImpl.java:62)
	at sun.reflect.DelegatingMethodAccessorImpl.invoke(DelegatingMethodAccessorImpl.java:43)
	at java.lang.reflect.Method.invoke(Method.java:498)
	at org.apache.maven.surefire.util.ReflectionUtils.invokeMethodWithArray(ReflectionUtils.java:189)
	at org.apache.maven.surefire.booter.ProviderFactory$ProviderProxy.invoke(ProviderFactory.java:165)
	at org.apache.maven.surefire.booter.ProviderFactory.invokeProvider(ProviderFactory.java:85)
	at org.apache.maven.surefire.booter.ForkedBooter.runSuitesInProcess(ForkedBooter.java:115)
	at org.apache.maven.surefire.booter.ForkedBooter.main(ForkedBooter.java:75)

Running org.apache.accumulo.core.file.FileOperationsTest
Tests run: 1, Failures: 0, Errors: 0, Skipped: 0, Time elapsed: 0.309 sec
Running org.apache.accumulo.core.file.rfile.BlockIndexTest
Tests run: 2, Failures: 0, Errors: 0, Skipped: 0, Time elapsed: 0.135 sec
Running org.apache.accumulo.core.file.rfile.RelativeKeyTest
Tests run: 6, Failures: 0, Errors: 0, Skipped: 0, Time elapsed: 0.076 sec
Running org.apache.accumulo.core.file.rfile.RFileTest
Tests run: 21, Failures: 0, Errors: 0, Skipped: 0, Time elapsed: 5.49 sec
Running org.apache.accumulo.core.file.rfile.MultiLevelIndexTest
Tests run: 1, Failures: 0, Errors: 0, Skipped: 0, Time elapsed: 0.764 sec
Running org.apache.accumulo.core.file.blockfile.cache.TestCachedBlockQueue
Tests run: 2, Failures: 0, Errors: 0, Skipped: 0, Time elapsed: 0.007 sec
Running org.apache.accumulo.core.file.blockfile.cache.TestLruBlockCache
Tests run: 7, Failures: 0, Errors: 0, Skipped: 0, Time elapsed: 1.041 sec
Running org.apache.accumulo.core.security.VisibilityEvaluatorTest
Tests run: 4, Failures: 0, Errors: 0, Skipped: 0, Time elapsed: 0.013 sec
Running org.apache.accumulo.core.security.ColumnVisibilityTest
Tests run: 13, Failures: 0, Errors: 0, Skipped: 0, Time elapsed: 0.02 sec
Running org.apache.accumulo.core.security.AuthorizationsTest
Tests run: 2, Failures: 0, Errors: 0, Skipped: 0, Time elapsed: 0.001 sec
Running org.apache.accumulo.core.cli.TestHelp
Tests run: 1, Failures: 0, Errors: 0, Skipped: 0, Time elapsed: 0.022 sec
Running org.apache.accumulo.core.cli.TestClientOpts
Tests run: 1, Failures: 0, Errors: 0, Skipped: 0, Time elapsed: 0.018 sec
Running org.apache.accumulo.core.client.security.tokens.PasswordTokenTest
Tests run: 1, Failures: 0, Errors: 0, Skipped: 0, Time elapsed: 0.003 sec
Running org.apache.accumulo.core.client.security.SecurityErrorCodeTest
Tests run: 1, Failures: 0, Errors: 0, Skipped: 0, Time elapsed: 0.004 sec
Running org.apache.accumulo.core.client.IteratorSettingTest
Tests run: 9, Failures: 0, Errors: 0, Skipped: 0, Time elapsed: 0.01 sec
Running org.apache.accumulo.core.client.admin.TableOperationsHelperTest
Tests run: 1, Failures: 0, Errors: 0, Skipped: 0, Time elapsed: 0.007 sec
Running org.apache.accumulo.core.client.admin.FindMaxTest
Tests run: 1, Failures: 0, Errors: 0, Skipped: 0, Time elapsed: 2.352 sec
Running org.apache.accumulo.core.client.mapred.AccumuloRowInputFormatTest
Tests run: 1, Failures: 0, Errors: 0, Skipped: 0, Time elapsed: 1.233 sec
Running org.apache.accumulo.core.client.mapred.AccumuloInputFormatTest
Tests run: 7, Failures: 0, Errors: 0, Skipped: 0, Time elapsed: 1.1 sec
Running org.apache.accumulo.core.client.mapred.RangeInputSplitTest
Tests run: 2, Failures: 0, Errors: 0, Skipped: 0, Time elapsed: 0.007 sec
Running org.apache.accumulo.core.client.mapred.AccumuloOutputFormatTest
Tests run: 2, Failures: 0, Errors: 0, Skipped: 0, Time elapsed: 1.053 sec
Running org.apache.accumulo.core.client.mapred.AccumuloFileOutputFormatTest
Tests run: 4, Failures: 0, Errors: 0, Skipped: 0, Time elapsed: 3.115 sec
Running org.apache.accumulo.core.client.impl.TabletLocatorImplTest
Tests run: 18, Failures: 0, Errors: 0, Skipped: 0, Time elapsed: 0.067 sec
Running org.apache.accumulo.core.client.impl.ScannerOptionsTest
Tests run: 2, Failures: 0, Errors: 0, Skipped: 0, Time elapsed: 0.005 sec
Running org.apache.accumulo.core.client.ClientSideIteratorTest
Tests run: 2, Failures: 0, Errors: 0, Skipped: 0, Time elapsed: 0.019 sec
Running org.apache.accumulo.core.client.mock.MockTableOperationsTest
Tests run: 8, Failures: 0, Errors: 0, Skipped: 0, Time elapsed: 0.077 sec
Running org.apache.accumulo.core.client.mock.TestBatchScanner821
Tests run: 1, Failures: 0, Errors: 0, Skipped: 0, Time elapsed: 0.006 sec
Running org.apache.accumulo.core.client.mock.MockConnectorTest
Tests run: 10, Failures: 0, Errors: 0, Skipped: 0, Time elapsed: 0.061 sec
Running org.apache.accumulo.core.client.mapreduce.AccumuloRowInputFormatTest
Tests run: 1, Failures: 0, Errors: 0, Skipped: 0, Time elapsed: 1.051 sec
Running org.apache.accumulo.core.client.mapreduce.lib.partition.RangePartitionerTest
Tests run: 2, Failures: 0, Errors: 0, Skipped: 0, Time elapsed: 0.316 sec
Running org.apache.accumulo.core.client.mapreduce.AccumuloInputFormatTest
Tests run: 13, Failures: 0, Errors: 0, Skipped: 0, Time elapsed: 3.153 sec
Running org.apache.accumulo.core.client.mapreduce.RangeInputSplitTest
Tests run: 2, Failures: 0, Errors: 0, Skipped: 0, Time elapsed: 0.01 sec
Running org.apache.accumulo.core.client.mapreduce.AccumuloOutputFormatTest
Tests run: 2, Failures: 0, Errors: 0, Skipped: 0, Time elapsed: 1.03 sec
Running org.apache.accumulo.core.client.mapreduce.AccumuloFileOutputFormatTest
Tests run: 4, Failures: 0, Errors: 0, Skipped: 0, Time elapsed: 3.071 sec
Running org.apache.accumulo.core.client.RowIteratorTest
Tests run: 2, Failures: 0, Errors: 0, Skipped: 0, Time elapsed: 0.004 sec
Running org.apache.accumulo.core.client.TestThrift1474
Tests run: 1, Failures: 0, Errors: 0, Skipped: 0, Time elapsed: 0.064 sec
Running org.apache.accumulo.core.client.BatchWriterConfigTest
Tests run: 12, Failures: 0, Errors: 0, Skipped: 0, Time elapsed: 0.012 sec
Running org.apache.accumulo.core.util.TextUtilTest
Tests run: 1, Failures: 0, Errors: 0, Skipped: 0, Time elapsed: 0.001 sec
Running org.apache.accumulo.core.util.MergeTest
Tests run: 1, Failures: 0, Errors: 0, Skipped: 0, Time elapsed: 0.005 sec
Running org.apache.accumulo.core.util.MetadataTableTest
Tests run: 1, Failures: 0, Errors: 0, Skipped: 0, Time elapsed: 0.003 sec
Running org.apache.accumulo.core.util.AddressUtilTest
Tests run: 2, Failures: 0, Errors: 0, Skipped: 0, Time elapsed: 0.008 sec
Running org.apache.accumulo.core.util.StatTest
Tests run: 6, Failures: 0, Errors: 0, Skipped: 0, Time elapsed: 0.062 sec
Running org.apache.accumulo.core.util.TestVersion
Tests run: 1, Failures: 0, Errors: 0, Skipped: 0, Time elapsed: 0.005 sec
Running org.apache.accumulo.core.util.TestStringUtil
Tests run: 1, Failures: 0, Errors: 0, Skipped: 0, Time elapsed: 0.003 sec
Running org.apache.accumulo.core.util.LocalityGroupUtilTest
Tests run: 2, Failures: 0, Errors: 0, Skipped: 0, Time elapsed: 0.014 sec
Running org.apache.accumulo.core.util.shell.TableDiskUsageTest
Tests run: 1, Failures: 0, Errors: 0, Skipped: 0, Time elapsed: 0.004 sec
Running org.apache.accumulo.core.util.shell.command.FormatterCommandTest
Tests run: 1, Failures: 0, Errors: 0, Skipped: 0, Time elapsed: 0.148 sec
Running org.apache.accumulo.core.util.shell.ShellTest
Tests run: 10, Failures: 0, Errors: 0, Skipped: 0, Time elapsed: 0.115 sec
Running org.apache.accumulo.core.conf.AccumuloConfigurationTest
Tests run: 3, Failures: 0, Errors: 0, Skipped: 0, Time elapsed: 0.004 sec
Running org.apache.accumulo.core.conf.PropertyTest
Tests run: 4, Failures: 0, Errors: 0, Skipped: 0, Time elapsed: 0.014 sec
Running org.apache.accumulo.core.conf.DefaultConfigurationTest
Tests run: 2, Failures: 0, Errors: 0, Skipped: 0, Time elapsed: 0.004 sec
Running org.apache.accumulo.core.conf.ConfigSanityCheckTest
Tests run: 7, Failures: 0, Errors: 0, Skipped: 0, Time elapsed: 0.007 sec
Running org.apache.accumulo.core.iterators.user.RowDeletingIteratorTest
Tests run: 4, Failures: 0, Errors: 0, Skipped: 0, Time elapsed: 0.011 sec
Running org.apache.accumulo.core.iterators.user.WholeRowIteratorTest
Tests run: 4, Failures: 0, Errors: 0, Skipped: 0, Time elapsed: 0.014 sec
Running org.apache.accumulo.core.iterators.user.RowFilterTest
Tests run: 4, Failures: 0, Errors: 0, Skipped: 0, Time elapsed: 0.024 sec
Running org.apache.accumulo.core.iterators.user.IndexedDocIteratorTest
Tests run: 5, Failures: 0, Errors: 0, Skipped: 0, Time elapsed: 1.073 sec
Running org.apache.accumulo.core.iterators.user.TransformingIteratorTest
Tests run: 16, Failures: 0, Errors: 0, Skipped: 0, Time elapsed: 0.119 sec
Running org.apache.accumulo.core.iterators.user.BigDecimalCombinerTest
Tests run: 1, Failures: 0, Errors: 0, Skipped: 0, Time elapsed: 0.007 sec
Running org.apache.accumulo.core.iterators.user.GrepIteratorTest
Tests run: 1, Failures: 0, Errors: 0, Skipped: 0, Time elapsed: 0.003 sec
Running org.apache.accumulo.core.iterators.user.RegExFilterTest
Tests run: 2, Failures: 0, Errors: 0, Skipped: 0, Time elapsed: 0.007 sec
Running org.apache.accumulo.core.iterators.user.LargeRowFilterTest
Tests run: 5, Failures: 0, Errors: 0, Skipped: 0, Time elapsed: 0.126 sec
Running org.apache.accumulo.core.iterators.user.IntersectingIteratorTest
Tests run: 6, Failures: 0, Errors: 0, Skipped: 0, Time elapsed: 1.313 sec
Running org.apache.accumulo.core.iterators.user.CombinerTest
Tests run: 14, Failures: 0, Errors: 0, Skipped: 0, Time elapsed: 0.027 sec
Running org.apache.accumulo.core.iterators.user.FilterTest
Tests run: 11, Failures: 0, Errors: 0, Skipped: 0, Time elapsed: 0.109 sec
Running org.apache.accumulo.core.iterators.user.VisibilityFilterTest
Tests run: 9, Failures: 0, Errors: 0, Skipped: 0, Time elapsed: 0.094 sec
Running org.apache.accumulo.core.iterators.user.VersioningIteratorTest
Tests run: 6, Failures: 0, Errors: 0, Skipped: 0, Time elapsed: 0.011 sec
Running org.apache.accumulo.core.iterators.user.ColumnSliceFilterTest
Tests run: 11, Failures: 0, Errors: 0, Skipped: 0, Time elapsed: 0.013 sec
Running org.apache.accumulo.core.iterators.FirstEntryInRowTest
Tests run: 2, Failures: 0, Errors: 0, Skipped: 0, Time elapsed: 0.021 sec
Running org.apache.accumulo.core.iterators.system.MultiIteratorTest
Tests run: 7, Failures: 0, Errors: 0, Skipped: 0, Time elapsed: 0.134 sec
Running org.apache.accumulo.core.iterators.system.SourceSwitchingIteratorTest
Tests run: 6, Failures: 0, Errors: 0, Skipped: 0, Time elapsed: 0.01 sec
Running org.apache.accumulo.core.iterators.system.ColumnFamilySkippingIteratorTest
Tests run: 3, Failures: 0, Errors: 0, Skipped: 0, Time elapsed: 1.027 sec
Running org.apache.accumulo.core.iterators.system.ColumnFilterTest
Tests run: 3, Failures: 0, Errors: 0, Skipped: 0, Time elapsed: 0.003 sec
Running org.apache.accumulo.core.iterators.system.DeletingIteratorTest
Tests run: 4, Failures: 0, Errors: 0, Skipped: 0, Time elapsed: 0.007 sec
Running org.apache.accumulo.core.iterators.system.TimeSettingIteratorTest
Tests run: 1, Failures: 0, Errors: 0, Skipped: 0, Time elapsed: 0.004 sec
Running org.apache.accumulo.core.iterators.system.VisibilityFilterTest
Tests run: 1, Failures: 0, Errors: 0, Skipped: 0, Time elapsed: 0.001 sec
Running org.apache.accumulo.core.iterators.aggregation.conf.AggregatorConfigurationTest
Tests run: 2, Failures: 0, Errors: 0, Skipped: 0, Time elapsed: 0.005 sec
Running org.apache.accumulo.core.iterators.aggregation.NumSummationTest
Tests run: 5, Failures: 0, Errors: 0, Skipped: 0, Time elapsed: 0.007 sec
Running org.apache.accumulo.core.iterators.FirstEntryInRowIteratorTest
Tests run: 1, Failures: 0, Errors: 0, Skipped: 0, Time elapsed: 0.005 sec
Running org.apache.accumulo.core.iterators.AggregatingIteratorTest
Tests run: 7, Failures: 0, Errors: 0, Skipped: 0, Time elapsed: 0.011 sec
Running org.apache.accumulo.core.iterators.IteratorUtilTest
Tests run: 6, Failures: 0, Errors: 0, Skipped: 0, Time elapsed: 0.011 sec

Results :

Failed tests:   testPutAfterEquals(org.apache.accumulo.core.data.MutationTest): Calling Mutation#equals then Mutation#put should not result in an IllegalStateException.
  testPutAfterHashCode(org.apache.accumulo.core.data.MutationTest): Calling Mutation#hashCode then Mutation#put should not result in an IllegalStateException.

Tests run: 434, Failures: 2, Errors: 0, Skipped: 0

[INFO] ------------------------------------------------------------------------
[INFO] BUILD FAILURE
[INFO] ------------------------------------------------------------------------
[INFO] Total time: 01:11 min
[INFO] Finished at: 2018-08-01T11:03:27+02:00
[INFO] Final Memory: 57M/1555M
[INFO] ------------------------------------------------------------------------
[ERROR] Failed to execute goal org.apache.maven.plugins:maven-surefire-plugin:2.12.4:test (default-test) on project accumulo-core: There are test failures.
[ERROR] 
[ERROR] Please refer to /tmp/icse19/dataset/august-2018/bugs-dot-jar/accumulo_buggy/core/target/surefire-reports for the individual test results.
[ERROR] -> [Help 1]
[ERROR] 
[ERROR] To see the full stack trace of the errors, re-run Maven with the -e switch.
[ERROR] Re-run Maven using the -X switch to enable full debug logging.
[ERROR] 
[ERROR] For more information about the errors and possible solutions, please read the following articles:
[ERROR] [Help 1] http://cwiki.apache.org/confluence/display/MAVEN/MojoFailureException
Writing HTML report to '/tmp/icse19/dataset/august-2018/bugs-dot-jar/accumulo_buggy/core/target/clover/report'
Done. Processed 49 packages in 22099ms (451ms per package).
[INFO] org.apache.accumulo.core.data.MutationTest;testPutAfterHashCode;testThrift;testThrift_Invalid;testPutAfterEquals;testEquals
[INFO] ------------------------------------------------------------------------
[INFO] BUILD SUCCESS
[INFO] ------------------------------------------------------------------------
[INFO] Total time: 01:42 min
[INFO] Finished at: 2018-08-01T11:03:53+02:00
[INFO] Final Memory: 47M/1575M
[INFO] ------------------------------------------------------------------------
cd dataset/august-2018/bugs-dot-jar/accumulo_buggy/core && ~/apache-maven-3.3.9/bin/mvn clean versions:use-latest-versions -Dincludes=junit:junit eu.stamp-project:diff-test-selection:0.2:list -DpathToDiff=../.bugs-dot-jar/developer-patch.diff -DpathToOtherVersion=../../accumulo_fixed/ -DoutputPath=../../../accumulo/data_test-selection_bugs-dot-jar_ACCUMULO-3746_47c64d9a.csv -Dreport=CSV
rm -rf accumulo_fixed
