rm -rf dataset/august-2018/bugs-dot-jar/accumulo_buggy
cp -r dataset/august-2018/bugs-dot-jar/accumulo dataset/august-2018/bugs-dot-jar/accumulo_buggy
Previous HEAD position was 47e20f9... Added bug report.
HEAD is now at e57e294... Added bug report.
[INFO] Scanning for projects...
[INFO] ------------------------------------------------------------------------
[INFO] Reactor Build Order:
[INFO] 
[INFO] Apache Accumulo
[INFO] Trace
[INFO] Fate
[INFO] Start
[INFO] Core
[INFO] Simple Examples
[INFO] Server Base
[INFO] GC Server
[INFO] Master Server
[INFO] Monitor Server
[INFO] Tracer Server
[INFO] Tablet Server
[INFO] MiniCluster
[INFO] Native Libraries
[INFO] Testing
[INFO] Proxy
[INFO] Assemblies
[INFO] Documentation
[INFO] Accumulo Maven Plugin
[INFO]                                                                         
[INFO] ------------------------------------------------------------------------
[INFO] Building Apache Accumulo 1.6.2-SNAPSHOT
[INFO] ------------------------------------------------------------------------
[INFO] 
[INFO] --- maven-clean-plugin:2.5:clean (default-clean) @ accumulo-project ---
[INFO] Deleting /tmp/icse19/dataset/august-2018/bugs-dot-jar/accumulo_buggy (includes = [**/*.pyc, **/*.so], excludes = [])
[INFO] 
[INFO] --- maven-sortpom-plugin:2.3.0:verify (verify-sorted-pom) @ accumulo-project ---
[INFO] Verifying file /tmp/icse19/dataset/august-2018/bugs-dot-jar/accumulo_buggy/pom.xml
[INFO] 
[INFO] --- maven-enforcer-plugin:1.3.1:enforce (enforce-mvn) @ accumulo-project ---
[INFO] 
[INFO] --- mavanagaiata:0.7.0:commit (git-commit) @ accumulo-project ---
[INFO] 
[INFO] --- apache-rat-plugin:0.10:check (check-licenses) @ accumulo-project ---
[INFO] 69 implicit excludes (use -debug for more details).
[INFO] No excludes explicitly specified.
[INFO] 15 resources included (use -debug for more details)
Warning: org.apache.xerces.jaxp.SAXParserImpl$JAXPSAXParser: Property 'http://www.oracle.com/xml/jaxp/properties/entityExpansionLimit' is not recognized.
Compiler warnings:
  WARNING:  'org.apache.xerces.jaxp.SAXParserImpl: Property 'http://javax.xml.XMLConstants/property/accessExternalDTD' is not recognized.'
Warning: org.apache.xerces.parsers.SAXParser: Feature 'http://javax.xml.XMLConstants/feature/secure-processing' is not recognized.
Warning: org.apache.xerces.parsers.SAXParser: Property 'http://javax.xml.XMLConstants/property/accessExternalDTD' is not recognized.
Warning: org.apache.xerces.parsers.SAXParser: Property 'http://www.oracle.com/xml/jaxp/properties/entityExpansionLimit' is not recognized.
[INFO] Rat check: Summary of files. Unapproved: 4 unknown: 4 generated: 0 approved: 8 licence.
[INFO] ------------------------------------------------------------------------
[INFO] Reactor Summary:
[INFO] 
[INFO] Apache Accumulo .................................... FAILURE [  3.490 s]
[INFO] Trace .............................................. SKIPPED
[INFO] Fate ............................................... SKIPPED
[INFO] Start .............................................. SKIPPED
[INFO] Core ............................................... SKIPPED
[INFO] Simple Examples .................................... SKIPPED
[INFO] Server Base ........................................ SKIPPED
[INFO] GC Server .......................................... SKIPPED
[INFO] Master Server ...................................... SKIPPED
[INFO] Monitor Server ..................................... SKIPPED
[INFO] Tracer Server ...................................... SKIPPED
[INFO] Tablet Server ...................................... SKIPPED
[INFO] MiniCluster ........................................ SKIPPED
[INFO] Native Libraries ................................... SKIPPED
[INFO] Testing ............................................ SKIPPED
[INFO] Proxy .............................................. SKIPPED
[INFO] Assemblies ......................................... SKIPPED
[INFO] Documentation ...................................... SKIPPED
[INFO] Accumulo Maven Plugin .............................. SKIPPED
[INFO] ------------------------------------------------------------------------
[INFO] BUILD FAILURE
[INFO] ------------------------------------------------------------------------
[INFO] Total time: 4.256 s
[INFO] Finished at: 2018-08-01T10:25:13+02:00
[INFO] Final Memory: 26M/387M
[INFO] ------------------------------------------------------------------------
[ERROR] Failed to execute goal org.apache.rat:apache-rat-plugin:0.10:check (check-licenses) on project accumulo-project: Too many files with unapproved license: 4 See RAT report in: /tmp/icse19/dataset/august-2018/bugs-dot-jar/accumulo_buggy/target/rat.txt -> [Help 1]
[ERROR] 
[ERROR] To see the full stack trace of the errors, re-run Maven with the -e switch.
[ERROR] Re-run Maven using the -X switch to enable full debug logging.
[ERROR] 
[ERROR] For more information about the errors and possible solutions, please read the following articles:
[ERROR] [Help 1] http://cwiki.apache.org/confluence/display/MAVEN/MojoFailureException
cd dataset/august-2018/bugs-dot-jar/accumulo_buggy && git checkout   remotes/origin/bugs-dot-jar_ACCUMULO-3385_a3267d3e && ~/apache-maven-3.3.9/bin/mvn clean install -DskipTests
rm -rf dataset/august-2018/bugs-dot-jar/accumulo_fixed
cp -r dataset/august-2018/bugs-dot-jar/accumulo_buggy dataset/august-2018/bugs-dot-jar/accumulo_fixed
patching file start/src/main/java/org/apache/accumulo/start/classloader/vfs/AccumuloVFSClassLoader.java
cd dataset/august-2018/bugs-dot-jar/accumulo_fixed && patch -p1 < .bugs-dot-jar/developer-patch.diff
[INFO] Scanning for projects...
[WARNING] The POM for org.eclipse.m2e:lifecycle-mapping:jar:1.0.0 is missing, no dependency information available
[WARNING] Failed to retrieve plugin descriptor for org.eclipse.m2e:lifecycle-mapping:1.0.0: Plugin org.eclipse.m2e:lifecycle-mapping:1.0.0 or one of its dependencies could not be resolved: Failure to find org.eclipse.m2e:lifecycle-mapping:jar:1.0.0 in https://repo.maven.apache.org/maven2 was cached in the local repository, resolution will not be reattempted until the update interval of central has elapsed or updates are forced
[INFO]                                                                         
[INFO] ------------------------------------------------------------------------
[INFO] Building Start 1.6.2-SNAPSHOT
[INFO] ------------------------------------------------------------------------
[WARNING] The POM for org.eclipse.m2e:lifecycle-mapping:jar:1.0.0 is missing, no dependency information available
[WARNING] Failed to retrieve plugin descriptor for org.eclipse.m2e:lifecycle-mapping:1.0.0: Plugin org.eclipse.m2e:lifecycle-mapping:1.0.0 or one of its dependencies could not be resolved: Failure to find org.eclipse.m2e:lifecycle-mapping:jar:1.0.0 in https://repo.maven.apache.org/maven2 was cached in the local repository, resolution will not be reattempted until the update interval of central has elapsed or updates are forced
[INFO] 
[INFO] --- maven-clean-plugin:2.5:clean (default-clean) @ accumulo-start ---
[INFO] Deleting /tmp/icse19/dataset/august-2018/bugs-dot-jar/accumulo_buggy/start (includes = [**/*.pyc, **/*.so], excludes = [])
[INFO] 
[INFO] --- versions-maven-plugin:2.5:use-latest-versions (default-cli) @ accumulo-start ---
[INFO] Major version changes allowed
[INFO] 
[INFO] --- diff-test-selection:0.2:list (default-cli) @ accumulo-start ---
[INFO] /tmp/icse19/dataset/august-2018/bugs-dot-jar/accumulo_buggy/start
[WARN] Maven will be executed in interactive mode, but no input stream has been configured for this MavenInvoker instance.
[INFO] Scanning for projects...
[INFO]                                                                         
[INFO] ------------------------------------------------------------------------
[INFO] Building Start 1.6.2-SNAPSHOT
[INFO] ------------------------------------------------------------------------
[INFO] 
[INFO] --- maven-clean-plugin:2.5:clean (default-clean) @ accumulo-start ---
[INFO] Deleting /tmp/icse19/dataset/august-2018/bugs-dot-jar/accumulo_buggy/start (includes = [**/*.pyc, **/*.so], excludes = [])
[INFO] 
[INFO] --- clover-maven-plugin:4.2.0:setup (default-cli) @ accumulo-start ---
[INFO] No 'maven.clover.licenseLocation' configured. Using default license.
[INFO] OpenClover Version 4.2.0, built on April 30 2017 (build-1000)
[INFO] Loaded from: /home/spirals/danglot/.m2/repository/org/openclover/clover/4.2.0/clover-4.2.0.jar
[INFO] Clover free edition.
[INFO] Creating new database at '/tmp/icse19/dataset/august-2018/bugs-dot-jar/accumulo_buggy/start/target/clover/clover.db'.
[INFO] Processing files at 1.8 source level.
[INFO] Clover all over. Instrumented 17 files (4 packages).
[INFO] Elapsed time = 0.606 secs. (28.053 files/sec, 4,328.383 srclines/sec)
[INFO] OpenClover Version 4.2.0, built on April 30 2017 (build-1000)
[INFO] Loaded from: /home/spirals/danglot/.m2/repository/org/openclover/clover/4.2.0/clover-4.2.0.jar
[INFO] Clover free edition.
[INFO] Updating existing database at '/tmp/icse19/dataset/august-2018/bugs-dot-jar/accumulo_buggy/start/target/clover/clover.db'.
[INFO] Processing files at 1.8 source level.
[INFO] Clover all over. Instrumented 8 files (5 packages).
[INFO] 33 test methods detected.
[INFO] Elapsed time = 0.26 secs. (30.769 files/sec, 4,865.385 srclines/sec)
[INFO] 
[INFO] --- maven-sortpom-plugin:2.3.0:verify (verify-sorted-pom) @ accumulo-start ---
[INFO] Verifying file /tmp/icse19/dataset/august-2018/bugs-dot-jar/accumulo_buggy/start/pom.xml
[INFO] 
[INFO] --- maven-enforcer-plugin:1.3.1:enforce (enforce-mvn) @ accumulo-start ---
[INFO] Skipping Rule Enforcement.
[INFO] 
[INFO] --- mavanagaiata:0.7.0:commit (git-commit) @ accumulo-start ---
[INFO] 
[INFO] --- apache-rat-plugin:0.10:check (check-licenses) @ accumulo-start ---
[INFO] 51 implicit excludes (use -debug for more details).
[INFO] No excludes explicitly specified.
[INFO] 35 resources included (use -debug for more details)
Warning: org.apache.xerces.jaxp.SAXParserImpl$JAXPSAXParser: Property 'http://www.oracle.com/xml/jaxp/properties/entityExpansionLimit' is not recognized.
Compiler warnings:
  WARNING:  'org.apache.xerces.jaxp.SAXParserImpl: Property 'http://javax.xml.XMLConstants/property/accessExternalDTD' is not recognized.'
Warning: org.apache.xerces.parsers.SAXParser: Feature 'http://javax.xml.XMLConstants/feature/secure-processing' is not recognized.
Warning: org.apache.xerces.parsers.SAXParser: Property 'http://javax.xml.XMLConstants/property/accessExternalDTD' is not recognized.
Warning: org.apache.xerces.parsers.SAXParser: Property 'http://www.oracle.com/xml/jaxp/properties/entityExpansionLimit' is not recognized.
[INFO] Rat check: Summary of files. Unapproved: 0 unknown: 0 generated: 0 approved: 30 licence.
[INFO] 
[INFO] --- maven-remote-resources-plugin:1.5:process (default) @ accumulo-start ---
[INFO] 
[INFO] --- maven-resources-plugin:2.6:resources (default-resources) @ accumulo-start ---
[INFO] Using 'UTF-8' encoding to copy filtered resources.
[INFO] skip non existing resourceDirectory /tmp/icse19/dataset/august-2018/bugs-dot-jar/accumulo_buggy/start/src/main/resources
[INFO] Copying 1 resource
[INFO] Copying 3 resources
[INFO] 
[INFO] --- maven-compiler-plugin:3.1:compile (default-compile) @ accumulo-start ---
[INFO] Changes detected - recompiling the module!
[INFO] Compiling 17 source files to /tmp/icse19/dataset/august-2018/bugs-dot-jar/accumulo_buggy/start/target/classes
[WARNING] bootstrap class path not set in conjunction with -source 1.6
[INFO] 
[INFO] --- maven-resources-plugin:2.6:testResources (default-testResources) @ accumulo-start ---
[INFO] Using 'UTF-8' encoding to copy filtered resources.
[INFO] Copying 6 resources
[INFO] Copying 3 resources
[INFO] 
[INFO] --- maven-compiler-plugin:3.1:testCompile (default-testCompile) @ accumulo-start ---
[INFO] Changes detected - recompiling the module!
[INFO] Compiling 8 source files to /tmp/icse19/dataset/august-2018/bugs-dot-jar/accumulo_buggy/start/target/test-classes
[WARNING] bootstrap class path not set in conjunction with -source 1.6
[INFO] 
[INFO] --- maven-surefire-plugin:2.16:test (default-test) @ accumulo-start ---
[INFO] Surefire report directory: /tmp/icse19/dataset/august-2018/bugs-dot-jar/accumulo_buggy/start/target/surefire-reports

-------------------------------------------------------
 T E S T S
-------------------------------------------------------

-------------------------------------------------------
 T E S T S
-------------------------------------------------------
Running org.apache.accumulo.start.classloader.vfs.providers.VfsClassLoaderTest
Tests run: 2, Failures: 0, Errors: 0, Skipped: 0, Time elapsed: 24.973 sec - in org.apache.accumulo.start.classloader.vfs.providers.VfsClassLoaderTest
Running org.apache.accumulo.start.classloader.vfs.providers.ReadOnlyHdfsFileProviderTest
Tests run: 15, Failures: 0, Errors: 0, Skipped: 0, Time elapsed: 4.271 sec - in org.apache.accumulo.start.classloader.vfs.providers.ReadOnlyHdfsFileProviderTest
Running org.apache.accumulo.start.classloader.vfs.AccumuloReloadingVFSClassLoaderTest
Tests run: 4, Failures: 0, Errors: 0, Skipped: 1, Time elapsed: 22.322 sec - in org.apache.accumulo.start.classloader.vfs.AccumuloReloadingVFSClassLoaderTest
Running org.apache.accumulo.start.classloader.vfs.ContextManagerTest
Tests run: 2, Failures: 0, Errors: 0, Skipped: 0, Time elapsed: 0.31 sec - in org.apache.accumulo.start.classloader.vfs.ContextManagerTest
Running org.apache.accumulo.start.classloader.vfs.AccumuloVFSClassLoaderTest
Tests run: 4, Failures: 1, Errors: 0, Skipped: 0, Time elapsed: 1.966 sec <<< FAILURE! - in org.apache.accumulo.start.classloader.vfs.AccumuloVFSClassLoaderTest
testCacheDirectoryConfigured(org.apache.accumulo.start.classloader.vfs.AccumuloVFSClassLoaderTest)  Time elapsed: 0.044 sec  <<< FAILURE!
java.lang.AssertionError: null
	at org.junit.Assert.fail(Assert.java:86)
	at org.junit.Assert.assertTrue(Assert.java:41)
	at org.junit.Assert.assertTrue(Assert.java:52)
	at org.apache.accumulo.start.classloader.vfs.AccumuloVFSClassLoaderTest.__CLR4_2_0w6c8jm10h(AccumuloVFSClassLoaderTest.java:204)
	at org.apache.accumulo.start.classloader.vfs.AccumuloVFSClassLoaderTest.testCacheDirectoryConfigured(AccumuloVFSClassLoaderTest.java:174)

Running org.apache.accumulo.start.MainTest
Tests run: 6, Failures: 0, Errors: 0, Skipped: 0, Time elapsed: 0.27 sec - in org.apache.accumulo.start.MainTest

Results :

Failed tests: 
  AccumuloVFSClassLoaderTest.testCacheDirectoryConfigured:174->__CLR4_2_0w6c8jm10h:204 null

Tests run: 33, Failures: 1, Errors: 0, Skipped: 1

[INFO] ------------------------------------------------------------------------
[INFO] BUILD FAILURE
[INFO] ------------------------------------------------------------------------
[INFO] Total time: 01:11 min
[INFO] Finished at: 2018-08-01T10:26:30+02:00
[INFO] Final Memory: 45M/564M
[INFO] ------------------------------------------------------------------------
[ERROR] Failed to execute goal org.apache.maven.plugins:maven-surefire-plugin:2.16:test (default-test) on project accumulo-start: There are test failures.
[ERROR] 
[ERROR] Please refer to /tmp/icse19/dataset/august-2018/bugs-dot-jar/accumulo_buggy/start/target/surefire-reports for the individual test results.
[ERROR] -> [Help 1]
[ERROR] 
[ERROR] To see the full stack trace of the errors, re-run Maven with the -e switch.
[ERROR] Re-run Maven using the -X switch to enable full debug logging.
[ERROR] 
[ERROR] For more information about the errors and possible solutions, please read the following articles:
[ERROR] [Help 1] http://cwiki.apache.org/confluence/display/MAVEN/MojoFailureException
Writing HTML report to '/tmp/icse19/dataset/august-2018/bugs-dot-jar/accumulo_buggy/start/target/clover/report'
Done. Processed 6 packages in 2298ms (383ms per package).
[INFO] org.apache.accumulo.start.classloader.vfs.AccumuloVFSClassLoaderTest;testDefaultConfig;testDefaultContextConfigured;testCacheDirectoryConfigured;testDefaultCacheDirectory
org.apache.accumulo.start.classloader.vfs.AccumuloReloadingVFSClassLoaderTest;testModifiedClass;testReloading
[INFO] ------------------------------------------------------------------------
[INFO] BUILD SUCCESS
[INFO] ------------------------------------------------------------------------
[INFO] Total time: 01:20 min
[INFO] Finished at: 2018-08-01T10:26:35+02:00
[INFO] Final Memory: 38M/549M
[INFO] ------------------------------------------------------------------------
cd dataset/august-2018/bugs-dot-jar/accumulo_buggy/start && ~/apache-maven-3.3.9/bin/mvn clean versions:use-latest-versions -Dincludes=junit:junit eu.stamp-project:diff-test-selection:0.2:list -DpathToDiff=../.bugs-dot-jar/developer-patch.diff -DpathToOtherVersion=../../accumulo_fixed/ -DoutputPath=../../../accumulo/data_test-selection_bugs-dot-jar_ACCUMULO-3385_a3267d3e.csv -Dreport=CSV
rm -rf accumulo_fixed
