rm -rf dataset/august-2018/bugs-dot-jar/accumulo_buggy
cp -r dataset/august-2018/bugs-dot-jar/accumulo dataset/august-2018/bugs-dot-jar/accumulo_buggy
Previous HEAD position was a855ff3... Added bug report.
HEAD is now at a32a36a... Added bug report.
[INFO] Scanning for projects...
[INFO] ------------------------------------------------------------------------
[INFO] Reactor Build Order:
[INFO] 
[INFO] accumulo
[INFO] cloudtrace
[INFO] accumulo-start
[INFO] accumulo-fate
[INFO] accumulo-core
[INFO] accumulo-server
[INFO] accumulo-examples
[INFO] examples-simple
[INFO] accumulo-assemble
[INFO]                                                                         
[INFO] ------------------------------------------------------------------------
[INFO] Building accumulo 1.5.0-SNAPSHOT
[INFO] ------------------------------------------------------------------------
[INFO] 
[INFO] --- maven-clean-plugin:2.4.1:clean (default-clean) @ accumulo ---
[INFO] Deleting /tmp/icse19/dataset/august-2018/bugs-dot-jar/accumulo_buggy/test (includes = [**/*.so], excludes = [])
[INFO] Deleting /tmp/icse19/dataset/august-2018/bugs-dot-jar/accumulo_buggy (includes = [**/*.pyc], excludes = [])
[INFO] 
[INFO] --- buildnumber-maven-plugin:1.1:create (default) @ accumulo ---
[INFO] Checking for local modifications: skipped.
[INFO] Updating project files from SCM: skipped.
[INFO] Executing: /bin/sh -c cd /tmp/icse19/dataset/august-2018/bugs-dot-jar/accumulo_buggy && svn --non-interactive info
[INFO] Working directory: /tmp/icse19/dataset/august-2018/bugs-dot-jar/accumulo_buggy
[INFO] Storing buildNumber: null at timestamp: 1533113748682
[INFO] Executing: /bin/sh -c cd /tmp/icse19/dataset/august-2018/bugs-dot-jar/accumulo_buggy && svn --non-interactive info
[INFO] Working directory: /tmp/icse19/dataset/august-2018/bugs-dot-jar/accumulo_buggy
[INFO] Storing buildScmBranch: UNKNOWN_BRANCH
[INFO] 
[INFO] --- maven-enforcer-plugin:1.0.1:enforce (enforce-mvn) @ accumulo ---
[INFO] 
[INFO] --- maven-remote-resources-plugin:1.2.1:process (default) @ accumulo ---
[INFO] 
[INFO] --- maven-dependency-plugin:2.3:copy-dependencies (copy-dependencies) @ accumulo ---
[INFO] 
[INFO] --- maven-site-plugin:3.0:attach-descriptor (attach-descriptor) @ accumulo ---
[INFO] 
[INFO] --- maven-install-plugin:2.3.1:install (default-install) @ accumulo ---
[INFO] Installing /tmp/icse19/dataset/august-2018/bugs-dot-jar/accumulo_buggy/pom.xml to /home/spirals/danglot/.m2/repository/org/apache/accumulo/accumulo/1.5.0-SNAPSHOT/accumulo-1.5.0-SNAPSHOT.pom
[INFO] Installing /tmp/icse19/dataset/august-2018/bugs-dot-jar/accumulo_buggy/target/accumulo-1.5.0-SNAPSHOT-site.xml to /home/spirals/danglot/.m2/repository/org/apache/accumulo/accumulo/1.5.0-SNAPSHOT/accumulo-1.5.0-SNAPSHOT-site.xml
[INFO]                                                                         
[INFO] ------------------------------------------------------------------------
[INFO] Building cloudtrace 1.5.0-SNAPSHOT
[INFO] ------------------------------------------------------------------------
[INFO] 
[INFO] --- maven-clean-plugin:2.4.1:clean (default-clean) @ cloudtrace ---
[INFO] Deleting /tmp/icse19/dataset/august-2018/bugs-dot-jar/accumulo_buggy/trace (includes = [**/*.pyc], excludes = [])
[INFO] 
[INFO] --- buildnumber-maven-plugin:1.1:create (default) @ cloudtrace ---
[INFO] Checking for local modifications: skipped.
[INFO] Updating project files from SCM: skipped.
[INFO] Executing: /bin/sh -c cd /tmp/icse19/dataset/august-2018/bugs-dot-jar/accumulo_buggy/trace && svn --non-interactive info
[INFO] Working directory: /tmp/icse19/dataset/august-2018/bugs-dot-jar/accumulo_buggy/trace
[INFO] Storing buildNumber: null at timestamp: 1533113751959
[INFO] Executing: /bin/sh -c cd /tmp/icse19/dataset/august-2018/bugs-dot-jar/accumulo_buggy/trace && svn --non-interactive info
[INFO] Working directory: /tmp/icse19/dataset/august-2018/bugs-dot-jar/accumulo_buggy/trace
[INFO] Storing buildScmBranch: UNKNOWN_BRANCH
[INFO] 
[INFO] --- maven-enforcer-plugin:1.0.1:enforce (enforce-mvn) @ cloudtrace ---
[INFO] 
[INFO] --- maven-remote-resources-plugin:1.2.1:process (default) @ cloudtrace ---
[INFO] 
[INFO] --- maven-resources-plugin:2.5:resources (default-resources) @ cloudtrace ---
[debug] execute contextualize
[INFO] Using 'UTF-8' encoding to copy filtered resources.
[INFO] skip non existing resourceDirectory /tmp/icse19/dataset/august-2018/bugs-dot-jar/accumulo_buggy/trace/src/main/resources
[INFO] Copying 3 resources
[INFO] 
[INFO] --- maven-dependency-plugin:2.3:copy-dependencies (copy-dependencies) @ cloudtrace ---
[INFO] Copying log4j-1.2.16.jar to /tmp/icse19/dataset/august-2018/bugs-dot-jar/accumulo_buggy/lib/log4j-1.2.16.jar
[INFO] Copying libthrift-0.9.0.jar to /tmp/icse19/dataset/august-2018/bugs-dot-jar/accumulo_buggy/lib/libthrift-0.9.0.jar
[INFO] 
[INFO] --- maven-compiler-plugin:2.3.2:compile (default-compile) @ cloudtrace ---
[INFO] Compiling 22 source files to /tmp/icse19/dataset/august-2018/bugs-dot-jar/accumulo_buggy/trace/target/classes
[INFO] 
[INFO] --- maven-resources-plugin:2.5:testResources (default-testResources) @ cloudtrace ---
[debug] execute contextualize
[INFO] Using 'UTF-8' encoding to copy filtered resources.
[INFO] skip non existing resourceDirectory /tmp/icse19/dataset/august-2018/bugs-dot-jar/accumulo_buggy/trace/src/test/resources
[INFO] Copying 3 resources
[INFO] 
[INFO] --- maven-compiler-plugin:2.3.2:testCompile (default-testCompile) @ cloudtrace ---
[INFO] Compiling 3 source files to /tmp/icse19/dataset/august-2018/bugs-dot-jar/accumulo_buggy/trace/target/test-classes
[INFO] 
[INFO] --- maven-surefire-plugin:2.12:test (default-test) @ cloudtrace ---
[INFO] Tests are skipped.
[INFO] 
[INFO] --- maven-jar-plugin:2.3.1:jar (default-jar) @ cloudtrace ---
[INFO] Building jar: /tmp/icse19/dataset/august-2018/bugs-dot-jar/accumulo_buggy/lib/cloudtrace-1.5.0-SNAPSHOT.jar
[INFO] 
[INFO] --- maven-site-plugin:3.0:attach-descriptor (attach-descriptor) @ cloudtrace ---
[INFO] 
[INFO] --- maven-install-plugin:2.3.1:install (default-install) @ cloudtrace ---
[INFO] Installing /tmp/icse19/dataset/august-2018/bugs-dot-jar/accumulo_buggy/lib/cloudtrace-1.5.0-SNAPSHOT.jar to /home/spirals/danglot/.m2/repository/org/apache/accumulo/cloudtrace/1.5.0-SNAPSHOT/cloudtrace-1.5.0-SNAPSHOT.jar
[INFO] Installing /tmp/icse19/dataset/august-2018/bugs-dot-jar/accumulo_buggy/trace/pom.xml to /home/spirals/danglot/.m2/repository/org/apache/accumulo/cloudtrace/1.5.0-SNAPSHOT/cloudtrace-1.5.0-SNAPSHOT.pom
[INFO]                                                                         
[INFO] ------------------------------------------------------------------------
[INFO] Building accumulo-start 1.5.0-SNAPSHOT
[INFO] ------------------------------------------------------------------------
[INFO] 
[INFO] --- maven-clean-plugin:2.4.1:clean (default-clean) @ accumulo-start ---
[INFO] Deleting /tmp/icse19/dataset/august-2018/bugs-dot-jar/accumulo_buggy/start (includes = [**/*.pyc], excludes = [])
[INFO] 
[INFO] --- buildnumber-maven-plugin:1.1:create (default) @ accumulo-start ---
[INFO] Checking for local modifications: skipped.
[INFO] Updating project files from SCM: skipped.
[INFO] Executing: /bin/sh -c cd /tmp/icse19/dataset/august-2018/bugs-dot-jar/accumulo_buggy/start && svn --non-interactive info
[INFO] Working directory: /tmp/icse19/dataset/august-2018/bugs-dot-jar/accumulo_buggy/start
[INFO] Storing buildNumber: null at timestamp: 1533113755215
[INFO] Executing: /bin/sh -c cd /tmp/icse19/dataset/august-2018/bugs-dot-jar/accumulo_buggy/start && svn --non-interactive info
[INFO] Working directory: /tmp/icse19/dataset/august-2018/bugs-dot-jar/accumulo_buggy/start
[INFO] Storing buildScmBranch: UNKNOWN_BRANCH
[INFO] 
[INFO] --- maven-enforcer-plugin:1.0.1:enforce (enforce-mvn) @ accumulo-start ---
[INFO] 
[INFO] --- maven-remote-resources-plugin:1.2.1:process (default) @ accumulo-start ---
[INFO] 
[INFO] --- maven-resources-plugin:2.5:resources (default-resources) @ accumulo-start ---
[debug] execute contextualize
[INFO] Using 'UTF-8' encoding to copy filtered resources.
[INFO] skip non existing resourceDirectory /tmp/icse19/dataset/august-2018/bugs-dot-jar/accumulo_buggy/start/src/main/resources
[INFO] Copying 3 resources
[INFO] 
[INFO] --- maven-dependency-plugin:2.3:copy-dependencies (copy-dependencies) @ accumulo-start ---
[INFO] Copying commons-io-1.4.jar to /tmp/icse19/dataset/august-2018/bugs-dot-jar/accumulo_buggy/lib/commons-io-1.4.jar
[INFO] Copying commons-jci-fam-1.0.jar to /tmp/icse19/dataset/august-2018/bugs-dot-jar/accumulo_buggy/lib/commons-jci-fam-1.0.jar
[INFO] Copying commons-logging-1.0.4.jar to /tmp/icse19/dataset/august-2018/bugs-dot-jar/accumulo_buggy/lib/commons-logging-1.0.4.jar
[INFO] log4j-1.2.16.jar already exists in destination.
[INFO] 
[INFO] --- maven-compiler-plugin:2.3.2:compile (default-compile) @ accumulo-start ---
[INFO] Compiling 5 source files to /tmp/icse19/dataset/august-2018/bugs-dot-jar/accumulo_buggy/start/target/classes
[INFO] 
[INFO] --- maven-resources-plugin:2.5:testResources (default-testResources) @ accumulo-start ---
[debug] execute contextualize
[INFO] Using 'UTF-8' encoding to copy filtered resources.
[INFO] Copying 3 resources
[INFO] Copying 3 resources
[INFO] 
[INFO] --- maven-compiler-plugin:2.3.2:testCompile (default-testCompile) @ accumulo-start ---
[INFO] Compiling 2 source files to /tmp/icse19/dataset/august-2018/bugs-dot-jar/accumulo_buggy/start/target/test-classes
[INFO] 
[INFO] --- maven-surefire-plugin:2.12:test (default-test) @ accumulo-start ---
[INFO] Tests are skipped.
[INFO] 
[INFO] --- maven-jar-plugin:2.3.1:jar (default-jar) @ accumulo-start ---
[INFO] Building jar: /tmp/icse19/dataset/august-2018/bugs-dot-jar/accumulo_buggy/lib/accumulo-start-1.5.0-SNAPSHOT.jar
[INFO] 
[INFO] --- maven-site-plugin:3.0:attach-descriptor (attach-descriptor) @ accumulo-start ---
[INFO] 
[INFO] --- maven-install-plugin:2.3.1:install (default-install) @ accumulo-start ---
[INFO] Installing /tmp/icse19/dataset/august-2018/bugs-dot-jar/accumulo_buggy/lib/accumulo-start-1.5.0-SNAPSHOT.jar to /home/spirals/danglot/.m2/repository/org/apache/accumulo/accumulo-start/1.5.0-SNAPSHOT/accumulo-start-1.5.0-SNAPSHOT.jar
[INFO] Installing /tmp/icse19/dataset/august-2018/bugs-dot-jar/accumulo_buggy/start/pom.xml to /home/spirals/danglot/.m2/repository/org/apache/accumulo/accumulo-start/1.5.0-SNAPSHOT/accumulo-start-1.5.0-SNAPSHOT.pom
[INFO]                                                                         
[INFO] ------------------------------------------------------------------------
[INFO] Building accumulo-fate 1.5.0-SNAPSHOT
[INFO] ------------------------------------------------------------------------
[INFO] 
[INFO] --- maven-clean-plugin:2.4.1:clean (default-clean) @ accumulo-fate ---
[INFO] Deleting /tmp/icse19/dataset/august-2018/bugs-dot-jar/accumulo_buggy/fate (includes = [**/*.pyc], excludes = [])
[INFO] 
[INFO] --- buildnumber-maven-plugin:1.1:create (default) @ accumulo-fate ---
[INFO] Checking for local modifications: skipped.
[INFO] Updating project files from SCM: skipped.
[INFO] Executing: /bin/sh -c cd /tmp/icse19/dataset/august-2018/bugs-dot-jar/accumulo_buggy/fate && svn --non-interactive info
[INFO] Working directory: /tmp/icse19/dataset/august-2018/bugs-dot-jar/accumulo_buggy/fate
[INFO] Storing buildNumber: null at timestamp: 1533113757048
[INFO] Executing: /bin/sh -c cd /tmp/icse19/dataset/august-2018/bugs-dot-jar/accumulo_buggy/fate && svn --non-interactive info
[INFO] Working directory: /tmp/icse19/dataset/august-2018/bugs-dot-jar/accumulo_buggy/fate
[INFO] Storing buildScmBranch: UNKNOWN_BRANCH
[INFO] 
[INFO] --- maven-enforcer-plugin:1.0.1:enforce (enforce-mvn) @ accumulo-fate ---
[INFO] 
[INFO] --- maven-remote-resources-plugin:1.2.1:process (default) @ accumulo-fate ---
[INFO] 
[INFO] --- maven-resources-plugin:2.5:resources (default-resources) @ accumulo-fate ---
[debug] execute contextualize
[INFO] Using 'UTF-8' encoding to copy filtered resources.
[INFO] skip non existing resourceDirectory /tmp/icse19/dataset/august-2018/bugs-dot-jar/accumulo_buggy/fate/src/main/resources
[INFO] Copying 3 resources
[INFO] 
[INFO] --- maven-dependency-plugin:2.3:copy-dependencies (copy-dependencies) @ accumulo-fate ---
[INFO] Copying commons-lang-2.4.jar to /tmp/icse19/dataset/august-2018/bugs-dot-jar/accumulo_buggy/lib/commons-lang-2.4.jar
[INFO] log4j-1.2.16.jar already exists in destination.
[INFO] 
[INFO] --- maven-compiler-plugin:2.3.2:compile (default-compile) @ accumulo-fate ---
[INFO] Compiling 21 source files to /tmp/icse19/dataset/august-2018/bugs-dot-jar/accumulo_buggy/fate/target/classes
[INFO] 
[INFO] --- maven-resources-plugin:2.5:testResources (default-testResources) @ accumulo-fate ---
[debug] execute contextualize
[INFO] Using 'UTF-8' encoding to copy filtered resources.
[INFO] skip non existing resourceDirectory /tmp/icse19/dataset/august-2018/bugs-dot-jar/accumulo_buggy/fate/src/test/resources
[INFO] Copying 3 resources
[INFO] 
[INFO] --- maven-compiler-plugin:2.3.2:testCompile (default-testCompile) @ accumulo-fate ---
[INFO] Compiling 2 source files to /tmp/icse19/dataset/august-2018/bugs-dot-jar/accumulo_buggy/fate/target/test-classes
[INFO] 
[INFO] --- maven-surefire-plugin:2.12:test (default-test) @ accumulo-fate ---
[INFO] Tests are skipped.
[INFO] 
[INFO] --- maven-jar-plugin:2.3.1:jar (default-jar) @ accumulo-fate ---
[INFO] Building jar: /tmp/icse19/dataset/august-2018/bugs-dot-jar/accumulo_buggy/lib/accumulo-fate-1.5.0-SNAPSHOT.jar
[INFO] 
[INFO] --- maven-site-plugin:3.0:attach-descriptor (attach-descriptor) @ accumulo-fate ---
[INFO] 
[INFO] --- maven-install-plugin:2.3.1:install (default-install) @ accumulo-fate ---
[INFO] Installing /tmp/icse19/dataset/august-2018/bugs-dot-jar/accumulo_buggy/lib/accumulo-fate-1.5.0-SNAPSHOT.jar to /home/spirals/danglot/.m2/repository/org/apache/accumulo/accumulo-fate/1.5.0-SNAPSHOT/accumulo-fate-1.5.0-SNAPSHOT.jar
[INFO] Installing /tmp/icse19/dataset/august-2018/bugs-dot-jar/accumulo_buggy/fate/pom.xml to /home/spirals/danglot/.m2/repository/org/apache/accumulo/accumulo-fate/1.5.0-SNAPSHOT/accumulo-fate-1.5.0-SNAPSHOT.pom
[INFO]                                                                         
[INFO] ------------------------------------------------------------------------
[INFO] Building accumulo-core 1.5.0-SNAPSHOT
[INFO] ------------------------------------------------------------------------
Downloading: https://repo.maven.apache.org/maven2/org/apache/hadoop/hadoop-core/0.20.205.0/hadoop-core-0.20.205.0.pom
3/5 KB   5/5 KB            Downloaded: https://repo.maven.apache.org/maven2/org/apache/hadoop/hadoop-core/0.20.205.0/hadoop-core-0.20.205.0.pom (5 KB at 8.8 KB/sec)
Downloading: https://repo.maven.apache.org/maven2/org/apache/hadoop/hadoop-core/0.20.205.0/hadoop-core-0.20.205.0.jar
3/3615 KB   5/3615 KB   8/3615 KB   11/3615 KB   13/3615 KB   16/3615 KB   19/3615 KB   21/3615 KB   24/3615 KB   27/3615 KB   29/3615 KB   32/3615 KB   36/3615 KB   40/3615 KB   44/3615 KB   48/3615 KB   52/3615 KB   56/3615 KB   60/3615 KB   64/3615 KB   68/3615 KB   72/3615 KB   76/3615 KB   80/3615 KB   84/3615 KB   88/3615 KB   92/3615 KB   96/3615 KB   100/3615 KB   104/3615 KB   108/3615 KB   112/3615 KB   116/3615 KB   120/3615 KB   124/3615 KB   128/3615 KB   132/3615 KB   136/3615 KB   140/3615 KB   144/3615 KB   148/3615 KB   152/3615 KB   156/3615 KB   160/3615 KB   164/3615 KB   168/3615 KB   172/3615 KB   176/3615 KB   180/3615 KB   184/3615 KB   188/3615 KB   192/3615 KB   196/3615 KB   200/3615 KB   204/3615 KB   208/3615 KB   212/3615 KB   216/3615 KB   220/3615 KB   224/3615 KB   228/3615 KB   232/3615 KB   236/3615 KB   240/3615 KB   244/3615 KB   248/3615 KB   252/3615 KB   256/3615 KB   260/3615 KB   264/3615 KB   268/3615 KB   272/3615 KB   276/3615 KB   280/3615 KB   284/3615 KB   288/3615 KB   292/3615 KB   296/3615 KB   300/3615 KB   304/3615 KB   308/3615 KB   312/3615 KB   316/3615 KB   320/3615 KB   324/3615 KB   328/3615 KB   332/3615 KB   336/3615 KB   340/3615 KB   344/3615 KB   348/3615 KB   352/3615 KB   356/3615 KB   360/3615 KB   364/3615 KB   368/3615 KB   372/3615 KB   376/3615 KB   380/3615 KB   384/3615 KB   388/3615 KB   392/3615 KB   396/3615 KB   400/3615 KB   404/3615 KB   408/3615 KB   412/3615 KB   416/3615 KB   420/3615 KB   424/3615 KB   428/3615 KB   432/3615 KB   436/3615 KB   440/3615 KB   444/3615 KB   448/3615 KB   452/3615 KB   456/3615 KB   460/3615 KB   464/3615 KB   468/3615 KB   472/3615 KB   476/3615 KB   480/3615 KB   484/3615 KB   488/3615 KB   492/3615 KB   496/3615 KB   500/3615 KB   504/3615 KB   508/3615 KB   512/3615 KB   516/3615 KB   520/3615 KB   524/3615 KB   528/3615 KB   532/3615 KB   536/3615 KB   540/3615 KB   544/3615 KB   548/3615 KB   552/3615 KB   556/3615 KB   560/3615 KB   564/3615 KB   568/3615 KB   572/3615 KB   576/3615 KB   580/3615 KB   584/3615 KB   588/3615 KB   592/3615 KB   596/3615 KB   600/3615 KB   604/3615 KB   608/3615 KB   612/3615 KB   616/3615 KB   620/3615 KB   624/3615 KB   628/3615 KB   632/3615 KB   636/3615 KB   640/3615 KB   644/3615 KB   648/3615 KB   652/3615 KB   656/3615 KB   660/3615 KB   664/3615 KB   668/3615 KB   672/3615 KB   676/3615 KB   680/3615 KB   684/3615 KB   688/3615 KB   692/3615 KB   696/3615 KB   700/3615 KB   704/3615 KB   708/3615 KB   712/3615 KB   716/3615 KB   720/3615 KB   724/3615 KB   728/3615 KB   732/3615 KB   736/3615 KB   740/3615 KB   744/3615 KB   748/3615 KB   752/3615 KB   756/3615 KB   760/3615 KB   764/3615 KB   768/3615 KB   772/3615 KB   776/3615 KB   780/3615 KB   784/3615 KB   788/3615 KB   792/3615 KB   796/3615 KB   800/3615 KB   804/3615 KB   808/3615 KB   812/3615 KB   816/3615 KB   820/3615 KB   824/3615 KB   828/3615 KB   832/3615 KB   836/3615 KB   840/3615 KB   844/3615 KB   848/3615 KB   852/3615 KB   856/3615 KB   860/3615 KB   864/3615 KB   868/3615 KB   872/3615 KB   876/3615 KB   880/3615 KB   884/3615 KB   888/3615 KB   892/3615 KB   896/3615 KB   900/3615 KB   904/3615 KB   908/3615 KB   912/3615 KB   916/3615 KB   920/3615 KB   924/3615 KB   928/3615 KB   932/3615 KB   936/3615 KB   940/3615 KB   944/3615 KB   948/3615 KB   952/3615 KB   956/3615 KB   960/3615 KB   964/3615 KB   968/3615 KB   972/3615 KB   976/3615 KB   980/3615 KB   984/3615 KB   988/3615 KB   992/3615 KB   996/3615 KB   1000/3615 KB   1004/3615 KB   1008/3615 KB   1012/3615 KB   1016/3615 KB   1020/3615 KB   1024/3615 KB   1028/3615 KB   1032/3615 KB   1036/3615 KB   1040/3615 KB   1044/3615 KB   1048/3615 KB   1052/3615 KB   1056/3615 KB   1060/3615 KB   1064/3615 KB   1068/3615 KB   1072/3615 KB   1076/3615 KB   1080/3615 KB   1084/3615 KB   1088/3615 KB   1092/3615 KB   1096/3615 KB   1100/3615 KB   1104/3615 KB   1108/3615 KB   1112/3615 KB   1116/3615 KB   1120/3615 KB   1124/3615 KB   1128/3615 KB   1132/3615 KB   1136/3615 KB   1140/3615 KB   1144/3615 KB   1148/3615 KB   1152/3615 KB   1156/3615 KB   1160/3615 KB   1164/3615 KB   1168/3615 KB   1172/3615 KB   1176/3615 KB   1180/3615 KB   1184/3615 KB   1188/3615 KB   1192/3615 KB   1196/3615 KB   1200/3615 KB   1204/3615 KB   1208/3615 KB   1212/3615 KB   1216/3615 KB   1220/3615 KB   1224/3615 KB   1228/3615 KB   1232/3615 KB   1236/3615 KB   1240/3615 KB   1244/3615 KB   1248/3615 KB   1252/3615 KB   1256/3615 KB   1260/3615 KB   1264/3615 KB   1268/3615 KB   1272/3615 KB   1276/3615 KB   1280/3615 KB   1284/3615 KB   1288/3615 KB   1292/3615 KB   1296/3615 KB   1300/3615 KB   1304/3615 KB   1308/3615 KB   1312/3615 KB   1316/3615 KB   1320/3615 KB   1324/3615 KB   1328/3615 KB   1332/3615 KB   1336/3615 KB   1340/3615 KB   1344/3615 KB   1348/3615 KB   1352/3615 KB   1356/3615 KB   1360/3615 KB   1364/3615 KB   1368/3615 KB   1372/3615 KB   1376/3615 KB   1380/3615 KB   1384/3615 KB   1388/3615 KB   1392/3615 KB   1396/3615 KB   1400/3615 KB   1404/3615 KB   1408/3615 KB   1412/3615 KB   1416/3615 KB   1420/3615 KB   1424/3615 KB   1428/3615 KB   1432/3615 KB   1436/3615 KB   1440/3615 KB   1444/3615 KB   1448/3615 KB   1452/3615 KB   1456/3615 KB   1460/3615 KB   1464/3615 KB   1468/3615 KB   1472/3615 KB   1476/3615 KB   1480/3615 KB   1484/3615 KB   1488/3615 KB   1492/3615 KB   1496/3615 KB   1500/3615 KB   1504/3615 KB   1508/3615 KB   1512/3615 KB   1516/3615 KB   1520/3615 KB   1524/3615 KB   1528/3615 KB   1532/3615 KB   1536/3615 KB   1540/3615 KB   1544/3615 KB   1548/3615 KB   1552/3615 KB   1556/3615 KB   1560/3615 KB   1564/3615 KB   1568/3615 KB   1572/3615 KB   1576/3615 KB   1580/3615 KB   1584/3615 KB   1588/3615 KB   1592/3615 KB   1596/3615 KB   1600/3615 KB   1604/3615 KB   1608/3615 KB   1612/3615 KB   1616/3615 KB   1620/3615 KB   1624/3615 KB   1628/3615 KB   1632/3615 KB   1636/3615 KB   1640/3615 KB   1644/3615 KB   1648/3615 KB   1652/3615 KB   1656/3615 KB   1660/3615 KB   1664/3615 KB   1668/3615 KB   1672/3615 KB   1676/3615 KB   1680/3615 KB   1684/3615 KB   1688/3615 KB   1692/3615 KB   1696/3615 KB   1700/3615 KB   1704/3615 KB   1708/3615 KB   1712/3615 KB   1716/3615 KB   1720/3615 KB   1724/3615 KB   1728/3615 KB   1732/3615 KB   1736/3615 KB   1740/3615 KB   1744/3615 KB   1748/3615 KB   1752/3615 KB   1756/3615 KB   1760/3615 KB   1764/3615 KB   1768/3615 KB   1772/3615 KB   1776/3615 KB   1780/3615 KB   1784/3615 KB   1788/3615 KB   1792/3615 KB   1796/3615 KB   1800/3615 KB   1804/3615 KB   1808/3615 KB   1812/3615 KB   1816/3615 KB   1820/3615 KB   1824/3615 KB   1828/3615 KB   1832/3615 KB   1836/3615 KB   1840/3615 KB   1844/3615 KB   1848/3615 KB   1852/3615 KB   1856/3615 KB   1860/3615 KB   1864/3615 KB   1868/3615 KB   1872/3615 KB   1876/3615 KB   1880/3615 KB   1884/3615 KB   1888/3615 KB   1892/3615 KB   1896/3615 KB   1900/3615 KB   1904/3615 KB   1908/3615 KB   1912/3615 KB   1916/3615 KB   1920/3615 KB   1924/3615 KB   1928/3615 KB   1932/3615 KB   1936/3615 KB   1940/3615 KB   1944/3615 KB   1948/3615 KB   1952/3615 KB   1956/3615 KB   1960/3615 KB   1964/3615 KB   1968/3615 KB   1972/3615 KB   1976/3615 KB   1980/3615 KB   1984/3615 KB   1988/3615 KB   1992/3615 KB   1996/3615 KB   2000/3615 KB   2004/3615 KB   2008/3615 KB   2012/3615 KB   2016/3615 KB   2020/3615 KB   2024/3615 KB   2028/3615 KB   2032/3615 KB   2036/3615 KB   2040/3615 KB   2044/3615 KB   2048/3615 KB   2052/3615 KB   2056/3615 KB   2060/3615 KB   2064/3615 KB   2068/3615 KB   2072/3615 KB   2076/3615 KB   2080/3615 KB   2084/3615 KB   2088/3615 KB   2092/3615 KB   2096/3615 KB   2100/3615 KB   2104/3615 KB   2108/3615 KB   2112/3615 KB   2116/3615 KB   2120/3615 KB   2124/3615 KB   2128/3615 KB   2132/3615 KB   2136/3615 KB   2140/3615 KB   2144/3615 KB   2148/3615 KB   2152/3615 KB   2156/3615 KB   2160/3615 KB   2164/3615 KB   2168/3615 KB   2172/3615 KB   2176/3615 KB   2180/3615 KB   2184/3615 KB   2188/3615 KB   2192/3615 KB   2196/3615 KB   2200/3615 KB   2204/3615 KB   2208/3615 KB   2212/3615 KB   2216/3615 KB   2220/3615 KB   2224/3615 KB   2228/3615 KB   2232/3615 KB   2236/3615 KB   2240/3615 KB   2244/3615 KB   2248/3615 KB   2252/3615 KB   2256/3615 KB   2260/3615 KB   2264/3615 KB   2268/3615 KB   2272/3615 KB   2276/3615 KB   2280/3615 KB   2284/3615 KB   2288/3615 KB   2292/3615 KB   2296/3615 KB   2300/3615 KB   2304/3615 KB   2308/3615 KB   2312/3615 KB   2316/3615 KB   2320/3615 KB   2324/3615 KB   2328/3615 KB   2332/3615 KB   2336/3615 KB   2340/3615 KB   2344/3615 KB   2348/3615 KB   2352/3615 KB   2356/3615 KB   2360/3615 KB   2364/3615 KB   2368/3615 KB   2372/3615 KB   2376/3615 KB   2380/3615 KB   2384/3615 KB   2388/3615 KB   2392/3615 KB   2396/3615 KB   2400/3615 KB   2404/3615 KB   2408/3615 KB   2412/3615 KB   2416/3615 KB   2420/3615 KB   2424/3615 KB   2428/3615 KB   2432/3615 KB   2436/3615 KB   2440/3615 KB   2444/3615 KB   2448/3615 KB   2452/3615 KB   2456/3615 KB   2460/3615 KB   2464/3615 KB   2468/3615 KB   2472/3615 KB   2476/3615 KB   2480/3615 KB   2484/3615 KB   2488/3615 KB   2492/3615 KB   2496/3615 KB   2500/3615 KB   2504/3615 KB   2508/3615 KB   2512/3615 KB   2516/3615 KB   2520/3615 KB   2524/3615 KB   2528/3615 KB   2532/3615 KB   2536/3615 KB   2540/3615 KB   2544/3615 KB   2548/3615 KB   2552/3615 KB   2556/3615 KB   2560/3615 KB   2564/3615 KB   2568/3615 KB   2572/3615 KB   2576/3615 KB   2580/3615 KB   2584/3615 KB   2588/3615 KB   2592/3615 KB   2596/3615 KB   2600/3615 KB   2604/3615 KB   2608/3615 KB   2612/3615 KB   2616/3615 KB   2620/3615 KB   2624/3615 KB   2628/3615 KB   2632/3615 KB   2636/3615 KB   2640/3615 KB   2644/3615 KB   2648/3615 KB   2652/3615 KB   2656/3615 KB   2660/3615 KB   2664/3615 KB   2668/3615 KB   2672/3615 KB   2676/3615 KB   2680/3615 KB   2684/3615 KB   2688/3615 KB   2692/3615 KB   2696/3615 KB   2700/3615 KB   2704/3615 KB   2708/3615 KB   2712/3615 KB   2716/3615 KB   2720/3615 KB   2724/3615 KB   2728/3615 KB   2732/3615 KB   2736/3615 KB   2740/3615 KB   2744/3615 KB   2748/3615 KB   2752/3615 KB   2756/3615 KB   2760/3615 KB   2764/3615 KB   2768/3615 KB   2772/3615 KB   2776/3615 KB   2780/3615 KB   2784/3615 KB   2788/3615 KB   2792/3615 KB   2796/3615 KB   2800/3615 KB   2804/3615 KB   2808/3615 KB   2812/3615 KB   2816/3615 KB   2820/3615 KB   2824/3615 KB   2828/3615 KB   2832/3615 KB   2836/3615 KB   2840/3615 KB   2844/3615 KB   2848/3615 KB   2852/3615 KB   2856/3615 KB   2860/3615 KB   2864/3615 KB   2868/3615 KB   2872/3615 KB   2876/3615 KB   2880/3615 KB   2884/3615 KB   2888/3615 KB   2892/3615 KB   2896/3615 KB   2900/3615 KB   2904/3615 KB   2908/3615 KB   2912/3615 KB   2916/3615 KB   2920/3615 KB   2924/3615 KB   2928/3615 KB   2932/3615 KB   2936/3615 KB   2940/3615 KB   2944/3615 KB   2948/3615 KB   2952/3615 KB   2956/3615 KB   2960/3615 KB   2964/3615 KB   2968/3615 KB   2972/3615 KB   2976/3615 KB   2980/3615 KB   2984/3615 KB   2988/3615 KB   2992/3615 KB   2996/3615 KB   3000/3615 KB   3004/3615 KB   3008/3615 KB   3012/3615 KB   3016/3615 KB   3020/3615 KB   3024/3615 KB   3028/3615 KB   3032/3615 KB   3036/3615 KB   3040/3615 KB   3044/3615 KB   3048/3615 KB   3052/3615 KB   3056/3615 KB   3060/3615 KB   3064/3615 KB   3068/3615 KB   3072/3615 KB   3076/3615 KB   3080/3615 KB   3084/3615 KB   3088/3615 KB   3092/3615 KB   3096/3615 KB   3100/3615 KB   3104/3615 KB   3108/3615 KB   3112/3615 KB   3116/3615 KB   3120/3615 KB   3124/3615 KB   3128/3615 KB   3132/3615 KB   3136/3615 KB   3140/3615 KB   3144/3615 KB   3148/3615 KB   3152/3615 KB   3156/3615 KB   3160/3615 KB   3164/3615 KB   3168/3615 KB   3172/3615 KB   3176/3615 KB   3180/3615 KB   3184/3615 KB   3188/3615 KB   3192/3615 KB   3196/3615 KB   3200/3615 KB   3204/3615 KB   3208/3615 KB   3212/3615 KB   3216/3615 KB   3220/3615 KB   3224/3615 KB   3228/3615 KB   3232/3615 KB   3236/3615 KB   3240/3615 KB   3244/3615 KB   3248/3615 KB   3252/3615 KB   3256/3615 KB   3260/3615 KB   3264/3615 KB   3268/3615 KB   3272/3615 KB   3276/3615 KB   3280/3615 KB   3284/3615 KB   3288/3615 KB   3292/3615 KB   3296/3615 KB   3300/3615 KB   3304/3615 KB   3308/3615 KB   3312/3615 KB   3316/3615 KB   3320/3615 KB   3324/3615 KB   3328/3615 KB   3332/3615 KB   3336/3615 KB   3340/3615 KB   3344/3615 KB   3348/3615 KB   3352/3615 KB   3356/3615 KB   3360/3615 KB   3364/3615 KB   3368/3615 KB   3372/3615 KB   3376/3615 KB   3380/3615 KB   3384/3615 KB   3388/3615 KB   3392/3615 KB   3396/3615 KB   3400/3615 KB   3404/3615 KB   3408/3615 KB   3412/3615 KB   3416/3615 KB   3420/3615 KB   3424/3615 KB   3428/3615 KB   3432/3615 KB   3436/3615 KB   3440/3615 KB   3444/3615 KB   3448/3615 KB   3452/3615 KB   3456/3615 KB   3460/3615 KB   3464/3615 KB   3468/3615 KB   3472/3615 KB   3476/3615 KB   3480/3615 KB   3484/3615 KB   3488/3615 KB   3492/3615 KB   3496/3615 KB   3500/3615 KB   3504/3615 KB   3508/3615 KB   3512/3615 KB   3516/3615 KB   3520/3615 KB   3524/3615 KB   3528/3615 KB   3532/3615 KB   3536/3615 KB   3540/3615 KB   3544/3615 KB   3548/3615 KB   3552/3615 KB   3556/3615 KB   3560/3615 KB   3564/3615 KB   3568/3615 KB   3572/3615 KB   3576/3615 KB   3580/3615 KB   3584/3615 KB   3588/3615 KB   3592/3615 KB   3596/3615 KB   3600/3615 KB   3604/3615 KB   3608/3615 KB   3612/3615 KB   3615/3615 KB                  Downloaded: https://repo.maven.apache.org/maven2/org/apache/hadoop/hadoop-core/0.20.205.0/hadoop-core-0.20.205.0.jar (3615 KB at 136.7 KB/sec)
[INFO] 
[INFO] --- maven-clean-plugin:2.4.1:clean (default-clean) @ accumulo-core ---
[INFO] Deleting /tmp/icse19/dataset/august-2018/bugs-dot-jar/accumulo_buggy/core (includes = [**/*.pyc], excludes = [])
[INFO] 
[INFO] --- buildnumber-maven-plugin:1.1:create (default) @ accumulo-core ---
[INFO] Checking for local modifications: skipped.
[INFO] Updating project files from SCM: skipped.
[INFO] Executing: /bin/sh -c cd /tmp/icse19/dataset/august-2018/bugs-dot-jar/accumulo_buggy/core && svn --non-interactive info
[INFO] Working directory: /tmp/icse19/dataset/august-2018/bugs-dot-jar/accumulo_buggy/core
[INFO] Storing buildNumber: null at timestamp: 1533113787376
[INFO] Executing: /bin/sh -c cd /tmp/icse19/dataset/august-2018/bugs-dot-jar/accumulo_buggy/core && svn --non-interactive info
[INFO] Working directory: /tmp/icse19/dataset/august-2018/bugs-dot-jar/accumulo_buggy/core
[INFO] Storing buildScmBranch: UNKNOWN_BRANCH
[INFO] 
[INFO] --- maven-enforcer-plugin:1.0.1:enforce (enforce-mvn) @ accumulo-core ---
[INFO] 
[INFO] --- exec-maven-plugin:1.2.1:exec (generate-core-thrift) @ accumulo-core ---
***********************************************
* thrift is not available                     *
*   expecting 'thrift -version' to return 0.8 *
***********************************************
[INFO] 
[INFO] --- maven-remote-resources-plugin:1.2.1:process (default) @ accumulo-core ---
[INFO] 
[INFO] --- maven-resources-plugin:2.5:resources (default-resources) @ accumulo-core ---
[debug] execute contextualize
[INFO] Using 'UTF-8' encoding to copy filtered resources.
[INFO] Copying 1 resource
[INFO] Copying 3 resources
[INFO] 
[INFO] --- maven-dependency-plugin:2.3:copy-dependencies (copy-dependencies) @ accumulo-core ---
[INFO] Copying commons-collections-3.2.jar to /tmp/icse19/dataset/august-2018/bugs-dot-jar/accumulo_buggy/lib/commons-collections-3.2.jar
[INFO] Copying jline-0.9.94.jar to /tmp/icse19/dataset/august-2018/bugs-dot-jar/accumulo_buggy/lib/jline-0.9.94.jar
[INFO] log4j-1.2.16.jar already exists in destination.
[INFO] libthrift-0.9.0.jar already exists in destination.
[INFO] commons-logging-1.0.4.jar already exists in destination.
[INFO] commons-lang-2.4.jar already exists in destination.
[INFO] 
[INFO] --- maven-compiler-plugin:2.3.2:compile (default-compile) @ accumulo-core ---
[INFO] Compiling 436 source files to /tmp/icse19/dataset/august-2018/bugs-dot-jar/accumulo_buggy/core/target/classes
[INFO] 
[INFO] --- maven-resources-plugin:2.5:testResources (default-testResources) @ accumulo-core ---
[debug] execute contextualize
[INFO] Using 'UTF-8' encoding to copy filtered resources.
[INFO] Copying 2 resources
[INFO] Copying 3 resources
[INFO] 
[INFO] --- maven-compiler-plugin:2.3.2:testCompile (default-testCompile) @ accumulo-core ---
[INFO] Compiling 66 source files to /tmp/icse19/dataset/august-2018/bugs-dot-jar/accumulo_buggy/core/target/test-classes
[INFO] 
[INFO] --- maven-surefire-plugin:2.12:test (default-test) @ accumulo-core ---
[INFO] Tests are skipped.
[INFO] 
[INFO] --- maven-jar-plugin:2.3.1:jar (default-jar) @ accumulo-core ---
[INFO] Building jar: /tmp/icse19/dataset/august-2018/bugs-dot-jar/accumulo_buggy/lib/accumulo-core-1.5.0-SNAPSHOT.jar
[INFO] 
[INFO] --- maven-site-plugin:3.0:attach-descriptor (attach-descriptor) @ accumulo-core ---
[INFO] 
[INFO] --- maven-install-plugin:2.3.1:install (default-install) @ accumulo-core ---
[INFO] Installing /tmp/icse19/dataset/august-2018/bugs-dot-jar/accumulo_buggy/lib/accumulo-core-1.5.0-SNAPSHOT.jar to /home/spirals/danglot/.m2/repository/org/apache/accumulo/accumulo-core/1.5.0-SNAPSHOT/accumulo-core-1.5.0-SNAPSHOT.jar
[INFO] Installing /tmp/icse19/dataset/august-2018/bugs-dot-jar/accumulo_buggy/core/pom.xml to /home/spirals/danglot/.m2/repository/org/apache/accumulo/accumulo-core/1.5.0-SNAPSHOT/accumulo-core-1.5.0-SNAPSHOT.pom
[INFO]                                                                         
[INFO] ------------------------------------------------------------------------
[INFO] Building accumulo-server 1.5.0-SNAPSHOT
[INFO] ------------------------------------------------------------------------
[INFO] 
[INFO] --- maven-clean-plugin:2.4.1:clean (default-clean) @ accumulo-server ---
[INFO] Deleting /tmp/icse19/dataset/august-2018/bugs-dot-jar/accumulo_buggy/server (includes = [**/*.pyc], excludes = [])
[INFO] 
[INFO] --- buildnumber-maven-plugin:1.1:create (default) @ accumulo-server ---
[INFO] Checking for local modifications: skipped.
[INFO] Updating project files from SCM: skipped.
[INFO] Executing: /bin/sh -c cd /tmp/icse19/dataset/august-2018/bugs-dot-jar/accumulo_buggy/server && svn --non-interactive info
[INFO] Working directory: /tmp/icse19/dataset/august-2018/bugs-dot-jar/accumulo_buggy/server
[INFO] Storing buildNumber: null at timestamp: 1533113802131
[INFO] Executing: /bin/sh -c cd /tmp/icse19/dataset/august-2018/bugs-dot-jar/accumulo_buggy/server && svn --non-interactive info
[INFO] Working directory: /tmp/icse19/dataset/august-2018/bugs-dot-jar/accumulo_buggy/server
[INFO] Storing buildScmBranch: UNKNOWN_BRANCH
[INFO] 
[INFO] --- maven-enforcer-plugin:1.0.1:enforce (enforce-mvn) @ accumulo-server ---
[INFO] 
[INFO] --- maven-remote-resources-plugin:1.2.1:process (default) @ accumulo-server ---
[INFO] 
[INFO] --- maven-resources-plugin:2.5:resources (default-resources) @ accumulo-server ---
[debug] execute contextualize
[INFO] Using 'UTF-8' encoding to copy filtered resources.
[INFO] Copying 38 resources
[INFO] Copying 3 resources
[INFO] 
[INFO] --- maven-dependency-plugin:2.3:copy-dependencies (copy-dependencies) @ accumulo-server ---
[INFO] Copying commons-configuration-1.5.jar to /tmp/icse19/dataset/august-2018/bugs-dot-jar/accumulo_buggy/lib/commons-configuration-1.5.jar
[INFO] log4j-1.2.16.jar already exists in destination.
[INFO] commons-collections-3.2.jar already exists in destination.
[INFO] jline-0.9.94.jar already exists in destination.
[INFO] commons-io-1.4.jar already exists in destination.
[INFO] libthrift-0.9.0.jar already exists in destination.
[INFO] commons-lang-2.4.jar already exists in destination.
[INFO] 
[INFO] --- maven-compiler-plugin:2.3.2:compile (default-compile) @ accumulo-server ---
[INFO] Compiling 404 source files to /tmp/icse19/dataset/august-2018/bugs-dot-jar/accumulo_buggy/server/target/classes
[INFO] 
[INFO] --- maven-resources-plugin:2.5:testResources (default-testResources) @ accumulo-server ---
[debug] execute contextualize
[INFO] Using 'UTF-8' encoding to copy filtered resources.
[INFO] skip non existing resourceDirectory /tmp/icse19/dataset/august-2018/bugs-dot-jar/accumulo_buggy/server/src/test/resources
[INFO] Copying 3 resources
[INFO] 
[INFO] --- maven-compiler-plugin:2.3.2:testCompile (default-testCompile) @ accumulo-server ---
[INFO] Compiling 22 source files to /tmp/icse19/dataset/august-2018/bugs-dot-jar/accumulo_buggy/server/target/test-classes
[INFO] 
[INFO] --- maven-surefire-plugin:2.12:test (default-test) @ accumulo-server ---
[INFO] Tests are skipped.
[INFO] 
[INFO] --- maven-jar-plugin:2.3.1:jar (default-jar) @ accumulo-server ---
[INFO] Building jar: /tmp/icse19/dataset/august-2018/bugs-dot-jar/accumulo_buggy/lib/accumulo-server-1.5.0-SNAPSHOT.jar
[INFO] 
[INFO] --- maven-site-plugin:3.0:attach-descriptor (attach-descriptor) @ accumulo-server ---
[INFO] 
[INFO] --- maven-install-plugin:2.3.1:install (default-install) @ accumulo-server ---
[INFO] Installing /tmp/icse19/dataset/august-2018/bugs-dot-jar/accumulo_buggy/lib/accumulo-server-1.5.0-SNAPSHOT.jar to /home/spirals/danglot/.m2/repository/org/apache/accumulo/accumulo-server/1.5.0-SNAPSHOT/accumulo-server-1.5.0-SNAPSHOT.jar
[INFO] Installing /tmp/icse19/dataset/august-2018/bugs-dot-jar/accumulo_buggy/server/pom.xml to /home/spirals/danglot/.m2/repository/org/apache/accumulo/accumulo-server/1.5.0-SNAPSHOT/accumulo-server-1.5.0-SNAPSHOT.pom
[INFO]                                                                         
[INFO] ------------------------------------------------------------------------
[INFO] Building accumulo-examples 1.5.0-SNAPSHOT
[INFO] ------------------------------------------------------------------------
[INFO] 
[INFO] --- maven-clean-plugin:2.4.1:clean (default-clean) @ accumulo-examples ---
[INFO] Deleting /tmp/icse19/dataset/august-2018/bugs-dot-jar/accumulo_buggy/examples (includes = [**/*.pyc], excludes = [])
[INFO] 
[INFO] --- buildnumber-maven-plugin:1.1:create (default) @ accumulo-examples ---
[INFO] Checking for local modifications: skipped.
[INFO] Updating project files from SCM: skipped.
[INFO] Executing: /bin/sh -c cd /tmp/icse19/dataset/august-2018/bugs-dot-jar/accumulo_buggy/examples && svn --non-interactive info
[INFO] Working directory: /tmp/icse19/dataset/august-2018/bugs-dot-jar/accumulo_buggy/examples
[INFO] Storing buildNumber: null at timestamp: 1533113810701
[INFO] Executing: /bin/sh -c cd /tmp/icse19/dataset/august-2018/bugs-dot-jar/accumulo_buggy/examples && svn --non-interactive info
[INFO] Working directory: /tmp/icse19/dataset/august-2018/bugs-dot-jar/accumulo_buggy/examples
[INFO] Storing buildScmBranch: UNKNOWN_BRANCH
[INFO] 
[INFO] --- maven-enforcer-plugin:1.0.1:enforce (enforce-mvn) @ accumulo-examples ---
[INFO] 
[INFO] --- maven-remote-resources-plugin:1.2.1:process (default) @ accumulo-examples ---
[INFO] 
[INFO] --- maven-dependency-plugin:2.3:copy-dependencies (copy-dependencies) @ accumulo-examples ---
[INFO] 
[INFO] --- maven-site-plugin:3.0:attach-descriptor (attach-descriptor) @ accumulo-examples ---
[INFO] 
[INFO] --- maven-install-plugin:2.3.1:install (default-install) @ accumulo-examples ---
[INFO] Installing /tmp/icse19/dataset/august-2018/bugs-dot-jar/accumulo_buggy/examples/pom.xml to /home/spirals/danglot/.m2/repository/org/apache/accumulo/accumulo-examples/1.5.0-SNAPSHOT/accumulo-examples-1.5.0-SNAPSHOT.pom
[INFO]                                                                         
[INFO] ------------------------------------------------------------------------
[INFO] Building examples-simple 1.5.0-SNAPSHOT
[INFO] ------------------------------------------------------------------------
[INFO] 
[INFO] --- maven-clean-plugin:2.4.1:clean (default-clean) @ examples-simple ---
[INFO] Deleting /tmp/icse19/dataset/august-2018/bugs-dot-jar/accumulo_buggy/examples/simple (includes = [**/*.pyc], excludes = [])
[INFO] 
[INFO] --- buildnumber-maven-plugin:1.1:create (default) @ examples-simple ---
[INFO] Checking for local modifications: skipped.
[INFO] Updating project files from SCM: skipped.
[INFO] Executing: /bin/sh -c cd /tmp/icse19/dataset/august-2018/bugs-dot-jar/accumulo_buggy/examples/simple && svn --non-interactive info
[INFO] Working directory: /tmp/icse19/dataset/august-2018/bugs-dot-jar/accumulo_buggy/examples/simple
[INFO] Storing buildNumber: null at timestamp: 1533113811019
[INFO] Executing: /bin/sh -c cd /tmp/icse19/dataset/august-2018/bugs-dot-jar/accumulo_buggy/examples/simple && svn --non-interactive info
[INFO] Working directory: /tmp/icse19/dataset/august-2018/bugs-dot-jar/accumulo_buggy/examples/simple
[INFO] Storing buildScmBranch: UNKNOWN_BRANCH
[INFO] 
[INFO] --- maven-enforcer-plugin:1.0.1:enforce (enforce-mvn) @ examples-simple ---
[INFO] 
[INFO] --- maven-remote-resources-plugin:1.2.1:process (default) @ examples-simple ---
[INFO] 
[INFO] --- maven-resources-plugin:2.5:resources (default-resources) @ examples-simple ---
[debug] execute contextualize
[INFO] Using 'UTF-8' encoding to copy filtered resources.
[INFO] skip non existing resourceDirectory /tmp/icse19/dataset/august-2018/bugs-dot-jar/accumulo_buggy/examples/simple/src/main/resources
[INFO] Copying 3 resources
[INFO] 
[INFO] --- maven-dependency-plugin:2.3:copy-dependencies (copy-dependencies) @ examples-simple ---
[INFO] Copying log4j-1.2.16.jar to /tmp/icse19/dataset/august-2018/bugs-dot-jar/accumulo_buggy/examples/lib/log4j-1.2.16.jar
[INFO] 
[INFO] --- maven-compiler-plugin:2.3.2:compile (default-compile) @ examples-simple ---
[INFO] Compiling 40 source files to /tmp/icse19/dataset/august-2018/bugs-dot-jar/accumulo_buggy/examples/simple/target/classes
[INFO] 
[INFO] --- maven-resources-plugin:2.5:testResources (default-testResources) @ examples-simple ---
[debug] execute contextualize
[INFO] Using 'UTF-8' encoding to copy filtered resources.
[INFO] skip non existing resourceDirectory /tmp/icse19/dataset/august-2018/bugs-dot-jar/accumulo_buggy/examples/simple/src/test/resources
[INFO] Copying 3 resources
[INFO] 
[INFO] --- maven-compiler-plugin:2.3.2:testCompile (default-testCompile) @ examples-simple ---
[INFO] Compiling 5 source files to /tmp/icse19/dataset/august-2018/bugs-dot-jar/accumulo_buggy/examples/simple/target/test-classes
[INFO] 
[INFO] --- maven-surefire-plugin:2.12:test (default-test) @ examples-simple ---
[INFO] Tests are skipped.
[INFO] 
[INFO] --- maven-jar-plugin:2.3.1:jar (default-jar) @ examples-simple ---
[INFO] Building jar: /tmp/icse19/dataset/august-2018/bugs-dot-jar/accumulo_buggy/lib/examples-simple-1.5.0-SNAPSHOT.jar
[INFO] 
[INFO] --- maven-site-plugin:3.0:attach-descriptor (attach-descriptor) @ examples-simple ---
[INFO] 
[INFO] --- maven-install-plugin:2.3.1:install (default-install) @ examples-simple ---
[INFO] Installing /tmp/icse19/dataset/august-2018/bugs-dot-jar/accumulo_buggy/lib/examples-simple-1.5.0-SNAPSHOT.jar to /home/spirals/danglot/.m2/repository/org/apache/accumulo/examples-simple/1.5.0-SNAPSHOT/examples-simple-1.5.0-SNAPSHOT.jar
[INFO] Installing /tmp/icse19/dataset/august-2018/bugs-dot-jar/accumulo_buggy/examples/simple/pom.xml to /home/spirals/danglot/.m2/repository/org/apache/accumulo/examples-simple/1.5.0-SNAPSHOT/examples-simple-1.5.0-SNAPSHOT.pom
[INFO]                                                                         
[INFO] ------------------------------------------------------------------------
[INFO] Building accumulo-assemble 1.5.0-SNAPSHOT
[INFO] ------------------------------------------------------------------------
[INFO] 
[INFO] --- maven-clean-plugin:2.4.1:clean (default-clean) @ accumulo-assemble ---
[INFO] Deleting /tmp/icse19/dataset/august-2018/bugs-dot-jar/accumulo_buggy/assemble (includes = [**/*.pyc], excludes = [])
[INFO] 
[INFO] --- buildnumber-maven-plugin:1.1:create (default) @ accumulo-assemble ---
[INFO] Checking for local modifications: skipped.
[INFO] Updating project files from SCM: skipped.
[INFO] Executing: /bin/sh -c cd /tmp/icse19/dataset/august-2018/bugs-dot-jar/accumulo_buggy/assemble && svn --non-interactive info
[INFO] Working directory: /tmp/icse19/dataset/august-2018/bugs-dot-jar/accumulo_buggy/assemble
[INFO] Storing buildNumber: null at timestamp: 1533113814832
[INFO] Executing: /bin/sh -c cd /tmp/icse19/dataset/august-2018/bugs-dot-jar/accumulo_buggy/assemble && svn --non-interactive info
[INFO] Working directory: /tmp/icse19/dataset/august-2018/bugs-dot-jar/accumulo_buggy/assemble
[INFO] Storing buildScmBranch: UNKNOWN_BRANCH
[INFO] 
[INFO] --- maven-enforcer-plugin:1.0.1:enforce (enforce-mvn) @ accumulo-assemble ---
[INFO] 
[INFO] --- maven-remote-resources-plugin:1.2.1:process (default) @ accumulo-assemble ---
[INFO] 
[INFO] --- maven-dependency-plugin:2.3:copy-dependencies (copy-dependencies) @ accumulo-assemble ---
[INFO] 
[INFO] --- maven-site-plugin:3.0:attach-descriptor (attach-descriptor) @ accumulo-assemble ---
[INFO] 
[INFO] --- exec-maven-plugin:1.2.1:exec (config webpage) @ accumulo-assemble ---
[INFO] 
[INFO] --- maven-install-plugin:2.3.1:install (default-install) @ accumulo-assemble ---
[INFO] Installing /tmp/icse19/dataset/august-2018/bugs-dot-jar/accumulo_buggy/assemble/pom.xml to /home/spirals/danglot/.m2/repository/org/apache/accumulo/accumulo-assemble/1.5.0-SNAPSHOT/accumulo-assemble-1.5.0-SNAPSHOT.pom
[INFO] ------------------------------------------------------------------------
[INFO] Reactor Summary:
[INFO] 
[INFO] accumulo ........................................... SUCCESS [  4.063 s]
[INFO] cloudtrace ......................................... SUCCESS [  3.346 s]
[INFO] accumulo-start ..................................... SUCCESS [  1.848 s]
[INFO] accumulo-fate ...................................... SUCCESS [  2.169 s]
[INFO] accumulo-core ...................................... SUCCESS [ 42.841 s]
[INFO] accumulo-server .................................... SUCCESS [  8.651 s]
[INFO] accumulo-examples .................................. SUCCESS [  0.248 s]
[INFO] examples-simple .................................... SUCCESS [  3.858 s]
[INFO] accumulo-assemble .................................. SUCCESS [  0.992 s]
[INFO] ------------------------------------------------------------------------
[INFO] BUILD SUCCESS
[INFO] ------------------------------------------------------------------------
[INFO] Total time: 01:08 min
[INFO] Finished at: 2018-08-01T10:56:55+02:00
[INFO] Final Memory: 114M/938M
[INFO] ------------------------------------------------------------------------
cd dataset/august-2018/bugs-dot-jar/accumulo_buggy && git checkout   remotes/origin/bugs-dot-jar_ACCUMULO-843_65390f8c && ~/apache-maven-3.3.9/bin/mvn clean install -DskipTests
rm -rf dataset/august-2018/bugs-dot-jar/accumulo_fixed
cp -r dataset/august-2018/bugs-dot-jar/accumulo_buggy dataset/august-2018/bugs-dot-jar/accumulo_fixed
patching file core/src/main/java/org/apache/accumulo/core/client/mock/MockBatchScanner.java
patching file core/src/main/java/org/apache/accumulo/core/client/mock/MockScanner.java
cd dataset/august-2018/bugs-dot-jar/accumulo_fixed && patch -p1 < .bugs-dot-jar/developer-patch.diff
[INFO] Scanning for projects...
[WARNING] The POM for org.eclipse.m2e:lifecycle-mapping:jar:1.0.0 is missing, no dependency information available
[WARNING] Failed to retrieve plugin descriptor for org.eclipse.m2e:lifecycle-mapping:1.0.0: Plugin org.eclipse.m2e:lifecycle-mapping:1.0.0 or one of its dependencies could not be resolved: Failure to find org.eclipse.m2e:lifecycle-mapping:jar:1.0.0 in https://repo.maven.apache.org/maven2 was cached in the local repository, resolution will not be reattempted until the update interval of central has elapsed or updates are forced
[INFO]                                                                         
[INFO] ------------------------------------------------------------------------
[INFO] Building accumulo-core 1.5.0-SNAPSHOT
[INFO] ------------------------------------------------------------------------
[WARNING] The POM for org.eclipse.m2e:lifecycle-mapping:jar:1.0.0 is missing, no dependency information available
[WARNING] Failed to retrieve plugin descriptor for org.eclipse.m2e:lifecycle-mapping:1.0.0: Plugin org.eclipse.m2e:lifecycle-mapping:1.0.0 or one of its dependencies could not be resolved: Failure to find org.eclipse.m2e:lifecycle-mapping:jar:1.0.0 in https://repo.maven.apache.org/maven2 was cached in the local repository, resolution will not be reattempted until the update interval of central has elapsed or updates are forced
[INFO] 
[INFO] --- maven-clean-plugin:2.4.1:clean (default-clean) @ accumulo-core ---
[INFO] Deleting /tmp/icse19/dataset/august-2018/bugs-dot-jar/accumulo_buggy/core/target
[INFO] Deleting /tmp/icse19/dataset/august-2018/bugs-dot-jar/accumulo_buggy/core (includes = [**/*.pyc], excludes = [])
[INFO] 
[INFO] --- versions-maven-plugin:2.5:use-latest-versions (default-cli) @ accumulo-core ---
[INFO] Major version changes allowed
[INFO] 
[INFO] --- diff-test-selection:0.2:list (default-cli) @ accumulo-core ---
[INFO] /tmp/icse19/dataset/august-2018/bugs-dot-jar/accumulo_buggy/core
[WARN] Maven will be executed in interactive mode, but no input stream has been configured for this MavenInvoker instance.
[INFO] Scanning for projects...
[INFO]                                                                         
[INFO] ------------------------------------------------------------------------
[INFO] Building accumulo-core 1.5.0-SNAPSHOT
[INFO] ------------------------------------------------------------------------
[INFO] 
[INFO] --- maven-clean-plugin:2.4.1:clean (default-clean) @ accumulo-core ---
[INFO] Deleting /tmp/icse19/dataset/august-2018/bugs-dot-jar/accumulo_buggy/core (includes = [**/*.pyc], excludes = [])
[INFO] 
[INFO] --- clover-maven-plugin:4.2.0:setup (default-cli) @ accumulo-core ---
[INFO] No 'maven.clover.licenseLocation' configured. Using default license.
[INFO] OpenClover Version 4.2.0, built on April 30 2017 (build-1000)
[INFO] Loaded from: /home/spirals/danglot/.m2/repository/org/openclover/clover/4.2.0/clover-4.2.0.jar
[INFO] Clover free edition.
[INFO] Creating new database at '/tmp/icse19/dataset/august-2018/bugs-dot-jar/accumulo_buggy/core/target/clover/clover.db'.
[INFO] Processing files at 1.8 source level.
[INFO] Clover all over. Instrumented 436 files (42 packages).
[INFO] Elapsed time = 12.568 secs. (34.691 files/sec, 12,436.903 srclines/sec)
[INFO] OpenClover Version 4.2.0, built on April 30 2017 (build-1000)
[INFO] Loaded from: /home/spirals/danglot/.m2/repository/org/openclover/clover/4.2.0/clover-4.2.0.jar
[INFO] Clover free edition.
[INFO] Updating existing database at '/tmp/icse19/dataset/august-2018/bugs-dot-jar/accumulo_buggy/core/target/clover/clover.db'.
[INFO] Processing files at 1.8 source level.
[INFO] Clover all over. Instrumented 66 files (19 packages).
[INFO] 296 test methods detected.
[INFO] Elapsed time = 1.804 secs. (36.585 files/sec, 8,376.94 srclines/sec)
[INFO] 
[INFO] --- buildnumber-maven-plugin:1.1:create (default) @ accumulo-core ---
[INFO] Checking for local modifications: skipped.
[INFO] Updating project files from SCM: skipped.
[INFO] Executing: /bin/sh -c cd /tmp/icse19/dataset/august-2018/bugs-dot-jar/accumulo_buggy/core && svn --non-interactive info
[INFO] Working directory: /tmp/icse19/dataset/august-2018/bugs-dot-jar/accumulo_buggy/core
[INFO] Storing buildNumber: null at timestamp: 1533113841255
[INFO] Executing: /bin/sh -c cd /tmp/icse19/dataset/august-2018/bugs-dot-jar/accumulo_buggy/core && svn --non-interactive info
[INFO] Working directory: /tmp/icse19/dataset/august-2018/bugs-dot-jar/accumulo_buggy/core
[INFO] Storing buildScmBranch: UNKNOWN_BRANCH
[INFO] 
[INFO] --- maven-enforcer-plugin:1.0.1:enforce (enforce-mvn) @ accumulo-core ---
[INFO] Skipping Rule Enforcement.
[INFO] 
[INFO] --- exec-maven-plugin:1.2.1:exec (generate-core-thrift) @ accumulo-core ---
***********************************************
* thrift is not available                     *
*   expecting 'thrift -version' to return 0.8 *
***********************************************
[INFO] 
[INFO] --- maven-remote-resources-plugin:1.2.1:process (default) @ accumulo-core ---
[INFO] 
[INFO] --- maven-resources-plugin:2.5:resources (default-resources) @ accumulo-core ---
[debug] execute contextualize
[INFO] Using 'UTF-8' encoding to copy filtered resources.
[INFO] Copying 1 resource
[INFO] Copying 1 resource
[INFO] Copying 3 resources
[INFO] 
[INFO] --- maven-dependency-plugin:2.3:copy-dependencies (copy-dependencies) @ accumulo-core ---
[INFO] log4j-1.2.16.jar already exists in destination.
[INFO] commons-collections-3.2.jar already exists in destination.
[INFO] jline-0.9.94.jar already exists in destination.
[INFO] libthrift-0.9.0.jar already exists in destination.
[INFO] commons-logging-1.0.4.jar already exists in destination.
[INFO] commons-lang-2.4.jar already exists in destination.
[INFO] 
[INFO] --- maven-compiler-plugin:2.3.2:compile (default-compile) @ accumulo-core ---
[INFO] Compiling 436 source files to /tmp/icse19/dataset/august-2018/bugs-dot-jar/accumulo_buggy/core/target/classes
[INFO] 
[INFO] --- maven-resources-plugin:2.5:testResources (default-testResources) @ accumulo-core ---
[debug] execute contextualize
[INFO] Using 'UTF-8' encoding to copy filtered resources.
[INFO] Copying 2 resources
[INFO] Copying 3 resources
[INFO] 
[INFO] --- maven-compiler-plugin:2.3.2:testCompile (default-testCompile) @ accumulo-core ---
[INFO] Compiling 66 source files to /tmp/icse19/dataset/august-2018/bugs-dot-jar/accumulo_buggy/core/target/test-classes
[INFO] 
[INFO] --- maven-surefire-plugin:2.12:test (default-test) @ accumulo-core ---
[INFO] Surefire report directory: /tmp/icse19/dataset/august-2018/bugs-dot-jar/accumulo_buggy/core/target/surefire-reports

-------------------------------------------------------
 T E S T S
-------------------------------------------------------
Running org.apache.accumulo.core.security.ColumnVisibilityTest
Tests run: 11, Failures: 0, Errors: 0, Skipped: 0, Time elapsed: 0.114 sec
Running org.apache.accumulo.core.security.VisibilityEvaluatorTest
Tests run: 4, Failures: 0, Errors: 0, Skipped: 0, Time elapsed: 0.012 sec
Running org.apache.accumulo.core.security.AuthorizationsTest
Tests run: 2, Failures: 0, Errors: 0, Skipped: 0, Time elapsed: 0.007 sec
Running org.apache.accumulo.core.data.RangeTest
Tests run: 43, Failures: 0, Errors: 0, Skipped: 0, Time elapsed: 0.201 sec
Running org.apache.accumulo.core.data.KeyTest
Tests run: 4, Failures: 0, Errors: 0, Skipped: 0, Time elapsed: 0.007 sec
Running org.apache.accumulo.core.data.KeyExtentTest
Tests run: 3, Failures: 0, Errors: 0, Skipped: 0, Time elapsed: 0.015 sec
Running org.apache.accumulo.core.data.ColumnTest
Tests run: 3, Failures: 0, Errors: 0, Skipped: 0, Time elapsed: 0.004 sec
Running org.apache.accumulo.core.data.MutationTest
10 68 14.71%
80322031 32333435 36373839 20313233 34353637 38392031 32333435 36373839 20313233 34353637 38392031 32333435 36373839 06000000 00000001 
Tests run: 9, Failures: 0, Errors: 0, Skipped: 0, Time elapsed: 0.107 sec
Running org.apache.accumulo.core.iterators.AggregatingIteratorTest
Tests run: 7, Failures: 0, Errors: 0, Skipped: 0, Time elapsed: 0.09 sec
Running org.apache.accumulo.core.iterators.FirstEntryInRowIteratorTest
Tests run: 1, Failures: 0, Errors: 0, Skipped: 0, Time elapsed: 0.007 sec
Running org.apache.accumulo.core.iterators.aggregation.NumSummationTest
Tests run: 5, Failures: 0, Errors: 0, Skipped: 0, Time elapsed: 0.035 sec
Running org.apache.accumulo.core.iterators.aggregation.conf.AggregatorConfigurationTest
Tests run: 2, Failures: 0, Errors: 0, Skipped: 0, Time elapsed: 0.014 sec
Running org.apache.accumulo.core.iterators.system.SourceSwitchingIteratorTest
Tests run: 5, Failures: 0, Errors: 0, Skipped: 0, Time elapsed: 0.012 sec
Running org.apache.accumulo.core.iterators.system.TimeSettingIteratorTest
Tests run: 1, Failures: 0, Errors: 0, Skipped: 0, Time elapsed: 0.003 sec
Running org.apache.accumulo.core.iterators.system.MultiIteratorTest
Tests run: 7, Failures: 0, Errors: 0, Skipped: 0, Time elapsed: 0.247 sec
Running org.apache.accumulo.core.iterators.system.ColumnFilterTest
Tests run: 3, Failures: 0, Errors: 0, Skipped: 0, Time elapsed: 0.006 sec
Running org.apache.accumulo.core.iterators.system.ColumnFamilySkippingIteratorTest
Tests run: 3, Failures: 0, Errors: 0, Skipped: 0, Time elapsed: 1.588 sec
Running org.apache.accumulo.core.iterators.system.DeletingIteratorTest
Tests run: 4, Failures: 0, Errors: 0, Skipped: 0, Time elapsed: 0.008 sec
Running org.apache.accumulo.core.iterators.IterUtilTest
Tests run: 5, Failures: 0, Errors: 0, Skipped: 0, Time elapsed: 0.023 sec
Running org.apache.accumulo.core.iterators.FirstEntryInRowTest
Tests run: 2, Failures: 0, Errors: 0, Skipped: 0, Time elapsed: 0.021 sec
Running org.apache.accumulo.core.iterators.user.LargeRowFilterTest
Tests run: 5, Failures: 0, Errors: 0, Skipped: 0, Time elapsed: 0.092 sec
Running org.apache.accumulo.core.iterators.user.FilterTest
Tests run: 11, Failures: 0, Errors: 0, Skipped: 0, Time elapsed: 0.126 sec
Running org.apache.accumulo.core.iterators.user.VersioningIteratorTest
Tests run: 6, Failures: 0, Errors: 0, Skipped: 0, Time elapsed: 0.019 sec
Running org.apache.accumulo.core.iterators.user.RowFilterTest
Tests run: 1, Failures: 0, Errors: 0, Skipped: 0, Time elapsed: 0.211 sec
Running org.apache.accumulo.core.iterators.user.RegExFilterTest
Tests run: 1, Failures: 0, Errors: 0, Skipped: 0, Time elapsed: 0.007 sec
Running org.apache.accumulo.core.iterators.user.WholeRowIteratorTest
Tests run: 3, Failures: 0, Errors: 0, Skipped: 0, Time elapsed: 0.009 sec
Running org.apache.accumulo.core.iterators.user.GrepIteratorTest
Tests run: 1, Failures: 0, Errors: 0, Skipped: 0, Time elapsed: 0.007 sec
Running org.apache.accumulo.core.iterators.user.CombinerTest
Tests run: 13, Failures: 0, Errors: 0, Skipped: 0, Time elapsed: 0.044 sec
Running org.apache.accumulo.core.iterators.user.IndexedDocIteratorTest
Tests run: 5, Failures: 0, Errors: 0, Skipped: 0, Time elapsed: 1.412 sec
Running org.apache.accumulo.core.iterators.user.RowDeletingIteratorTest
Tests run: 4, Failures: 0, Errors: 0, Skipped: 0, Time elapsed: 0.01 sec
Running org.apache.accumulo.core.iterators.user.IntersectingIteratorTest
Tests run: 6, Failures: 0, Errors: 0, Skipped: 0, Time elapsed: 1.397 sec
Running org.apache.accumulo.core.file.blockfile.cache.TestLruBlockCache
Tests run: 7, Failures: 0, Errors: 0, Skipped: 0, Time elapsed: 1.039 sec
Running org.apache.accumulo.core.file.blockfile.cache.TestCachedBlockQueue
Tests run: 2, Failures: 0, Errors: 0, Skipped: 0, Time elapsed: 0.003 sec
Running org.apache.accumulo.core.file.rfile.RFileTest
Tests run: 19, Failures: 0, Errors: 0, Skipped: 0, Time elapsed: 3.983 sec
Running org.apache.accumulo.core.file.rfile.RelativeKeyTest
Tests run: 1, Failures: 0, Errors: 0, Skipped: 0, Time elapsed: 0.001 sec
Running org.apache.accumulo.core.file.rfile.MultiLevelIndexTest
Tests run: 1, Failures: 0, Errors: 0, Skipped: 0, Time elapsed: 0.785 sec
Running org.apache.accumulo.core.util.MetadataTableTest
Tests run: 1, Failures: 0, Errors: 0, Skipped: 0, Time elapsed: 0.006 sec
Running org.apache.accumulo.core.util.LocalityGroupUtilTest
Tests run: 2, Failures: 0, Errors: 0, Skipped: 0, Time elapsed: 0.021 sec
Running org.apache.accumulo.core.util.AddressUtilTest
Tests run: 2, Failures: 0, Errors: 0, Skipped: 0, Time elapsed: 0.024 sec
Running org.apache.accumulo.core.util.MergeTest
Tests run: 1, Failures: 0, Errors: 0, Skipped: 0, Time elapsed: 0.009 sec
Running org.apache.accumulo.core.util.TextUtilTest
Tests run: 1, Failures: 0, Errors: 0, Skipped: 0, Time elapsed: 0.002 sec
Running org.apache.accumulo.core.util.TestVersion
Tests run: 1, Failures: 0, Errors: 0, Skipped: 0, Time elapsed: 0.006 sec
Running org.apache.accumulo.core.util.shell.ShellTest
usage: about [-?] [-v]
description: displays information about this program
  -?,--help        display this help
  -v,--verbose     display detailed session information
Tests run: 3, Failures: 0, Errors: 0, Skipped: 0, Time elapsed: 0.294 sec
Running org.apache.accumulo.core.util.shell.command.FormatterCommandTest
Tests run: 1, Failures: 0, Errors: 0, Skipped: 0, Time elapsed: 0.022 sec
Running org.apache.accumulo.core.util.EscapeTokenizerTest
Tests run: 11, Failures: 0, Errors: 0, Skipped: 0, Time elapsed: 0.01 sec
Running org.apache.accumulo.core.util.TestStringUtil
Tests run: 1, Failures: 0, Errors: 0, Skipped: 0, Time elapsed: 0.001 sec
Running org.apache.accumulo.core.conf.PropertyTest
Tests run: 3, Failures: 0, Errors: 0, Skipped: 0, Time elapsed: 0.005 sec
Running org.apache.accumulo.core.client.ClientSideIteratorTest
Tests run: 2, Failures: 0, Errors: 0, Skipped: 0, Time elapsed: 0.01 sec
Running org.apache.accumulo.core.client.impl.TabletLocatorImplTest
Tests run: 17, Failures: 0, Errors: 0, Skipped: 0, Time elapsed: 0.052 sec
Running org.apache.accumulo.core.client.impl.ScannerOptionsTest
Tests run: 2, Failures: 0, Errors: 0, Skipped: 0, Time elapsed: 0.003 sec
Running org.apache.accumulo.core.client.admin.FindMaxTest
Tests run: 1, Failures: 0, Errors: 0, Skipped: 0, Time elapsed: 2.188 sec
Running org.apache.accumulo.core.client.admin.TableOperationsHelperTest
Tests run: 1, Failures: 0, Errors: 0, Skipped: 0, Time elapsed: 0.004 sec
Running org.apache.accumulo.core.client.mock.MockConnectorTest
Tests run: 9, Failures: 0, Errors: 0, Skipped: 0, Time elapsed: 0.03 sec
Running org.apache.accumulo.core.client.mock.MockTableOperationsTest
Tests run: 5, Failures: 0, Errors: 0, Skipped: 0, Time elapsed: 0.096 sec
Running org.apache.accumulo.core.client.mock.TestBatchScanner821
Tests run: 1, Failures: 1, Errors: 0, Skipped: 0, Time elapsed: 0.011 sec <<< FAILURE!
Running org.apache.accumulo.core.client.TestThrift1474
Tests run: 1, Failures: 0, Errors: 0, Skipped: 0, Time elapsed: 0.058 sec
Running org.apache.accumulo.core.client.RowIteratorTest
Tests run: 2, Failures: 0, Errors: 0, Skipped: 0, Time elapsed: 0.004 sec
Running org.apache.accumulo.core.client.mapreduce.AccumuloInputFormatTest
Tests run: 11, Failures: 0, Errors: 0, Skipped: 0, Time elapsed: 1.233 sec
Running org.apache.accumulo.core.client.mapreduce.AccumuloOutputFormatTest
Tests run: 1, Failures: 0, Errors: 0, Skipped: 0, Time elapsed: 0.022 sec
Running org.apache.accumulo.core.client.mapreduce.AccumuloRowInputFormatTest
Tests run: 1, Failures: 0, Errors: 0, Skipped: 0, Time elapsed: 0.012 sec
Running org.apache.accumulo.core.client.mapreduce.AccumuloFileOutputFormatTest
file:/tmp/icse19/dataset/august-2018/bugs-dot-jar/accumulo_buggy/core/target/_temporary/_attempt_local_0000_m_000000_0/part-m-00000.rf
file:/tmp/icse19/dataset/august-2018/bugs-dot-jar/accumulo_buggy/core/target/_temporary/_attempt_local_0000_m_000000_0/part-m-00000.rf
Tests run: 3, Failures: 0, Errors: 0, Skipped: 0, Time elapsed: 0.031 sec
Running org.apache.accumulo.core.client.mapreduce.lib.partition.RangePartitionerTest
Tests run: 2, Failures: 0, Errors: 0, Skipped: 0, Time elapsed: 0.305 sec

Results :

Failed tests:   test(org.apache.accumulo.core.client.mock.TestBatchScanner821): expected:<[a,b,c,d]> but was:<[]>

Tests run: 296, Failures: 1, Errors: 0, Skipped: 0

[INFO] ------------------------------------------------------------------------
[INFO] BUILD FAILURE
[INFO] ------------------------------------------------------------------------
[INFO] Total time: 56.498 s
[INFO] Finished at: 2018-08-01T10:57:59+02:00
[INFO] Final Memory: 64M/1498M
[INFO] ------------------------------------------------------------------------
[ERROR] Failed to execute goal org.apache.maven.plugins:maven-surefire-plugin:2.12:test (default-test) on project accumulo-core: There are test failures.
[ERROR] 
[ERROR] Please refer to /tmp/icse19/dataset/august-2018/bugs-dot-jar/accumulo_buggy/core/target/surefire-reports for the individual test results.
[ERROR] -> [Help 1]
[ERROR] 
[ERROR] To see the full stack trace of the errors, re-run Maven with the -e switch.
[ERROR] Re-run Maven using the -X switch to enable full debug logging.
[ERROR] 
[ERROR] For more information about the errors and possible solutions, please read the following articles:
[ERROR] [Help 1] http://cwiki.apache.org/confluence/display/MAVEN/MojoFailureException
Writing HTML report to '/tmp/icse19/dataset/august-2018/bugs-dot-jar/accumulo_buggy/core/target/clover/report'
Done. Processed 43 packages in 18022ms (419ms per package).
[INFO] org.apache.accumulo.core.client.mock.MockConnectorTest;testDeletewithBatchDeleter;testSunnyDay
org.apache.accumulo.core.iterators.user.IntersectingIteratorTest;testWithBatchScanner
org.apache.accumulo.core.client.mock.TestBatchScanner821;test
org.apache.accumulo.core.client.mock.MockTableOperationsTest;testCreateUseVersions
[INFO] ------------------------------------------------------------------------
[INFO] BUILD SUCCESS
[INFO] ------------------------------------------------------------------------
[INFO] Total time: 01:22 min
[INFO] Finished at: 2018-08-01T10:58:20+02:00
[INFO] Final Memory: 39M/1395M
[INFO] ------------------------------------------------------------------------
cd dataset/august-2018/bugs-dot-jar/accumulo_buggy/core && ~/apache-maven-3.3.9/bin/mvn clean versions:use-latest-versions -Dincludes=junit:junit eu.stamp-project:diff-test-selection:0.2:list -DpathToDiff=../.bugs-dot-jar/developer-patch.diff -DpathToOtherVersion=../../accumulo_fixed/ -DoutputPath=../../../accumulo/data_test-selection_bugs-dot-jar_ACCUMULO-843_65390f8c.csv -Dreport=CSV
rm -rf accumulo_fixed
