rm -rf dataset/august-2018/bugs-dot-jar/commons-math_buggy
Switched to a new branch 'bugs-dot-jar_MATH-949_f83bbc1d'
Branch bugs-dot-jar_MATH-949_f83bbc1d set up to track remote branch bugs-dot-jar_MATH-949_f83bbc1d from origin.
cd dataset/august-2018/bugs-dot-jar/commons-math && git checkout bugs-dot-jar_MATH-949_f83bbc1d
cp -r dataset/august-2018/bugs-dot-jar/commons-math dataset/august-2018/bugs-dot-jar/commons-math_buggy
[INFO] Scanning for projects...
[INFO]                                                                         
[INFO] ------------------------------------------------------------------------
[INFO] Building Commons Math 3.2-SNAPSHOT
[INFO] ------------------------------------------------------------------------
[INFO] 
[INFO] --- maven-clean-plugin:2.5:clean (default-clean) @ commons-math3 ---
[INFO] 
[INFO] --- maven-antrun-plugin:1.7:run (javadoc.resources) @ commons-math3 ---
[INFO] Executing tasks

main:
     [copy] Copying 2 files to /tmp/icse19/dataset/august-2018/bugs-dot-jar/commons-math_buggy/target/apidocs/META-INF
[INFO] Executed tasks
[INFO] 
[INFO] --- maven-remote-resources-plugin:1.4:process (default) @ commons-math3 ---
[INFO] 
[INFO] --- buildnumber-maven-plugin:1.2:create (default) @ commons-math3 ---
[INFO] Checking for local modifications: skipped.
[INFO] Updating project files from SCM: skipped.
[INFO] Executing: /bin/sh -c cd /tmp/icse19/dataset/august-2018/bugs-dot-jar/commons-math_buggy && svn --non-interactive info
[INFO] Working directory: /tmp/icse19/dataset/august-2018/bugs-dot-jar/commons-math_buggy
[INFO] Storing buildNumber: ?????? at timestamp: 1533155608142
[INFO] Executing: /bin/sh -c cd /tmp/icse19/dataset/august-2018/bugs-dot-jar/commons-math_buggy && svn --non-interactive info
[INFO] Working directory: /tmp/icse19/dataset/august-2018/bugs-dot-jar/commons-math_buggy
[INFO] Storing buildScmBranch: UNKNOWN_BRANCH
[INFO] 
[INFO] --- maven-resources-plugin:2.6:resources (default-resources) @ commons-math3 ---
[INFO] Using 'UTF-8' encoding to copy filtered resources.
[INFO] Copying 1 resource
[INFO] Copying 2 resources to META-INF
[INFO] 
[INFO] --- maven-compiler-plugin:3.0:compile (default-compile) @ commons-math3 ---
[INFO] Changes detected - recompiling the module!
[INFO] Compiling 768 source files to /tmp/icse19/dataset/august-2018/bugs-dot-jar/commons-math_buggy/target/classes
[WARNING] /tmp/icse19/dataset/august-2018/bugs-dot-jar/commons-math_buggy/src/main/java/org/apache/commons/math3/analysis/polynomials/PolynomialFunction.java: Some input files use or override a deprecated API.
[WARNING] /tmp/icse19/dataset/august-2018/bugs-dot-jar/commons-math_buggy/src/main/java/org/apache/commons/math3/analysis/polynomials/PolynomialFunction.java: Recompile with -Xlint:deprecation for details.
[INFO] 
[INFO] --- maven-bundle-plugin:2.3.7:manifest (bundle-manifest) @ commons-math3 ---
[INFO] 
[INFO] --- maven-resources-plugin:2.6:testResources (default-testResources) @ commons-math3 ---
[INFO] Using 'UTF-8' encoding to copy filtered resources.
[INFO] Copying 28 resources
[INFO] Copying 2 resources to META-INF
[INFO] 
[INFO] --- maven-compiler-plugin:3.0:testCompile (default-testCompile) @ commons-math3 ---
[INFO] Changes detected - recompiling the module!
[INFO] Compiling 458 source files to /tmp/icse19/dataset/august-2018/bugs-dot-jar/commons-math_buggy/target/test-classes
[WARNING] /tmp/icse19/dataset/august-2018/bugs-dot-jar/commons-math_buggy/src/test/java/org/apache/commons/math3/util/MathUtilsTest.java: Some input files use or override a deprecated API.
[WARNING] /tmp/icse19/dataset/august-2018/bugs-dot-jar/commons-math_buggy/src/test/java/org/apache/commons/math3/util/MathUtilsTest.java: Recompile with -Xlint:deprecation for details.
[INFO] 
[INFO] --- maven-surefire-plugin:2.13:test (default-test) @ commons-math3 ---
[INFO] Tests are skipped.
[INFO] 
[INFO] --- maven-jar-plugin:2.4:jar (default-jar) @ commons-math3 ---
[INFO] Building jar: /tmp/icse19/dataset/august-2018/bugs-dot-jar/commons-math_buggy/target/commons-math3-3.2-SNAPSHOT.jar
[INFO] 
[INFO] --- maven-site-plugin:3.2:attach-descriptor (attach-descriptor) @ commons-math3 ---
[INFO] 
[INFO] --- maven-install-plugin:2.4:install (default-install) @ commons-math3 ---
[INFO] Installing /tmp/icse19/dataset/august-2018/bugs-dot-jar/commons-math_buggy/target/commons-math3-3.2-SNAPSHOT.jar to /home/spirals/danglot/.m2/repository/org/apache/commons/commons-math3/3.2-SNAPSHOT/commons-math3-3.2-SNAPSHOT.jar
[INFO] Installing /tmp/icse19/dataset/august-2018/bugs-dot-jar/commons-math_buggy/pom.xml to /home/spirals/danglot/.m2/repository/org/apache/commons/commons-math3/3.2-SNAPSHOT/commons-math3-3.2-SNAPSHOT.pom
[INFO] ------------------------------------------------------------------------
[INFO] BUILD SUCCESS
[INFO] ------------------------------------------------------------------------
[INFO] Total time: 16.769 s
[INFO] Finished at: 2018-08-01T22:33:42+02:00
[INFO] Final Memory: 37M/652M
[INFO] ------------------------------------------------------------------------
cd dataset/august-2018/bugs-dot-jar/commons-math_buggy && ~/apache-maven-3.3.9/bin/mvn clean install -DskipTests
rm -rf dataset/august-2018/bugs-dot-jar/commons-math_fixed
cp -r dataset/august-2018/bugs-dot-jar/commons-math_buggy dataset/august-2018/bugs-dot-jar/commons-math_fixed
patching file src/main/java/org/apache/commons/math3/optim/BaseOptimizer.java
patching file src/main/java/org/apache/commons/math3/optim/nonlinear/scalar/gradient/NonLinearConjugateGradientOptimizer.java
patching file src/main/java/org/apache/commons/math3/optim/nonlinear/scalar/noderiv/CMAESOptimizer.java
patching file src/main/java/org/apache/commons/math3/optim/nonlinear/scalar/noderiv/PowellOptimizer.java
patching file src/main/java/org/apache/commons/math3/optim/nonlinear/scalar/noderiv/SimplexOptimizer.java
patching file src/main/java/org/apache/commons/math3/optim/nonlinear/vector/jacobian/GaussNewtonOptimizer.java
patching file src/main/java/org/apache/commons/math3/optim/nonlinear/vector/jacobian/LevenbergMarquardtOptimizer.java
cd dataset/august-2018/bugs-dot-jar/commons-math_fixed && patch -p1 < .bugs-dot-jar/developer-patch.diff
[INFO] Scanning for projects...
[INFO]                                                                         
[INFO] ------------------------------------------------------------------------
[INFO] Building Commons Math 3.2-SNAPSHOT
[INFO] ------------------------------------------------------------------------
[INFO] 
[INFO] --- maven-clean-plugin:2.5:clean (default-clean) @ commons-math3 ---
[INFO] Deleting /tmp/icse19/dataset/august-2018/bugs-dot-jar/commons-math_buggy/target
[INFO] 
[INFO] --- versions-maven-plugin:2.5:use-latest-versions (default-cli) @ commons-math3 ---
[INFO] Major version changes allowed
[INFO] Updated junit:junit:jar:4.10 to version 4.12
[INFO] 
[INFO] --- diff-test-selection:0.3-SNAPSHOT:list (default-cli) @ commons-math3 ---
[INFO] /tmp/icse19/dataset/august-2018/bugs-dot-jar/commons-math_buggy
[WARN] Maven will be executed in interactive mode, but no input stream has been configured for this MavenInvoker instance.
[INFO] Scanning for projects...
[INFO]                                                                         
[INFO] ------------------------------------------------------------------------
[INFO] Building Commons Math 3.2-SNAPSHOT
[INFO] ------------------------------------------------------------------------
[INFO] 
[INFO] --- maven-clean-plugin:2.5:clean (default-clean) @ commons-math3 ---
[INFO] 
[INFO] --- clover-maven-plugin:4.2.0:setup (default-cli) @ commons-math3 ---
[INFO] No 'maven.clover.licenseLocation' configured. Using default license.
[INFO] OpenClover Version 4.2.0, built on April 30 2017 (build-1000)
[INFO] Loaded from: /home/spirals/danglot/.m2/repository/org/openclover/clover/4.2.0/clover-4.2.0.jar
[INFO] Clover free edition.
[INFO] Creating new database at '/tmp/icse19/dataset/august-2018/bugs-dot-jar/commons-math_buggy/target/clover/clover.db'.
[INFO] Processing files at 1.8 source level.
[INFO] Clover all over. Instrumented 768 files (58 packages).
[INFO] Elapsed time = 14.742 secs. (52.096 files/sec, 12,100.19 srclines/sec)
[INFO] OpenClover Version 4.2.0, built on April 30 2017 (build-1000)
[INFO] Loaded from: /home/spirals/danglot/.m2/repository/org/openclover/clover/4.2.0/clover-4.2.0.jar
[INFO] Clover free edition.
[INFO] Updating existing database at '/tmp/icse19/dataset/august-2018/bugs-dot-jar/commons-math_buggy/target/clover/clover.db'.
[INFO] Processing files at 1.8 source level.
[INFO] Clover all over. Instrumented 458 files (57 packages).
[INFO] 3415 test methods detected.
[INFO] Elapsed time = 11.166 secs. (41.017 files/sec, 9,887.784 srclines/sec)
[INFO] 
[INFO] --- maven-antrun-plugin:1.7:run (javadoc.resources) @ commons-math3 ---
[INFO] Executing tasks

main:
     [copy] Copying 2 files to /tmp/icse19/dataset/august-2018/bugs-dot-jar/commons-math_buggy/target/apidocs/META-INF
[INFO] Executed tasks
[INFO] 
[INFO] --- maven-remote-resources-plugin:1.4:process (default) @ commons-math3 ---
[INFO] 
[INFO] --- buildnumber-maven-plugin:1.2:create (default) @ commons-math3 ---
[INFO] Checking for local modifications: skipped.
[INFO] Updating project files from SCM: skipped.
[INFO] Executing: /bin/sh -c cd /tmp/icse19/dataset/august-2018/bugs-dot-jar/commons-math_buggy && svn --non-interactive info
[INFO] Working directory: /tmp/icse19/dataset/august-2018/bugs-dot-jar/commons-math_buggy
[INFO] Storing buildNumber: ?????? at timestamp: 1533155658350
[INFO] Executing: /bin/sh -c cd /tmp/icse19/dataset/august-2018/bugs-dot-jar/commons-math_buggy && svn --non-interactive info
[INFO] Working directory: /tmp/icse19/dataset/august-2018/bugs-dot-jar/commons-math_buggy
[INFO] Storing buildScmBranch: UNKNOWN_BRANCH
[INFO] 
[INFO] --- maven-resources-plugin:2.6:resources (default-resources) @ commons-math3 ---
[INFO] Using 'UTF-8' encoding to copy filtered resources.
[INFO] Copying 1 resource
[INFO] Copying 2 resources to META-INF
[INFO] Copying 1 resource
[INFO] 
[INFO] --- maven-compiler-plugin:3.0:compile (default-compile) @ commons-math3 ---
[INFO] Changes detected - recompiling the module!
[INFO] Compiling 768 source files to /tmp/icse19/dataset/august-2018/bugs-dot-jar/commons-math_buggy/target/classes
[WARNING] /tmp/icse19/dataset/august-2018/bugs-dot-jar/commons-math_buggy/target/clover/src-instrumented/org/apache/commons/math3/distribution/AbstractRealDistribution.java: Some input files use or override a deprecated API.
[WARNING] /tmp/icse19/dataset/august-2018/bugs-dot-jar/commons-math_buggy/target/clover/src-instrumented/org/apache/commons/math3/distribution/AbstractRealDistribution.java: Recompile with -Xlint:deprecation for details.
[INFO] 
[INFO] --- maven-bundle-plugin:2.3.7:manifest (bundle-manifest) @ commons-math3 ---
[INFO] 
[INFO] --- maven-resources-plugin:2.6:testResources (default-testResources) @ commons-math3 ---
[INFO] Using 'UTF-8' encoding to copy filtered resources.
[INFO] Copying 28 resources
[INFO] Copying 2 resources to META-INF
[INFO] 
[INFO] --- maven-compiler-plugin:3.0:testCompile (default-testCompile) @ commons-math3 ---
[INFO] Changes detected - recompiling the module!
[INFO] Compiling 458 source files to /tmp/icse19/dataset/august-2018/bugs-dot-jar/commons-math_buggy/target/test-classes
[WARNING] /tmp/icse19/dataset/august-2018/bugs-dot-jar/commons-math_buggy/target/clover/src-test-instrumented/org/apache/commons/math3/optimization/MultivariateDifferentiableVectorMultiStartOptimizerTest.java: Some input files use or override a deprecated API.
[WARNING] /tmp/icse19/dataset/august-2018/bugs-dot-jar/commons-math_buggy/target/clover/src-test-instrumented/org/apache/commons/math3/optimization/MultivariateDifferentiableVectorMultiStartOptimizerTest.java: Recompile with -Xlint:deprecation for details.
[INFO] 
[INFO] --- maven-surefire-plugin:2.13:test (default-test) @ commons-math3 ---
[INFO] Surefire report directory: /tmp/icse19/dataset/august-2018/bugs-dot-jar/commons-math_buggy/target/surefire-reports

-------------------------------------------------------
 T E S T S
-------------------------------------------------------
Running org.apache.commons.math3.special.ErfTest
Tests run: 16, Failures: 0, Errors: 0, Skipped: 0, Time elapsed: 0.206 sec
Running org.apache.commons.math3.special.GammaTest
Tests run: 25, Failures: 0, Errors: 0, Skipped: 0, Time elapsed: 0.057 sec
Running org.apache.commons.math3.special.BetaTest
Tests run: 29, Failures: 0, Errors: 0, Skipped: 0, Time elapsed: 0.058 sec
Running org.apache.commons.math3.primes.PrimesTest
Tests run: 3, Failures: 0, Errors: 0, Skipped: 0, Time elapsed: 0.118 sec
Running org.apache.commons.math3.dfp.DfpMathTest
Tests run: 2, Failures: 0, Errors: 0, Skipped: 0, Time elapsed: 1.286 sec
Running org.apache.commons.math3.dfp.DfpDecTest
Tests run: 3, Failures: 0, Errors: 0, Skipped: 0, Time elapsed: 0.017 sec
Running org.apache.commons.math3.dfp.BracketingNthOrderBrentSolverDFPTest
Tests run: 4, Failures: 0, Errors: 0, Skipped: 0, Time elapsed: 3.405 sec
Running org.apache.commons.math3.dfp.DfpTest
Tests run: 77, Failures: 0, Errors: 0, Skipped: 0, Time elapsed: 8.581 sec
Running org.apache.commons.math3.ode.FirstOrderConverterTest
Tests run: 4, Failures: 0, Errors: 0, Skipped: 0, Time elapsed: 0.148 sec
Running org.apache.commons.math3.ode.sampling.NordsieckStepInterpolatorTest
Tests run: 2, Failures: 0, Errors: 0, Skipped: 0, Time elapsed: 0.376 sec
Running org.apache.commons.math3.ode.sampling.DummyStepInterpolatorTest
Tests run: 4, Failures: 0, Errors: 0, Skipped: 0, Time elapsed: 0.009 sec
Running org.apache.commons.math3.ode.sampling.StepNormalizerOutputTest
Tests run: 16, Failures: 0, Errors: 0, Skipped: 0, Time elapsed: 0.057 sec
Running org.apache.commons.math3.ode.sampling.StepNormalizerOutputOverlapTest
Tests run: 16, Failures: 0, Errors: 0, Skipped: 0, Time elapsed: 0.03 sec
Running org.apache.commons.math3.ode.sampling.StepNormalizerTest
Tests run: 2, Failures: 0, Errors: 0, Skipped: 0, Time elapsed: 0.044 sec
Running org.apache.commons.math3.ode.nonstiff.HighamHall54IntegratorTest
Tests run: 9, Failures: 0, Errors: 0, Skipped: 0, Time elapsed: 0.435 sec
Running org.apache.commons.math3.ode.nonstiff.DormandPrince54IntegratorTest
Tests run: 8, Failures: 0, Errors: 0, Skipped: 0, Time elapsed: 0.145 sec
Running org.apache.commons.math3.ode.nonstiff.MidpointIntegratorTest
Tests run: 6, Failures: 0, Errors: 0, Skipped: 0, Time elapsed: 0.635 sec
Running org.apache.commons.math3.ode.nonstiff.GillIntegratorTest
Tests run: 8, Failures: 0, Errors: 0, Skipped: 0, Time elapsed: 0.691 sec
Running org.apache.commons.math3.ode.nonstiff.EulerIntegratorTest
Tests run: 6, Failures: 0, Errors: 0, Skipped: 0, Time elapsed: 0.161 sec
Running org.apache.commons.math3.ode.nonstiff.GillStepInterpolatorTest
Tests run: 2, Failures: 0, Errors: 0, Skipped: 0, Time elapsed: 0.126 sec
Running org.apache.commons.math3.ode.nonstiff.HighamHall54StepInterpolatorTest
Tests run: 3, Failures: 0, Errors: 0, Skipped: 0, Time elapsed: 0.099 sec
Running org.apache.commons.math3.ode.nonstiff.ClassicalRungeKuttaStepInterpolatorTest
Tests run: 2, Failures: 0, Errors: 0, Skipped: 0, Time elapsed: 0.107 sec
Running org.apache.commons.math3.ode.nonstiff.ClassicalRungeKuttaIntegratorTest
Tests run: 8, Failures: 0, Errors: 0, Skipped: 0, Time elapsed: 0.604 sec
Running org.apache.commons.math3.ode.nonstiff.GraggBulirschStoerStepInterpolatorTest
Tests run: 3, Failures: 0, Errors: 0, Skipped: 0, Time elapsed: 0.168 sec
Running org.apache.commons.math3.ode.nonstiff.MidpointStepInterpolatorTest
Tests run: 2, Failures: 0, Errors: 0, Skipped: 0, Time elapsed: 0.052 sec
Running org.apache.commons.math3.ode.nonstiff.DormandPrince853StepInterpolatorTest
Tests run: 3, Failures: 0, Errors: 0, Skipped: 0, Time elapsed: 0.099 sec
Running org.apache.commons.math3.ode.nonstiff.EulerStepInterpolatorTest
Tests run: 5, Failures: 0, Errors: 0, Skipped: 0, Time elapsed: 0.05 sec
Running org.apache.commons.math3.ode.nonstiff.ThreeEighthesStepInterpolatorTest
Tests run: 2, Failures: 0, Errors: 0, Skipped: 0, Time elapsed: 0.131 sec
Running org.apache.commons.math3.ode.nonstiff.DormandPrince853IntegratorTest
Tests run: 12, Failures: 0, Errors: 0, Skipped: 0, Time elapsed: 0.127 sec
Running org.apache.commons.math3.ode.nonstiff.AdamsMoultonIntegratorTest
Tests run: 6, Failures: 0, Errors: 0, Skipped: 0, Time elapsed: 0.442 sec
Running org.apache.commons.math3.ode.nonstiff.ThreeEighthesIntegratorTest
Tests run: 7, Failures: 0, Errors: 0, Skipped: 0, Time elapsed: 0.571 sec
Running org.apache.commons.math3.ode.nonstiff.DormandPrince54StepInterpolatorTest
Tests run: 3, Failures: 0, Errors: 0, Skipped: 0, Time elapsed: 0.058 sec
Running org.apache.commons.math3.ode.nonstiff.AdamsBashforthIntegratorTest
Tests run: 6, Failures: 0, Errors: 0, Skipped: 0, Time elapsed: 0.184 sec
Running org.apache.commons.math3.ode.events.ReappearingEventTest
Tests run: 2, Failures: 0, Errors: 0, Skipped: 0, Time elapsed: 0.007 sec
Running org.apache.commons.math3.ode.events.EventStateTest
Tests run: 2, Failures: 0, Errors: 0, Skipped: 0, Time elapsed: 0.008 sec
Running org.apache.commons.math3.ode.events.OverlappingEventsTest
Tests run: 2, Failures: 0, Errors: 0, Skipped: 0, Time elapsed: 0.017 sec
Running org.apache.commons.math3.ode.JacobianMatricesTest
Tests run: 6, Failures: 0, Errors: 0, Skipped: 0, Time elapsed: 4.028 sec
Running org.apache.commons.math3.ode.ContinuousOutputModelTest
Tests run: 4, Failures: 0, Errors: 0, Skipped: 0, Time elapsed: 0.043 sec
Running org.apache.commons.math3.random.Well19937cTest
Tests run: 63, Failures: 0, Errors: 0, Skipped: 0, Time elapsed: 27.87 sec
Running org.apache.commons.math3.random.Well512aTest
Tests run: 63, Failures: 0, Errors: 0, Skipped: 0, Time elapsed: 26.206 sec
Running org.apache.commons.math3.random.AbstractRandomGeneratorTest
Tests run: 62, Failures: 0, Errors: 0, Skipped: 0, Time elapsed: 21.09 sec
Running org.apache.commons.math3.random.Well1024aTest
Tests run: 63, Failures: 0, Errors: 0, Skipped: 0, Time elapsed: 25.696 sec
Running org.apache.commons.math3.random.BitsStreamGeneratorTest
Tests run: 62, Failures: 0, Errors: 0, Skipped: 0, Time elapsed: 22.85 sec
Running org.apache.commons.math3.random.ValueServerTest
Tests run: 9, Failures: 0, Errors: 0, Skipped: 0, Time elapsed: 0.132 sec
Running org.apache.commons.math3.random.ISAACTest
Tests run: 63, Failures: 0, Errors: 0, Skipped: 0, Time elapsed: 26.774 sec
Running org.apache.commons.math3.random.RandomDataGeneratorTest
Tests run: 49, Failures: 0, Errors: 0, Skipped: 0, Time elapsed: 21.829 sec
Running org.apache.commons.math3.random.Well44497aTest
Tests run: 63, Failures: 0, Errors: 0, Skipped: 0, Time elapsed: 26.85 sec
Running org.apache.commons.math3.random.UniformRandomGeneratorTest
Tests run: 1, Failures: 0, Errors: 0, Skipped: 0, Time elapsed: 0.019 sec
Running org.apache.commons.math3.random.SynchronizedRandomGeneratorTest
Tests run: 2, Failures: 0, Errors: 0, Skipped: 0, Time elapsed: 11.516 sec
Running org.apache.commons.math3.random.StableRandomGeneratorTest
Tests run: 7, Failures: 0, Errors: 0, Skipped: 0, Time elapsed: 0.264 sec
Running org.apache.commons.math3.random.EmpiricalDistributionTest
Tests run: 26, Failures: 0, Errors: 0, Skipped: 0, Time elapsed: 17.498 sec
Running org.apache.commons.math3.random.MersenneTwisterTest
Tests run: 63, Failures: 0, Errors: 0, Skipped: 0, Time elapsed: 24.306 sec
Running org.apache.commons.math3.random.GaussianRandomGeneratorTest
Tests run: 1, Failures: 0, Errors: 0, Skipped: 0, Time elapsed: 0.015 sec
Running org.apache.commons.math3.random.UncorrelatedRandomVectorGeneratorTest
Tests run: 1, Failures: 0, Errors: 0, Skipped: 0, Time elapsed: 0.033 sec
Running org.apache.commons.math3.random.CorrelatedRandomVectorGeneratorTest
Tests run: 5, Failures: 0, Errors: 0, Skipped: 0, Time elapsed: 0.247 sec
Running org.apache.commons.math3.random.Well44497bTest
Tests run: 63, Failures: 0, Errors: 0, Skipped: 0, Time elapsed: 31.537 sec
Running org.apache.commons.math3.random.UnitSphereRandomVectorGeneratorTest
Tests run: 1, Failures: 0, Errors: 0, Skipped: 0, Time elapsed: 1.77 sec
Running org.apache.commons.math3.random.RandomAdaptorTest
Tests run: 1, Failures: 0, Errors: 0, Skipped: 0, Time elapsed: 0.001 sec
Running org.apache.commons.math3.random.Well19937aTest
Tests run: 63, Failures: 0, Errors: 0, Skipped: 0, Time elapsed: 27.17 sec
Running org.apache.commons.math3.genetics.CycleCrossoverTest
Tests run: 6, Failures: 0, Errors: 0, Skipped: 0, Time elapsed: 0.012 sec
Running org.apache.commons.math3.genetics.BinaryChromosomeTest
Tests run: 3, Failures: 0, Errors: 0, Skipped: 0, Time elapsed: 0.003 sec
Running org.apache.commons.math3.genetics.GeneticAlgorithmTestPermutations
Tests run: 1, Failures: 0, Errors: 0, Skipped: 0, Time elapsed: 0.348 sec
Running org.apache.commons.math3.genetics.NPointCrossoverTest
Tests run: 5, Failures: 0, Errors: 0, Skipped: 0, Time elapsed: 0.008 sec
Running org.apache.commons.math3.genetics.RandomKeyMutationTest
Tests run: 1, Failures: 0, Errors: 0, Skipped: 0, Time elapsed: 0.003 sec
Running org.apache.commons.math3.genetics.OrderedCrossoverTest
Tests run: 4, Failures: 0, Errors: 0, Skipped: 0, Time elapsed: 0.009 sec
Running org.apache.commons.math3.genetics.TournamentSelectionTest
Tests run: 1, Failures: 0, Errors: 0, Skipped: 0, Time elapsed: 0.003 sec
Running org.apache.commons.math3.genetics.FixedElapsedTimeTest
Tests run: 1, Failures: 0, Errors: 0, Skipped: 0, Time elapsed: 3.016 sec
Running org.apache.commons.math3.genetics.BinaryMutationTest
Tests run: 1, Failures: 0, Errors: 0, Skipped: 0, Time elapsed: 0.003 sec
Running org.apache.commons.math3.genetics.ElitisticListPopulationTest
Tests run: 8, Failures: 0, Errors: 0, Skipped: 0, Time elapsed: 0.006 sec
Running org.apache.commons.math3.genetics.FitnessCachingTest
Tests run: 1, Failures: 0, Errors: 0, Skipped: 0, Time elapsed: 0.02 sec
Running org.apache.commons.math3.genetics.GeneticAlgorithmTestBinary
Tests run: 1, Failures: 0, Errors: 0, Skipped: 0, Time elapsed: 0.077 sec
Running org.apache.commons.math3.genetics.OnePointCrossoverTest
Tests run: 1, Failures: 0, Errors: 0, Skipped: 0, Time elapsed: 0.002 sec
Running org.apache.commons.math3.genetics.FixedGenerationCountTest
Tests run: 1, Failures: 0, Errors: 0, Skipped: 0, Time elapsed: 0.002 sec
Running org.apache.commons.math3.genetics.ListPopulationTest
Tests run: 10, Failures: 0, Errors: 0, Skipped: 0, Time elapsed: 0.016 sec
Running org.apache.commons.math3.genetics.ChromosomeTest
Tests run: 2, Failures: 0, Errors: 0, Skipped: 0, Time elapsed: 0.003 sec
Running org.apache.commons.math3.genetics.UniformCrossoverTest
Tests run: 6, Failures: 0, Errors: 0, Skipped: 0, Time elapsed: 0.263 sec
Running org.apache.commons.math3.genetics.RandomKeyTest
Tests run: 10, Failures: 0, Errors: 0, Skipped: 0, Time elapsed: 0.008 sec
Running org.apache.commons.math3.complex.RootsOfUnityTest
Tests run: 6, Failures: 0, Errors: 0, Skipped: 0, Time elapsed: 0.008 sec
Running org.apache.commons.math3.complex.QuaternionTest
Tests run: 22, Failures: 0, Errors: 0, Skipped: 0, Time elapsed: 0.037 sec
Running org.apache.commons.math3.complex.ComplexUtilsTest
Tests run: 5, Failures: 0, Errors: 0, Skipped: 0, Time elapsed: 0.012 sec
Running org.apache.commons.math3.complex.ComplexFieldTest
Tests run: 3, Failures: 0, Errors: 0, Skipped: 0, Time elapsed: 0.005 sec
Running org.apache.commons.math3.complex.ComplexTest
Tests run: 123, Failures: 0, Errors: 0, Skipped: 0, Time elapsed: 0.095 sec
Running org.apache.commons.math3.complex.ComplexFormatTest
Tests run: 31, Failures: 0, Errors: 0, Skipped: 0, Time elapsed: 0.028 sec
Running org.apache.commons.math3.complex.FrenchComplexFormatTest
Tests run: 31, Failures: 0, Errors: 0, Skipped: 0, Time elapsed: 0.027 sec
Running org.apache.commons.math3.linear.MatrixDimensionMismatchExceptionTest
Tests run: 1, Failures: 0, Errors: 0, Skipped: 0, Time elapsed: 0.003 sec
Running org.apache.commons.math3.linear.OpenMapRealMatrixTest
Tests run: 1, Failures: 0, Errors: 0, Skipped: 0, Time elapsed: 0.002 sec
Running org.apache.commons.math3.linear.RRQRSolverTest
Tests run: 6, Failures: 0, Errors: 0, Skipped: 0, Time elapsed: 0.321 sec
Running org.apache.commons.math3.linear.SparseFieldVectorTest
Tests run: 5, Failures: 0, Errors: 0, Skipped: 0, Time elapsed: 0.021 sec
Running org.apache.commons.math3.linear.QRDecompositionTest
Tests run: 7, Failures: 0, Errors: 0, Skipped: 0, Time elapsed: 0.292 sec
Running org.apache.commons.math3.linear.FrenchRealVectorFormatTest
Tests run: 30, Failures: 0, Errors: 0, Skipped: 0, Time elapsed: 0.024 sec
Running org.apache.commons.math3.linear.Array2DRowRealMatrixTest
Tests run: 39, Failures: 0, Errors: 0, Skipped: 0, Time elapsed: 0.079 sec
Running org.apache.commons.math3.linear.EigenSolverTest
Tests run: 4, Failures: 0, Errors: 0, Skipped: 0, Time elapsed: 0.012 sec
Running org.apache.commons.math3.linear.UnmodifiableArrayRealVectorTest
Tests run: 8, Failures: 0, Errors: 0, Skipped: 0, Time elapsed: 0.1 sec
Running org.apache.commons.math3.linear.ArrayRealVectorTest
Tests run: 108, Failures: 0, Errors: 0, Skipped: 6, Time elapsed: 0.283 sec
Running org.apache.commons.math3.linear.MatrixUtilsTest
Tests run: 17, Failures: 0, Errors: 0, Skipped: 0, Time elapsed: 0.019 sec
Running org.apache.commons.math3.linear.RectangularCholeskyDecompositionTest
Tests run: 3, Failures: 0, Errors: 0, Skipped: 0, Time elapsed: 0.003 sec
Running org.apache.commons.math3.linear.SparseRealMatrixTest
Tests run: 27, Failures: 0, Errors: 0, Skipped: 0, Time elapsed: 0.033 sec
Running org.apache.commons.math3.linear.EigenDecompositionTest
Tests run: 28, Failures: 0, Errors: 0, Skipped: 2, Time elapsed: 1.365 sec
Running org.apache.commons.math3.linear.SchurTransformerTest
Tests run: 8, Failures: 0, Errors: 0, Skipped: 0, Time elapsed: 0.835 sec
Running org.apache.commons.math3.linear.BlockRealMatrixTest
Tests run: 48, Failures: 0, Errors: 0, Skipped: 0, Time elapsed: 0.594 sec
Running org.apache.commons.math3.linear.FieldLUDecompositionTest
Tests run: 9, Failures: 0, Errors: 0, Skipped: 0, Time elapsed: 0.036 sec
Running org.apache.commons.math3.linear.BiDiagonalTransformerTest
Tests run: 8, Failures: 0, Errors: 0, Skipped: 0, Time elapsed: 0.013 sec
Running org.apache.commons.math3.linear.BlockFieldMatrixTest
Tests run: 46, Failures: 0, Errors: 0, Skipped: 0, Time elapsed: 1.823 sec
Running org.apache.commons.math3.linear.FieldMatrixImplTest
Tests run: 37, Failures: 0, Errors: 0, Skipped: 0, Time elapsed: 0.175 sec
Running org.apache.commons.math3.linear.SparseFieldMatrixTest
Tests run: 24, Failures: 0, Errors: 0, Skipped: 0, Time elapsed: 0.031 sec
Running org.apache.commons.math3.linear.LUDecompositionTest
Tests run: 9, Failures: 0, Errors: 0, Skipped: 0, Time elapsed: 0.01 sec
Running org.apache.commons.math3.linear.FieldLUSolverTest
Tests run: 5, Failures: 0, Errors: 0, Skipped: 0, Time elapsed: 0.005 sec
Running org.apache.commons.math3.linear.ConjugateGradientTest
Tests run: 17, Failures: 0, Errors: 0, Skipped: 0, Time elapsed: 0.635 sec
Running org.apache.commons.math3.linear.RealVectorFormatTest
Tests run: 30, Failures: 0, Errors: 0, Skipped: 0, Time elapsed: 0.021 sec
Running org.apache.commons.math3.linear.RealVectorTest
Tests run: 105, Failures: 0, Errors: 0, Skipped: 24, Time elapsed: 0.184 sec
Running org.apache.commons.math3.linear.RealMatrixFormatTest
Tests run: 29, Failures: 0, Errors: 0, Skipped: 1, Time elapsed: 0.022 sec
Running org.apache.commons.math3.linear.CholeskyDecompositionTest
Tests run: 9, Failures: 0, Errors: 0, Skipped: 0, Time elapsed: 0.009 sec
Running org.apache.commons.math3.linear.TriDiagonalTransformerTest
Tests run: 8, Failures: 0, Errors: 0, Skipped: 0, Time elapsed: 0.007 sec
Running org.apache.commons.math3.linear.HessenbergTransformerTest
Tests run: 9, Failures: 0, Errors: 0, Skipped: 0, Time elapsed: 0.574 sec
Running org.apache.commons.math3.linear.LUSolverTest
Tests run: 6, Failures: 0, Errors: 0, Skipped: 0, Time elapsed: 0.004 sec
Running org.apache.commons.math3.linear.SparseRealVectorTest
Tests run: 106, Failures: 0, Errors: 0, Skipped: 8, Time elapsed: 0.489 sec
Running org.apache.commons.math3.linear.RRQRDecompositionTest
Tests run: 7, Failures: 0, Errors: 0, Skipped: 0, Time elapsed: 0.228 sec
Running org.apache.commons.math3.linear.DiagonalMatrixTest
Tests run: 25, Failures: 0, Errors: 0, Skipped: 0, Time elapsed: 0.017 sec
Running org.apache.commons.math3.linear.CholeskySolverTest
Tests run: 3, Failures: 0, Errors: 0, Skipped: 0, Time elapsed: 0.003 sec
Running org.apache.commons.math3.linear.UnmodifiableOpenMapRealVectorTest
Tests run: 8, Failures: 0, Errors: 0, Skipped: 0, Time elapsed: 0.454 sec
Running org.apache.commons.math3.linear.ArrayFieldVectorTest
Tests run: 8, Failures: 0, Errors: 0, Skipped: 0, Time elapsed: 0.01 sec
Running org.apache.commons.math3.linear.SingularValueDecompositionTest
Tests run: 13, Failures: 0, Errors: 0, Skipped: 0, Time elapsed: 4.494 sec
Running org.apache.commons.math3.linear.SingularValueSolverTest
Tests run: 5, Failures: 0, Errors: 0, Skipped: 0, Time elapsed: 0.004 sec
Running org.apache.commons.math3.linear.QRSolverTest
Tests run: 6, Failures: 0, Errors: 0, Skipped: 0, Time elapsed: 0.126 sec
Running org.apache.commons.math3.linear.SymmLQTest
Tests run: 36, Failures: 0, Errors: 0, Skipped: 0, Time elapsed: 0.936 sec
Running org.apache.commons.math3.exception.TooManyEvaluationsExceptionTest
Tests run: 1, Failures: 0, Errors: 0, Skipped: 0, Time elapsed: 0.002 sec
Running org.apache.commons.math3.exception.NotPositiveExceptionTest
Tests run: 1, Failures: 0, Errors: 0, Skipped: 0, Time elapsed: 0.002 sec
Running org.apache.commons.math3.exception.DimensionMismatchExceptionTest
Tests run: 1, Failures: 0, Errors: 0, Skipped: 0, Time elapsed: 0.001 sec
Running org.apache.commons.math3.exception.NonMonotonicSequenceExceptionTest
Tests run: 1, Failures: 0, Errors: 0, Skipped: 0, Time elapsed: 0.001 sec
Running org.apache.commons.math3.exception.OutOfRangeExceptionTest
Tests run: 1, Failures: 0, Errors: 0, Skipped: 0, Time elapsed: 0.001 sec
Running org.apache.commons.math3.exception.MaxCountExceededExceptionTest
Tests run: 1, Failures: 0, Errors: 0, Skipped: 0, Time elapsed: 0.001 sec
Running org.apache.commons.math3.exception.NumberIsTooSmallExceptionTest
Tests run: 1, Failures: 0, Errors: 0, Skipped: 0, Time elapsed: 0 sec
Running org.apache.commons.math3.exception.NotStrictlyPositiveExceptionTest
Tests run: 1, Failures: 0, Errors: 0, Skipped: 0, Time elapsed: 0.001 sec
Running org.apache.commons.math3.exception.util.LocalizedFormatsTest
Tests run: 6, Failures: 0, Errors: 0, Skipped: 0, Time elapsed: 0.071 sec
Running org.apache.commons.math3.exception.util.ExceptionContextTest
Tests run: 5, Failures: 0, Errors: 0, Skipped: 0, Time elapsed: 0.021 sec
Running org.apache.commons.math3.exception.util.ArgUtilsTest
Tests run: 1, Failures: 0, Errors: 0, Skipped: 0, Time elapsed: 0.001 sec
Running org.apache.commons.math3.exception.NumberIsTooLargeExceptionTest
Tests run: 1, Failures: 0, Errors: 0, Skipped: 0, Time elapsed: 0 sec
Running org.apache.commons.math3.filter.KalmanFilterTest
Tests run: 4, Failures: 0, Errors: 0, Skipped: 0, Time elapsed: 0.013 sec
Running org.apache.commons.math3.RetryRunnerTest
Tests run: 2, Failures: 0, Errors: 0, Skipped: 0, Time elapsed: 0.002 sec
Running org.apache.commons.math3.fraction.BigFractionTest
Tests run: 27, Failures: 0, Errors: 0, Skipped: 0, Time elapsed: 0.028 sec
Running org.apache.commons.math3.fraction.FractionTest
Tests run: 25, Failures: 0, Errors: 0, Skipped: 0, Time elapsed: 0.02 sec
Running org.apache.commons.math3.fraction.FractionFormatTest
Tests run: 22, Failures: 0, Errors: 0, Skipped: 0, Time elapsed: 0.02 sec
Running org.apache.commons.math3.fraction.FractionFieldTest
Tests run: 3, Failures: 0, Errors: 0, Skipped: 0, Time elapsed: 0.002 sec
Running org.apache.commons.math3.fraction.BigFractionFormatTest
Tests run: 19, Failures: 0, Errors: 0, Skipped: 0, Time elapsed: 0.016 sec
Running org.apache.commons.math3.fraction.BigFractionFieldTest
Tests run: 3, Failures: 0, Errors: 0, Skipped: 0, Time elapsed: 0.003 sec
Running org.apache.commons.math3.optimization.MultivariateDifferentiableVectorMultiStartOptimizerTest
Tests run: 2, Failures: 0, Errors: 0, Skipped: 0, Time elapsed: 0.034 sec
Running org.apache.commons.math3.optimization.PointVectorValuePairTest
Tests run: 1, Failures: 0, Errors: 0, Skipped: 0, Time elapsed: 0.002 sec
Running org.apache.commons.math3.optimization.SimpleValueCheckerTest
Tests run: 3, Failures: 0, Errors: 0, Skipped: 0, Time elapsed: 0.004 sec
Running org.apache.commons.math3.optimization.MultivariateDifferentiableMultiStartOptimizerTest
Tests run: 1, Failures: 0, Errors: 0, Skipped: 0, Time elapsed: 0.086 sec
Running org.apache.commons.math3.optimization.general.NonLinearConjugateGradientOptimizerTest
Tests run: 12, Failures: 0, Errors: 0, Skipped: 0, Time elapsed: 0.048 sec
Running org.apache.commons.math3.optimization.general.AbstractLeastSquaresOptimizerTest
Tests run: 3, Failures: 0, Errors: 0, Skipped: 0, Time elapsed: 0.03 sec
Running org.apache.commons.math3.optimization.general.GaussNewtonOptimizerTest
Tests run: 19, Failures: 0, Errors: 0, Skipped: 0, Time elapsed: 1.255 sec
Running org.apache.commons.math3.optimization.general.MinpackTest
Tests run: 18, Failures: 0, Errors: 0, Skipped: 0, Time elapsed: 14.414 sec
Running org.apache.commons.math3.optimization.general.LevenbergMarquardtOptimizerTest
Tests run: 22, Failures: 0, Errors: 0, Skipped: 1, Time elapsed: 0.714 sec
Running org.apache.commons.math3.optimization.univariate.SimpleUnivariateValueCheckerTest
Tests run: 3, Failures: 0, Errors: 0, Skipped: 0, Time elapsed: 0.004 sec
Running org.apache.commons.math3.optimization.univariate.UnivariateMultiStartOptimizerTest
Tests run: 3, Failures: 0, Errors: 0, Skipped: 0, Time elapsed: 0.014 sec
Running org.apache.commons.math3.optimization.univariate.BracketFinderTest
Tests run: 4, Failures: 0, Errors: 0, Skipped: 0, Time elapsed: 0.005 sec
Running org.apache.commons.math3.optimization.univariate.BrentOptimizerTest
Tests run: 10, Failures: 0, Errors: 0, Skipped: 0, Time elapsed: 0.054 sec
Running org.apache.commons.math3.optimization.linear.SimplexTableauTest
Tests run: 4, Failures: 0, Errors: 0, Skipped: 0, Time elapsed: 0.015 sec
Running org.apache.commons.math3.optimization.linear.SimplexSolverTest
Tests run: 26, Failures: 0, Errors: 0, Skipped: 0, Time elapsed: 5.171 sec
Running org.apache.commons.math3.optimization.SimplePointCheckerTest
Tests run: 3, Failures: 0, Errors: 0, Skipped: 0, Time elapsed: 0.003 sec
Running org.apache.commons.math3.optimization.SimpleVectorValueCheckerTest
Tests run: 3, Failures: 0, Errors: 0, Skipped: 0, Time elapsed: 0.002 sec
Running org.apache.commons.math3.optimization.MultivariateMultiStartOptimizerTest
Tests run: 1, Failures: 0, Errors: 0, Skipped: 0, Time elapsed: 0.024 sec
Running org.apache.commons.math3.optimization.PointValuePairTest
Tests run: 1, Failures: 0, Errors: 0, Skipped: 0, Time elapsed: 0.002 sec
Running org.apache.commons.math3.optimization.direct.SimplexOptimizerMultiDirectionalTest
Tests run: 7, Failures: 0, Errors: 0, Skipped: 0, Time elapsed: 0.025 sec
Running org.apache.commons.math3.optimization.direct.SimplexOptimizerNelderMeadTest
Tests run: 10, Failures: 0, Errors: 0, Skipped: 0, Time elapsed: 0.023 sec
Running org.apache.commons.math3.optimization.direct.MultivariateFunctionPenaltyAdapterTest
Tests run: 5, Failures: 0, Errors: 0, Skipped: 0, Time elapsed: 0.02 sec
Running org.apache.commons.math3.optimization.direct.PowellOptimizerTest
Tests run: 4, Failures: 0, Errors: 0, Skipped: 0, Time elapsed: 0.014 sec
Running org.apache.commons.math3.optimization.direct.CMAESOptimizerTest
Tests run: 24, Failures: 0, Errors: 0, Skipped: 0, Time elapsed: 381.528 sec
Running org.apache.commons.math3.optimization.direct.MultivariateFunctionMappingAdapterTest
Tests run: 4, Failures: 0, Errors: 0, Skipped: 0, Time elapsed: 0.016 sec
Running org.apache.commons.math3.optimization.fitting.PolynomialFitterTest
Tests run: 9, Failures: 0, Errors: 0, Skipped: 0, Time elapsed: 264.902 sec
Running org.apache.commons.math3.optimization.fitting.HarmonicFitterTest
Tests run: 7, Failures: 0, Errors: 0, Skipped: 0, Time elapsed: 0.34 sec
Running org.apache.commons.math3.optimization.fitting.CurveFitterTest
Tests run: 3, Failures: 0, Errors: 0, Skipped: 0, Time elapsed: 0.011 sec
Running org.apache.commons.math3.optimization.fitting.GaussianFitterTest
Tests run: 9, Failures: 0, Errors: 0, Skipped: 0, Time elapsed: 0.62 sec
Running org.apache.commons.math3.transform.FastCosineTransformerTest
Tests run: 18, Failures: 0, Errors: 0, Skipped: 0, Time elapsed: 0.133 sec
Running org.apache.commons.math3.transform.FastHadamardTransformerTest
Tests run: 4, Failures: 0, Errors: 0, Skipped: 0, Time elapsed: 0.007 sec
Running org.apache.commons.math3.transform.FastFourierTransformerTest
Tests run: 12, Failures: 0, Errors: 0, Skipped: 0, Time elapsed: 0.196 sec
Running org.apache.commons.math3.transform.FastSineTransformerTest
Tests run: 20, Failures: 0, Errors: 0, Skipped: 0, Time elapsed: 0.074 sec
Running org.apache.commons.math3.stat.descriptive.ListUnivariateImplTest
Tests run: 5, Failures: 0, Errors: 0, Skipped: 0, Time elapsed: 0.013 sec
Running org.apache.commons.math3.stat.descriptive.SynchronizedMultivariateSummaryStatisticsTest
Tests run: 10, Failures: 0, Errors: 0, Skipped: 0, Time elapsed: 0.024 sec
Running org.apache.commons.math3.stat.descriptive.moment.SemiVarianceTest
Tests run: 9, Failures: 0, Errors: 0, Skipped: 0, Time elapsed: 0.007 sec
Running org.apache.commons.math3.stat.descriptive.moment.MeanTest
Tests run: 14, Failures: 0, Errors: 0, Skipped: 0, Time elapsed: 0.039 sec
Running org.apache.commons.math3.stat.descriptive.moment.SkewnessTest
Tests run: 13, Failures: 0, Errors: 0, Skipped: 0, Time elapsed: 0.01 sec
Running org.apache.commons.math3.stat.descriptive.moment.StandardDeviationTest
Tests run: 14, Failures: 0, Errors: 0, Skipped: 0, Time elapsed: 0.013 sec
Running org.apache.commons.math3.stat.descriptive.moment.VectorialMeanTest
Tests run: 4, Failures: 0, Errors: 0, Skipped: 0, Time elapsed: 0.004 sec
Running org.apache.commons.math3.stat.descriptive.moment.FourthMomentTest
Tests run: 12, Failures: 0, Errors: 0, Skipped: 0, Time elapsed: 0.009 sec
Running org.apache.commons.math3.stat.descriptive.moment.FirstMomentTest
Tests run: 12, Failures: 0, Errors: 0, Skipped: 0, Time elapsed: 0.008 sec
Running org.apache.commons.math3.stat.descriptive.moment.KurtosisTest
Tests run: 13, Failures: 0, Errors: 0, Skipped: 0, Time elapsed: 0.012 sec
Running org.apache.commons.math3.stat.descriptive.moment.GeometricMeanTest
Tests run: 13, Failures: 0, Errors: 0, Skipped: 0, Time elapsed: 0.009 sec
Running org.apache.commons.math3.stat.descriptive.moment.InteractionTest
Tests run: 1, Failures: 0, Errors: 0, Skipped: 0, Time elapsed: 0.001 sec
Running org.apache.commons.math3.stat.descriptive.moment.VectorialCovarianceTest
Tests run: 4, Failures: 0, Errors: 0, Skipped: 0, Time elapsed: 0.002 sec
Running org.apache.commons.math3.stat.descriptive.moment.ThirdMomentTest
Tests run: 12, Failures: 0, Errors: 0, Skipped: 0, Time elapsed: 0.008 sec
Running org.apache.commons.math3.stat.descriptive.moment.VarianceTest
Tests run: 15, Failures: 0, Errors: 0, Skipped: 0, Time elapsed: 0.024 sec
Running org.apache.commons.math3.stat.descriptive.moment.SecondMomentTest
Tests run: 12, Failures: 0, Errors: 0, Skipped: 0, Time elapsed: 0.008 sec
Running org.apache.commons.math3.stat.descriptive.MixedListUnivariateImplTest
Tests run: 4, Failures: 0, Errors: 0, Skipped: 0, Time elapsed: 0.006 sec
Running org.apache.commons.math3.stat.descriptive.summary.SumTest
Tests run: 14, Failures: 0, Errors: 0, Skipped: 0, Time elapsed: 0.009 sec
Running org.apache.commons.math3.stat.descriptive.summary.ProductTest
Tests run: 14, Failures: 0, Errors: 0, Skipped: 0, Time elapsed: 0.01 sec
Running org.apache.commons.math3.stat.descriptive.summary.SumSqTest
Tests run: 13, Failures: 0, Errors: 0, Skipped: 0, Time elapsed: 0.009 sec
Running org.apache.commons.math3.stat.descriptive.summary.SumLogTest
Tests run: 13, Failures: 0, Errors: 0, Skipped: 0, Time elapsed: 0.009 sec
Running org.apache.commons.math3.stat.descriptive.AggregateSummaryStatisticsTest
Tests run: 5, Failures: 0, Errors: 0, Skipped: 0, Time elapsed: 0.011 sec
Running org.apache.commons.math3.stat.descriptive.StatisticalSummaryValuesTest
Tests run: 3, Failures: 0, Errors: 0, Skipped: 0, Time elapsed: 0.003 sec
Running org.apache.commons.math3.stat.descriptive.MultivariateSummaryStatisticsTest
Tests run: 10, Failures: 0, Errors: 0, Skipped: 0, Time elapsed: 0.014 sec
Running org.apache.commons.math3.stat.descriptive.AbstractUnivariateStatisticTest
Tests run: 2, Failures: 0, Errors: 0, Skipped: 0, Time elapsed: 0.002 sec
Running org.apache.commons.math3.stat.descriptive.DescriptiveStatisticsTest
Tests run: 10, Failures: 0, Errors: 0, Skipped: 0, Time elapsed: 0.019 sec
Running org.apache.commons.math3.stat.descriptive.SynchronizedSummaryStatisticsTest
Tests run: 13, Failures: 0, Errors: 0, Skipped: 0, Time elapsed: 0.023 sec
Running org.apache.commons.math3.stat.descriptive.rank.MaxTest
Tests run: 14, Failures: 0, Errors: 0, Skipped: 0, Time elapsed: 0.01 sec
Running org.apache.commons.math3.stat.descriptive.rank.MinTest
Tests run: 14, Failures: 0, Errors: 0, Skipped: 0, Time elapsed: 0.012 sec
Running org.apache.commons.math3.stat.descriptive.rank.MedianTest
Tests run: 5, Failures: 0, Errors: 0, Skipped: 0, Time elapsed: 0.004 sec
Running org.apache.commons.math3.stat.descriptive.rank.PercentileTest
Tests run: 14, Failures: 0, Errors: 0, Skipped: 0, Time elapsed: 0.012 sec
Running org.apache.commons.math3.stat.descriptive.SynchronizedDescriptiveStatisticsTest
Tests run: 10, Failures: 0, Errors: 0, Skipped: 0, Time elapsed: 0.018 sec
Running org.apache.commons.math3.stat.descriptive.SummaryStatisticsTest
Tests run: 13, Failures: 0, Errors: 0, Skipped: 0, Time elapsed: 0.01 sec
Running org.apache.commons.math3.stat.CertifiedDataTest
Tests run: 2, Failures: 0, Errors: 0, Skipped: 0, Time elapsed: 0.042 sec
Running org.apache.commons.math3.stat.ranking.NaturalRankingTest
Tests run: 9, Failures: 0, Errors: 0, Skipped: 0, Time elapsed: 0.011 sec
Running org.apache.commons.math3.stat.regression.OLSMultipleLinearRegressionTest
Tests run: 23, Failures: 0, Errors: 0, Skipped: 0, Time elapsed: 0.041 sec
Running org.apache.commons.math3.stat.regression.GLSMultipleLinearRegressionTest
Tests run: 21, Failures: 0, Errors: 0, Skipped: 0, Time elapsed: 54.45 sec
Running org.apache.commons.math3.stat.regression.SimpleRegressionTest
Tests run: 20, Failures: 0, Errors: 0, Skipped: 0, Time elapsed: 0.039 sec
Running org.apache.commons.math3.stat.regression.MillerUpdatingRegressionTest
Tests run: 17, Failures: 0, Errors: 0, Skipped: 0, Time elapsed: 1.054 sec
Running org.apache.commons.math3.stat.StatUtilsTest
Tests run: 16, Failures: 0, Errors: 0, Skipped: 0, Time elapsed: 0.011 sec
Running org.apache.commons.math3.stat.correlation.PearsonsCorrelationTest
Tests run: 8, Failures: 0, Errors: 0, Skipped: 0, Time elapsed: 0.028 sec
Running org.apache.commons.math3.stat.correlation.SpearmansRankCorrelationTest
Tests run: 9, Failures: 0, Errors: 0, Skipped: 0, Time elapsed: 0.015 sec
Running org.apache.commons.math3.stat.correlation.StorelessCovarianceTest
Tests run: 5, Failures: 0, Errors: 0, Skipped: 0, Time elapsed: 0.012 sec
Running org.apache.commons.math3.stat.correlation.CovarianceTest
Tests run: 6, Failures: 0, Errors: 0, Skipped: 0, Time elapsed: 0.01 sec
Running org.apache.commons.math3.stat.FrequencyTest
Tests run: 11, Failures: 0, Errors: 0, Skipped: 0, Time elapsed: 0.013 sec
Running org.apache.commons.math3.stat.data.LotteryTest
Tests run: 1, Failures: 0, Errors: 0, Skipped: 0, Time elapsed: 0.003 sec
Running org.apache.commons.math3.stat.data.LewTest
Tests run: 1, Failures: 0, Errors: 0, Skipped: 0, Time elapsed: 0.002 sec
Running org.apache.commons.math3.stat.inference.TTestTest
Tests run: 6, Failures: 0, Errors: 0, Skipped: 0, Time elapsed: 0.014 sec
Running org.apache.commons.math3.stat.inference.MannWhitneyUTestTest
Tests run: 3, Failures: 0, Errors: 0, Skipped: 0, Time elapsed: 0.012 sec
Running org.apache.commons.math3.stat.inference.GTestTest
Tests run: 13, Failures: 0, Errors: 0, Skipped: 0, Time elapsed: 0.022 sec
Running org.apache.commons.math3.stat.inference.ChiSquareTestTest
Tests run: 7, Failures: 0, Errors: 0, Skipped: 0, Time elapsed: 0.016 sec
Running org.apache.commons.math3.stat.inference.OneWayAnovaTest
Tests run: 4, Failures: 0, Errors: 0, Skipped: 0, Time elapsed: 0.007 sec
Running org.apache.commons.math3.stat.inference.TestUtilsTest
Tests run: 14, Failures: 0, Errors: 0, Skipped: 0, Time elapsed: 0.028 sec
Running org.apache.commons.math3.stat.inference.WilcoxonSignedRankTestTest
Tests run: 2, Failures: 0, Errors: 0, Skipped: 0, Time elapsed: 0.005 sec
Running org.apache.commons.math3.stat.clustering.EuclideanDoublePointTest
Tests run: 4, Failures: 0, Errors: 0, Skipped: 0, Time elapsed: 0.004 sec
Running org.apache.commons.math3.stat.clustering.EuclideanIntegerPointTest
Tests run: 4, Failures: 0, Errors: 0, Skipped: 0, Time elapsed: 0.004 sec
Running org.apache.commons.math3.stat.clustering.KMeansPlusPlusClustererTest
Tests run: 5, Failures: 0, Errors: 0, Skipped: 0, Time elapsed: 0.855 sec
Running org.apache.commons.math3.stat.clustering.DBSCANClustererTest
Tests run: 7, Failures: 0, Errors: 0, Skipped: 0, Time elapsed: 0.019 sec
Running org.apache.commons.math3.geometry.euclidean.twod.PolygonsSetTest
Tests run: 20, Failures: 0, Errors: 0, Skipped: 0, Time elapsed: 0.396 sec
Running org.apache.commons.math3.geometry.euclidean.twod.SegmentTest
Tests run: 1, Failures: 0, Errors: 0, Skipped: 0, Time elapsed: 0.001 sec
Running org.apache.commons.math3.geometry.euclidean.twod.LineTest
Tests run: 9, Failures: 0, Errors: 0, Skipped: 0, Time elapsed: 0.008 sec
Running org.apache.commons.math3.geometry.euclidean.twod.SubLineTest
Tests run: 12, Failures: 0, Errors: 0, Skipped: 0, Time elapsed: 0.008 sec
Running org.apache.commons.math3.geometry.euclidean.threed.RotationTest
Tests run: 15, Failures: 0, Errors: 0, Skipped: 0, Time elapsed: 1.831 sec
Running org.apache.commons.math3.geometry.euclidean.threed.FieldVector3DTest
Tests run: 31, Failures: 0, Errors: 0, Skipped: 0, Time elapsed: 1.069 sec
Running org.apache.commons.math3.geometry.euclidean.threed.LineTest
Tests run: 7, Failures: 0, Errors: 0, Skipped: 0, Time elapsed: 0.006 sec
Running org.apache.commons.math3.geometry.euclidean.threed.SphericalCoordinatesTest
Tests run: 5, Failures: 0, Errors: 0, Skipped: 0, Time elapsed: 5.486 sec
Running org.apache.commons.math3.geometry.euclidean.threed.Vector3DTest
Tests run: 33, Failures: 0, Errors: 0, Skipped: 0, Time elapsed: 0.206 sec
Running org.apache.commons.math3.geometry.euclidean.threed.FieldRotationDSTest
Tests run: 18, Failures: 0, Errors: 0, Skipped: 0, Time elapsed: 24.703 sec
Running org.apache.commons.math3.geometry.euclidean.threed.SubLineTest
Tests run: 12, Failures: 0, Errors: 0, Skipped: 0, Time elapsed: 0.01 sec
Running org.apache.commons.math3.geometry.euclidean.threed.RotationOrderTest
Tests run: 1, Failures: 0, Errors: 0, Skipped: 0, Time elapsed: 0.002 sec
Running org.apache.commons.math3.geometry.euclidean.threed.PolyhedronsSetTest
Tests run: 6, Failures: 0, Errors: 0, Skipped: 0, Time elapsed: 0.27 sec
Running org.apache.commons.math3.geometry.euclidean.threed.PlaneTest
Tests run: 10, Failures: 0, Errors: 0, Skipped: 0, Time elapsed: 0.007 sec
Running org.apache.commons.math3.geometry.euclidean.threed.FrenchVector3DFormatTest
Tests run: 28, Failures: 0, Errors: 0, Skipped: 0, Time elapsed: 0.033 sec
Running org.apache.commons.math3.geometry.euclidean.threed.FieldRotationDfpTest
Tests run: 17, Failures: 0, Errors: 0, Skipped: 0, Time elapsed: 64.824 sec
Running org.apache.commons.math3.geometry.euclidean.threed.Vector3DFormatTest
Tests run: 28, Failures: 0, Errors: 0, Skipped: 0, Time elapsed: 0.02 sec
Running org.apache.commons.math3.geometry.euclidean.oned.IntervalsSetTest
Tests run: 4, Failures: 0, Errors: 0, Skipped: 0, Time elapsed: 0.004 sec
Running org.apache.commons.math3.geometry.euclidean.oned.IntervalTest
Tests run: 4, Failures: 0, Errors: 0, Skipped: 0, Time elapsed: 0.003 sec
Running org.apache.commons.math3.geometry.partitioning.utilities.AVLTreeTest
Tests run: 5, Failures: 0, Errors: 0, Skipped: 0, Time elapsed: 0.004 sec
Running org.apache.commons.math3.optim.PointVectorValuePairTest
Tests run: 1, Failures: 0, Errors: 0, Skipped: 0, Time elapsed: 0.002 sec
Running org.apache.commons.math3.optim.SimpleValueCheckerTest
Tests run: 3, Failures: 0, Errors: 0, Skipped: 0, Time elapsed: 0.003 sec
Running org.apache.commons.math3.optim.nonlinear.vector.MultiStartMultivariateVectorOptimizerTest
Tests run: 4, Failures: 0, Errors: 0, Skipped: 0, Time elapsed: 0.022 sec
Running org.apache.commons.math3.optim.nonlinear.vector.jacobian.AbstractLeastSquaresOptimizerTest
Tests run: 3, Failures: 0, Errors: 0, Skipped: 0, Time elapsed: 0.015 sec
Running org.apache.commons.math3.optim.nonlinear.vector.jacobian.GaussNewtonOptimizerTest
Tests run: 21, Failures: 1, Errors: 0, Skipped: 0, Time elapsed: 0.276 sec <<< FAILURE!
testGetIterations(org.apache.commons.math3.optim.nonlinear.vector.jacobian.GaussNewtonOptimizerTest)  Time elapsed: 0.014 sec  <<< FAILURE!
java.lang.AssertionError: null
	at org.junit.Assert.fail(Assert.java:86)
	at org.junit.Assert.assertTrue(Assert.java:41)
	at org.junit.Assert.assertTrue(Assert.java:52)
	at org.apache.commons.math3.optim.nonlinear.vector.jacobian.AbstractLeastSquaresOptimizerAbstractTest.__CLR4_2_08yhlj31ydp(AbstractLeastSquaresOptimizerAbstractTest.java:131)
	at org.apache.commons.math3.optim.nonlinear.vector.jacobian.AbstractLeastSquaresOptimizerAbstractTest.testGetIterations(AbstractLeastSquaresOptimizerAbstractTest.java:109)
	at sun.reflect.NativeMethodAccessorImpl.invoke0(Native Method)
	at sun.reflect.NativeMethodAccessorImpl.invoke(NativeMethodAccessorImpl.java:62)
	at sun.reflect.DelegatingMethodAccessorImpl.invoke(DelegatingMethodAccessorImpl.java:43)
	at java.lang.reflect.Method.invoke(Method.java:498)
	at org.junit.runners.model.FrameworkMethod$1.runReflectiveCall(FrameworkMethod.java:50)
	at org.junit.internal.runners.model.ReflectiveCallable.run(ReflectiveCallable.java:12)
	at org.junit.runners.model.FrameworkMethod.invokeExplosively(FrameworkMethod.java:47)
	at org.junit.internal.runners.statements.InvokeMethod.evaluate(InvokeMethod.java:17)
	at org.junit.runners.ParentRunner.runLeaf(ParentRunner.java:325)
	at org.junit.runners.BlockJUnit4ClassRunner.runChild(BlockJUnit4ClassRunner.java:78)
	at org.junit.runners.BlockJUnit4ClassRunner.runChild(BlockJUnit4ClassRunner.java:57)
	at org.junit.runners.ParentRunner$3.run(ParentRunner.java:290)
	at org.junit.runners.ParentRunner$1.schedule(ParentRunner.java:71)
	at org.junit.runners.ParentRunner.runChildren(ParentRunner.java:288)
	at org.junit.runners.ParentRunner.access$000(ParentRunner.java:58)
	at org.junit.runners.ParentRunner$2.evaluate(ParentRunner.java:268)
	at org.junit.runners.ParentRunner.run(ParentRunner.java:363)
	at org.apache.maven.surefire.junit4.JUnit4Provider.execute(JUnit4Provider.java:264)
	at org.apache.maven.surefire.junit4.JUnit4Provider.executeTestSet(JUnit4Provider.java:153)
	at org.apache.maven.surefire.junit4.JUnit4Provider.invoke(JUnit4Provider.java:124)
	at sun.reflect.NativeMethodAccessorImpl.invoke0(Native Method)
	at sun.reflect.NativeMethodAccessorImpl.invoke(NativeMethodAccessorImpl.java:62)
	at sun.reflect.DelegatingMethodAccessorImpl.invoke(DelegatingMethodAccessorImpl.java:43)
	at java.lang.reflect.Method.invoke(Method.java:498)
	at org.apache.maven.surefire.util.ReflectionUtils.invokeMethodWithArray2(ReflectionUtils.java:208)
	at org.apache.maven.surefire.booter.ProviderFactory$ProviderProxy.invoke(ProviderFactory.java:158)
	at org.apache.maven.surefire.booter.ProviderFactory.invokeProvider(ProviderFactory.java:86)
	at org.apache.maven.surefire.booter.ForkedBooter.runSuitesInProcess(ForkedBooter.java:153)
	at org.apache.maven.surefire.booter.ForkedBooter.main(ForkedBooter.java:95)

Running org.apache.commons.math3.optim.nonlinear.vector.jacobian.MinpackTest
Tests run: 18, Failures: 0, Errors: 0, Skipped: 0, Time elapsed: 1.887 sec
Running org.apache.commons.math3.optim.nonlinear.vector.jacobian.LevenbergMarquardtOptimizerTest
Tests run: 23, Failures: 1, Errors: 0, Skipped: 0, Time elapsed: 2.08 sec <<< FAILURE!
testGetIterations(org.apache.commons.math3.optim.nonlinear.vector.jacobian.LevenbergMarquardtOptimizerTest)  Time elapsed: 0.003 sec  <<< FAILURE!
java.lang.AssertionError: null
	at org.junit.Assert.fail(Assert.java:86)
	at org.junit.Assert.assertTrue(Assert.java:41)
	at org.junit.Assert.assertTrue(Assert.java:52)
	at org.apache.commons.math3.optim.nonlinear.vector.jacobian.AbstractLeastSquaresOptimizerAbstractTest.__CLR4_2_08yhlj31ydp(AbstractLeastSquaresOptimizerAbstractTest.java:131)
	at org.apache.commons.math3.optim.nonlinear.vector.jacobian.AbstractLeastSquaresOptimizerAbstractTest.testGetIterations(AbstractLeastSquaresOptimizerAbstractTest.java:109)
	at sun.reflect.NativeMethodAccessorImpl.invoke0(Native Method)
	at sun.reflect.NativeMethodAccessorImpl.invoke(NativeMethodAccessorImpl.java:62)
	at sun.reflect.DelegatingMethodAccessorImpl.invoke(DelegatingMethodAccessorImpl.java:43)
	at java.lang.reflect.Method.invoke(Method.java:498)
	at org.junit.runners.model.FrameworkMethod$1.runReflectiveCall(FrameworkMethod.java:50)
	at org.junit.internal.runners.model.ReflectiveCallable.run(ReflectiveCallable.java:12)
	at org.junit.runners.model.FrameworkMethod.invokeExplosively(FrameworkMethod.java:47)
	at org.junit.internal.runners.statements.InvokeMethod.evaluate(InvokeMethod.java:17)
	at org.junit.runners.ParentRunner.runLeaf(ParentRunner.java:325)
	at org.junit.runners.BlockJUnit4ClassRunner.runChild(BlockJUnit4ClassRunner.java:78)
	at org.junit.runners.BlockJUnit4ClassRunner.runChild(BlockJUnit4ClassRunner.java:57)
	at org.junit.runners.ParentRunner$3.run(ParentRunner.java:290)
	at org.junit.runners.ParentRunner$1.schedule(ParentRunner.java:71)
	at org.junit.runners.ParentRunner.runChildren(ParentRunner.java:288)
	at org.junit.runners.ParentRunner.access$000(ParentRunner.java:58)
	at org.junit.runners.ParentRunner$2.evaluate(ParentRunner.java:268)
	at org.junit.runners.ParentRunner.run(ParentRunner.java:363)
	at org.apache.maven.surefire.junit4.JUnit4Provider.execute(JUnit4Provider.java:264)
	at org.apache.maven.surefire.junit4.JUnit4Provider.executeTestSet(JUnit4Provider.java:153)
	at org.apache.maven.surefire.junit4.JUnit4Provider.invoke(JUnit4Provider.java:124)
	at sun.reflect.NativeMethodAccessorImpl.invoke0(Native Method)
	at sun.reflect.NativeMethodAccessorImpl.invoke(NativeMethodAccessorImpl.java:62)
	at sun.reflect.DelegatingMethodAccessorImpl.invoke(DelegatingMethodAccessorImpl.java:43)
	at java.lang.reflect.Method.invoke(Method.java:498)
	at org.apache.maven.surefire.util.ReflectionUtils.invokeMethodWithArray2(ReflectionUtils.java:208)
	at org.apache.maven.surefire.booter.ProviderFactory$ProviderProxy.invoke(ProviderFactory.java:158)
	at org.apache.maven.surefire.booter.ProviderFactory.invokeProvider(ProviderFactory.java:86)
	at org.apache.maven.surefire.booter.ForkedBooter.runSuitesInProcess(ForkedBooter.java:153)
	at org.apache.maven.surefire.booter.ForkedBooter.main(ForkedBooter.java:95)

Running org.apache.commons.math3.optim.nonlinear.scalar.noderiv.SimplexOptimizerMultiDirectionalTest
Tests run: 8, Failures: 4, Errors: 0, Skipped: 0, Time elapsed: 0.039 sec <<< FAILURE!
testMaximize1(org.apache.commons.math3.optim.nonlinear.scalar.noderiv.SimplexOptimizerMultiDirectionalTest)  Time elapsed: 0.005 sec  <<< FAILURE!
java.lang.AssertionError: null
	at org.junit.Assert.fail(Assert.java:86)
	at org.junit.Assert.assertTrue(Assert.java:41)
	at org.junit.Assert.assertTrue(Assert.java:52)
	at org.apache.commons.math3.optim.nonlinear.scalar.noderiv.SimplexOptimizerMultiDirectionalTest.__CLR4_2_0u9ex7q1y63(SimplexOptimizerMultiDirectionalTest.java:108)
	at org.apache.commons.math3.optim.nonlinear.scalar.noderiv.SimplexOptimizerMultiDirectionalTest.testMaximize1(SimplexOptimizerMultiDirectionalTest.java:91)

testMaximize2(org.apache.commons.math3.optim.nonlinear.scalar.noderiv.SimplexOptimizerMultiDirectionalTest)  Time elapsed: 0.006 sec  <<< FAILURE!
java.lang.AssertionError: null
	at org.junit.Assert.fail(Assert.java:86)
	at org.junit.Assert.assertTrue(Assert.java:41)
	at org.junit.Assert.assertTrue(Assert.java:52)
	at org.apache.commons.math3.optim.nonlinear.scalar.noderiv.SimplexOptimizerMultiDirectionalTest.__CLR4_2_0r0eyf91y6d(SimplexOptimizerMultiDirectionalTest.java:129)
	at org.apache.commons.math3.optim.nonlinear.scalar.noderiv.SimplexOptimizerMultiDirectionalTest.testMaximize2(SimplexOptimizerMultiDirectionalTest.java:112)

testMinimize1(org.apache.commons.math3.optim.nonlinear.scalar.noderiv.SimplexOptimizerMultiDirectionalTest)  Time elapsed: 0.005 sec  <<< FAILURE!
java.lang.AssertionError: null
	at org.junit.Assert.fail(Assert.java:86)
	at org.junit.Assert.assertTrue(Assert.java:41)
	at org.junit.Assert.assertTrue(Assert.java:52)
	at org.apache.commons.math3.optim.nonlinear.scalar.noderiv.SimplexOptimizerMultiDirectionalTest.__CLR4_2_09mcvso1y5j(SimplexOptimizerMultiDirectionalTest.java:66)
	at org.apache.commons.math3.optim.nonlinear.scalar.noderiv.SimplexOptimizerMultiDirectionalTest.testMinimize1(SimplexOptimizerMultiDirectionalTest.java:49)

testMinimize2(org.apache.commons.math3.optim.nonlinear.scalar.noderiv.SimplexOptimizerMultiDirectionalTest)  Time elapsed: 0.004 sec  <<< FAILURE!
java.lang.AssertionError: null
	at org.junit.Assert.fail(Assert.java:86)
	at org.junit.Assert.assertTrue(Assert.java:41)
	at org.junit.Assert.assertTrue(Assert.java:52)
	at org.apache.commons.math3.optim.nonlinear.scalar.noderiv.SimplexOptimizerMultiDirectionalTest.__CLR4_2_06dcx071y5t(SimplexOptimizerMultiDirectionalTest.java:87)
	at org.apache.commons.math3.optim.nonlinear.scalar.noderiv.SimplexOptimizerMultiDirectionalTest.testMinimize2(SimplexOptimizerMultiDirectionalTest.java:70)

Running org.apache.commons.math3.optim.nonlinear.scalar.noderiv.SimplexOptimizerNelderMeadTest
Tests run: 11, Failures: 4, Errors: 0, Skipped: 0, Time elapsed: 0.027 sec <<< FAILURE!
testMaximize1(org.apache.commons.math3.optim.nonlinear.scalar.noderiv.SimplexOptimizerNelderMeadTest)  Time elapsed: 0.003 sec  <<< FAILURE!
java.lang.AssertionError: null
	at org.junit.Assert.fail(Assert.java:86)
	at org.junit.Assert.assertTrue(Assert.java:41)
	at org.junit.Assert.assertTrue(Assert.java:52)
	at org.apache.commons.math3.optim.nonlinear.scalar.noderiv.SimplexOptimizerNelderMeadTest.__CLR4_2_0u9ex7q1y8y(SimplexOptimizerNelderMeadTest.java:113)
	at org.apache.commons.math3.optim.nonlinear.scalar.noderiv.SimplexOptimizerNelderMeadTest.testMaximize1(SimplexOptimizerNelderMeadTest.java:96)

testMaximize2(org.apache.commons.math3.optim.nonlinear.scalar.noderiv.SimplexOptimizerNelderMeadTest)  Time elapsed: 0.003 sec  <<< FAILURE!
java.lang.AssertionError: null
	at org.junit.Assert.fail(Assert.java:86)
	at org.junit.Assert.assertTrue(Assert.java:41)
	at org.junit.Assert.assertTrue(Assert.java:52)
	at org.apache.commons.math3.optim.nonlinear.scalar.noderiv.SimplexOptimizerNelderMeadTest.__CLR4_2_0r0eyf91y98(SimplexOptimizerNelderMeadTest.java:134)
	at org.apache.commons.math3.optim.nonlinear.scalar.noderiv.SimplexOptimizerNelderMeadTest.testMaximize2(SimplexOptimizerNelderMeadTest.java:117)

testMinimize1(org.apache.commons.math3.optim.nonlinear.scalar.noderiv.SimplexOptimizerNelderMeadTest)  Time elapsed: 0.003 sec  <<< FAILURE!
java.lang.AssertionError: null
	at org.junit.Assert.fail(Assert.java:86)
	at org.junit.Assert.assertTrue(Assert.java:41)
	at org.junit.Assert.assertTrue(Assert.java:52)
	at org.apache.commons.math3.optim.nonlinear.scalar.noderiv.SimplexOptimizerNelderMeadTest.__CLR4_2_09mcvso1y8e(SimplexOptimizerNelderMeadTest.java:71)
	at org.apache.commons.math3.optim.nonlinear.scalar.noderiv.SimplexOptimizerNelderMeadTest.testMinimize1(SimplexOptimizerNelderMeadTest.java:54)

testMinimize2(org.apache.commons.math3.optim.nonlinear.scalar.noderiv.SimplexOptimizerNelderMeadTest)  Time elapsed: 0.003 sec  <<< FAILURE!
java.lang.AssertionError: null
	at org.junit.Assert.fail(Assert.java:86)
	at org.junit.Assert.assertTrue(Assert.java:41)
	at org.junit.Assert.assertTrue(Assert.java:52)
	at org.apache.commons.math3.optim.nonlinear.scalar.noderiv.SimplexOptimizerNelderMeadTest.__CLR4_2_06dcx071y8o(SimplexOptimizerNelderMeadTest.java:92)
	at org.apache.commons.math3.optim.nonlinear.scalar.noderiv.SimplexOptimizerNelderMeadTest.testMinimize2(SimplexOptimizerNelderMeadTest.java:75)

Running org.apache.commons.math3.optim.nonlinear.scalar.noderiv.PowellOptimizerTest
Tests run: 5, Failures: 1, Errors: 0, Skipped: 0, Time elapsed: 0.019 sec <<< FAILURE!
testSumSinc(org.apache.commons.math3.optim.nonlinear.scalar.noderiv.PowellOptimizerTest)  Time elapsed: 0.003 sec  <<< FAILURE!
java.lang.AssertionError: null
	at org.junit.Assert.fail(Assert.java:86)
	at org.junit.Assert.assertTrue(Assert.java:41)
	at org.junit.Assert.assertTrue(Assert.java:52)
	at org.apache.commons.math3.optim.nonlinear.scalar.noderiv.PowellOptimizerTest.doTest(PowellOptimizerTest.java:266)
	at org.apache.commons.math3.optim.nonlinear.scalar.noderiv.PowellOptimizerTest.__CLR4_2_04vfcfp1y28(PowellOptimizerTest.java:75)
	at org.apache.commons.math3.optim.nonlinear.scalar.noderiv.PowellOptimizerTest.testSumSinc(PowellOptimizerTest.java:51)

Running org.apache.commons.math3.optim.nonlinear.scalar.noderiv.CMAESOptimizerTest
Tests run: 24, Failures: 16, Errors: 0, Skipped: 0, Time elapsed: 416.19 sec <<< FAILURE!
testConstrainedRosen(org.apache.commons.math3.optim.nonlinear.scalar.noderiv.CMAESOptimizerTest)  Time elapsed: 14.19 sec  <<< FAILURE!
java.lang.AssertionError: null
	at org.junit.Assert.fail(Assert.java:86)
	at org.junit.Assert.assertTrue(Assert.java:41)
	at org.junit.Assert.assertTrue(Assert.java:52)
	at org.apache.commons.math3.optim.nonlinear.scalar.noderiv.CMAESOptimizerTest.doTest(CMAESOptimizerTest.java:514)
	at org.apache.commons.math3.optim.nonlinear.scalar.noderiv.CMAESOptimizerTest.__CLR4_2_0s2y23i1xv4(CMAESOptimizerTest.java:348)
	at org.apache.commons.math3.optim.nonlinear.scalar.noderiv.CMAESOptimizerTest.testConstrainedRosen(CMAESOptimizerTest.java:342)

testElliRotated(org.apache.commons.math3.optim.nonlinear.scalar.noderiv.CMAESOptimizerTest)  Time elapsed: 11.28 sec  <<< FAILURE!
java.lang.AssertionError: null
	at org.junit.Assert.fail(Assert.java:86)
	at org.junit.Assert.assertTrue(Assert.java:41)
	at org.junit.Assert.assertTrue(Assert.java:52)
	at org.apache.commons.math3.optim.nonlinear.scalar.noderiv.CMAESOptimizerTest.doTest(CMAESOptimizerTest.java:514)
	at org.apache.commons.math3.optim.nonlinear.scalar.noderiv.CMAESOptimizerTest.__CLR4_2_0es5oyu1xsz(CMAESOptimizerTest.java:183)
	at org.apache.commons.math3.optim.nonlinear.scalar.noderiv.CMAESOptimizerTest.testElliRotated(CMAESOptimizerTest.java:177)

testEllipse(org.apache.commons.math3.optim.nonlinear.scalar.noderiv.CMAESOptimizerTest)  Time elapsed: 10.475 sec  <<< FAILURE!
java.lang.AssertionError: null
	at org.junit.Assert.fail(Assert.java:86)
	at org.junit.Assert.assertTrue(Assert.java:41)
	at org.junit.Assert.assertTrue(Assert.java:52)
	at org.apache.commons.math3.optim.nonlinear.scalar.noderiv.CMAESOptimizerTest.doTest(CMAESOptimizerTest.java:514)
	at org.apache.commons.math3.optim.nonlinear.scalar.noderiv.CMAESOptimizerTest.__CLR4_2_0fb0cwd1xss(CMAESOptimizerTest.java:168)
	at org.apache.commons.math3.optim.nonlinear.scalar.noderiv.CMAESOptimizerTest.testEllipse(CMAESOptimizerTest.java:162)

testTwoAxes(org.apache.commons.math3.optim.nonlinear.scalar.noderiv.CMAESOptimizerTest)  Time elapsed: 24.77 sec  <<< FAILURE!
java.lang.AssertionError: null
	at org.junit.Assert.fail(Assert.java:86)
	at org.junit.Assert.assertTrue(Assert.java:41)
	at org.junit.Assert.assertTrue(Assert.java:52)
	at org.apache.commons.math3.optim.nonlinear.scalar.noderiv.CMAESOptimizerTest.doTest(CMAESOptimizerTest.java:514)
	at org.apache.commons.math3.optim.nonlinear.scalar.noderiv.CMAESOptimizerTest.__CLR4_2_098vkl61xtk(CMAESOptimizerTest.java:228)
	at org.apache.commons.math3.optim.nonlinear.scalar.noderiv.CMAESOptimizerTest.testTwoAxes(CMAESOptimizerTest.java:222)

testCigar(org.apache.commons.math3.optim.nonlinear.scalar.noderiv.CMAESOptimizerTest)  Time elapsed: 9 sec  <<< FAILURE!
java.lang.AssertionError: null
	at org.junit.Assert.fail(Assert.java:86)
	at org.junit.Assert.assertTrue(Assert.java:41)
	at org.junit.Assert.assertTrue(Assert.java:52)
	at org.apache.commons.math3.optim.nonlinear.scalar.noderiv.CMAESOptimizerTest.doTest(CMAESOptimizerTest.java:514)
	at org.apache.commons.math3.optim.nonlinear.scalar.noderiv.CMAESOptimizerTest.__CLR4_2_0s79tz1xt6(CMAESOptimizerTest.java:198)
	at org.apache.commons.math3.optim.nonlinear.scalar.noderiv.CMAESOptimizerTest.testCigar(CMAESOptimizerTest.java:192)

testRosen(org.apache.commons.math3.optim.nonlinear.scalar.noderiv.CMAESOptimizerTest)  Time elapsed: 37.191 sec  <<< FAILURE!
java.lang.AssertionError: null
	at org.junit.Assert.fail(Assert.java:86)
	at org.junit.Assert.assertTrue(Assert.java:41)
	at org.junit.Assert.assertTrue(Assert.java:52)
	at org.apache.commons.math3.optim.nonlinear.scalar.noderiv.CMAESOptimizerTest.doTest(CMAESOptimizerTest.java:514)
	at org.apache.commons.math3.optim.nonlinear.scalar.noderiv.CMAESOptimizerTest.__CLR4_2_0mh4ks41xsb(CMAESOptimizerTest.java:132)
	at org.apache.commons.math3.optim.nonlinear.scalar.noderiv.CMAESOptimizerTest.testRosen(CMAESOptimizerTest.java:126)

testRastrigin(org.apache.commons.math3.optim.nonlinear.scalar.noderiv.CMAESOptimizerTest)  Time elapsed: 183.849 sec  <<< FAILURE!
java.lang.AssertionError: null
	at org.junit.Assert.fail(Assert.java:86)
	at org.junit.Assert.assertTrue(Assert.java:41)
	at org.junit.Assert.assertTrue(Assert.java:52)
	at org.apache.commons.math3.optim.nonlinear.scalar.noderiv.CMAESOptimizerTest.doTest(CMAESOptimizerTest.java:514)
	at org.apache.commons.math3.optim.nonlinear.scalar.noderiv.CMAESOptimizerTest.__CLR4_2_06uup0m1xux(CMAESOptimizerTest.java:333)
	at org.apache.commons.math3.optim.nonlinear.scalar.noderiv.CMAESOptimizerTest.testRastrigin(CMAESOptimizerTest.java:327)

testDiagonalRosen(org.apache.commons.math3.optim.nonlinear.scalar.noderiv.CMAESOptimizerTest)  Time elapsed: 36.305 sec  <<< FAILURE!
java.lang.AssertionError: null
	at org.junit.Assert.fail(Assert.java:86)
	at org.junit.Assert.assertTrue(Assert.java:41)
	at org.junit.Assert.assertTrue(Assert.java:52)
	at org.apache.commons.math3.optim.nonlinear.scalar.noderiv.CMAESOptimizerTest.doTest(CMAESOptimizerTest.java:514)
	at org.apache.commons.math3.optim.nonlinear.scalar.noderiv.CMAESOptimizerTest.__CLR4_2_0h5qiqp1xvb(CMAESOptimizerTest.java:363)
	at org.apache.commons.math3.optim.nonlinear.scalar.noderiv.CMAESOptimizerTest.testDiagonalRosen(CMAESOptimizerTest.java:357)

testSsDiffPow(org.apache.commons.math3.optim.nonlinear.scalar.noderiv.CMAESOptimizerTest)  Time elapsed: 12.484 sec  <<< FAILURE!
java.lang.AssertionError: null
	at org.junit.Assert.fail(Assert.java:86)
	at org.junit.Assert.assertTrue(Assert.java:41)
	at org.junit.Assert.assertTrue(Assert.java:52)
	at org.apache.commons.math3.optim.nonlinear.scalar.noderiv.CMAESOptimizerTest.doTest(CMAESOptimizerTest.java:514)
	at org.apache.commons.math3.optim.nonlinear.scalar.noderiv.CMAESOptimizerTest.__CLR4_2_0ivx0vs1xuj(CMAESOptimizerTest.java:303)
	at org.apache.commons.math3.optim.nonlinear.scalar.noderiv.CMAESOptimizerTest.testSsDiffPow(CMAESOptimizerTest.java:297)

testMaximize(org.apache.commons.math3.optim.nonlinear.scalar.noderiv.CMAESOptimizerTest)  Time elapsed: 32.378 sec  <<< FAILURE!
java.lang.AssertionError: null
	at org.junit.Assert.fail(Assert.java:86)
	at org.junit.Assert.assertTrue(Assert.java:41)
	at org.junit.Assert.assertTrue(Assert.java:52)
	at org.apache.commons.math3.optim.nonlinear.scalar.noderiv.CMAESOptimizerTest.doTest(CMAESOptimizerTest.java:514)
	at org.apache.commons.math3.optim.nonlinear.scalar.noderiv.CMAESOptimizerTest.__CLR4_2_06ww16t1xsi(CMAESOptimizerTest.java:148)
	at org.apache.commons.math3.optim.nonlinear.scalar.noderiv.CMAESOptimizerTest.testMaximize(CMAESOptimizerTest.java:142)

testAckley(org.apache.commons.math3.optim.nonlinear.scalar.noderiv.CMAESOptimizerTest)  Time elapsed: 8.18 sec  <<< FAILURE!
java.lang.AssertionError: null
	at org.junit.Assert.fail(Assert.java:86)
	at org.junit.Assert.assertTrue(Assert.java:41)
	at org.junit.Assert.assertTrue(Assert.java:52)
	at org.apache.commons.math3.optim.nonlinear.scalar.noderiv.CMAESOptimizerTest.doTest(CMAESOptimizerTest.java:514)
	at org.apache.commons.math3.optim.nonlinear.scalar.noderiv.CMAESOptimizerTest.__CLR4_2_0luwii81xuq(CMAESOptimizerTest.java:318)
	at org.apache.commons.math3.optim.nonlinear.scalar.noderiv.CMAESOptimizerTest.testAckley(CMAESOptimizerTest.java:312)

testCigTab(org.apache.commons.math3.optim.nonlinear.scalar.noderiv.CMAESOptimizerTest)  Time elapsed: 7.993 sec  <<< FAILURE!
java.lang.AssertionError: null
	at org.junit.Assert.fail(Assert.java:86)
	at org.junit.Assert.assertTrue(Assert.java:41)
	at org.junit.Assert.assertTrue(Assert.java:52)
	at org.apache.commons.math3.optim.nonlinear.scalar.noderiv.CMAESOptimizerTest.doTest(CMAESOptimizerTest.java:514)
	at org.apache.commons.math3.optim.nonlinear.scalar.noderiv.CMAESOptimizerTest.__CLR4_2_0tqlxal1xtr(CMAESOptimizerTest.java:243)
	at org.apache.commons.math3.optim.nonlinear.scalar.noderiv.CMAESOptimizerTest.testCigTab(CMAESOptimizerTest.java:237)

testDiffPow(org.apache.commons.math3.optim.nonlinear.scalar.noderiv.CMAESOptimizerTest)  Time elapsed: 7.28 sec  <<< FAILURE!
java.lang.AssertionError: null
	at org.junit.Assert.fail(Assert.java:86)
	at org.junit.Assert.assertTrue(Assert.java:41)
	at org.junit.Assert.assertTrue(Assert.java:52)
	at org.apache.commons.math3.optim.nonlinear.scalar.noderiv.CMAESOptimizerTest.doTest(CMAESOptimizerTest.java:514)
	at org.apache.commons.math3.optim.nonlinear.scalar.noderiv.CMAESOptimizerTest.__CLR4_2_05qhzg81xuc(CMAESOptimizerTest.java:288)
	at org.apache.commons.math3.optim.nonlinear.scalar.noderiv.CMAESOptimizerTest.testDiffPow(CMAESOptimizerTest.java:282)

testSphere(org.apache.commons.math3.optim.nonlinear.scalar.noderiv.CMAESOptimizerTest)  Time elapsed: 3.914 sec  <<< FAILURE!
java.lang.AssertionError: null
	at org.junit.Assert.fail(Assert.java:86)
	at org.junit.Assert.assertTrue(Assert.java:41)
	at org.junit.Assert.assertTrue(Assert.java:52)
	at org.apache.commons.math3.optim.nonlinear.scalar.noderiv.CMAESOptimizerTest.doTest(CMAESOptimizerTest.java:514)
	at org.apache.commons.math3.optim.nonlinear.scalar.noderiv.CMAESOptimizerTest.__CLR4_2_0ut81gm1xty(CMAESOptimizerTest.java:258)
	at org.apache.commons.math3.optim.nonlinear.scalar.noderiv.CMAESOptimizerTest.testSphere(CMAESOptimizerTest.java:252)

testTablet(org.apache.commons.math3.optim.nonlinear.scalar.noderiv.CMAESOptimizerTest)  Time elapsed: 7.973 sec  <<< FAILURE!
java.lang.AssertionError: null
	at org.junit.Assert.fail(Assert.java:86)
	at org.junit.Assert.assertTrue(Assert.java:41)
	at org.junit.Assert.assertTrue(Assert.java:52)
	at org.apache.commons.math3.optim.nonlinear.scalar.noderiv.CMAESOptimizerTest.doTest(CMAESOptimizerTest.java:514)
	at org.apache.commons.math3.optim.nonlinear.scalar.noderiv.CMAESOptimizerTest.__CLR4_2_03yqqld1xu5(CMAESOptimizerTest.java:273)
	at org.apache.commons.math3.optim.nonlinear.scalar.noderiv.CMAESOptimizerTest.testTablet(CMAESOptimizerTest.java:267)

testCigarWithBoundaries(org.apache.commons.math3.optim.nonlinear.scalar.noderiv.CMAESOptimizerTest)  Time elapsed: 8.814 sec  <<< FAILURE!
java.lang.AssertionError: null
	at org.junit.Assert.fail(Assert.java:86)
	at org.junit.Assert.assertTrue(Assert.java:41)
	at org.junit.Assert.assertTrue(Assert.java:52)
	at org.apache.commons.math3.optim.nonlinear.scalar.noderiv.CMAESOptimizerTest.doTest(CMAESOptimizerTest.java:514)
	at org.apache.commons.math3.optim.nonlinear.scalar.noderiv.CMAESOptimizerTest.__CLR4_2_0b1biaz1xtd(CMAESOptimizerTest.java:213)
	at org.apache.commons.math3.optim.nonlinear.scalar.noderiv.CMAESOptimizerTest.testCigarWithBoundaries(CMAESOptimizerTest.java:207)

Running org.apache.commons.math3.optim.nonlinear.scalar.gradient.NonLinearConjugateGradientOptimizerTest
Tests run: 13, Failures: 1, Errors: 0, Skipped: 0, Time elapsed: 0.037 sec <<< FAILURE!
testTrivial(org.apache.commons.math3.optim.nonlinear.scalar.gradient.NonLinearConjugateGradientOptimizerTest)  Time elapsed: 0.002 sec  <<< FAILURE!
java.lang.AssertionError: null
	at org.junit.Assert.fail(Assert.java:86)
	at org.junit.Assert.assertTrue(Assert.java:41)
	at org.junit.Assert.assertTrue(Assert.java:52)
	at org.apache.commons.math3.optim.nonlinear.scalar.gradient.NonLinearConjugateGradientOptimizerTest.__CLR4_2_09ri9u1xf7(NonLinearConjugateGradientOptimizerTest.java:141)
	at org.apache.commons.math3.optim.nonlinear.scalar.gradient.NonLinearConjugateGradientOptimizerTest.testTrivial(NonLinearConjugateGradientOptimizerTest.java:125)

Running org.apache.commons.math3.optim.nonlinear.scalar.MultivariateFunctionPenaltyAdapterTest
Tests run: 5, Failures: 0, Errors: 0, Skipped: 0, Time elapsed: 0.03 sec
Running org.apache.commons.math3.optim.nonlinear.scalar.MultivariateFunctionMappingAdapterTest
Tests run: 4, Failures: 0, Errors: 0, Skipped: 0, Time elapsed: 0.015 sec
Running org.apache.commons.math3.optim.nonlinear.scalar.MultiStartMultivariateOptimizerTest
Tests run: 2, Failures: 0, Errors: 0, Skipped: 0, Time elapsed: 0.026 sec
Running org.apache.commons.math3.optim.univariate.MultiStartUnivariateOptimizerTest
Tests run: 5, Failures: 0, Errors: 0, Skipped: 0, Time elapsed: 0.012 sec
Running org.apache.commons.math3.optim.univariate.SimpleUnivariateValueCheckerTest
Tests run: 3, Failures: 0, Errors: 0, Skipped: 0, Time elapsed: 0.002 sec
Running org.apache.commons.math3.optim.univariate.BracketFinderTest
Tests run: 4, Failures: 0, Errors: 0, Skipped: 0, Time elapsed: 0.004 sec
Running org.apache.commons.math3.optim.univariate.BrentOptimizerTest
Tests run: 10, Failures: 0, Errors: 0, Skipped: 0, Time elapsed: 0.056 sec
Running org.apache.commons.math3.optim.linear.SimplexTableauTest
Tests run: 4, Failures: 0, Errors: 0, Skipped: 0, Time elapsed: 0.011 sec
Running org.apache.commons.math3.optim.linear.SimplexSolverTest
Tests run: 27, Failures: 0, Errors: 0, Skipped: 0, Time elapsed: 19.416 sec
Running org.apache.commons.math3.optim.SimplePointCheckerTest
Tests run: 3, Failures: 0, Errors: 0, Skipped: 0, Time elapsed: 0.002 sec
Running org.apache.commons.math3.optim.SimpleVectorValueCheckerTest
Tests run: 3, Failures: 0, Errors: 0, Skipped: 0, Time elapsed: 0.002 sec
Running org.apache.commons.math3.optim.PointValuePairTest
Tests run: 1, Failures: 0, Errors: 0, Skipped: 0, Time elapsed: 0.002 sec
Running org.apache.commons.math3.distribution.NormalDistributionTest
Tests run: 19, Failures: 0, Errors: 0, Skipped: 0, Time elapsed: 0.073 sec
Running org.apache.commons.math3.distribution.BinomialDistributionTest
Tests run: 10, Failures: 0, Errors: 0, Skipped: 0, Time elapsed: 7.932 sec
Running org.apache.commons.math3.distribution.CauchyDistributionTest
Tests run: 15, Failures: 0, Errors: 0, Skipped: 0, Time elapsed: 0.328 sec
Running org.apache.commons.math3.distribution.FDistributionTest
Tests run: 18, Failures: 0, Errors: 0, Skipped: 0, Time elapsed: 1.184 sec
Running org.apache.commons.math3.distribution.EnumeratedRealDistributionTest
Tests run: 13, Failures: 0, Errors: 0, Skipped: 0, Time elapsed: 2.55 sec
Running org.apache.commons.math3.distribution.BetaDistributionTest
Tests run: 3, Failures: 0, Errors: 0, Skipped: 0, Time elapsed: 0.14 sec
Running org.apache.commons.math3.distribution.LevyDistributionTest
Tests run: 12, Failures: 0, Errors: 0, Skipped: 0, Time elapsed: 0.059 sec
Running org.apache.commons.math3.distribution.WeibullDistributionTest
Tests run: 14, Failures: 0, Errors: 0, Skipped: 0, Time elapsed: 0.631 sec
Running org.apache.commons.math3.distribution.EnumeratedIntegerDistributionTest
Tests run: 9, Failures: 0, Errors: 0, Skipped: 0, Time elapsed: 2.532 sec
Running org.apache.commons.math3.distribution.ChiSquaredDistributionTest
Tests run: 14, Failures: 0, Errors: 0, Skipped: 0, Time elapsed: 0.368 sec
Running org.apache.commons.math3.distribution.KolmogorovSmirnovDistributionTest
Tests run: 1, Failures: 0, Errors: 0, Skipped: 0, Time elapsed: 1.46 sec
Running org.apache.commons.math3.distribution.TriangularDistributionTest
Tests run: 17, Failures: 0, Errors: 0, Skipped: 0, Time elapsed: 0.911 sec
Running org.apache.commons.math3.distribution.HypergeometricDistributionTest
Tests run: 15, Failures: 0, Errors: 0, Skipped: 0, Time elapsed: 0.18 sec
Running org.apache.commons.math3.distribution.UniformRealDistributionTest
Tests run: 15, Failures: 0, Errors: 0, Skipped: 0, Time elapsed: 0.022 sec
Running org.apache.commons.math3.distribution.ZipfDistributionTest
Tests run: 9, Failures: 0, Errors: 0, Skipped: 0, Time elapsed: 0.269 sec
Running org.apache.commons.math3.distribution.GammaDistributionTest
Tests run: 23, Failures: 0, Errors: 0, Skipped: 0, Time elapsed: 0.707 sec
Running org.apache.commons.math3.distribution.LogNormalDistributionTest
Tests run: 18, Failures: 0, Errors: 0, Skipped: 0, Time elapsed: 3.076 sec
Running org.apache.commons.math3.distribution.AbstractRealDistributionTest
Tests run: 2, Failures: 0, Errors: 0, Skipped: 0, Time elapsed: 2.546 sec
Running org.apache.commons.math3.distribution.MultivariateNormalDistributionTest
Tests run: 5, Failures: 0, Errors: 0, Skipped: 0, Time elapsed: 8.916 sec
Running org.apache.commons.math3.distribution.AbstractIntegerDistributionTest
Tests run: 2, Failures: 0, Errors: 0, Skipped: 0, Time elapsed: 0.002 sec
Running org.apache.commons.math3.distribution.PascalDistributionTest
Tests run: 9, Failures: 0, Errors: 0, Skipped: 0, Time elapsed: 0.178 sec
Running org.apache.commons.math3.distribution.MultivariateNormalMixtureModelDistributionTest
Tests run: 5, Failures: 0, Errors: 0, Skipped: 0, Time elapsed: 0.013 sec
Running org.apache.commons.math3.distribution.UniformIntegerDistributionTest
Tests run: 7, Failures: 0, Errors: 0, Skipped: 0, Time elapsed: 0.014 sec
Running org.apache.commons.math3.distribution.PoissonDistributionTest
Tests run: 14, Failures: 0, Errors: 0, Skipped: 0, Time elapsed: 0.139 sec
Running org.apache.commons.math3.distribution.TDistributionTest
Tests run: 17, Failures: 0, Errors: 0, Skipped: 0, Time elapsed: 0.567 sec
Running org.apache.commons.math3.distribution.ExponentialDistributionTest
Tests run: 17, Failures: 0, Errors: 0, Skipped: 0, Time elapsed: 0.027 sec
Running org.apache.commons.math3.util.MathArraysTest
Tests run: 38, Failures: 0, Errors: 0, Skipped: 0, Time elapsed: 0.187 sec
Running org.apache.commons.math3.util.PairTest
Tests run: 4, Failures: 0, Errors: 0, Skipped: 0, Time elapsed: 0.003 sec
Running org.apache.commons.math3.util.OpenIntToDoubleHashMapTest
Tests run: 17, Failures: 0, Errors: 0, Skipped: 0, Time elapsed: 0.24 sec
Running org.apache.commons.math3.util.IncrementorTest
Tests run: 10, Failures: 0, Errors: 0, Skipped: 0, Time elapsed: 0.006 sec
Running org.apache.commons.math3.util.ResizableDoubleArrayTest
Tests run: 17, Failures: 0, Errors: 0, Skipped: 0, Time elapsed: 0.017 sec
Running org.apache.commons.math3.util.MathUtilsTest
Tests run: 19, Failures: 0, Errors: 0, Skipped: 0, Time elapsed: 0.142 sec
Running org.apache.commons.math3.util.MultidimensionalCounterTest
Tests run: 5, Failures: 0, Errors: 0, Skipped: 0, Time elapsed: 0.005 sec
Running org.apache.commons.math3.util.FastMathStrictComparisonTest
Cannot find FastMath method corresponding to: public static int java.lang.StrictMath.addExact(int,int)
Cannot find FastMath method corresponding to: public static long java.lang.StrictMath.addExact(long,long)
Cannot find FastMath method corresponding to: public static int java.lang.StrictMath.multiplyExact(int,int)
Cannot find FastMath method corresponding to: public static long java.lang.StrictMath.multiplyExact(long,long)
Cannot find FastMath method corresponding to: public static long java.lang.StrictMath.subtractExact(long,long)
Cannot find FastMath method corresponding to: public static int java.lang.StrictMath.subtractExact(int,int)
Cannot find FastMath method corresponding to: public static int java.lang.StrictMath.toIntExact(long)
Cannot find FastMath method corresponding to: public static long java.lang.StrictMath.floorDiv(long,long)
Cannot find FastMath method corresponding to: public static int java.lang.StrictMath.floorDiv(int,int)
Cannot find FastMath method corresponding to: public static int java.lang.StrictMath.floorMod(int,int)
Cannot find FastMath method corresponding to: public static long java.lang.StrictMath.floorMod(long,long)
Cannot find FastMath method corresponding to: public static float java.lang.StrictMath.nextDown(float)
Cannot find FastMath method corresponding to: public static double java.lang.StrictMath.nextDown(double)
Tests run: 53, Failures: 0, Errors: 0, Skipped: 0, Time elapsed: 0.068 sec
Running org.apache.commons.math3.util.FastMathTest
FastMath does not implement: public static int java.lang.StrictMath.addExact(int,int)
FastMath does not implement: public static long java.lang.StrictMath.addExact(long,long)
FastMath does not implement: public static int java.lang.StrictMath.multiplyExact(int,int)
FastMath does not implement: public static long java.lang.StrictMath.multiplyExact(long,long)
FastMath does not implement: public static long java.lang.StrictMath.subtractExact(long,long)
FastMath does not implement: public static int java.lang.StrictMath.subtractExact(int,int)
FastMath does not implement: public static int java.lang.StrictMath.toIntExact(long)
FastMath does not implement: public static long java.lang.StrictMath.floorDiv(long,long)
FastMath does not implement: public static int java.lang.StrictMath.floorDiv(int,int)
FastMath does not implement: public static int java.lang.StrictMath.floorMod(int,int)
FastMath does not implement: public static long java.lang.StrictMath.floorMod(long,long)
FastMath does not implement: public static float java.lang.StrictMath.nextDown(float)
FastMath does not implement: public static double java.lang.StrictMath.nextDown(double)
Tests run: 48, Failures: 1, Errors: 0, Skipped: 1, Time elapsed: 531.718 sec <<< FAILURE!
checkMissingFastMathClasses(org.apache.commons.math3.util.FastMathTest)  Time elapsed: 0.004 sec  <<< FAILURE!
java.lang.AssertionError: FastMath should implement all StrictMath methods
	at org.junit.Assert.fail(Assert.java:88)
	at org.junit.Assert.assertTrue(Assert.java:41)
	at org.apache.commons.math3.util.FastMathTest.__CLR4_2_0hlgw2d2axz(FastMathTest.java:1109)
	at org.apache.commons.math3.util.FastMathTest.checkMissingFastMathClasses(FastMathTest.java:1107)

Running org.apache.commons.math3.util.BigRealTest
Tests run: 14, Failures: 0, Errors: 0, Skipped: 0, Time elapsed: 0.015 sec
Running org.apache.commons.math3.util.PrecisionTest
Tests run: 15, Failures: 0, Errors: 0, Skipped: 0, Time elapsed: 0.02 sec
Running org.apache.commons.math3.util.ArithmeticUtilsTest
Tests run: 24, Failures: 0, Errors: 0, Skipped: 0, Time elapsed: 2.116 sec
Running org.apache.commons.math3.util.DefaultTransformerTest
Tests run: 7, Failures: 0, Errors: 0, Skipped: 0, Time elapsed: 0.005 sec
Running org.apache.commons.math3.util.Decimal64Test
Tests run: 63, Failures: 0, Errors: 0, Skipped: 0, Time elapsed: 0.149 sec
Running org.apache.commons.math3.util.OpenIntToFieldTest
Tests run: 17, Failures: 0, Errors: 0, Skipped: 0, Time elapsed: 0.133 sec
Running org.apache.commons.math3.util.ContinuedFractionTest
Tests run: 1, Failures: 0, Errors: 0, Skipped: 0, Time elapsed: 0.001 sec
Running org.apache.commons.math3.util.BigRealFieldTest
Tests run: 3, Failures: 0, Errors: 0, Skipped: 0, Time elapsed: 0.004 sec
Running org.apache.commons.math3.util.TransformerMapTest
Tests run: 8, Failures: 0, Errors: 0, Skipped: 0, Time elapsed: 0.006 sec
Running org.apache.commons.math3.analysis.differentiation.DerivativeStructureTest
Tests run: 122, Failures: 0, Errors: 0, Skipped: 0, Time elapsed: 19.49 sec
Running org.apache.commons.math3.analysis.differentiation.FiniteDifferencesDifferentiatorTest
Tests run: 16, Failures: 0, Errors: 0, Skipped: 0, Time elapsed: 0.526 sec
Running org.apache.commons.math3.analysis.differentiation.JacobianFunctionTest
Tests run: 1, Failures: 0, Errors: 0, Skipped: 0, Time elapsed: 0.173 sec
Running org.apache.commons.math3.analysis.differentiation.GradientFunctionTest
Tests run: 2, Failures: 0, Errors: 0, Skipped: 0, Time elapsed: 2.237 sec
Running org.apache.commons.math3.analysis.differentiation.DSCompilerTest
Tests run: 7, Failures: 0, Errors: 0, Skipped: 0, Time elapsed: 0.106 sec
Running org.apache.commons.math3.analysis.integration.RombergIntegratorTest
Tests run: 3, Failures: 0, Errors: 0, Skipped: 0, Time elapsed: 0.003 sec
Running org.apache.commons.math3.analysis.integration.SimpsonIntegratorTest
Tests run: 3, Failures: 0, Errors: 0, Skipped: 0, Time elapsed: 0.004 sec
Running org.apache.commons.math3.analysis.integration.TrapezoidIntegratorTest
Tests run: 3, Failures: 0, Errors: 0, Skipped: 0, Time elapsed: 0.025 sec
Running org.apache.commons.math3.analysis.integration.gauss.LegendreHighPrecisionTest
Tests run: 2, Failures: 0, Errors: 0, Skipped: 0, Time elapsed: 9.87 sec
Running org.apache.commons.math3.analysis.integration.gauss.LegendreTest
Tests run: 2, Failures: 0, Errors: 0, Skipped: 0, Time elapsed: 0.447 sec
Running org.apache.commons.math3.analysis.integration.gauss.BaseRuleFactoryTest
Tests run: 1, Failures: 0, Errors: 0, Skipped: 0, Time elapsed: 0.026 sec
Running org.apache.commons.math3.analysis.integration.gauss.LegendreHighPrecisionParametricTest
Tests run: 30, Failures: 0, Errors: 0, Skipped: 0, Time elapsed: 1.5 sec
Running org.apache.commons.math3.analysis.integration.gauss.LegendreParametricTest
Tests run: 30, Failures: 0, Errors: 0, Skipped: 0, Time elapsed: 0.266 sec
Running org.apache.commons.math3.analysis.integration.IterativeLegendreGaussIntegratorTest
Tests run: 4, Failures: 0, Errors: 0, Skipped: 0, Time elapsed: 76.424 sec
Running org.apache.commons.math3.analysis.integration.LegendreGaussIntegratorTest
Tests run: 4, Failures: 0, Errors: 0, Skipped: 0, Time elapsed: 24.815 sec
Running org.apache.commons.math3.analysis.interpolation.TricubicSplineInterpolatingFunctionTest
Tests run: 3, Failures: 0, Errors: 0, Skipped: 0, Time elapsed: 0.105 sec
Running org.apache.commons.math3.analysis.interpolation.MicrosphereInterpolatorTest
Tests run: 2, Failures: 0, Errors: 0, Skipped: 0, Time elapsed: 4.199 sec
Running org.apache.commons.math3.analysis.interpolation.UnivariatePeriodicInterpolatorTest
Tests run: 5, Failures: 0, Errors: 0, Skipped: 0, Time elapsed: 0.009 sec
Running org.apache.commons.math3.analysis.interpolation.DividedDifferenceInterpolatorTest
Tests run: 3, Failures: 0, Errors: 0, Skipped: 0, Time elapsed: 0.007 sec
Running org.apache.commons.math3.analysis.interpolation.TricubicSplineInterpolatorTest
Tests run: 3, Failures: 0, Errors: 0, Skipped: 0, Time elapsed: 0.163 sec
Running org.apache.commons.math3.analysis.interpolation.LinearInterpolatorTest
Tests run: 4, Failures: 0, Errors: 0, Skipped: 0, Time elapsed: 0.003 sec
Running org.apache.commons.math3.analysis.interpolation.SmoothingPolynomialBicubicSplineInterpolatorTest
Tests run: 3, Failures: 0, Errors: 0, Skipped: 0, Time elapsed: 0.023 sec
Running org.apache.commons.math3.analysis.interpolation.HermiteInterpolatorTest
Tests run: 11, Failures: 0, Errors: 0, Skipped: 0, Time elapsed: 0.377 sec
Running org.apache.commons.math3.analysis.interpolation.BicubicSplineInterpolatorTest
Tests run: 3, Failures: 0, Errors: 0, Skipped: 0, Time elapsed: 0.005 sec
Running org.apache.commons.math3.analysis.interpolation.SplineInterpolatorTest
Tests run: 5, Failures: 0, Errors: 0, Skipped: 0, Time elapsed: 0.004 sec
Running org.apache.commons.math3.analysis.interpolation.LoessInterpolatorTest
Tests run: 20, Failures: 0, Errors: 0, Skipped: 0, Time elapsed: 0.212 sec
Running org.apache.commons.math3.analysis.interpolation.BicubicSplineInterpolatingFunctionTest
Tests run: 5, Failures: 0, Errors: 0, Skipped: 0, Time elapsed: 0.04 sec
Running org.apache.commons.math3.analysis.interpolation.FieldHermiteInterpolatorTest
Tests run: 12, Failures: 0, Errors: 0, Skipped: 0, Time elapsed: 58.099 sec
Running org.apache.commons.math3.analysis.interpolation.NevilleInterpolatorTest
Tests run: 3, Failures: 0, Errors: 0, Skipped: 0, Time elapsed: 0.003 sec
Running org.apache.commons.math3.analysis.function.StepFunctionTest
Tests run: 9, Failures: 0, Errors: 0, Skipped: 0, Time elapsed: 0.006 sec
Running org.apache.commons.math3.analysis.function.LogitTest
Tests run: 15, Failures: 0, Errors: 0, Skipped: 0, Time elapsed: 0.015 sec
Running org.apache.commons.math3.analysis.function.GaussianTest
Tests run: 14, Failures: 0, Errors: 0, Skipped: 0, Time elapsed: 0.008 sec
Running org.apache.commons.math3.analysis.function.SincTest
Tests run: 8, Failures: 0, Errors: 0, Skipped: 0, Time elapsed: 0.831 sec
Running org.apache.commons.math3.analysis.function.HarmonicOscillatorTest
Tests run: 8, Failures: 0, Errors: 0, Skipped: 0, Time elapsed: 0.009 sec
Running org.apache.commons.math3.analysis.function.SqrtTest
Tests run: 3, Failures: 0, Errors: 0, Skipped: 0, Time elapsed: 0.005 sec
Running org.apache.commons.math3.analysis.function.SigmoidTest
Tests run: 9, Failures: 0, Errors: 0, Skipped: 0, Time elapsed: 0.006 sec
Running org.apache.commons.math3.analysis.function.LogisticTest
Tests run: 14, Failures: 0, Errors: 0, Skipped: 0, Time elapsed: 0.023 sec
Running org.apache.commons.math3.analysis.FunctionUtilsTest
Tests run: 18, Failures: 0, Errors: 0, Skipped: 0, Time elapsed: 0.3 sec
Running org.apache.commons.math3.analysis.polynomials.PolynomialSplineFunctionTest
Tests run: 2, Failures: 0, Errors: 0, Skipped: 0, Time elapsed: 0.002 sec
Running org.apache.commons.math3.analysis.polynomials.PolynomialFunctionTest
Tests run: 11, Failures: 0, Errors: 0, Skipped: 0, Time elapsed: 0.008 sec
Running org.apache.commons.math3.analysis.polynomials.PolynomialFunctionNewtonFormTest
Tests run: 5, Failures: 0, Errors: 0, Skipped: 0, Time elapsed: 0.006 sec
Running org.apache.commons.math3.analysis.polynomials.PolynomialsUtilsTest
Tests run: 18, Failures: 0, Errors: 0, Skipped: 0, Time elapsed: 32.34 sec
Running org.apache.commons.math3.analysis.polynomials.PolynomialFunctionLagrangeFormTest
Tests run: 4, Failures: 0, Errors: 0, Skipped: 0, Time elapsed: 0.003 sec
Running org.apache.commons.math3.analysis.solvers.PegasusSolverTest
Tests run: 8, Failures: 0, Errors: 0, Skipped: 0, Time elapsed: 0.01 sec
Running org.apache.commons.math3.analysis.solvers.MullerSolverTest
Tests run: 4, Failures: 0, Errors: 0, Skipped: 0, Time elapsed: 0.004 sec
Running org.apache.commons.math3.analysis.solvers.BracketingNthOrderBrentSolverTest
Tests run: 15, Failures: 0, Errors: 0, Skipped: 0, Time elapsed: 0.021 sec
Running org.apache.commons.math3.analysis.solvers.LaguerreSolverTest
Tests run: 5, Failures: 0, Errors: 0, Skipped: 0, Time elapsed: 0.009 sec
Running org.apache.commons.math3.analysis.solvers.MullerSolver2Test
Tests run: 4, Failures: 0, Errors: 0, Skipped: 0, Time elapsed: 0.004 sec
Running org.apache.commons.math3.analysis.solvers.IllinoisSolverTest
Tests run: 8, Failures: 0, Errors: 0, Skipped: 0, Time elapsed: 0.009 sec
Running org.apache.commons.math3.analysis.solvers.SecantSolverTest
Tests run: 8, Failures: 0, Errors: 0, Skipped: 0, Time elapsed: 0.011 sec
Running org.apache.commons.math3.analysis.solvers.UnivariateSolverUtilsTest
Tests run: 14, Failures: 0, Errors: 0, Skipped: 0, Time elapsed: 0.009 sec
Running org.apache.commons.math3.analysis.solvers.RiddersSolverTest
Tests run: 4, Failures: 0, Errors: 0, Skipped: 0, Time elapsed: 0.004 sec
Running org.apache.commons.math3.analysis.solvers.BisectionSolverTest
Tests run: 3, Failures: 0, Errors: 0, Skipped: 0, Time elapsed: 0.004 sec
Running org.apache.commons.math3.analysis.solvers.NewtonSolverTest
Tests run: 2, Failures: 0, Errors: 0, Skipped: 0, Time elapsed: 0.005 sec
Running org.apache.commons.math3.analysis.solvers.NewtonRaphsonSolverTest
Tests run: 2, Failures: 0, Errors: 0, Skipped: 0, Time elapsed: 0.002 sec
Running org.apache.commons.math3.analysis.solvers.BrentSolverTest
Tests run: 6, Failures: 0, Errors: 0, Skipped: 0, Time elapsed: 0.009 sec
Running org.apache.commons.math3.analysis.solvers.RegulaFalsiSolverTest
Tests run: 9, Failures: 0, Errors: 0, Skipped: 0, Time elapsed: 0.019 sec
Running org.apache.commons.math3.fitting.PolynomialFitterTest
Tests run: 9, Failures: 0, Errors: 0, Skipped: 0, Time elapsed: 44.47 sec
Running org.apache.commons.math3.fitting.HarmonicFitterTest
Tests run: 7, Failures: 0, Errors: 0, Skipped: 0, Time elapsed: 0.219 sec
Running org.apache.commons.math3.fitting.CurveFitterTest
Tests run: 3, Failures: 0, Errors: 0, Skipped: 0, Time elapsed: 0.009 sec
Running org.apache.commons.math3.fitting.GaussianFitterTest
Tests run: 9, Failures: 0, Errors: 0, Skipped: 0, Time elapsed: 0.317 sec

Results :

Failed tests: 
  GaussNewtonOptimizerTest>AbstractLeastSquaresOptimizerAbstractTest.testGetIterations:109->AbstractLeastSquaresOptimizerAbstractTest.__CLR4_2_08yhlj31ydp:131 null
  LevenbergMarquardtOptimizerTest>AbstractLeastSquaresOptimizerAbstractTest.testGetIterations:109->AbstractLeastSquaresOptimizerAbstractTest.__CLR4_2_08yhlj31ydp:131 null
  SimplexOptimizerMultiDirectionalTest.testMaximize1:91->__CLR4_2_0u9ex7q1y63:108 null
  SimplexOptimizerMultiDirectionalTest.testMaximize2:112->__CLR4_2_0r0eyf91y6d:129 null
  SimplexOptimizerMultiDirectionalTest.testMinimize1:49->__CLR4_2_09mcvso1y5j:66 null
  SimplexOptimizerMultiDirectionalTest.testMinimize2:70->__CLR4_2_06dcx071y5t:87 null
  SimplexOptimizerNelderMeadTest.testMaximize1:96->__CLR4_2_0u9ex7q1y8y:113 null
  SimplexOptimizerNelderMeadTest.testMaximize2:117->__CLR4_2_0r0eyf91y98:134 null
  SimplexOptimizerNelderMeadTest.testMinimize1:54->__CLR4_2_09mcvso1y8e:71 null
  SimplexOptimizerNelderMeadTest.testMinimize2:75->__CLR4_2_06dcx071y8o:92 null
  PowellOptimizerTest.testSumSinc:51->__CLR4_2_04vfcfp1y28:75->doTest:266 null
  CMAESOptimizerTest.testConstrainedRosen:342->__CLR4_2_0s2y23i1xv4:348->doTest:514 null
  CMAESOptimizerTest.testElliRotated:177->__CLR4_2_0es5oyu1xsz:183->doTest:514 null
  CMAESOptimizerTest.testEllipse:162->__CLR4_2_0fb0cwd1xss:168->doTest:514 null
  CMAESOptimizerTest.testTwoAxes:222->__CLR4_2_098vkl61xtk:228->doTest:514 null
  CMAESOptimizerTest.testCigar:192->__CLR4_2_0s79tz1xt6:198->doTest:514 null
  CMAESOptimizerTest.testRosen:126->__CLR4_2_0mh4ks41xsb:132->doTest:514 null
  CMAESOptimizerTest.testRastrigin:327->__CLR4_2_06uup0m1xux:333->doTest:514 null
  CMAESOptimizerTest.testDiagonalRosen:357->__CLR4_2_0h5qiqp1xvb:363->doTest:514 null
  CMAESOptimizerTest.testSsDiffPow:297->__CLR4_2_0ivx0vs1xuj:303->doTest:514 null
  CMAESOptimizerTest.testMaximize:142->__CLR4_2_06ww16t1xsi:148->doTest:514 null
  CMAESOptimizerTest.testAckley:312->__CLR4_2_0luwii81xuq:318->doTest:514 null
  CMAESOptimizerTest.testCigTab:237->__CLR4_2_0tqlxal1xtr:243->doTest:514 null
  CMAESOptimizerTest.testDiffPow:282->__CLR4_2_05qhzg81xuc:288->doTest:514 null
  CMAESOptimizerTest.testSphere:252->__CLR4_2_0ut81gm1xty:258->doTest:514 null
  CMAESOptimizerTest.testTablet:267->__CLR4_2_03yqqld1xu5:273->doTest:514 null
  CMAESOptimizerTest.testCigarWithBoundaries:207->__CLR4_2_0b1biaz1xtd:213->doTest:514 null
  NonLinearConjugateGradientOptimizerTest.testTrivial:125->__CLR4_2_09ri9u1xf7:141 null
  FastMathTest.checkMissingFastMathClasses:1107->__CLR4_2_0hlgw2d2axz:1109 FastMath should implement all StrictMath methods

Tests run: 4903, Failures: 29, Errors: 0, Skipped: 43

[INFO] ------------------------------------------------------------------------
[INFO] BUILD FAILURE
[INFO] ------------------------------------------------------------------------
[INFO] Total time: 42:01 min
[INFO] Finished at: 2018-08-01T23:15:50+02:00
[INFO] Final Memory: 43M/1026M
[INFO] ------------------------------------------------------------------------
[ERROR] Failed to execute goal org.apache.maven.plugins:maven-surefire-plugin:2.13:test (default-test) on project commons-math3: There are test failures.
[ERROR] 
[ERROR] Please refer to /tmp/icse19/dataset/august-2018/bugs-dot-jar/commons-math_buggy/target/surefire-reports for the individual test results.
[ERROR] -> [Help 1]
[ERROR] 
[ERROR] To see the full stack trace of the errors, re-run Maven with the -e switch.
[ERROR] Re-run Maven using the -X switch to enable full debug logging.
[ERROR] 
[ERROR] For more information about the errors and possible solutions, please read the following articles:
[ERROR] [Help 1] http://cwiki.apache.org/confluence/display/MAVEN/MojoFailureException
Writing HTML report to '/tmp/icse19/dataset/august-2018/bugs-dot-jar/commons-math_buggy/target/clover/report'
ERROR: Invalid Java source found or Clover failed to parse it: /tmp/icse19/dataset/august-2018/bugs-dot-jar/commons-math_buggy/src/main/java/org/apache/commons/math3/util/FastMath.java
Done. Processed 59 packages in 46328ms (785ms per package).
[INFO] org.apache.commons.math3.optim.nonlinear.vector.jacobian.MinpackTest;testMinpackWatson;testMinpackBard;testMinpackRosenbrok;testMinpackLinearRank1;testMinpackBox3Dimensional;testMinpackFreudensteinRoth;testMinpackLinearRank1ZeroColsAndRows;testMinpackPowellSingular;testMinpackBrownDennis;testMinpackKowalikOsborne;testMinpackLinearFullRank;testMinpackHelicalValley;testMinpackChebyquad;testMinpackJennrichSampson;testMinpackMeyer;testMinpackOsborne1;testMinpackOsborne2;testMinpackBrownAlmostLinear
org.apache.commons.math3.fitting.CurveFitterTest;testMath304;testMath303;testMath372
org.apache.commons.math3.fitting.PolynomialFitterTest;testSmallError;testRedundantUnsolvable;testMath798;testMath798WithToleranceTooLow;testMath798WithToleranceTooLowButNoException;testNoError;testLargeSample;testRedundantSolvable;testFit
org.apache.commons.math3.optim.nonlinear.vector.jacobian.LevenbergMarquardtOptimizerTest;testKirby2;testNonInvertible;testOneSet;testInconsistentEquations;testTrivial;testNoDependency;testTwoSets;testBevington;testInconsistentSizes2;testCircleFittingGoodInit;testInconsistentSizes1;testGetIterations;testIllConditioned;testCircleFitting;testCircleFittingBadInit;testRedundantEquations;testConstraintsUnsupported;testControlParameters;testMoreEstimatedParametersUnsorted;testHahn1;testMoreEstimatedParametersSimple;testCircleFitting2;testQRColumnsPermutation
org.apache.commons.math3.fitting.GaussianFitterTest;testFit04;testFit03;testFit02;testFit01;testMath798;testFit07;testFit06;testFit05;testMath519
org.apache.commons.math3.optim.nonlinear.vector.jacobian.GaussNewtonOptimizerTest;testKirby2;testNonInvertible;testInconsistentEquations;testOneSet;testTrivial;testNoDependency;testTwoSets;testCircleFittingGoodInit;testInconsistentSizes2;testInconsistentSizes1;testMaxEvaluations;testGetIterations;testIllConditioned;testRedundantEquations;testCircleFitting;testConstraintsUnsupported;testCircleFittingBadInit;testMoreEstimatedParametersUnsorted;testHahn1;testMoreEstimatedParametersSimple;testQRColumnsPermutation
org.apache.commons.math3.optim.nonlinear.vector.jacobian.AbstractLeastSquaresOptimizerTest;testComputeSigma;testGetRMS;testGetChiSquare
org.apache.commons.math3.optim.nonlinear.vector.MultiStartMultivariateVectorOptimizerTest;testGetOptimaBeforeOptimize;testTrivial;testNoOptimum;testIssue914
org.apache.commons.math3.fitting.HarmonicFitterTest;testUnsorted;testNoError;testTinyVariationsData;test1PercentError;testPreconditions1;testInitialGuess
org.apache.commons.math3.analysis.interpolation.SmoothingPolynomialBicubicSplineInterpolatorTest;testParaboloid;testPreconditions;testPlane
org.apache.commons.math3.optim.nonlinear.scalar.noderiv.CMAESOptimizerTest;testInitOutofbounds1;testBoundariesDimensionMismatch;testSphere;testCigarWithBoundaries;testRosen;testFitAccuracyDependsOnBoundary;testInitOutofbounds2;testDiffPow;testMath864;testTablet;testTwoAxes;testElliRotated;testCigTab;testConstrainedRosen;testMaximize;testInputSigmaDimensionMismatch;testInputSigmaOutOfRange;testSsDiffPow;testEllipse;testAckley;testDiagonalRosen;testCigar;testInputSigmaNegative;testRastrigin
org.apache.commons.math3.optim.univariate.MultiStartUnivariateOptimizerTest;testSinMin;testMissingSearchInterval;testMissingMaxEval;testQuinticMin;testBadFunction
org.apache.commons.math3.optim.linear.SimplexSolverTest;testMath288;testInfeasibleSolution;testMath828Cycle;testMath434PivotRowSelection2;testMath290GEQ;testMath434PivotRowSelection;testSimplexSolver;testMath290LEQ;testModelWithNoArtificialVars;testMath781;testMath286;testMath434NegativeVariable;testSingleVariableAndConstraint;testUnboundedSolution;testTrivialModel;testMath713NegativeVariable;testRestrictVariablesToNonNegative;testDegeneracy;testMath434UnfeasibleSolution;testMath930;testMath272;testEpsilon;testMath293;testSolutionWithNegativeDecisionVariable;testLargeModel;testMinimization;testMath828
org.apache.commons.math3.optim.univariate.BrentOptimizerTest;testSinMin;testQuinticMax;testMath832;testQuinticMinStatistics;testMath855;testBoundaries;testSinMinWithValueChecker;testQuinticMin;testMinEndpoints;testKeepInitIfBest
org.apache.commons.math3.optim.nonlinear.scalar.noderiv.SimplexOptimizerNelderMeadTest;testMaxIterations;testMinimize1;testRosenbrock;testMinimize2;testPowell;testBoundsUnsupported;testMaximize1;testLeastSquares3;testLeastSquares1;testLeastSquares2;testMaximize2
org.apache.commons.math3.optim.nonlinear.scalar.gradient.NonLinearConjugateGradientOptimizerTest;testInconsistentEquations;testOneSet;testTrivial;testNoDependency;testTwoSets;testNonInversible;testIllConditioned;testRedundantEquations;testColumnsPermutation;testCircleFitting;testMoreEstimatedParametersUnsorted;testBoundsUnsupported;testMoreEstimatedParametersSimple
org.apache.commons.math3.optim.nonlinear.scalar.noderiv.SimplexOptimizerMultiDirectionalTest;testMinimize1;testMinimize2;testRosenbrock;testPowell;testBoundsUnsupported;testMaximize1;testMath283;testMaximize2
org.apache.commons.math3.optim.nonlinear.scalar.noderiv.PowellOptimizerTest;testSumSinc;testRelativeToleranceOnScaledValues;testMaximizeQuadratic;testQuadratic;testBoundsUnsupported
org.apache.commons.math3.optim.nonlinear.scalar.MultivariateFunctionPenaltyAdapterTest;testStartSimplexInsideRange;testUnbounded;testOptimumOutsideRange;testHalfBounded;testStartSimplexOutsideRange
org.apache.commons.math3.optim.nonlinear.scalar.MultivariateFunctionMappingAdapterTest;testStartSimplexInsideRange;testUnbounded;testOptimumOutsideRange;testHalfBounded
org.apache.commons.math3.optim.nonlinear.scalar.MultiStartMultivariateOptimizerTest;testRosenbrock;testCircleFitting
[INFO] ------------------------------------------------------------------------
[INFO] BUILD SUCCESS
[INFO] ------------------------------------------------------------------------
[INFO] Total time: 43:00 min
[INFO] Finished at: 2018-08-01T23:16:45+02:00
[INFO] Final Memory: 50M/1661M
[INFO] ------------------------------------------------------------------------
cd dataset/august-2018/bugs-dot-jar/commons-math_buggy/ && ~/apache-maven-3.3.9/bin/mvn clean versions:use-latest-versions -Dincludes=junit:junit eu.stamp-project:diff-test-selection:0.3-SNAPSHOT:list -DpathToDiff=.bugs-dot-jar/developer-patch.diff -DpathToOtherVersion=../commons-math_fixed/ -DoutputPath=../../commons-math/data_test-selection_bugs-dot-jar_MATH-949_f83bbc1d.csv -Dreport=CSV
rm -rf commons-math_fixed
