rm -rf dataset/august-2018/bugs-dot-jar/commons-math_buggy
cp -r dataset/august-2018/bugs-dot-jar/commons-math dataset/august-2018/bugs-dot-jar/commons-math_buggy
Previous HEAD position was 1eba68579... Added bug report.
HEAD is now at 8d0ca4157... Added bug report.
[INFO] Scanning for projects...
[INFO]                                                                         
[INFO] ------------------------------------------------------------------------
[INFO] Building Apache Commons Math 4.0-SNAPSHOT
[INFO] ------------------------------------------------------------------------
[INFO] 
[INFO] --- maven-clean-plugin:2.6.1:clean (default-clean) @ commons-math4 ---
[INFO] 
[INFO] --- maven-enforcer-plugin:1.3.1:enforce (enforce-maven-3) @ commons-math4 ---
[INFO] 
[INFO] --- build-helper-maven-plugin:1.7:parse-version (parse-version) @ commons-math4 ---
[INFO] 
[INFO] --- maven-antrun-plugin:1.7:run (javadoc.resources) @ commons-math4 ---
[INFO] Executing tasks

main:
     [copy] Copying 2 files to /tmp/icse19/dataset/august-2018/bugs-dot-jar/commons-math_buggy/target/apidocs/META-INF
[INFO] Executed tasks
[INFO] 
[INFO] --- maven-remote-resources-plugin:1.5:process (default) @ commons-math4 ---
[INFO] 
[INFO] --- buildnumber-maven-plugin:1.3:create (default) @ commons-math4 ---
[INFO] Executing: /bin/sh -c cd /tmp/icse19/dataset/august-2018/bugs-dot-jar/commons-math_buggy && git rev-parse --verify HEAD
[INFO] Working directory: /tmp/icse19/dataset/august-2018/bugs-dot-jar/commons-math_buggy
[INFO] Storing buildNumber: null at timestamp: 2018-07-31 17:05:40+0200
[WARNING] Cannot get the branch information from the git repository: 
Detecting the current branch failed: fatal: ref HEAD is not a symbolic ref

[INFO] Executing: /bin/sh -c cd /tmp/icse19/dataset/august-2018/bugs-dot-jar/commons-math_buggy && git rev-parse --verify HEAD
[INFO] Working directory: /tmp/icse19/dataset/august-2018/bugs-dot-jar/commons-math_buggy
[INFO] Storing buildScmBranch: UNKNOWN
[INFO] 
[INFO] --- maven-jgit-buildnumber-plugin:1.2.10:extract-buildnumber (default) @ commons-math4 ---
[INFO] Git info extracted, revision: '8d0ca41', branch: '', tag: '', commitsCount: '1974', commitDate: '2018-02-07', buildnumber: 'UNNAMED.1974.8d0ca41'
[INFO] 
[INFO] --- maven-resources-plugin:2.7:resources (default-resources) @ commons-math4 ---
[INFO] Using 'UTF-8' encoding to copy filtered resources.
[INFO] Copying 2 resources
[INFO] Copying 2 resources to META-INF
[INFO] 
[INFO] --- maven-compiler-plugin:3.3:compile (default-compile) @ commons-math4 ---
[INFO] Changes detected - recompiling the module!
[INFO] Compiling 816 source files to /tmp/icse19/dataset/august-2018/bugs-dot-jar/commons-math_buggy/target/classes
[INFO] /tmp/icse19/dataset/august-2018/bugs-dot-jar/commons-math_buggy/src/main/java/org/apache/commons/math4/ode/AbstractIntegrator.java: Some input files use or override a deprecated API.
[INFO] /tmp/icse19/dataset/august-2018/bugs-dot-jar/commons-math_buggy/src/main/java/org/apache/commons/math4/ode/AbstractIntegrator.java: Recompile with -Xlint:deprecation for details.
[INFO] 
[INFO] --- maven-bundle-plugin:2.5.3:manifest (bundle-manifest) @ commons-math4 ---
[INFO] 
[INFO] --- animal-sniffer-maven-plugin:1.14:check (checkAPIcompatibility) @ commons-math4 ---
[INFO] Checking unresolved references to org.codehaus.mojo.signature:java17:1.0
[INFO] 
[INFO] --- maven-resources-plugin:2.7:testResources (default-testResources) @ commons-math4 ---
[INFO] Using 'UTF-8' encoding to copy filtered resources.
[INFO] Copying 38 resources
[INFO] Copying 2 resources to META-INF
[INFO] 
[INFO] --- maven-compiler-plugin:3.3:testCompile (default-testCompile) @ commons-math4 ---
[INFO] Changes detected - recompiling the module!
[INFO] Compiling 501 source files to /tmp/icse19/dataset/august-2018/bugs-dot-jar/commons-math_buggy/target/test-classes
[INFO] /tmp/icse19/dataset/august-2018/bugs-dot-jar/commons-math_buggy/src/test/java/org/apache/commons/math4/util/IncrementorTest.java: Some input files use or override a deprecated API.
[INFO] /tmp/icse19/dataset/august-2018/bugs-dot-jar/commons-math_buggy/src/test/java/org/apache/commons/math4/util/IncrementorTest.java: Recompile with -Xlint:deprecation for details.
[INFO] 
[INFO] --- jacoco-maven-plugin:0.7.5.201505241946:prepare-agent (prepare-agent) @ commons-math4 ---
[INFO] argLine set to -javaagent:/home/spirals/danglot/.m2/repository/org/jacoco/org.jacoco.agent/0.7.5.201505241946/org.jacoco.agent-0.7.5.201505241946-runtime.jar=destfile=/tmp/icse19/dataset/august-2018/bugs-dot-jar/commons-math_buggy/target/jacoco.exec
[INFO] 
[INFO] --- maven-surefire-plugin:2.18.1:test (default-test) @ commons-math4 ---
[INFO] Tests are skipped.
[INFO] 
[INFO] --- maven-jar-plugin:2.6:jar (default-jar) @ commons-math4 ---
[INFO] Building jar: /tmp/icse19/dataset/august-2018/bugs-dot-jar/commons-math_buggy/target/commons-math4-4.0-SNAPSHOT.jar
[INFO] 
[INFO] --- maven-site-plugin:3.4:attach-descriptor (attach-descriptor) @ commons-math4 ---
[INFO] 
[INFO] --- maven-antrun-plugin:1.7:run (default) @ commons-math4 ---
[INFO] Executing tasks

main:
      [jar] Building jar: /tmp/icse19/dataset/august-2018/bugs-dot-jar/commons-math_buggy/target/commons-math4-4.0-SNAPSHOT-tools.jar
[INFO] Executed tasks
[INFO] 
[INFO] --- build-helper-maven-plugin:1.7:attach-artifact (attach-artifacts) @ commons-math4 ---
[INFO] 
[INFO] --- jacoco-maven-plugin:0.7.5.201505241946:check (check) @ commons-math4 ---
[INFO] Skipping JaCoCo execution due to missing execution data file:/tmp/icse19/dataset/august-2018/bugs-dot-jar/commons-math_buggy/target/jacoco.exec
[INFO] 
[INFO] --- maven-install-plugin:2.5.2:install (default-install) @ commons-math4 ---
[INFO] Installing /tmp/icse19/dataset/august-2018/bugs-dot-jar/commons-math_buggy/target/commons-math4-4.0-SNAPSHOT.jar to /home/spirals/danglot/.m2/repository/org/apache/commons/commons-math4/4.0-SNAPSHOT/commons-math4-4.0-SNAPSHOT.jar
[INFO] Installing /tmp/icse19/dataset/august-2018/bugs-dot-jar/commons-math_buggy/pom.xml to /home/spirals/danglot/.m2/repository/org/apache/commons/commons-math4/4.0-SNAPSHOT/commons-math4-4.0-SNAPSHOT.pom
[INFO] Installing /tmp/icse19/dataset/august-2018/bugs-dot-jar/commons-math_buggy/target/commons-math4-4.0-SNAPSHOT-tools.jar to /home/spirals/danglot/.m2/repository/org/apache/commons/commons-math4/4.0-SNAPSHOT/commons-math4-4.0-SNAPSHOT-tools.jar
[INFO] ------------------------------------------------------------------------
[INFO] BUILD SUCCESS
[INFO] ------------------------------------------------------------------------
[INFO] Total time: 21.897 s
[INFO] Finished at: 2018-07-31T17:05:59+02:00
[INFO] Final Memory: 48M/830M
[INFO] ------------------------------------------------------------------------
cd dataset/august-2018/bugs-dot-jar/commons-math_buggy && git checkout   remotes/origin/bugs-dot-jar_MATH-286_dbdff075 && ~/apache-maven-3.3.9/bin/mvn clean install -DskipTests
rm -rf dataset/august-2018/bugs-dot-jar/commons-math_fixed
cp -r dataset/august-2018/bugs-dot-jar/commons-math_buggy dataset/august-2018/bugs-dot-jar/commons-math_fixed
patching file src/main/java/org/apache/commons/math4/random/AbstractRandomGenerator.java
patching file src/main/java/org/apache/commons/math4/random/BitsStreamGenerator.java
cd dataset/august-2018/bugs-dot-jar/commons-math_fixed && patch -p1 < .bugs-dot-jar/developer-patch.diff
[INFO] Scanning for projects...
[INFO]                                                                         
[INFO] ------------------------------------------------------------------------
[INFO] Building Apache Commons Math 4.0-SNAPSHOT
[INFO] ------------------------------------------------------------------------
[INFO] 
[INFO] --- maven-clean-plugin:2.6.1:clean (default-clean) @ commons-math4 ---
[INFO] Deleting /tmp/icse19/dataset/august-2018/bugs-dot-jar/commons-math_buggy/target
[INFO] 
[INFO] --- versions-maven-plugin:2.5:use-latest-versions (default-cli) @ commons-math4 ---
[INFO] Major version changes allowed
[INFO] Updated junit:junit:jar:4.11 to version 4.12
[INFO] 
[INFO] --- diff-test-selection:0.2:list (default-cli) @ commons-math4 ---
[INFO] /tmp/icse19/dataset/august-2018/bugs-dot-jar/commons-math_buggy
[WARN] Maven will be executed in interactive mode, but no input stream has been configured for this MavenInvoker instance.
[INFO] Scanning for projects...
[INFO]                                                                         
[INFO] ------------------------------------------------------------------------
[INFO] Building Apache Commons Math 4.0-SNAPSHOT
[INFO] ------------------------------------------------------------------------
[INFO] 
[INFO] --- maven-clean-plugin:2.6.1:clean (default-clean) @ commons-math4 ---
[INFO] 
[INFO] --- clover-maven-plugin:4.2.0:setup (default-cli) @ commons-math4 ---
[INFO] No 'maven.clover.licenseLocation' configured. Using default license.
[INFO] OpenClover Version 4.2.0, built on April 30 2017 (build-1000)
[INFO] Loaded from: /home/spirals/danglot/.m2/repository/org/openclover/clover/4.2.0/clover-4.2.0.jar
[INFO] Clover free edition.
[INFO] Creating new database at '/tmp/icse19/dataset/august-2018/bugs-dot-jar/commons-math_buggy/target/clover/clover.db'.
[INFO] Processing files at 1.8 source level.
[INFO] Clover all over. Instrumented 816 files (66 packages).
[INFO] Elapsed time = 15.218 secs. (53.621 files/sec, 12,303.851 srclines/sec)
[INFO] OpenClover Version 4.2.0, built on April 30 2017 (build-1000)
[INFO] Loaded from: /home/spirals/danglot/.m2/repository/org/openclover/clover/4.2.0/clover-4.2.0.jar
[INFO] Clover free edition.
[INFO] Updating existing database at '/tmp/icse19/dataset/august-2018/bugs-dot-jar/commons-math_buggy/target/clover/clover.db'.
[INFO] Processing files at 1.8 source level.
[INFO] Clover all over. Instrumented 501 files (64 packages).
[INFO] 3994 test methods detected.
[INFO] Elapsed time = 13.21 secs. (37.926 files/sec, 9,245.042 srclines/sec)
[INFO] 
[INFO] --- maven-enforcer-plugin:1.3.1:enforce (enforce-maven-3) @ commons-math4 ---
[INFO] Skipping Rule Enforcement.
[INFO] 
[INFO] --- build-helper-maven-plugin:1.7:parse-version (parse-version) @ commons-math4 ---
[INFO] 
[INFO] --- maven-antrun-plugin:1.7:run (javadoc.resources) @ commons-math4 ---
[INFO] Executing tasks

main:
     [copy] Copying 2 files to /tmp/icse19/dataset/august-2018/bugs-dot-jar/commons-math_buggy/target/apidocs/META-INF
[INFO] Executed tasks
[INFO] 
[INFO] --- maven-remote-resources-plugin:1.5:process (default) @ commons-math4 ---
[INFO] 
[INFO] --- buildnumber-maven-plugin:1.3:create (default) @ commons-math4 ---
[INFO] Executing: /bin/sh -c cd /tmp/icse19/dataset/august-2018/bugs-dot-jar/commons-math_buggy && git rev-parse --verify HEAD
[INFO] Working directory: /tmp/icse19/dataset/august-2018/bugs-dot-jar/commons-math_buggy
[INFO] Storing buildNumber: null at timestamp: 2018-07-31 17:06:38+0200
[WARNING] Cannot get the branch information from the git repository: 
Detecting the current branch failed: fatal: ref HEAD is not a symbolic ref

[INFO] Executing: /bin/sh -c cd /tmp/icse19/dataset/august-2018/bugs-dot-jar/commons-math_buggy && git rev-parse --verify HEAD
[INFO] Working directory: /tmp/icse19/dataset/august-2018/bugs-dot-jar/commons-math_buggy
[INFO] Storing buildScmBranch: UNKNOWN
[INFO] 
[INFO] --- maven-jgit-buildnumber-plugin:1.2.10:extract-buildnumber (default) @ commons-math4 ---
[INFO] Git info extracted, revision: '8d0ca41', branch: '', tag: '', commitsCount: '1974', commitDate: '2018-02-07', buildnumber: 'UNNAMED.1974.8d0ca41'
[INFO] 
[INFO] --- maven-resources-plugin:2.7:resources (default-resources) @ commons-math4 ---
[INFO] Using 'UTF-8' encoding to copy filtered resources.
[INFO] Copying 2 resources
[INFO] Copying 2 resources to META-INF
[INFO] Copying 1 resource
[INFO] 
[INFO] --- maven-compiler-plugin:3.3:compile (default-compile) @ commons-math4 ---
[INFO] Changes detected - recompiling the module!
[INFO] Compiling 816 source files to /tmp/icse19/dataset/august-2018/bugs-dot-jar/commons-math_buggy/target/classes
[INFO] /tmp/icse19/dataset/august-2018/bugs-dot-jar/commons-math_buggy/target/clover/src-instrumented/org/apache/commons/math4/ode/AbstractIntegrator.java: Some input files use or override a deprecated API.
[INFO] /tmp/icse19/dataset/august-2018/bugs-dot-jar/commons-math_buggy/target/clover/src-instrumented/org/apache/commons/math4/ode/AbstractIntegrator.java: Recompile with -Xlint:deprecation for details.
[INFO] 
[INFO] --- maven-bundle-plugin:2.5.3:manifest (bundle-manifest) @ commons-math4 ---
[INFO] 
[INFO] --- animal-sniffer-maven-plugin:1.14:check (checkAPIcompatibility) @ commons-math4 ---
[INFO] Checking unresolved references to org.codehaus.mojo.signature:java17:1.0
[INFO] 
[INFO] --- maven-resources-plugin:2.7:testResources (default-testResources) @ commons-math4 ---
[INFO] Using 'UTF-8' encoding to copy filtered resources.
[INFO] Copying 38 resources
[INFO] Copying 2 resources to META-INF
[INFO] 
[INFO] --- maven-compiler-plugin:3.3:testCompile (default-testCompile) @ commons-math4 ---
[INFO] Changes detected - recompiling the module!
[INFO] Compiling 501 source files to /tmp/icse19/dataset/august-2018/bugs-dot-jar/commons-math_buggy/target/test-classes
[INFO] /tmp/icse19/dataset/august-2018/bugs-dot-jar/commons-math_buggy/target/clover/src-test-instrumented/org/apache/commons/math4/util/IncrementorTest.java: Some input files use or override a deprecated API.
[INFO] /tmp/icse19/dataset/august-2018/bugs-dot-jar/commons-math_buggy/target/clover/src-test-instrumented/org/apache/commons/math4/util/IncrementorTest.java: Recompile with -Xlint:deprecation for details.
[INFO] 
[INFO] --- jacoco-maven-plugin:0.7.5.201505241946:prepare-agent (prepare-agent) @ commons-math4 ---
[INFO] Skipping JaCoCo execution because property jacoco.skip is set.
[INFO] argLine set to empty
[INFO] 
[INFO] --- maven-surefire-plugin:2.18.1:test (default-test) @ commons-math4 ---
[INFO] Surefire report directory: /tmp/icse19/dataset/august-2018/bugs-dot-jar/commons-math_buggy/target/surefire-reports

-------------------------------------------------------
 T E S T S
-------------------------------------------------------
Running org.apache.commons.math4.dfp.DfpDecTest
Tests run: 3, Failures: 0, Errors: 0, Skipped: 0, Time elapsed: 0.731 sec - in org.apache.commons.math4.dfp.DfpDecTest
Running org.apache.commons.math4.dfp.DfpMathTest
Tests run: 2, Failures: 0, Errors: 0, Skipped: 0, Time elapsed: 0.127 sec - in org.apache.commons.math4.dfp.DfpMathTest
Running org.apache.commons.math4.dfp.DfpTest
Tests run: 78, Failures: 0, Errors: 0, Skipped: 0, Time elapsed: 9.563 sec - in org.apache.commons.math4.dfp.DfpTest
Running org.apache.commons.math4.fraction.BigFractionFieldTest
Tests run: 3, Failures: 0, Errors: 0, Skipped: 0, Time elapsed: 0.072 sec - in org.apache.commons.math4.fraction.BigFractionFieldTest
Running org.apache.commons.math4.fraction.FractionFormatTest
Tests run: 22, Failures: 0, Errors: 0, Skipped: 0, Time elapsed: 0.051 sec - in org.apache.commons.math4.fraction.FractionFormatTest
Running org.apache.commons.math4.fraction.BigFractionFormatTest
Tests run: 19, Failures: 0, Errors: 0, Skipped: 0, Time elapsed: 0.025 sec - in org.apache.commons.math4.fraction.BigFractionFormatTest
Running org.apache.commons.math4.fraction.FractionTest
Tests run: 26, Failures: 0, Errors: 0, Skipped: 0, Time elapsed: 0.037 sec - in org.apache.commons.math4.fraction.FractionTest
Running org.apache.commons.math4.fraction.BigFractionTest
Tests run: 29, Failures: 0, Errors: 0, Skipped: 0, Time elapsed: 0.061 sec - in org.apache.commons.math4.fraction.BigFractionTest
Running org.apache.commons.math4.fraction.FractionFieldTest
Tests run: 3, Failures: 0, Errors: 0, Skipped: 0, Time elapsed: 0.004 sec - in org.apache.commons.math4.fraction.FractionFieldTest
Running org.apache.commons.math4.optim.linear.SimplexTableauTest
Tests run: 4, Failures: 0, Errors: 0, Skipped: 0, Time elapsed: 0.038 sec - in org.apache.commons.math4.optim.linear.SimplexTableauTest
Running org.apache.commons.math4.optim.linear.SimplexSolverTest
Tests run: 30, Failures: 0, Errors: 0, Skipped: 0, Time elapsed: 0.527 sec - in org.apache.commons.math4.optim.linear.SimplexSolverTest
Running org.apache.commons.math4.optim.SimpleValueCheckerTest
Tests run: 3, Failures: 0, Errors: 0, Skipped: 0, Time elapsed: 0.009 sec - in org.apache.commons.math4.optim.SimpleValueCheckerTest
Running org.apache.commons.math4.optim.SimpleVectorValueCheckerTest
Tests run: 3, Failures: 0, Errors: 0, Skipped: 0, Time elapsed: 0.005 sec - in org.apache.commons.math4.optim.SimpleVectorValueCheckerTest
Running org.apache.commons.math4.optim.nonlinear.scalar.noderiv.SimplexOptimizerNelderMeadTest
Tests run: 11, Failures: 0, Errors: 0, Skipped: 0, Time elapsed: 0.041 sec - in org.apache.commons.math4.optim.nonlinear.scalar.noderiv.SimplexOptimizerNelderMeadTest
Running org.apache.commons.math4.optim.nonlinear.scalar.noderiv.PowellOptimizerTest
Tests run: 5, Failures: 0, Errors: 0, Skipped: 0, Time elapsed: 0.027 sec - in org.apache.commons.math4.optim.nonlinear.scalar.noderiv.PowellOptimizerTest
Running org.apache.commons.math4.optim.nonlinear.scalar.noderiv.BOBYQAOptimizerTest
Tests run: 19, Failures: 0, Errors: 0, Skipped: 1, Time elapsed: 86.218 sec - in org.apache.commons.math4.optim.nonlinear.scalar.noderiv.BOBYQAOptimizerTest
Running org.apache.commons.math4.optim.nonlinear.scalar.noderiv.SimplexOptimizerMultiDirectionalTest
Tests run: 8, Failures: 0, Errors: 0, Skipped: 0, Time elapsed: 0.092 sec - in org.apache.commons.math4.optim.nonlinear.scalar.noderiv.SimplexOptimizerMultiDirectionalTest
Running org.apache.commons.math4.optim.nonlinear.scalar.noderiv.CMAESOptimizerTest
Tests run: 24, Failures: 0, Errors: 0, Skipped: 0, Time elapsed: 128.717 sec - in org.apache.commons.math4.optim.nonlinear.scalar.noderiv.CMAESOptimizerTest
Running org.apache.commons.math4.optim.nonlinear.scalar.MultivariateFunctionPenaltyAdapterTest
Tests run: 5, Failures: 0, Errors: 0, Skipped: 0, Time elapsed: 0.02 sec - in org.apache.commons.math4.optim.nonlinear.scalar.MultivariateFunctionPenaltyAdapterTest
Running org.apache.commons.math4.optim.nonlinear.scalar.gradient.NonLinearConjugateGradientOptimizerTest
Tests run: 13, Failures: 0, Errors: 0, Skipped: 0, Time elapsed: 0.038 sec - in org.apache.commons.math4.optim.nonlinear.scalar.gradient.NonLinearConjugateGradientOptimizerTest
Running org.apache.commons.math4.optim.nonlinear.scalar.MultiStartMultivariateOptimizerTest
Tests run: 2, Failures: 0, Errors: 0, Skipped: 0, Time elapsed: 0.019 sec - in org.apache.commons.math4.optim.nonlinear.scalar.MultiStartMultivariateOptimizerTest
Running org.apache.commons.math4.optim.nonlinear.scalar.MultivariateFunctionMappingAdapterTest
Tests run: 4, Failures: 0, Errors: 0, Skipped: 0, Time elapsed: 0.015 sec - in org.apache.commons.math4.optim.nonlinear.scalar.MultivariateFunctionMappingAdapterTest
Running org.apache.commons.math4.optim.PointValuePairTest
Tests run: 1, Failures: 0, Errors: 0, Skipped: 0, Time elapsed: 0.004 sec - in org.apache.commons.math4.optim.PointValuePairTest
Running org.apache.commons.math4.optim.PointVectorValuePairTest
Tests run: 1, Failures: 0, Errors: 0, Skipped: 0, Time elapsed: 0.004 sec - in org.apache.commons.math4.optim.PointVectorValuePairTest
Running org.apache.commons.math4.optim.univariate.SimpleUnivariateValueCheckerTest
Tests run: 3, Failures: 0, Errors: 0, Skipped: 0, Time elapsed: 0.003 sec - in org.apache.commons.math4.optim.univariate.SimpleUnivariateValueCheckerTest
Running org.apache.commons.math4.optim.univariate.BracketFinderTest
Tests run: 4, Failures: 0, Errors: 0, Skipped: 0, Time elapsed: 0.008 sec - in org.apache.commons.math4.optim.univariate.BracketFinderTest
Running org.apache.commons.math4.optim.univariate.BrentOptimizerTest
Tests run: 10, Failures: 0, Errors: 0, Skipped: 0, Time elapsed: 0.058 sec - in org.apache.commons.math4.optim.univariate.BrentOptimizerTest
Running org.apache.commons.math4.optim.univariate.MultiStartUnivariateOptimizerTest
Tests run: 5, Failures: 0, Errors: 0, Skipped: 0, Time elapsed: 0.011 sec - in org.apache.commons.math4.optim.univariate.MultiStartUnivariateOptimizerTest
Running org.apache.commons.math4.optim.SimplePointCheckerTest
Tests run: 3, Failures: 0, Errors: 0, Skipped: 0, Time elapsed: 0.003 sec - in org.apache.commons.math4.optim.SimplePointCheckerTest
Running org.apache.commons.math4.ode.JacobianMatricesTest
Tests run: 7, Failures: 0, Errors: 0, Skipped: 0, Time elapsed: 5.474 sec - in org.apache.commons.math4.ode.JacobianMatricesTest
Running org.apache.commons.math4.ode.FirstOrderConverterTest
Tests run: 4, Failures: 0, Errors: 0, Skipped: 0, Time elapsed: 0.103 sec - in org.apache.commons.math4.ode.FirstOrderConverterTest
Running org.apache.commons.math4.ode.sampling.StepNormalizerOutputTest
Tests run: 16, Failures: 0, Errors: 0, Skipped: 0, Time elapsed: 0.048 sec - in org.apache.commons.math4.ode.sampling.StepNormalizerOutputTest
Running org.apache.commons.math4.ode.sampling.DummyStepInterpolatorTest
Tests run: 4, Failures: 0, Errors: 0, Skipped: 0, Time elapsed: 0.024 sec - in org.apache.commons.math4.ode.sampling.DummyStepInterpolatorTest
Running org.apache.commons.math4.ode.sampling.StepNormalizerOutputOverlapTest
Tests run: 16, Failures: 0, Errors: 0, Skipped: 0, Time elapsed: 0.035 sec - in org.apache.commons.math4.ode.sampling.StepNormalizerOutputOverlapTest
Running org.apache.commons.math4.ode.sampling.NordsieckStepInterpolatorTest
Tests run: 2, Failures: 0, Errors: 0, Skipped: 0, Time elapsed: 0.152 sec - in org.apache.commons.math4.ode.sampling.NordsieckStepInterpolatorTest
Running org.apache.commons.math4.ode.sampling.StepNormalizerTest
Tests run: 2, Failures: 0, Errors: 0, Skipped: 0, Time elapsed: 0.02 sec - in org.apache.commons.math4.ode.sampling.StepNormalizerTest
Running org.apache.commons.math4.ode.ContinuousOutputModelTest
Tests run: 4, Failures: 0, Errors: 0, Skipped: 0, Time elapsed: 0.053 sec - in org.apache.commons.math4.ode.ContinuousOutputModelTest
Running org.apache.commons.math4.ode.events.ReappearingEventTest
Tests run: 2, Failures: 0, Errors: 0, Skipped: 0, Time elapsed: 0.02 sec - in org.apache.commons.math4.ode.events.ReappearingEventTest
Running org.apache.commons.math4.ode.events.EventFilterTest
Tests run: 7, Failures: 0, Errors: 0, Skipped: 0, Time elapsed: 0.561 sec - in org.apache.commons.math4.ode.events.EventFilterTest
Running org.apache.commons.math4.ode.events.OverlappingEventsTest
Tests run: 2, Failures: 0, Errors: 0, Skipped: 0, Time elapsed: 0.024 sec - in org.apache.commons.math4.ode.events.OverlappingEventsTest
Running org.apache.commons.math4.ode.events.EventStateTest
Tests run: 4, Failures: 0, Errors: 0, Skipped: 0, Time elapsed: 0.021 sec - in org.apache.commons.math4.ode.events.EventStateTest
Running org.apache.commons.math4.ode.nonstiff.DormandPrince54StepInterpolatorTest
Tests run: 3, Failures: 0, Errors: 0, Skipped: 0, Time elapsed: 0.074 sec - in org.apache.commons.math4.ode.nonstiff.DormandPrince54StepInterpolatorTest
Running org.apache.commons.math4.ode.nonstiff.AdamsMoultonIntegratorTest
Tests run: 6, Failures: 0, Errors: 0, Skipped: 0, Time elapsed: 0.288 sec - in org.apache.commons.math4.ode.nonstiff.AdamsMoultonIntegratorTest
Running org.apache.commons.math4.ode.nonstiff.EulerIntegratorTest
Tests run: 6, Failures: 0, Errors: 0, Skipped: 0, Time elapsed: 0.156 sec - in org.apache.commons.math4.ode.nonstiff.EulerIntegratorTest
Running org.apache.commons.math4.ode.nonstiff.HighamHall54IntegratorTest
Tests run: 9, Failures: 0, Errors: 0, Skipped: 0, Time elapsed: 0.25 sec - in org.apache.commons.math4.ode.nonstiff.HighamHall54IntegratorTest
Running org.apache.commons.math4.ode.nonstiff.MidpointIntegratorTest
Tests run: 6, Failures: 0, Errors: 0, Skipped: 0, Time elapsed: 0.471 sec - in org.apache.commons.math4.ode.nonstiff.MidpointIntegratorTest
Running org.apache.commons.math4.ode.nonstiff.DormandPrince54IntegratorTest
Tests run: 8, Failures: 0, Errors: 0, Skipped: 0, Time elapsed: 0.106 sec - in org.apache.commons.math4.ode.nonstiff.DormandPrince54IntegratorTest
Running org.apache.commons.math4.ode.nonstiff.MidpointStepInterpolatorTest
Tests run: 2, Failures: 0, Errors: 0, Skipped: 0, Time elapsed: 0.037 sec - in org.apache.commons.math4.ode.nonstiff.MidpointStepInterpolatorTest
Running org.apache.commons.math4.ode.nonstiff.HighamHall54StepInterpolatorTest
Tests run: 3, Failures: 0, Errors: 0, Skipped: 0, Time elapsed: 0.069 sec - in org.apache.commons.math4.ode.nonstiff.HighamHall54StepInterpolatorTest
Running org.apache.commons.math4.ode.nonstiff.ThreeEighthesStepInterpolatorTest
Tests run: 2, Failures: 0, Errors: 0, Skipped: 0, Time elapsed: 0.11 sec - in org.apache.commons.math4.ode.nonstiff.ThreeEighthesStepInterpolatorTest
Running org.apache.commons.math4.ode.nonstiff.LutherStepInterpolatorTest
Tests run: 2, Failures: 0, Errors: 0, Skipped: 0, Time elapsed: 0.158 sec - in org.apache.commons.math4.ode.nonstiff.LutherStepInterpolatorTest
Running org.apache.commons.math4.ode.nonstiff.ClassicalRungeKuttaIntegratorTest
Tests run: 9, Failures: 0, Errors: 0, Skipped: 0, Time elapsed: 0.565 sec - in org.apache.commons.math4.ode.nonstiff.ClassicalRungeKuttaIntegratorTest
Running org.apache.commons.math4.ode.nonstiff.DormandPrince853IntegratorTest
Tests run: 12, Failures: 0, Errors: 0, Skipped: 0, Time elapsed: 0.067 sec - in org.apache.commons.math4.ode.nonstiff.DormandPrince853IntegratorTest
Running org.apache.commons.math4.ode.nonstiff.GillStepInterpolatorTest
Tests run: 2, Failures: 0, Errors: 0, Skipped: 0, Time elapsed: 0.12 sec - in org.apache.commons.math4.ode.nonstiff.GillStepInterpolatorTest
Running org.apache.commons.math4.ode.nonstiff.AdamsBashforthIntegratorTest
Tests run: 6, Failures: 0, Errors: 0, Skipped: 0, Time elapsed: 0.228 sec - in org.apache.commons.math4.ode.nonstiff.AdamsBashforthIntegratorTest
Running org.apache.commons.math4.ode.nonstiff.GraggBulirschStoerStepInterpolatorTest
Tests run: 3, Failures: 0, Errors: 0, Skipped: 0, Time elapsed: 0.095 sec - in org.apache.commons.math4.ode.nonstiff.GraggBulirschStoerStepInterpolatorTest
Running org.apache.commons.math4.ode.nonstiff.LutherIntegratorTest
Tests run: 9, Failures: 0, Errors: 0, Skipped: 0, Time elapsed: 0.655 sec - in org.apache.commons.math4.ode.nonstiff.LutherIntegratorTest
Running org.apache.commons.math4.ode.nonstiff.DormandPrince853StepInterpolatorTest
Tests run: 3, Failures: 0, Errors: 0, Skipped: 0, Time elapsed: 0.048 sec - in org.apache.commons.math4.ode.nonstiff.DormandPrince853StepInterpolatorTest
Running org.apache.commons.math4.ode.nonstiff.ThreeEighthesIntegratorTest
Tests run: 7, Failures: 0, Errors: 0, Skipped: 0, Time elapsed: 0.529 sec - in org.apache.commons.math4.ode.nonstiff.ThreeEighthesIntegratorTest
Running org.apache.commons.math4.ode.nonstiff.EulerStepInterpolatorTest
Tests run: 5, Failures: 0, Errors: 0, Skipped: 0, Time elapsed: 0.035 sec - in org.apache.commons.math4.ode.nonstiff.EulerStepInterpolatorTest
Running org.apache.commons.math4.ode.nonstiff.GillIntegratorTest
Tests run: 8, Failures: 0, Errors: 0, Skipped: 0, Time elapsed: 0.512 sec - in org.apache.commons.math4.ode.nonstiff.GillIntegratorTest
Running org.apache.commons.math4.ode.nonstiff.ClassicalRungeKuttaStepInterpolatorTest
Tests run: 2, Failures: 0, Errors: 0, Skipped: 0, Time elapsed: 0.099 sec - in org.apache.commons.math4.ode.nonstiff.ClassicalRungeKuttaStepInterpolatorTest
Running org.apache.commons.math4.exception.NotStrictlyPositiveExceptionTest
Tests run: 1, Failures: 0, Errors: 0, Skipped: 0, Time elapsed: 0.001 sec - in org.apache.commons.math4.exception.NotStrictlyPositiveExceptionTest
Running org.apache.commons.math4.exception.NonMonotonicSequenceExceptionTest
Tests run: 1, Failures: 0, Errors: 0, Skipped: 0, Time elapsed: 0.001 sec - in org.apache.commons.math4.exception.NonMonotonicSequenceExceptionTest
Running org.apache.commons.math4.exception.MaxCountExceededExceptionTest
Tests run: 1, Failures: 0, Errors: 0, Skipped: 0, Time elapsed: 0.001 sec - in org.apache.commons.math4.exception.MaxCountExceededExceptionTest
Running org.apache.commons.math4.exception.TooManyEvaluationsExceptionTest
Tests run: 1, Failures: 0, Errors: 0, Skipped: 0, Time elapsed: 0.002 sec - in org.apache.commons.math4.exception.TooManyEvaluationsExceptionTest
Running org.apache.commons.math4.exception.util.LocalizedFormatsTest
Tests run: 6, Failures: 0, Errors: 0, Skipped: 0, Time elapsed: 0.067 sec - in org.apache.commons.math4.exception.util.LocalizedFormatsTest
Running org.apache.commons.math4.exception.util.ArgUtilsTest
Tests run: 1, Failures: 0, Errors: 0, Skipped: 0, Time elapsed: 0.004 sec - in org.apache.commons.math4.exception.util.ArgUtilsTest
Running org.apache.commons.math4.exception.util.ExceptionContextTest
Tests run: 5, Failures: 0, Errors: 0, Skipped: 0, Time elapsed: 0.017 sec - in org.apache.commons.math4.exception.util.ExceptionContextTest
Running org.apache.commons.math4.exception.NumberIsTooSmallExceptionTest
Tests run: 1, Failures: 0, Errors: 0, Skipped: 0, Time elapsed: 0 sec - in org.apache.commons.math4.exception.NumberIsTooSmallExceptionTest
Running org.apache.commons.math4.exception.DimensionMismatchExceptionTest
Tests run: 1, Failures: 0, Errors: 0, Skipped: 0, Time elapsed: 0.001 sec - in org.apache.commons.math4.exception.DimensionMismatchExceptionTest
Running org.apache.commons.math4.exception.OutOfRangeExceptionTest
Tests run: 1, Failures: 0, Errors: 0, Skipped: 0, Time elapsed: 0.002 sec - in org.apache.commons.math4.exception.OutOfRangeExceptionTest
Running org.apache.commons.math4.exception.NotPositiveExceptionTest
Tests run: 1, Failures: 0, Errors: 0, Skipped: 0, Time elapsed: 0.001 sec - in org.apache.commons.math4.exception.NotPositiveExceptionTest
Running org.apache.commons.math4.exception.NumberIsTooLargeExceptionTest
Tests run: 1, Failures: 0, Errors: 0, Skipped: 0, Time elapsed: 0 sec - in org.apache.commons.math4.exception.NumberIsTooLargeExceptionTest
Running org.apache.commons.math4.linear.BlockRealMatrixTest
Tests run: 48, Failures: 0, Errors: 0, Skipped: 0, Time elapsed: 0.609 sec - in org.apache.commons.math4.linear.BlockRealMatrixTest
Running org.apache.commons.math4.linear.CholeskyDecompositionTest
Tests run: 9, Failures: 0, Errors: 0, Skipped: 0, Time elapsed: 0.01 sec - in org.apache.commons.math4.linear.CholeskyDecompositionTest
Running org.apache.commons.math4.linear.HessenbergTransformerTest
Tests run: 9, Failures: 0, Errors: 0, Skipped: 0, Time elapsed: 0.628 sec - in org.apache.commons.math4.linear.HessenbergTransformerTest
Running org.apache.commons.math4.linear.CholeskySolverTest
Tests run: 3, Failures: 0, Errors: 0, Skipped: 0, Time elapsed: 0.005 sec - in org.apache.commons.math4.linear.CholeskySolverTest
Running org.apache.commons.math4.linear.DiagonalMatrixTest
Tests run: 29, Failures: 0, Errors: 0, Skipped: 0, Time elapsed: 0.033 sec - in org.apache.commons.math4.linear.DiagonalMatrixTest
Running org.apache.commons.math4.linear.EigenSolverTest
Tests run: 8, Failures: 0, Errors: 0, Skipped: 0, Time elapsed: 0.014 sec - in org.apache.commons.math4.linear.EigenSolverTest
Running org.apache.commons.math4.linear.RealMatrixFormatTest
Tests run: 29, Failures: 0, Errors: 0, Skipped: 1, Time elapsed: 0.029 sec - in org.apache.commons.math4.linear.RealMatrixFormatTest
Running org.apache.commons.math4.linear.SparseFieldMatrixTest
Tests run: 24, Failures: 0, Errors: 0, Skipped: 0, Time elapsed: 0.044 sec - in org.apache.commons.math4.linear.SparseFieldMatrixTest
Running org.apache.commons.math4.linear.BlockFieldMatrixTest
Tests run: 46, Failures: 0, Errors: 0, Skipped: 0, Time elapsed: 1.92 sec - in org.apache.commons.math4.linear.BlockFieldMatrixTest
Running org.apache.commons.math4.linear.SparseRealMatrixTest
Tests run: 27, Failures: 0, Errors: 0, Skipped: 0, Time elapsed: 0.052 sec - in org.apache.commons.math4.linear.SparseRealMatrixTest
Running org.apache.commons.math4.linear.SingularValueDecompositionTest
Tests run: 13, Failures: 0, Errors: 0, Skipped: 0, Time elapsed: 3.387 sec - in org.apache.commons.math4.linear.SingularValueDecompositionTest
Running org.apache.commons.math4.linear.SchurTransformerTest
Tests run: 8, Failures: 0, Errors: 0, Skipped: 0, Time elapsed: 0.923 sec - in org.apache.commons.math4.linear.SchurTransformerTest
Running org.apache.commons.math4.linear.LUDecompositionTest
Tests run: 9, Failures: 0, Errors: 0, Skipped: 0, Time elapsed: 0.012 sec - in org.apache.commons.math4.linear.LUDecompositionTest
Running org.apache.commons.math4.linear.BiDiagonalTransformerTest
Tests run: 8, Failures: 0, Errors: 0, Skipped: 0, Time elapsed: 0.013 sec - in org.apache.commons.math4.linear.BiDiagonalTransformerTest
Running org.apache.commons.math4.linear.RRQRSolverTest
Tests run: 6, Failures: 0, Errors: 0, Skipped: 0, Time elapsed: 0.194 sec - in org.apache.commons.math4.linear.RRQRSolverTest
Running org.apache.commons.math4.linear.QRSolverTest
Tests run: 6, Failures: 0, Errors: 0, Skipped: 0, Time elapsed: 0.13 sec - in org.apache.commons.math4.linear.QRSolverTest
Running org.apache.commons.math4.linear.QRDecompositionTest
Tests run: 10, Failures: 0, Errors: 0, Skipped: 0, Time elapsed: 0.253 sec - in org.apache.commons.math4.linear.QRDecompositionTest
Running org.apache.commons.math4.linear.FieldMatrixImplTest
Tests run: 37, Failures: 0, Errors: 0, Skipped: 0, Time elapsed: 0.184 sec - in org.apache.commons.math4.linear.FieldMatrixImplTest
Running org.apache.commons.math4.linear.UnmodifiableOpenMapRealVectorTest
Tests run: 8, Failures: 0, Errors: 0, Skipped: 0, Time elapsed: 0.557 sec - in org.apache.commons.math4.linear.UnmodifiableOpenMapRealVectorTest
Running org.apache.commons.math4.linear.RealVectorFormatTest
Tests run: 30, Failures: 0, Errors: 0, Skipped: 0, Time elapsed: 0.036 sec - in org.apache.commons.math4.linear.RealVectorFormatTest
Running org.apache.commons.math4.linear.SparseRealVectorTest
Tests run: 106, Failures: 0, Errors: 0, Skipped: 0, Time elapsed: 0.429 sec - in org.apache.commons.math4.linear.SparseRealVectorTest
Running org.apache.commons.math4.linear.ConjugateGradientTest
Tests run: 17, Failures: 0, Errors: 0, Skipped: 0, Time elapsed: 0.607 sec - in org.apache.commons.math4.linear.ConjugateGradientTest
Running org.apache.commons.math4.linear.MatrixDimensionMismatchExceptionTest
Tests run: 1, Failures: 0, Errors: 0, Skipped: 0, Time elapsed: 0.001 sec - in org.apache.commons.math4.linear.MatrixDimensionMismatchExceptionTest
Running org.apache.commons.math4.linear.RRQRDecompositionTest
Tests run: 7, Failures: 0, Errors: 0, Skipped: 0, Time elapsed: 0.248 sec - in org.apache.commons.math4.linear.RRQRDecompositionTest
Running org.apache.commons.math4.linear.FrenchRealVectorFormatTest
Tests run: 30, Failures: 0, Errors: 0, Skipped: 0, Time elapsed: 0.035 sec - in org.apache.commons.math4.linear.FrenchRealVectorFormatTest
Running org.apache.commons.math4.linear.RealVectorTest
Tests run: 105, Failures: 0, Errors: 0, Skipped: 24, Time elapsed: 0.23 sec - in org.apache.commons.math4.linear.RealVectorTest
Running org.apache.commons.math4.linear.SingularValueSolverTest
Tests run: 6, Failures: 0, Errors: 0, Skipped: 0, Time elapsed: 0.006 sec - in org.apache.commons.math4.linear.SingularValueSolverTest
Running org.apache.commons.math4.linear.UnmodifiableArrayRealVectorTest
Tests run: 8, Failures: 0, Errors: 0, Skipped: 0, Time elapsed: 0.057 sec - in org.apache.commons.math4.linear.UnmodifiableArrayRealVectorTest
Running org.apache.commons.math4.linear.RectangularCholeskyDecompositionTest
Tests run: 3, Failures: 0, Errors: 0, Skipped: 0, Time elapsed: 0.005 sec - in org.apache.commons.math4.linear.RectangularCholeskyDecompositionTest
Running org.apache.commons.math4.linear.FieldLUDecompositionTest
Tests run: 9, Failures: 0, Errors: 0, Skipped: 0, Time elapsed: 0.025 sec - in org.apache.commons.math4.linear.FieldLUDecompositionTest
Running org.apache.commons.math4.linear.EigenDecompositionTest
Tests run: 30, Failures: 0, Errors: 0, Skipped: 2, Time elapsed: 0.968 sec - in org.apache.commons.math4.linear.EigenDecompositionTest
Running org.apache.commons.math4.linear.SymmLQTest
Tests run: 36, Failures: 0, Errors: 0, Skipped: 0, Time elapsed: 0.953 sec - in org.apache.commons.math4.linear.SymmLQTest
Running org.apache.commons.math4.linear.LUSolverTest
Tests run: 6, Failures: 0, Errors: 0, Skipped: 0, Time elapsed: 0.005 sec - in org.apache.commons.math4.linear.LUSolverTest
Running org.apache.commons.math4.linear.OpenMapRealMatrixTest
Tests run: 2, Failures: 0, Errors: 0, Skipped: 0, Time elapsed: 0.004 sec - in org.apache.commons.math4.linear.OpenMapRealMatrixTest
Running org.apache.commons.math4.linear.TriDiagonalTransformerTest
Tests run: 8, Failures: 0, Errors: 0, Skipped: 0, Time elapsed: 0.012 sec - in org.apache.commons.math4.linear.TriDiagonalTransformerTest
Running org.apache.commons.math4.linear.ArrayRealVectorTest
Tests run: 108, Failures: 0, Errors: 0, Skipped: 0, Time elapsed: 0.21 sec - in org.apache.commons.math4.linear.ArrayRealVectorTest
Running org.apache.commons.math4.linear.Array2DRowRealMatrixTest
Tests run: 39, Failures: 0, Errors: 0, Skipped: 0, Time elapsed: 0.066 sec - in org.apache.commons.math4.linear.Array2DRowRealMatrixTest
Running org.apache.commons.math4.linear.SparseFieldVectorTest
Tests run: 17, Failures: 0, Errors: 0, Skipped: 0, Time elapsed: 0.032 sec - in org.apache.commons.math4.linear.SparseFieldVectorTest
Running org.apache.commons.math4.linear.ArrayFieldVectorTest
Tests run: 20, Failures: 0, Errors: 0, Skipped: 0, Time elapsed: 0.024 sec - in org.apache.commons.math4.linear.ArrayFieldVectorTest
Running org.apache.commons.math4.linear.MatrixUtilsTest
Tests run: 22, Failures: 0, Errors: 0, Skipped: 0, Time elapsed: 0.027 sec - in org.apache.commons.math4.linear.MatrixUtilsTest
Running org.apache.commons.math4.linear.FieldLUSolverTest
Tests run: 5, Failures: 0, Errors: 0, Skipped: 0, Time elapsed: 0.006 sec - in org.apache.commons.math4.linear.FieldLUSolverTest
Running org.apache.commons.math4.complex.ComplexTest
Tests run: 137, Failures: 0, Errors: 0, Skipped: 1, Time elapsed: 0.141 sec - in org.apache.commons.math4.complex.ComplexTest
Running org.apache.commons.math4.complex.FrenchComplexFormatTest
Tests run: 31, Failures: 0, Errors: 0, Skipped: 0, Time elapsed: 0.027 sec - in org.apache.commons.math4.complex.FrenchComplexFormatTest
Running org.apache.commons.math4.complex.ComplexUtilsTest
Tests run: 5, Failures: 0, Errors: 0, Skipped: 0, Time elapsed: 0.006 sec - in org.apache.commons.math4.complex.ComplexUtilsTest
Running org.apache.commons.math4.complex.ComplexFieldTest
Tests run: 3, Failures: 0, Errors: 0, Skipped: 0, Time elapsed: 0.005 sec - in org.apache.commons.math4.complex.ComplexFieldTest
Running org.apache.commons.math4.complex.RootsOfUnityTest
Tests run: 6, Failures: 0, Errors: 0, Skipped: 0, Time elapsed: 0.006 sec - in org.apache.commons.math4.complex.RootsOfUnityTest
Running org.apache.commons.math4.complex.ComplexFormatTest
Tests run: 31, Failures: 0, Errors: 0, Skipped: 0, Time elapsed: 0.024 sec - in org.apache.commons.math4.complex.ComplexFormatTest
Running org.apache.commons.math4.complex.QuaternionTest
Tests run: 22, Failures: 0, Errors: 0, Skipped: 0, Time elapsed: 0.044 sec - in org.apache.commons.math4.complex.QuaternionTest
Running org.apache.commons.math4.ml.clustering.DBSCANClustererTest
Tests run: 7, Failures: 0, Errors: 0, Skipped: 0, Time elapsed: 0.017 sec - in org.apache.commons.math4.ml.clustering.DBSCANClustererTest
Running org.apache.commons.math4.ml.clustering.MultiKMeansPlusPlusClustererTest
Tests run: 1, Failures: 0, Errors: 0, Skipped: 0, Time elapsed: 0.01 sec - in org.apache.commons.math4.ml.clustering.MultiKMeansPlusPlusClustererTest
Running org.apache.commons.math4.ml.clustering.evaluation.SumOfClusterVariancesTest
Tests run: 2, Failures: 0, Errors: 0, Skipped: 0, Time elapsed: 0.003 sec - in org.apache.commons.math4.ml.clustering.evaluation.SumOfClusterVariancesTest
Running org.apache.commons.math4.ml.clustering.KMeansPlusPlusClustererTest
Tests run: 4, Failures: 0, Errors: 0, Skipped: 0, Time elapsed: 0.111 sec - in org.apache.commons.math4.ml.clustering.KMeansPlusPlusClustererTest
Running org.apache.commons.math4.ml.clustering.FuzzyKMeansClustererTest
Tests run: 6, Failures: 0, Errors: 0, Skipped: 0, Time elapsed: 0.021 sec - in org.apache.commons.math4.ml.clustering.FuzzyKMeansClustererTest
Running org.apache.commons.math4.ml.distance.EuclideanDistanceTest
Tests run: 2, Failures: 0, Errors: 0, Skipped: 0, Time elapsed: 0.002 sec - in org.apache.commons.math4.ml.distance.EuclideanDistanceTest
Running org.apache.commons.math4.ml.distance.EarthMoversDistanceTest
Tests run: 3, Failures: 0, Errors: 0, Skipped: 0, Time elapsed: 0.004 sec - in org.apache.commons.math4.ml.distance.EarthMoversDistanceTest
Running org.apache.commons.math4.ml.distance.CanberraDistanceTest
Tests run: 3, Failures: 0, Errors: 0, Skipped: 0, Time elapsed: 0.004 sec - in org.apache.commons.math4.ml.distance.CanberraDistanceTest
Running org.apache.commons.math4.ml.distance.ManhattanDistanceTest
Tests run: 2, Failures: 0, Errors: 0, Skipped: 0, Time elapsed: 0.004 sec - in org.apache.commons.math4.ml.distance.ManhattanDistanceTest
Running org.apache.commons.math4.ml.distance.ChebyshevDistanceTest
Tests run: 2, Failures: 0, Errors: 0, Skipped: 0, Time elapsed: 0.004 sec - in org.apache.commons.math4.ml.distance.ChebyshevDistanceTest
Running org.apache.commons.math4.ml.neuralnet.NetworkTest
Tests run: 6, Failures: 0, Errors: 0, Skipped: 0, Time elapsed: 0.022 sec - in org.apache.commons.math4.ml.neuralnet.NetworkTest
Running org.apache.commons.math4.ml.neuralnet.sofm.NeighbourhoodSizeFunctionFactoryTest
Tests run: 9, Failures: 0, Errors: 0, Skipped: 0, Time elapsed: 0.022 sec - in org.apache.commons.math4.ml.neuralnet.sofm.NeighbourhoodSizeFunctionFactoryTest
Running org.apache.commons.math4.ml.neuralnet.sofm.util.QuasiSigmoidDecayFunctionTest
Tests run: 4, Failures: 0, Errors: 0, Skipped: 0, Time elapsed: 0.004 sec - in org.apache.commons.math4.ml.neuralnet.sofm.util.QuasiSigmoidDecayFunctionTest
Running org.apache.commons.math4.ml.neuralnet.sofm.util.ExponentialDecayFunctionTest
Tests run: 5, Failures: 0, Errors: 0, Skipped: 0, Time elapsed: 0.005 sec - in org.apache.commons.math4.ml.neuralnet.sofm.util.ExponentialDecayFunctionTest
Running org.apache.commons.math4.ml.neuralnet.sofm.KohonenUpdateActionTest
Tests run: 1, Failures: 0, Errors: 0, Skipped: 0, Time elapsed: 0.009 sec - in org.apache.commons.math4.ml.neuralnet.sofm.KohonenUpdateActionTest
Running org.apache.commons.math4.ml.neuralnet.sofm.LearningFactorFunctionFactoryTest
Tests run: 11, Failures: 0, Errors: 0, Skipped: 0, Time elapsed: 0.011 sec - in org.apache.commons.math4.ml.neuralnet.sofm.LearningFactorFunctionFactoryTest
Running org.apache.commons.math4.ml.neuralnet.sofm.KohonenTrainingTaskTest
Tests run: 2, Failures: 0, Errors: 0, Skipped: 0, Time elapsed: 2.131 sec - in org.apache.commons.math4.ml.neuralnet.sofm.KohonenTrainingTaskTest
Running org.apache.commons.math4.ml.neuralnet.twod.NeuronSquareMesh2DTest
Tests run: 18, Failures: 0, Errors: 0, Skipped: 0, Time elapsed: 0.026 sec - in org.apache.commons.math4.ml.neuralnet.twod.NeuronSquareMesh2DTest
Running org.apache.commons.math4.ml.neuralnet.twod.util.LocationFinderTest
Tests run: 1, Failures: 0, Errors: 0, Skipped: 0, Time elapsed: 0.003 sec - in org.apache.commons.math4.ml.neuralnet.twod.util.LocationFinderTest
Running org.apache.commons.math4.ml.neuralnet.oned.NeuronStringTest
Tests run: 4, Failures: 0, Errors: 0, Skipped: 0, Time elapsed: 0.007 sec - in org.apache.commons.math4.ml.neuralnet.oned.NeuronStringTest
Running org.apache.commons.math4.ml.neuralnet.NeuronTest
Tests run: 6, Failures: 0, Errors: 0, Skipped: 0, Time elapsed: 0.006 sec - in org.apache.commons.math4.ml.neuralnet.NeuronTest
Running org.apache.commons.math4.ml.neuralnet.MapUtilsTest
Tests run: 2, Failures: 0, Errors: 0, Skipped: 0, Time elapsed: 0.004 sec - in org.apache.commons.math4.ml.neuralnet.MapUtilsTest
Running org.apache.commons.math4.random.ValueServerTest
Tests run: 9, Failures: 0, Errors: 0, Skipped: 0, Time elapsed: 0.349 sec - in org.apache.commons.math4.random.ValueServerTest
Running org.apache.commons.math4.random.Well512aTest
Tests run: 64, Failures: 1, Errors: 0, Skipped: 1, Time elapsed: 16.259 sec <<< FAILURE! - in org.apache.commons.math4.random.Well512aTest
testNextBytesChunks(org.apache.commons.math4.random.Well512aTest)  Time elapsed: 0.013 sec  <<< FAILURE!
org.junit.internal.ArrayComparisonFailure: chunkSize=4 numChunks=2: arrays first differed at element [0]; expected:<-14> but was:<37>
	at org.junit.internal.ComparisonCriteria.arrayEquals(ComparisonCriteria.java:55)
	at org.junit.Assert.internalArrayEquals(Assert.java:532)
	at org.junit.Assert.assertArrayEquals(Assert.java:341)
	at org.apache.commons.math4.random.RandomGeneratorAbstractTest.checkNextBytesChunks(RandomGeneratorAbstractTest.java:483)
	at org.apache.commons.math4.random.RandomGeneratorAbstractTest.__CLR4_2_0dvu95f271n(RandomGeneratorAbstractTest.java:372)
	at org.apache.commons.math4.random.RandomGeneratorAbstractTest.testNextBytesChunks(RandomGeneratorAbstractTest.java:367)
	at sun.reflect.NativeMethodAccessorImpl.invoke0(Native Method)
	at sun.reflect.NativeMethodAccessorImpl.invoke(NativeMethodAccessorImpl.java:62)
	at sun.reflect.DelegatingMethodAccessorImpl.invoke(DelegatingMethodAccessorImpl.java:43)
	at java.lang.reflect.Method.invoke(Method.java:498)
	at org.junit.runners.model.FrameworkMethod$1.runReflectiveCall(FrameworkMethod.java:50)
	at org.junit.internal.runners.model.ReflectiveCallable.run(ReflectiveCallable.java:12)
	at org.junit.runners.model.FrameworkMethod.invokeExplosively(FrameworkMethod.java:47)
	at org.junit.internal.runners.statements.InvokeMethod.evaluate(InvokeMethod.java:17)
	at org.apache.commons.math4.RetryRunner$1.evaluate(RetryRunner.java:59)
	at org.junit.internal.runners.statements.RunBefores.evaluate(RunBefores.java:26)
	at org.junit.runners.ParentRunner.runLeaf(ParentRunner.java:325)
	at org.junit.runners.BlockJUnit4ClassRunner.runChild(BlockJUnit4ClassRunner.java:78)
	at org.junit.runners.BlockJUnit4ClassRunner.runChild(BlockJUnit4ClassRunner.java:57)
	at org.junit.runners.ParentRunner$3.run(ParentRunner.java:290)
	at org.junit.runners.ParentRunner$1.schedule(ParentRunner.java:71)
	at org.junit.runners.ParentRunner.runChildren(ParentRunner.java:288)
	at org.junit.runners.ParentRunner.access$000(ParentRunner.java:58)
	at org.junit.runners.ParentRunner$2.evaluate(ParentRunner.java:268)
	at org.junit.runners.ParentRunner.run(ParentRunner.java:363)
	at org.apache.maven.surefire.junit4.JUnit4Provider.execute(JUnit4Provider.java:283)
	at org.apache.maven.surefire.junit4.JUnit4Provider.executeWithRerun(JUnit4Provider.java:173)
	at org.apache.maven.surefire.junit4.JUnit4Provider.executeTestSet(JUnit4Provider.java:153)
	at org.apache.maven.surefire.junit4.JUnit4Provider.invoke(JUnit4Provider.java:128)
	at org.apache.maven.surefire.booter.ForkedBooter.invokeProviderInSameClassLoader(ForkedBooter.java:203)
	at org.apache.maven.surefire.booter.ForkedBooter.runSuitesInProcess(ForkedBooter.java:155)
	at org.apache.maven.surefire.booter.ForkedBooter.main(ForkedBooter.java:103)
Caused by: java.lang.AssertionError: expected:<-14> but was:<37>
	at org.junit.Assert.fail(Assert.java:88)
	at org.junit.Assert.failNotEquals(Assert.java:834)
	at org.junit.Assert.assertEquals(Assert.java:118)
	at org.junit.Assert.assertEquals(Assert.java:144)
	at org.junit.internal.ExactComparisonCriteria.assertElementsEqual(ExactComparisonCriteria.java:8)
	at org.junit.internal.ComparisonCriteria.arrayEquals(ComparisonCriteria.java:53)
	at org.junit.Assert.internalArrayEquals(Assert.java:532)
	at org.junit.Assert.assertArrayEquals(Assert.java:341)
	at org.apache.commons.math4.random.RandomGeneratorAbstractTest.checkNextBytesChunks(RandomGeneratorAbstractTest.java:483)
	at org.apache.commons.math4.random.RandomGeneratorAbstractTest.__CLR4_2_0dvu95f271n(RandomGeneratorAbstractTest.java:372)
	at org.apache.commons.math4.random.RandomGeneratorAbstractTest.testNextBytesChunks(RandomGeneratorAbstractTest.java:367)
	at sun.reflect.NativeMethodAccessorImpl.invoke0(Native Method)
	at sun.reflect.NativeMethodAccessorImpl.invoke(NativeMethodAccessorImpl.java:62)
	at sun.reflect.DelegatingMethodAccessorImpl.invoke(DelegatingMethodAccessorImpl.java:43)
	at java.lang.reflect.Method.invoke(Method.java:498)
	at org.junit.runners.model.FrameworkMethod$1.runReflectiveCall(FrameworkMethod.java:50)
	at org.junit.internal.runners.model.ReflectiveCallable.run(ReflectiveCallable.java:12)
	at org.junit.runners.model.FrameworkMethod.invokeExplosively(FrameworkMethod.java:47)
	at org.junit.internal.runners.statements.InvokeMethod.evaluate(InvokeMethod.java:17)
	at org.apache.commons.math4.RetryRunner$1.evaluate(RetryRunner.java:59)
	at org.junit.internal.runners.statements.RunBefores.evaluate(RunBefores.java:26)
	at org.junit.runners.ParentRunner.runLeaf(ParentRunner.java:325)
	at org.junit.runners.BlockJUnit4ClassRunner.runChild(BlockJUnit4ClassRunner.java:78)
	at org.junit.runners.BlockJUnit4ClassRunner.runChild(BlockJUnit4ClassRunner.java:57)
	at org.junit.runners.ParentRunner$3.run(ParentRunner.java:290)
	at org.junit.runners.ParentRunner$1.schedule(ParentRunner.java:71)
	at org.junit.runners.ParentRunner.runChildren(ParentRunner.java:288)
	at org.junit.runners.ParentRunner.access$000(ParentRunner.java:58)
	at org.junit.runners.ParentRunner$2.evaluate(ParentRunner.java:268)
	at org.junit.runners.ParentRunner.run(ParentRunner.java:363)
	at org.apache.maven.surefire.junit4.JUnit4Provider.execute(JUnit4Provider.java:283)
	at org.apache.maven.surefire.junit4.JUnit4Provider.executeWithRerun(JUnit4Provider.java:173)
	at org.apache.maven.surefire.junit4.JUnit4Provider.executeTestSet(JUnit4Provider.java:153)
	at org.apache.maven.surefire.junit4.JUnit4Provider.invoke(JUnit4Provider.java:128)
	at org.apache.maven.surefire.booter.ForkedBooter.invokeProviderInSameClassLoader(ForkedBooter.java:203)
	at org.apache.maven.surefire.booter.ForkedBooter.runSuitesInProcess(ForkedBooter.java:155)
	at org.apache.maven.surefire.booter.ForkedBooter.main(ForkedBooter.java:103)

Running org.apache.commons.math4.random.UniformRandomGeneratorTest
Tests run: 1, Failures: 0, Errors: 0, Skipped: 0, Time elapsed: 0.015 sec - in org.apache.commons.math4.random.UniformRandomGeneratorTest
Running org.apache.commons.math4.random.CorrelatedRandomVectorGeneratorTest
Tests run: 5, Failures: 0, Errors: 0, Skipped: 0, Time elapsed: 0.549 sec - in org.apache.commons.math4.random.CorrelatedRandomVectorGeneratorTest
Running org.apache.commons.math4.random.SobolSequenceGeneratorTest
Tests run: 4, Failures: 0, Errors: 0, Skipped: 0, Time elapsed: 0.035 sec - in org.apache.commons.math4.random.SobolSequenceGeneratorTest
Running org.apache.commons.math4.random.Well1024aTest
Tests run: 64, Failures: 1, Errors: 0, Skipped: 1, Time elapsed: 16.023 sec <<< FAILURE! - in org.apache.commons.math4.random.Well1024aTest
testNextBytesChunks(org.apache.commons.math4.random.Well1024aTest)  Time elapsed: 0.003 sec  <<< FAILURE!
org.junit.internal.ArrayComparisonFailure: chunkSize=4 numChunks=2: arrays first differed at element [0]; expected:<110> but was:<-24>
	at org.junit.internal.ComparisonCriteria.arrayEquals(ComparisonCriteria.java:55)
	at org.junit.Assert.internalArrayEquals(Assert.java:532)
	at org.junit.Assert.assertArrayEquals(Assert.java:341)
	at org.apache.commons.math4.random.RandomGeneratorAbstractTest.checkNextBytesChunks(RandomGeneratorAbstractTest.java:483)
	at org.apache.commons.math4.random.RandomGeneratorAbstractTest.__CLR4_2_0dvu95f271n(RandomGeneratorAbstractTest.java:372)
	at org.apache.commons.math4.random.RandomGeneratorAbstractTest.testNextBytesChunks(RandomGeneratorAbstractTest.java:367)
	at sun.reflect.NativeMethodAccessorImpl.invoke0(Native Method)
	at sun.reflect.NativeMethodAccessorImpl.invoke(NativeMethodAccessorImpl.java:62)
	at sun.reflect.DelegatingMethodAccessorImpl.invoke(DelegatingMethodAccessorImpl.java:43)
	at java.lang.reflect.Method.invoke(Method.java:498)
	at org.junit.runners.model.FrameworkMethod$1.runReflectiveCall(FrameworkMethod.java:50)
	at org.junit.internal.runners.model.ReflectiveCallable.run(ReflectiveCallable.java:12)
	at org.junit.runners.model.FrameworkMethod.invokeExplosively(FrameworkMethod.java:47)
	at org.junit.internal.runners.statements.InvokeMethod.evaluate(InvokeMethod.java:17)
	at org.apache.commons.math4.RetryRunner$1.evaluate(RetryRunner.java:59)
	at org.junit.internal.runners.statements.RunBefores.evaluate(RunBefores.java:26)
	at org.junit.runners.ParentRunner.runLeaf(ParentRunner.java:325)
	at org.junit.runners.BlockJUnit4ClassRunner.runChild(BlockJUnit4ClassRunner.java:78)
	at org.junit.runners.BlockJUnit4ClassRunner.runChild(BlockJUnit4ClassRunner.java:57)
	at org.junit.runners.ParentRunner$3.run(ParentRunner.java:290)
	at org.junit.runners.ParentRunner$1.schedule(ParentRunner.java:71)
	at org.junit.runners.ParentRunner.runChildren(ParentRunner.java:288)
	at org.junit.runners.ParentRunner.access$000(ParentRunner.java:58)
	at org.junit.runners.ParentRunner$2.evaluate(ParentRunner.java:268)
	at org.junit.runners.ParentRunner.run(ParentRunner.java:363)
	at org.apache.maven.surefire.junit4.JUnit4Provider.execute(JUnit4Provider.java:283)
	at org.apache.maven.surefire.junit4.JUnit4Provider.executeWithRerun(JUnit4Provider.java:173)
	at org.apache.maven.surefire.junit4.JUnit4Provider.executeTestSet(JUnit4Provider.java:153)
	at org.apache.maven.surefire.junit4.JUnit4Provider.invoke(JUnit4Provider.java:128)
	at org.apache.maven.surefire.booter.ForkedBooter.invokeProviderInSameClassLoader(ForkedBooter.java:203)
	at org.apache.maven.surefire.booter.ForkedBooter.runSuitesInProcess(ForkedBooter.java:155)
	at org.apache.maven.surefire.booter.ForkedBooter.main(ForkedBooter.java:103)
Caused by: java.lang.AssertionError: expected:<110> but was:<-24>
	at org.junit.Assert.fail(Assert.java:88)
	at org.junit.Assert.failNotEquals(Assert.java:834)
	at org.junit.Assert.assertEquals(Assert.java:118)
	at org.junit.Assert.assertEquals(Assert.java:144)
	at org.junit.internal.ExactComparisonCriteria.assertElementsEqual(ExactComparisonCriteria.java:8)
	at org.junit.internal.ComparisonCriteria.arrayEquals(ComparisonCriteria.java:53)
	at org.junit.Assert.internalArrayEquals(Assert.java:532)
	at org.junit.Assert.assertArrayEquals(Assert.java:341)
	at org.apache.commons.math4.random.RandomGeneratorAbstractTest.checkNextBytesChunks(RandomGeneratorAbstractTest.java:483)
	at org.apache.commons.math4.random.RandomGeneratorAbstractTest.__CLR4_2_0dvu95f271n(RandomGeneratorAbstractTest.java:372)
	at org.apache.commons.math4.random.RandomGeneratorAbstractTest.testNextBytesChunks(RandomGeneratorAbstractTest.java:367)
	at sun.reflect.NativeMethodAccessorImpl.invoke0(Native Method)
	at sun.reflect.NativeMethodAccessorImpl.invoke(NativeMethodAccessorImpl.java:62)
	at sun.reflect.DelegatingMethodAccessorImpl.invoke(DelegatingMethodAccessorImpl.java:43)
	at java.lang.reflect.Method.invoke(Method.java:498)
	at org.junit.runners.model.FrameworkMethod$1.runReflectiveCall(FrameworkMethod.java:50)
	at org.junit.internal.runners.model.ReflectiveCallable.run(ReflectiveCallable.java:12)
	at org.junit.runners.model.FrameworkMethod.invokeExplosively(FrameworkMethod.java:47)
	at org.junit.internal.runners.statements.InvokeMethod.evaluate(InvokeMethod.java:17)
	at org.apache.commons.math4.RetryRunner$1.evaluate(RetryRunner.java:59)
	at org.junit.internal.runners.statements.RunBefores.evaluate(RunBefores.java:26)
	at org.junit.runners.ParentRunner.runLeaf(ParentRunner.java:325)
	at org.junit.runners.BlockJUnit4ClassRunner.runChild(BlockJUnit4ClassRunner.java:78)
	at org.junit.runners.BlockJUnit4ClassRunner.runChild(BlockJUnit4ClassRunner.java:57)
	at org.junit.runners.ParentRunner$3.run(ParentRunner.java:290)
	at org.junit.runners.ParentRunner$1.schedule(ParentRunner.java:71)
	at org.junit.runners.ParentRunner.runChildren(ParentRunner.java:288)
	at org.junit.runners.ParentRunner.access$000(ParentRunner.java:58)
	at org.junit.runners.ParentRunner$2.evaluate(ParentRunner.java:268)
	at org.junit.runners.ParentRunner.run(ParentRunner.java:363)
	at org.apache.maven.surefire.junit4.JUnit4Provider.execute(JUnit4Provider.java:283)
	at org.apache.maven.surefire.junit4.JUnit4Provider.executeWithRerun(JUnit4Provider.java:173)
	at org.apache.maven.surefire.junit4.JUnit4Provider.executeTestSet(JUnit4Provider.java:153)
	at org.apache.maven.surefire.junit4.JUnit4Provider.invoke(JUnit4Provider.java:128)
	at org.apache.maven.surefire.booter.ForkedBooter.invokeProviderInSameClassLoader(ForkedBooter.java:203)
	at org.apache.maven.surefire.booter.ForkedBooter.runSuitesInProcess(ForkedBooter.java:155)
	at org.apache.maven.surefire.booter.ForkedBooter.main(ForkedBooter.java:103)

Running org.apache.commons.math4.random.RandomDataGeneratorTest
Tests run: 48, Failures: 0, Errors: 0, Skipped: 0, Time elapsed: 13.17 sec - in org.apache.commons.math4.random.RandomDataGeneratorTest
Running org.apache.commons.math4.random.Well19937cTest
Tests run: 64, Failures: 1, Errors: 0, Skipped: 1, Time elapsed: 18.914 sec <<< FAILURE! - in org.apache.commons.math4.random.Well19937cTest
testNextBytesChunks(org.apache.commons.math4.random.Well19937cTest)  Time elapsed: 0.003 sec  <<< FAILURE!
org.junit.internal.ArrayComparisonFailure: chunkSize=4 numChunks=2: arrays first differed at element [0]; expected:<21> but was:<94>
	at org.junit.internal.ComparisonCriteria.arrayEquals(ComparisonCriteria.java:55)
	at org.junit.Assert.internalArrayEquals(Assert.java:532)
	at org.junit.Assert.assertArrayEquals(Assert.java:341)
	at org.apache.commons.math4.random.RandomGeneratorAbstractTest.checkNextBytesChunks(RandomGeneratorAbstractTest.java:483)
	at org.apache.commons.math4.random.RandomGeneratorAbstractTest.__CLR4_2_0dvu95f271n(RandomGeneratorAbstractTest.java:372)
	at org.apache.commons.math4.random.RandomGeneratorAbstractTest.testNextBytesChunks(RandomGeneratorAbstractTest.java:367)
	at sun.reflect.NativeMethodAccessorImpl.invoke0(Native Method)
	at sun.reflect.NativeMethodAccessorImpl.invoke(NativeMethodAccessorImpl.java:62)
	at sun.reflect.DelegatingMethodAccessorImpl.invoke(DelegatingMethodAccessorImpl.java:43)
	at java.lang.reflect.Method.invoke(Method.java:498)
	at org.junit.runners.model.FrameworkMethod$1.runReflectiveCall(FrameworkMethod.java:50)
	at org.junit.internal.runners.model.ReflectiveCallable.run(ReflectiveCallable.java:12)
	at org.junit.runners.model.FrameworkMethod.invokeExplosively(FrameworkMethod.java:47)
	at org.junit.internal.runners.statements.InvokeMethod.evaluate(InvokeMethod.java:17)
	at org.apache.commons.math4.RetryRunner$1.evaluate(RetryRunner.java:59)
	at org.junit.internal.runners.statements.RunBefores.evaluate(RunBefores.java:26)
	at org.junit.runners.ParentRunner.runLeaf(ParentRunner.java:325)
	at org.junit.runners.BlockJUnit4ClassRunner.runChild(BlockJUnit4ClassRunner.java:78)
	at org.junit.runners.BlockJUnit4ClassRunner.runChild(BlockJUnit4ClassRunner.java:57)
	at org.junit.runners.ParentRunner$3.run(ParentRunner.java:290)
	at org.junit.runners.ParentRunner$1.schedule(ParentRunner.java:71)
	at org.junit.runners.ParentRunner.runChildren(ParentRunner.java:288)
	at org.junit.runners.ParentRunner.access$000(ParentRunner.java:58)
	at org.junit.runners.ParentRunner$2.evaluate(ParentRunner.java:268)
	at org.junit.runners.ParentRunner.run(ParentRunner.java:363)
	at org.apache.maven.surefire.junit4.JUnit4Provider.execute(JUnit4Provider.java:283)
	at org.apache.maven.surefire.junit4.JUnit4Provider.executeWithRerun(JUnit4Provider.java:173)
	at org.apache.maven.surefire.junit4.JUnit4Provider.executeTestSet(JUnit4Provider.java:153)
	at org.apache.maven.surefire.junit4.JUnit4Provider.invoke(JUnit4Provider.java:128)
	at org.apache.maven.surefire.booter.ForkedBooter.invokeProviderInSameClassLoader(ForkedBooter.java:203)
	at org.apache.maven.surefire.booter.ForkedBooter.runSuitesInProcess(ForkedBooter.java:155)
	at org.apache.maven.surefire.booter.ForkedBooter.main(ForkedBooter.java:103)
Caused by: java.lang.AssertionError: expected:<21> but was:<94>
	at org.junit.Assert.fail(Assert.java:88)
	at org.junit.Assert.failNotEquals(Assert.java:834)
	at org.junit.Assert.assertEquals(Assert.java:118)
	at org.junit.Assert.assertEquals(Assert.java:144)
	at org.junit.internal.ExactComparisonCriteria.assertElementsEqual(ExactComparisonCriteria.java:8)
	at org.junit.internal.ComparisonCriteria.arrayEquals(ComparisonCriteria.java:53)
	at org.junit.Assert.internalArrayEquals(Assert.java:532)
	at org.junit.Assert.assertArrayEquals(Assert.java:341)
	at org.apache.commons.math4.random.RandomGeneratorAbstractTest.checkNextBytesChunks(RandomGeneratorAbstractTest.java:483)
	at org.apache.commons.math4.random.RandomGeneratorAbstractTest.__CLR4_2_0dvu95f271n(RandomGeneratorAbstractTest.java:372)
	at org.apache.commons.math4.random.RandomGeneratorAbstractTest.testNextBytesChunks(RandomGeneratorAbstractTest.java:367)
	at sun.reflect.NativeMethodAccessorImpl.invoke0(Native Method)
	at sun.reflect.NativeMethodAccessorImpl.invoke(NativeMethodAccessorImpl.java:62)
	at sun.reflect.DelegatingMethodAccessorImpl.invoke(DelegatingMethodAccessorImpl.java:43)
	at java.lang.reflect.Method.invoke(Method.java:498)
	at org.junit.runners.model.FrameworkMethod$1.runReflectiveCall(FrameworkMethod.java:50)
	at org.junit.internal.runners.model.ReflectiveCallable.run(ReflectiveCallable.java:12)
	at org.junit.runners.model.FrameworkMethod.invokeExplosively(FrameworkMethod.java:47)
	at org.junit.internal.runners.statements.InvokeMethod.evaluate(InvokeMethod.java:17)
	at org.apache.commons.math4.RetryRunner$1.evaluate(RetryRunner.java:59)
	at org.junit.internal.runners.statements.RunBefores.evaluate(RunBefores.java:26)
	at org.junit.runners.ParentRunner.runLeaf(ParentRunner.java:325)
	at org.junit.runners.BlockJUnit4ClassRunner.runChild(BlockJUnit4ClassRunner.java:78)
	at org.junit.runners.BlockJUnit4ClassRunner.runChild(BlockJUnit4ClassRunner.java:57)
	at org.junit.runners.ParentRunner$3.run(ParentRunner.java:290)
	at org.junit.runners.ParentRunner$1.schedule(ParentRunner.java:71)
	at org.junit.runners.ParentRunner.runChildren(ParentRunner.java:288)
	at org.junit.runners.ParentRunner.access$000(ParentRunner.java:58)
	at org.junit.runners.ParentRunner$2.evaluate(ParentRunner.java:268)
	at org.junit.runners.ParentRunner.run(ParentRunner.java:363)
	at org.apache.maven.surefire.junit4.JUnit4Provider.execute(JUnit4Provider.java:283)
	at org.apache.maven.surefire.junit4.JUnit4Provider.executeWithRerun(JUnit4Provider.java:173)
	at org.apache.maven.surefire.junit4.JUnit4Provider.executeTestSet(JUnit4Provider.java:153)
	at org.apache.maven.surefire.junit4.JUnit4Provider.invoke(JUnit4Provider.java:128)
	at org.apache.maven.surefire.booter.ForkedBooter.invokeProviderInSameClassLoader(ForkedBooter.java:203)
	at org.apache.maven.surefire.booter.ForkedBooter.runSuitesInProcess(ForkedBooter.java:155)
	at org.apache.maven.surefire.booter.ForkedBooter.main(ForkedBooter.java:103)

Running org.apache.commons.math4.random.RandomGeneratorFactoryTest
Tests run: 63, Failures: 0, Errors: 0, Skipped: 1, Time elapsed: 8.657 sec - in org.apache.commons.math4.random.RandomGeneratorFactoryTest
Running org.apache.commons.math4.random.MersenneTwisterTest
Tests run: 64, Failures: 1, Errors: 0, Skipped: 1, Time elapsed: 13.563 sec <<< FAILURE! - in org.apache.commons.math4.random.MersenneTwisterTest
testNextBytesChunks(org.apache.commons.math4.random.MersenneTwisterTest)  Time elapsed: 0.007 sec  <<< FAILURE!
org.junit.internal.ArrayComparisonFailure: chunkSize=4 numChunks=2: arrays first differed at element [0]; expected:<82> but was:<69>
	at org.junit.internal.ComparisonCriteria.arrayEquals(ComparisonCriteria.java:55)
	at org.junit.Assert.internalArrayEquals(Assert.java:532)
	at org.junit.Assert.assertArrayEquals(Assert.java:341)
	at org.apache.commons.math4.random.RandomGeneratorAbstractTest.checkNextBytesChunks(RandomGeneratorAbstractTest.java:483)
	at org.apache.commons.math4.random.RandomGeneratorAbstractTest.__CLR4_2_0dvu95f271n(RandomGeneratorAbstractTest.java:372)
	at org.apache.commons.math4.random.RandomGeneratorAbstractTest.testNextBytesChunks(RandomGeneratorAbstractTest.java:367)
	at sun.reflect.NativeMethodAccessorImpl.invoke0(Native Method)
	at sun.reflect.NativeMethodAccessorImpl.invoke(NativeMethodAccessorImpl.java:62)
	at sun.reflect.DelegatingMethodAccessorImpl.invoke(DelegatingMethodAccessorImpl.java:43)
	at java.lang.reflect.Method.invoke(Method.java:498)
	at org.junit.runners.model.FrameworkMethod$1.runReflectiveCall(FrameworkMethod.java:50)
	at org.junit.internal.runners.model.ReflectiveCallable.run(ReflectiveCallable.java:12)
	at org.junit.runners.model.FrameworkMethod.invokeExplosively(FrameworkMethod.java:47)
	at org.junit.internal.runners.statements.InvokeMethod.evaluate(InvokeMethod.java:17)
	at org.apache.commons.math4.RetryRunner$1.evaluate(RetryRunner.java:59)
	at org.junit.internal.runners.statements.RunBefores.evaluate(RunBefores.java:26)
	at org.junit.runners.ParentRunner.runLeaf(ParentRunner.java:325)
	at org.junit.runners.BlockJUnit4ClassRunner.runChild(BlockJUnit4ClassRunner.java:78)
	at org.junit.runners.BlockJUnit4ClassRunner.runChild(BlockJUnit4ClassRunner.java:57)
	at org.junit.runners.ParentRunner$3.run(ParentRunner.java:290)
	at org.junit.runners.ParentRunner$1.schedule(ParentRunner.java:71)
	at org.junit.runners.ParentRunner.runChildren(ParentRunner.java:288)
	at org.junit.runners.ParentRunner.access$000(ParentRunner.java:58)
	at org.junit.runners.ParentRunner$2.evaluate(ParentRunner.java:268)
	at org.junit.runners.ParentRunner.run(ParentRunner.java:363)
	at org.apache.maven.surefire.junit4.JUnit4Provider.execute(JUnit4Provider.java:283)
	at org.apache.maven.surefire.junit4.JUnit4Provider.executeWithRerun(JUnit4Provider.java:173)
	at org.apache.maven.surefire.junit4.JUnit4Provider.executeTestSet(JUnit4Provider.java:153)
	at org.apache.maven.surefire.junit4.JUnit4Provider.invoke(JUnit4Provider.java:128)
	at org.apache.maven.surefire.booter.ForkedBooter.invokeProviderInSameClassLoader(ForkedBooter.java:203)
	at org.apache.maven.surefire.booter.ForkedBooter.runSuitesInProcess(ForkedBooter.java:155)
	at org.apache.maven.surefire.booter.ForkedBooter.main(ForkedBooter.java:103)
Caused by: java.lang.AssertionError: expected:<82> but was:<69>
	at org.junit.Assert.fail(Assert.java:88)
	at org.junit.Assert.failNotEquals(Assert.java:834)
	at org.junit.Assert.assertEquals(Assert.java:118)
	at org.junit.Assert.assertEquals(Assert.java:144)
	at org.junit.internal.ExactComparisonCriteria.assertElementsEqual(ExactComparisonCriteria.java:8)
	at org.junit.internal.ComparisonCriteria.arrayEquals(ComparisonCriteria.java:53)
	at org.junit.Assert.internalArrayEquals(Assert.java:532)
	at org.junit.Assert.assertArrayEquals(Assert.java:341)
	at org.apache.commons.math4.random.RandomGeneratorAbstractTest.checkNextBytesChunks(RandomGeneratorAbstractTest.java:483)
	at org.apache.commons.math4.random.RandomGeneratorAbstractTest.__CLR4_2_0dvu95f271n(RandomGeneratorAbstractTest.java:372)
	at org.apache.commons.math4.random.RandomGeneratorAbstractTest.testNextBytesChunks(RandomGeneratorAbstractTest.java:367)
	at sun.reflect.NativeMethodAccessorImpl.invoke0(Native Method)
	at sun.reflect.NativeMethodAccessorImpl.invoke(NativeMethodAccessorImpl.java:62)
	at sun.reflect.DelegatingMethodAccessorImpl.invoke(DelegatingMethodAccessorImpl.java:43)
	at java.lang.reflect.Method.invoke(Method.java:498)
	at org.junit.runners.model.FrameworkMethod$1.runReflectiveCall(FrameworkMethod.java:50)
	at org.junit.internal.runners.model.ReflectiveCallable.run(ReflectiveCallable.java:12)
	at org.junit.runners.model.FrameworkMethod.invokeExplosively(FrameworkMethod.java:47)
	at org.junit.internal.runners.statements.InvokeMethod.evaluate(InvokeMethod.java:17)
	at org.apache.commons.math4.RetryRunner$1.evaluate(RetryRunner.java:59)
	at org.junit.internal.runners.statements.RunBefores.evaluate(RunBefores.java:26)
	at org.junit.runners.ParentRunner.runLeaf(ParentRunner.java:325)
	at org.junit.runners.BlockJUnit4ClassRunner.runChild(BlockJUnit4ClassRunner.java:78)
	at org.junit.runners.BlockJUnit4ClassRunner.runChild(BlockJUnit4ClassRunner.java:57)
	at org.junit.runners.ParentRunner$3.run(ParentRunner.java:290)
	at org.junit.runners.ParentRunner$1.schedule(ParentRunner.java:71)
	at org.junit.runners.ParentRunner.runChildren(ParentRunner.java:288)
	at org.junit.runners.ParentRunner.access$000(ParentRunner.java:58)
	at org.junit.runners.ParentRunner$2.evaluate(ParentRunner.java:268)
	at org.junit.runners.ParentRunner.run(ParentRunner.java:363)
	at org.apache.maven.surefire.junit4.JUnit4Provider.execute(JUnit4Provider.java:283)
	at org.apache.maven.surefire.junit4.JUnit4Provider.executeWithRerun(JUnit4Provider.java:173)
	at org.apache.maven.surefire.junit4.JUnit4Provider.executeTestSet(JUnit4Provider.java:153)
	at org.apache.maven.surefire.junit4.JUnit4Provider.invoke(JUnit4Provider.java:128)
	at org.apache.maven.surefire.booter.ForkedBooter.invokeProviderInSameClassLoader(ForkedBooter.java:203)
	at org.apache.maven.surefire.booter.ForkedBooter.runSuitesInProcess(ForkedBooter.java:155)
	at org.apache.maven.surefire.booter.ForkedBooter.main(ForkedBooter.java:103)

Running org.apache.commons.math4.random.UnitSphereRandomVectorGeneratorTest
Tests run: 1, Failures: 0, Errors: 0, Skipped: 0, Time elapsed: 1.843 sec - in org.apache.commons.math4.random.UnitSphereRandomVectorGeneratorTest
Running org.apache.commons.math4.random.SynchronizedRandomGeneratorTest
Tests run: 2, Failures: 0, Errors: 0, Skipped: 0, Time elapsed: 11.613 sec - in org.apache.commons.math4.random.SynchronizedRandomGeneratorTest
Running org.apache.commons.math4.random.Well44497aTest
Tests run: 64, Failures: 1, Errors: 0, Skipped: 1, Time elapsed: 18.117 sec <<< FAILURE! - in org.apache.commons.math4.random.Well44497aTest
testNextBytesChunks(org.apache.commons.math4.random.Well44497aTest)  Time elapsed: 0.003 sec  <<< FAILURE!
org.junit.internal.ArrayComparisonFailure: chunkSize=4 numChunks=2: arrays first differed at element [0]; expected:<-108> but was:<-95>
	at org.junit.internal.ComparisonCriteria.arrayEquals(ComparisonCriteria.java:55)
	at org.junit.Assert.internalArrayEquals(Assert.java:532)
	at org.junit.Assert.assertArrayEquals(Assert.java:341)
	at org.apache.commons.math4.random.RandomGeneratorAbstractTest.checkNextBytesChunks(RandomGeneratorAbstractTest.java:483)
	at org.apache.commons.math4.random.RandomGeneratorAbstractTest.__CLR4_2_0dvu95f271n(RandomGeneratorAbstractTest.java:372)
	at org.apache.commons.math4.random.RandomGeneratorAbstractTest.testNextBytesChunks(RandomGeneratorAbstractTest.java:367)
	at sun.reflect.NativeMethodAccessorImpl.invoke0(Native Method)
	at sun.reflect.NativeMethodAccessorImpl.invoke(NativeMethodAccessorImpl.java:62)
	at sun.reflect.DelegatingMethodAccessorImpl.invoke(DelegatingMethodAccessorImpl.java:43)
	at java.lang.reflect.Method.invoke(Method.java:498)
	at org.junit.runners.model.FrameworkMethod$1.runReflectiveCall(FrameworkMethod.java:50)
	at org.junit.internal.runners.model.ReflectiveCallable.run(ReflectiveCallable.java:12)
	at org.junit.runners.model.FrameworkMethod.invokeExplosively(FrameworkMethod.java:47)
	at org.junit.internal.runners.statements.InvokeMethod.evaluate(InvokeMethod.java:17)
	at org.apache.commons.math4.RetryRunner$1.evaluate(RetryRunner.java:59)
	at org.junit.internal.runners.statements.RunBefores.evaluate(RunBefores.java:26)
	at org.junit.runners.ParentRunner.runLeaf(ParentRunner.java:325)
	at org.junit.runners.BlockJUnit4ClassRunner.runChild(BlockJUnit4ClassRunner.java:78)
	at org.junit.runners.BlockJUnit4ClassRunner.runChild(BlockJUnit4ClassRunner.java:57)
	at org.junit.runners.ParentRunner$3.run(ParentRunner.java:290)
	at org.junit.runners.ParentRunner$1.schedule(ParentRunner.java:71)
	at org.junit.runners.ParentRunner.runChildren(ParentRunner.java:288)
	at org.junit.runners.ParentRunner.access$000(ParentRunner.java:58)
	at org.junit.runners.ParentRunner$2.evaluate(ParentRunner.java:268)
	at org.junit.runners.ParentRunner.run(ParentRunner.java:363)
	at org.apache.maven.surefire.junit4.JUnit4Provider.execute(JUnit4Provider.java:283)
	at org.apache.maven.surefire.junit4.JUnit4Provider.executeWithRerun(JUnit4Provider.java:173)
	at org.apache.maven.surefire.junit4.JUnit4Provider.executeTestSet(JUnit4Provider.java:153)
	at org.apache.maven.surefire.junit4.JUnit4Provider.invoke(JUnit4Provider.java:128)
	at org.apache.maven.surefire.booter.ForkedBooter.invokeProviderInSameClassLoader(ForkedBooter.java:203)
	at org.apache.maven.surefire.booter.ForkedBooter.runSuitesInProcess(ForkedBooter.java:155)
	at org.apache.maven.surefire.booter.ForkedBooter.main(ForkedBooter.java:103)
Caused by: java.lang.AssertionError: expected:<-108> but was:<-95>
	at org.junit.Assert.fail(Assert.java:88)
	at org.junit.Assert.failNotEquals(Assert.java:834)
	at org.junit.Assert.assertEquals(Assert.java:118)
	at org.junit.Assert.assertEquals(Assert.java:144)
	at org.junit.internal.ExactComparisonCriteria.assertElementsEqual(ExactComparisonCriteria.java:8)
	at org.junit.internal.ComparisonCriteria.arrayEquals(ComparisonCriteria.java:53)
	at org.junit.Assert.internalArrayEquals(Assert.java:532)
	at org.junit.Assert.assertArrayEquals(Assert.java:341)
	at org.apache.commons.math4.random.RandomGeneratorAbstractTest.checkNextBytesChunks(RandomGeneratorAbstractTest.java:483)
	at org.apache.commons.math4.random.RandomGeneratorAbstractTest.__CLR4_2_0dvu95f271n(RandomGeneratorAbstractTest.java:372)
	at org.apache.commons.math4.random.RandomGeneratorAbstractTest.testNextBytesChunks(RandomGeneratorAbstractTest.java:367)
	at sun.reflect.NativeMethodAccessorImpl.invoke0(Native Method)
	at sun.reflect.NativeMethodAccessorImpl.invoke(NativeMethodAccessorImpl.java:62)
	at sun.reflect.DelegatingMethodAccessorImpl.invoke(DelegatingMethodAccessorImpl.java:43)
	at java.lang.reflect.Method.invoke(Method.java:498)
	at org.junit.runners.model.FrameworkMethod$1.runReflectiveCall(FrameworkMethod.java:50)
	at org.junit.internal.runners.model.ReflectiveCallable.run(ReflectiveCallable.java:12)
	at org.junit.runners.model.FrameworkMethod.invokeExplosively(FrameworkMethod.java:47)
	at org.junit.internal.runners.statements.InvokeMethod.evaluate(InvokeMethod.java:17)
	at org.apache.commons.math4.RetryRunner$1.evaluate(RetryRunner.java:59)
	at org.junit.internal.runners.statements.RunBefores.evaluate(RunBefores.java:26)
	at org.junit.runners.ParentRunner.runLeaf(ParentRunner.java:325)
	at org.junit.runners.BlockJUnit4ClassRunner.runChild(BlockJUnit4ClassRunner.java:78)
	at org.junit.runners.BlockJUnit4ClassRunner.runChild(BlockJUnit4ClassRunner.java:57)
	at org.junit.runners.ParentRunner$3.run(ParentRunner.java:290)
	at org.junit.runners.ParentRunner$1.schedule(ParentRunner.java:71)
	at org.junit.runners.ParentRunner.runChildren(ParentRunner.java:288)
	at org.junit.runners.ParentRunner.access$000(ParentRunner.java:58)
	at org.junit.runners.ParentRunner$2.evaluate(ParentRunner.java:268)
	at org.junit.runners.ParentRunner.run(ParentRunner.java:363)
	at org.apache.maven.surefire.junit4.JUnit4Provider.execute(JUnit4Provider.java:283)
	at org.apache.maven.surefire.junit4.JUnit4Provider.executeWithRerun(JUnit4Provider.java:173)
	at org.apache.maven.surefire.junit4.JUnit4Provider.executeTestSet(JUnit4Provider.java:153)
	at org.apache.maven.surefire.junit4.JUnit4Provider.invoke(JUnit4Provider.java:128)
	at org.apache.maven.surefire.booter.ForkedBooter.invokeProviderInSameClassLoader(ForkedBooter.java:203)
	at org.apache.maven.surefire.booter.ForkedBooter.runSuitesInProcess(ForkedBooter.java:155)
	at org.apache.maven.surefire.booter.ForkedBooter.main(ForkedBooter.java:103)

Running org.apache.commons.math4.random.Well19937aTest
Tests run: 64, Failures: 1, Errors: 0, Skipped: 1, Time elapsed: 17.053 sec <<< FAILURE! - in org.apache.commons.math4.random.Well19937aTest
testNextBytesChunks(org.apache.commons.math4.random.Well19937aTest)  Time elapsed: 0.002 sec  <<< FAILURE!
org.junit.internal.ArrayComparisonFailure: chunkSize=4 numChunks=2: arrays first differed at element [0]; expected:<21> but was:<94>
	at org.junit.internal.ComparisonCriteria.arrayEquals(ComparisonCriteria.java:55)
	at org.junit.Assert.internalArrayEquals(Assert.java:532)
	at org.junit.Assert.assertArrayEquals(Assert.java:341)
	at org.apache.commons.math4.random.RandomGeneratorAbstractTest.checkNextBytesChunks(RandomGeneratorAbstractTest.java:483)
	at org.apache.commons.math4.random.RandomGeneratorAbstractTest.__CLR4_2_0dvu95f271n(RandomGeneratorAbstractTest.java:372)
	at org.apache.commons.math4.random.RandomGeneratorAbstractTest.testNextBytesChunks(RandomGeneratorAbstractTest.java:367)
	at sun.reflect.NativeMethodAccessorImpl.invoke0(Native Method)
	at sun.reflect.NativeMethodAccessorImpl.invoke(NativeMethodAccessorImpl.java:62)
	at sun.reflect.DelegatingMethodAccessorImpl.invoke(DelegatingMethodAccessorImpl.java:43)
	at java.lang.reflect.Method.invoke(Method.java:498)
	at org.junit.runners.model.FrameworkMethod$1.runReflectiveCall(FrameworkMethod.java:50)
	at org.junit.internal.runners.model.ReflectiveCallable.run(ReflectiveCallable.java:12)
	at org.junit.runners.model.FrameworkMethod.invokeExplosively(FrameworkMethod.java:47)
	at org.junit.internal.runners.statements.InvokeMethod.evaluate(InvokeMethod.java:17)
	at org.apache.commons.math4.RetryRunner$1.evaluate(RetryRunner.java:59)
	at org.junit.internal.runners.statements.RunBefores.evaluate(RunBefores.java:26)
	at org.junit.runners.ParentRunner.runLeaf(ParentRunner.java:325)
	at org.junit.runners.BlockJUnit4ClassRunner.runChild(BlockJUnit4ClassRunner.java:78)
	at org.junit.runners.BlockJUnit4ClassRunner.runChild(BlockJUnit4ClassRunner.java:57)
	at org.junit.runners.ParentRunner$3.run(ParentRunner.java:290)
	at org.junit.runners.ParentRunner$1.schedule(ParentRunner.java:71)
	at org.junit.runners.ParentRunner.runChildren(ParentRunner.java:288)
	at org.junit.runners.ParentRunner.access$000(ParentRunner.java:58)
	at org.junit.runners.ParentRunner$2.evaluate(ParentRunner.java:268)
	at org.junit.runners.ParentRunner.run(ParentRunner.java:363)
	at org.apache.maven.surefire.junit4.JUnit4Provider.execute(JUnit4Provider.java:283)
	at org.apache.maven.surefire.junit4.JUnit4Provider.executeWithRerun(JUnit4Provider.java:173)
	at org.apache.maven.surefire.junit4.JUnit4Provider.executeTestSet(JUnit4Provider.java:153)
	at org.apache.maven.surefire.junit4.JUnit4Provider.invoke(JUnit4Provider.java:128)
	at org.apache.maven.surefire.booter.ForkedBooter.invokeProviderInSameClassLoader(ForkedBooter.java:203)
	at org.apache.maven.surefire.booter.ForkedBooter.runSuitesInProcess(ForkedBooter.java:155)
	at org.apache.maven.surefire.booter.ForkedBooter.main(ForkedBooter.java:103)
Caused by: java.lang.AssertionError: expected:<21> but was:<94>
	at org.junit.Assert.fail(Assert.java:88)
	at org.junit.Assert.failNotEquals(Assert.java:834)
	at org.junit.Assert.assertEquals(Assert.java:118)
	at org.junit.Assert.assertEquals(Assert.java:144)
	at org.junit.internal.ExactComparisonCriteria.assertElementsEqual(ExactComparisonCriteria.java:8)
	at org.junit.internal.ComparisonCriteria.arrayEquals(ComparisonCriteria.java:53)
	at org.junit.Assert.internalArrayEquals(Assert.java:532)
	at org.junit.Assert.assertArrayEquals(Assert.java:341)
	at org.apache.commons.math4.random.RandomGeneratorAbstractTest.checkNextBytesChunks(RandomGeneratorAbstractTest.java:483)
	at org.apache.commons.math4.random.RandomGeneratorAbstractTest.__CLR4_2_0dvu95f271n(RandomGeneratorAbstractTest.java:372)
	at org.apache.commons.math4.random.RandomGeneratorAbstractTest.testNextBytesChunks(RandomGeneratorAbstractTest.java:367)
	at sun.reflect.NativeMethodAccessorImpl.invoke0(Native Method)
	at sun.reflect.NativeMethodAccessorImpl.invoke(NativeMethodAccessorImpl.java:62)
	at sun.reflect.DelegatingMethodAccessorImpl.invoke(DelegatingMethodAccessorImpl.java:43)
	at java.lang.reflect.Method.invoke(Method.java:498)
	at org.junit.runners.model.FrameworkMethod$1.runReflectiveCall(FrameworkMethod.java:50)
	at org.junit.internal.runners.model.ReflectiveCallable.run(ReflectiveCallable.java:12)
	at org.junit.runners.model.FrameworkMethod.invokeExplosively(FrameworkMethod.java:47)
	at org.junit.internal.runners.statements.InvokeMethod.evaluate(InvokeMethod.java:17)
	at org.apache.commons.math4.RetryRunner$1.evaluate(RetryRunner.java:59)
	at org.junit.internal.runners.statements.RunBefores.evaluate(RunBefores.java:26)
	at org.junit.runners.ParentRunner.runLeaf(ParentRunner.java:325)
	at org.junit.runners.BlockJUnit4ClassRunner.runChild(BlockJUnit4ClassRunner.java:78)
	at org.junit.runners.BlockJUnit4ClassRunner.runChild(BlockJUnit4ClassRunner.java:57)
	at org.junit.runners.ParentRunner$3.run(ParentRunner.java:290)
	at org.junit.runners.ParentRunner$1.schedule(ParentRunner.java:71)
	at org.junit.runners.ParentRunner.runChildren(ParentRunner.java:288)
	at org.junit.runners.ParentRunner.access$000(ParentRunner.java:58)
	at org.junit.runners.ParentRunner$2.evaluate(ParentRunner.java:268)
	at org.junit.runners.ParentRunner.run(ParentRunner.java:363)
	at org.apache.maven.surefire.junit4.JUnit4Provider.execute(JUnit4Provider.java:283)
	at org.apache.maven.surefire.junit4.JUnit4Provider.executeWithRerun(JUnit4Provider.java:173)
	at org.apache.maven.surefire.junit4.JUnit4Provider.executeTestSet(JUnit4Provider.java:153)
	at org.apache.maven.surefire.junit4.JUnit4Provider.invoke(JUnit4Provider.java:128)
	at org.apache.maven.surefire.booter.ForkedBooter.invokeProviderInSameClassLoader(ForkedBooter.java:203)
	at org.apache.maven.surefire.booter.ForkedBooter.runSuitesInProcess(ForkedBooter.java:155)
	at org.apache.maven.surefire.booter.ForkedBooter.main(ForkedBooter.java:103)

Running org.apache.commons.math4.random.HaltonSequenceGeneratorTest
Tests run: 5, Failures: 0, Errors: 0, Skipped: 0, Time elapsed: 0.005 sec - in org.apache.commons.math4.random.HaltonSequenceGeneratorTest
Running org.apache.commons.math4.random.GaussianRandomGeneratorTest
Tests run: 1, Failures: 0, Errors: 0, Skipped: 0, Time elapsed: 0.01 sec - in org.apache.commons.math4.random.GaussianRandomGeneratorTest
Running org.apache.commons.math4.random.Well44497bTest
Tests run: 64, Failures: 1, Errors: 0, Skipped: 1, Time elapsed: 20.208 sec <<< FAILURE! - in org.apache.commons.math4.random.Well44497bTest
testNextBytesChunks(org.apache.commons.math4.random.Well44497bTest)  Time elapsed: 0.003 sec  <<< FAILURE!
org.junit.internal.ArrayComparisonFailure: chunkSize=4 numChunks=2: arrays first differed at element [0]; expected:<-108> but was:<-95>
	at org.junit.internal.ComparisonCriteria.arrayEquals(ComparisonCriteria.java:55)
	at org.junit.Assert.internalArrayEquals(Assert.java:532)
	at org.junit.Assert.assertArrayEquals(Assert.java:341)
	at org.apache.commons.math4.random.RandomGeneratorAbstractTest.checkNextBytesChunks(RandomGeneratorAbstractTest.java:483)
	at org.apache.commons.math4.random.RandomGeneratorAbstractTest.__CLR4_2_0dvu95f271n(RandomGeneratorAbstractTest.java:372)
	at org.apache.commons.math4.random.RandomGeneratorAbstractTest.testNextBytesChunks(RandomGeneratorAbstractTest.java:367)
	at sun.reflect.NativeMethodAccessorImpl.invoke0(Native Method)
	at sun.reflect.NativeMethodAccessorImpl.invoke(NativeMethodAccessorImpl.java:62)
	at sun.reflect.DelegatingMethodAccessorImpl.invoke(DelegatingMethodAccessorImpl.java:43)
	at java.lang.reflect.Method.invoke(Method.java:498)
	at org.junit.runners.model.FrameworkMethod$1.runReflectiveCall(FrameworkMethod.java:50)
	at org.junit.internal.runners.model.ReflectiveCallable.run(ReflectiveCallable.java:12)
	at org.junit.runners.model.FrameworkMethod.invokeExplosively(FrameworkMethod.java:47)
	at org.junit.internal.runners.statements.InvokeMethod.evaluate(InvokeMethod.java:17)
	at org.apache.commons.math4.RetryRunner$1.evaluate(RetryRunner.java:59)
	at org.junit.internal.runners.statements.RunBefores.evaluate(RunBefores.java:26)
	at org.junit.runners.ParentRunner.runLeaf(ParentRunner.java:325)
	at org.junit.runners.BlockJUnit4ClassRunner.runChild(BlockJUnit4ClassRunner.java:78)
	at org.junit.runners.BlockJUnit4ClassRunner.runChild(BlockJUnit4ClassRunner.java:57)
	at org.junit.runners.ParentRunner$3.run(ParentRunner.java:290)
	at org.junit.runners.ParentRunner$1.schedule(ParentRunner.java:71)
	at org.junit.runners.ParentRunner.runChildren(ParentRunner.java:288)
	at org.junit.runners.ParentRunner.access$000(ParentRunner.java:58)
	at org.junit.runners.ParentRunner$2.evaluate(ParentRunner.java:268)
	at org.junit.runners.ParentRunner.run(ParentRunner.java:363)
	at org.apache.maven.surefire.junit4.JUnit4Provider.execute(JUnit4Provider.java:283)
	at org.apache.maven.surefire.junit4.JUnit4Provider.executeWithRerun(JUnit4Provider.java:173)
	at org.apache.maven.surefire.junit4.JUnit4Provider.executeTestSet(JUnit4Provider.java:153)
	at org.apache.maven.surefire.junit4.JUnit4Provider.invoke(JUnit4Provider.java:128)
	at org.apache.maven.surefire.booter.ForkedBooter.invokeProviderInSameClassLoader(ForkedBooter.java:203)
	at org.apache.maven.surefire.booter.ForkedBooter.runSuitesInProcess(ForkedBooter.java:155)
	at org.apache.maven.surefire.booter.ForkedBooter.main(ForkedBooter.java:103)
Caused by: java.lang.AssertionError: expected:<-108> but was:<-95>
	at org.junit.Assert.fail(Assert.java:88)
	at org.junit.Assert.failNotEquals(Assert.java:834)
	at org.junit.Assert.assertEquals(Assert.java:118)
	at org.junit.Assert.assertEquals(Assert.java:144)
	at org.junit.internal.ExactComparisonCriteria.assertElementsEqual(ExactComparisonCriteria.java:8)
	at org.junit.internal.ComparisonCriteria.arrayEquals(ComparisonCriteria.java:53)
	at org.junit.Assert.internalArrayEquals(Assert.java:532)
	at org.junit.Assert.assertArrayEquals(Assert.java:341)
	at org.apache.commons.math4.random.RandomGeneratorAbstractTest.checkNextBytesChunks(RandomGeneratorAbstractTest.java:483)
	at org.apache.commons.math4.random.RandomGeneratorAbstractTest.__CLR4_2_0dvu95f271n(RandomGeneratorAbstractTest.java:372)
	at org.apache.commons.math4.random.RandomGeneratorAbstractTest.testNextBytesChunks(RandomGeneratorAbstractTest.java:367)
	at sun.reflect.NativeMethodAccessorImpl.invoke0(Native Method)
	at sun.reflect.NativeMethodAccessorImpl.invoke(NativeMethodAccessorImpl.java:62)
	at sun.reflect.DelegatingMethodAccessorImpl.invoke(DelegatingMethodAccessorImpl.java:43)
	at java.lang.reflect.Method.invoke(Method.java:498)
	at org.junit.runners.model.FrameworkMethod$1.runReflectiveCall(FrameworkMethod.java:50)
	at org.junit.internal.runners.model.ReflectiveCallable.run(ReflectiveCallable.java:12)
	at org.junit.runners.model.FrameworkMethod.invokeExplosively(FrameworkMethod.java:47)
	at org.junit.internal.runners.statements.InvokeMethod.evaluate(InvokeMethod.java:17)
	at org.apache.commons.math4.RetryRunner$1.evaluate(RetryRunner.java:59)
	at org.junit.internal.runners.statements.RunBefores.evaluate(RunBefores.java:26)
	at org.junit.runners.ParentRunner.runLeaf(ParentRunner.java:325)
	at org.junit.runners.BlockJUnit4ClassRunner.runChild(BlockJUnit4ClassRunner.java:78)
	at org.junit.runners.BlockJUnit4ClassRunner.runChild(BlockJUnit4ClassRunner.java:57)
	at org.junit.runners.ParentRunner$3.run(ParentRunner.java:290)
	at org.junit.runners.ParentRunner$1.schedule(ParentRunner.java:71)
	at org.junit.runners.ParentRunner.runChildren(ParentRunner.java:288)
	at org.junit.runners.ParentRunner.access$000(ParentRunner.java:58)
	at org.junit.runners.ParentRunner$2.evaluate(ParentRunner.java:268)
	at org.junit.runners.ParentRunner.run(ParentRunner.java:363)
	at org.apache.maven.surefire.junit4.JUnit4Provider.execute(JUnit4Provider.java:283)
	at org.apache.maven.surefire.junit4.JUnit4Provider.executeWithRerun(JUnit4Provider.java:173)
	at org.apache.maven.surefire.junit4.JUnit4Provider.executeTestSet(JUnit4Provider.java:153)
	at org.apache.maven.surefire.junit4.JUnit4Provider.invoke(JUnit4Provider.java:128)
	at org.apache.maven.surefire.booter.ForkedBooter.invokeProviderInSameClassLoader(ForkedBooter.java:203)
	at org.apache.maven.surefire.booter.ForkedBooter.runSuitesInProcess(ForkedBooter.java:155)
	at org.apache.maven.surefire.booter.ForkedBooter.main(ForkedBooter.java:103)

Running org.apache.commons.math4.random.UncorrelatedRandomVectorGeneratorTest
Tests run: 1, Failures: 0, Errors: 0, Skipped: 0, Time elapsed: 0.021 sec - in org.apache.commons.math4.random.UncorrelatedRandomVectorGeneratorTest
Running org.apache.commons.math4.random.StableRandomGeneratorTest
Tests run: 7, Failures: 0, Errors: 0, Skipped: 0, Time elapsed: 0.276 sec - in org.apache.commons.math4.random.StableRandomGeneratorTest
Running org.apache.commons.math4.random.ISAACTest
Tests run: 64, Failures: 1, Errors: 0, Skipped: 1, Time elapsed: 13.277 sec <<< FAILURE! - in org.apache.commons.math4.random.ISAACTest
testNextBytesChunks(org.apache.commons.math4.random.ISAACTest)  Time elapsed: 0.004 sec  <<< FAILURE!
org.junit.internal.ArrayComparisonFailure: chunkSize=4 numChunks=2: arrays first differed at element [0]; expected:<-80> but was:<32>
	at org.junit.internal.ComparisonCriteria.arrayEquals(ComparisonCriteria.java:55)
	at org.junit.Assert.internalArrayEquals(Assert.java:532)
	at org.junit.Assert.assertArrayEquals(Assert.java:341)
	at org.apache.commons.math4.random.RandomGeneratorAbstractTest.checkNextBytesChunks(RandomGeneratorAbstractTest.java:483)
	at org.apache.commons.math4.random.RandomGeneratorAbstractTest.__CLR4_2_0dvu95f271n(RandomGeneratorAbstractTest.java:372)
	at org.apache.commons.math4.random.RandomGeneratorAbstractTest.testNextBytesChunks(RandomGeneratorAbstractTest.java:367)
	at sun.reflect.NativeMethodAccessorImpl.invoke0(Native Method)
	at sun.reflect.NativeMethodAccessorImpl.invoke(NativeMethodAccessorImpl.java:62)
	at sun.reflect.DelegatingMethodAccessorImpl.invoke(DelegatingMethodAccessorImpl.java:43)
	at java.lang.reflect.Method.invoke(Method.java:498)
	at org.junit.runners.model.FrameworkMethod$1.runReflectiveCall(FrameworkMethod.java:50)
	at org.junit.internal.runners.model.ReflectiveCallable.run(ReflectiveCallable.java:12)
	at org.junit.runners.model.FrameworkMethod.invokeExplosively(FrameworkMethod.java:47)
	at org.junit.internal.runners.statements.InvokeMethod.evaluate(InvokeMethod.java:17)
	at org.apache.commons.math4.RetryRunner$1.evaluate(RetryRunner.java:59)
	at org.junit.internal.runners.statements.RunBefores.evaluate(RunBefores.java:26)
	at org.junit.runners.ParentRunner.runLeaf(ParentRunner.java:325)
	at org.junit.runners.BlockJUnit4ClassRunner.runChild(BlockJUnit4ClassRunner.java:78)
	at org.junit.runners.BlockJUnit4ClassRunner.runChild(BlockJUnit4ClassRunner.java:57)
	at org.junit.runners.ParentRunner$3.run(ParentRunner.java:290)
	at org.junit.runners.ParentRunner$1.schedule(ParentRunner.java:71)
	at org.junit.runners.ParentRunner.runChildren(ParentRunner.java:288)
	at org.junit.runners.ParentRunner.access$000(ParentRunner.java:58)
	at org.junit.runners.ParentRunner$2.evaluate(ParentRunner.java:268)
	at org.junit.runners.ParentRunner.run(ParentRunner.java:363)
	at org.apache.maven.surefire.junit4.JUnit4Provider.execute(JUnit4Provider.java:283)
	at org.apache.maven.surefire.junit4.JUnit4Provider.executeWithRerun(JUnit4Provider.java:173)
	at org.apache.maven.surefire.junit4.JUnit4Provider.executeTestSet(JUnit4Provider.java:153)
	at org.apache.maven.surefire.junit4.JUnit4Provider.invoke(JUnit4Provider.java:128)
	at org.apache.maven.surefire.booter.ForkedBooter.invokeProviderInSameClassLoader(ForkedBooter.java:203)
	at org.apache.maven.surefire.booter.ForkedBooter.runSuitesInProcess(ForkedBooter.java:155)
	at org.apache.maven.surefire.booter.ForkedBooter.main(ForkedBooter.java:103)
Caused by: java.lang.AssertionError: expected:<-80> but was:<32>
	at org.junit.Assert.fail(Assert.java:88)
	at org.junit.Assert.failNotEquals(Assert.java:834)
	at org.junit.Assert.assertEquals(Assert.java:118)
	at org.junit.Assert.assertEquals(Assert.java:144)
	at org.junit.internal.ExactComparisonCriteria.assertElementsEqual(ExactComparisonCriteria.java:8)
	at org.junit.internal.ComparisonCriteria.arrayEquals(ComparisonCriteria.java:53)
	at org.junit.Assert.internalArrayEquals(Assert.java:532)
	at org.junit.Assert.assertArrayEquals(Assert.java:341)
	at org.apache.commons.math4.random.RandomGeneratorAbstractTest.checkNextBytesChunks(RandomGeneratorAbstractTest.java:483)
	at org.apache.commons.math4.random.RandomGeneratorAbstractTest.__CLR4_2_0dvu95f271n(RandomGeneratorAbstractTest.java:372)
	at org.apache.commons.math4.random.RandomGeneratorAbstractTest.testNextBytesChunks(RandomGeneratorAbstractTest.java:367)
	at sun.reflect.NativeMethodAccessorImpl.invoke0(Native Method)
	at sun.reflect.NativeMethodAccessorImpl.invoke(NativeMethodAccessorImpl.java:62)
	at sun.reflect.DelegatingMethodAccessorImpl.invoke(DelegatingMethodAccessorImpl.java:43)
	at java.lang.reflect.Method.invoke(Method.java:498)
	at org.junit.runners.model.FrameworkMethod$1.runReflectiveCall(FrameworkMethod.java:50)
	at org.junit.internal.runners.model.ReflectiveCallable.run(ReflectiveCallable.java:12)
	at org.junit.runners.model.FrameworkMethod.invokeExplosively(FrameworkMethod.java:47)
	at org.junit.internal.runners.statements.InvokeMethod.evaluate(InvokeMethod.java:17)
	at org.apache.commons.math4.RetryRunner$1.evaluate(RetryRunner.java:59)
	at org.junit.internal.runners.statements.RunBefores.evaluate(RunBefores.java:26)
	at org.junit.runners.ParentRunner.runLeaf(ParentRunner.java:325)
	at org.junit.runners.BlockJUnit4ClassRunner.runChild(BlockJUnit4ClassRunner.java:78)
	at org.junit.runners.BlockJUnit4ClassRunner.runChild(BlockJUnit4ClassRunner.java:57)
	at org.junit.runners.ParentRunner$3.run(ParentRunner.java:290)
	at org.junit.runners.ParentRunner$1.schedule(ParentRunner.java:71)
	at org.junit.runners.ParentRunner.runChildren(ParentRunner.java:288)
	at org.junit.runners.ParentRunner.access$000(ParentRunner.java:58)
	at org.junit.runners.ParentRunner$2.evaluate(ParentRunner.java:268)
	at org.junit.runners.ParentRunner.run(ParentRunner.java:363)
	at org.apache.maven.surefire.junit4.JUnit4Provider.execute(JUnit4Provider.java:283)
	at org.apache.maven.surefire.junit4.JUnit4Provider.executeWithRerun(JUnit4Provider.java:173)
	at org.apache.maven.surefire.junit4.JUnit4Provider.executeTestSet(JUnit4Provider.java:153)
	at org.apache.maven.surefire.junit4.JUnit4Provider.invoke(JUnit4Provider.java:128)
	at org.apache.maven.surefire.booter.ForkedBooter.invokeProviderInSameClassLoader(ForkedBooter.java:203)
	at org.apache.maven.surefire.booter.ForkedBooter.runSuitesInProcess(ForkedBooter.java:155)
	at org.apache.maven.surefire.booter.ForkedBooter.main(ForkedBooter.java:103)

Running org.apache.commons.math4.random.EmpiricalDistributionTest
Tests run: 28, Failures: 0, Errors: 0, Skipped: 0, Time elapsed: 20.793 sec - in org.apache.commons.math4.random.EmpiricalDistributionTest
Running org.apache.commons.math4.random.RandomAdaptorTest
Tests run: 1, Failures: 0, Errors: 0, Skipped: 0, Time elapsed: 0.001 sec - in org.apache.commons.math4.random.RandomAdaptorTest
Running org.apache.commons.math4.random.AbstractRandomGeneratorTest
Tests run: 63, Failures: 1, Errors: 0, Skipped: 1, Time elapsed: 9.543 sec <<< FAILURE! - in org.apache.commons.math4.random.AbstractRandomGeneratorTest
testNextBytesChunks(org.apache.commons.math4.random.AbstractRandomGeneratorTest)  Time elapsed: 0.002 sec  <<< FAILURE!
org.junit.internal.ArrayComparisonFailure: chunkSize=4 numChunks=2: arrays first differed at element [0]; expected:<-109> but was:<70>
	at org.junit.internal.ComparisonCriteria.arrayEquals(ComparisonCriteria.java:55)
	at org.junit.Assert.internalArrayEquals(Assert.java:532)
	at org.junit.Assert.assertArrayEquals(Assert.java:341)
	at org.apache.commons.math4.random.RandomGeneratorAbstractTest.checkNextBytesChunks(RandomGeneratorAbstractTest.java:483)
	at org.apache.commons.math4.random.RandomGeneratorAbstractTest.__CLR4_2_0dvu95f271n(RandomGeneratorAbstractTest.java:372)
	at org.apache.commons.math4.random.RandomGeneratorAbstractTest.testNextBytesChunks(RandomGeneratorAbstractTest.java:367)
	at sun.reflect.NativeMethodAccessorImpl.invoke0(Native Method)
	at sun.reflect.NativeMethodAccessorImpl.invoke(NativeMethodAccessorImpl.java:62)
	at sun.reflect.DelegatingMethodAccessorImpl.invoke(DelegatingMethodAccessorImpl.java:43)
	at java.lang.reflect.Method.invoke(Method.java:498)
	at org.junit.runners.model.FrameworkMethod$1.runReflectiveCall(FrameworkMethod.java:50)
	at org.junit.internal.runners.model.ReflectiveCallable.run(ReflectiveCallable.java:12)
	at org.junit.runners.model.FrameworkMethod.invokeExplosively(FrameworkMethod.java:47)
	at org.junit.internal.runners.statements.InvokeMethod.evaluate(InvokeMethod.java:17)
	at org.apache.commons.math4.RetryRunner$1.evaluate(RetryRunner.java:59)
	at org.junit.internal.runners.statements.RunBefores.evaluate(RunBefores.java:26)
	at org.junit.runners.ParentRunner.runLeaf(ParentRunner.java:325)
	at org.junit.runners.BlockJUnit4ClassRunner.runChild(BlockJUnit4ClassRunner.java:78)
	at org.junit.runners.BlockJUnit4ClassRunner.runChild(BlockJUnit4ClassRunner.java:57)
	at org.junit.runners.ParentRunner$3.run(ParentRunner.java:290)
	at org.junit.runners.ParentRunner$1.schedule(ParentRunner.java:71)
	at org.junit.runners.ParentRunner.runChildren(ParentRunner.java:288)
	at org.junit.runners.ParentRunner.access$000(ParentRunner.java:58)
	at org.junit.runners.ParentRunner$2.evaluate(ParentRunner.java:268)
	at org.junit.runners.ParentRunner.run(ParentRunner.java:363)
	at org.apache.maven.surefire.junit4.JUnit4Provider.execute(JUnit4Provider.java:283)
	at org.apache.maven.surefire.junit4.JUnit4Provider.executeWithRerun(JUnit4Provider.java:173)
	at org.apache.maven.surefire.junit4.JUnit4Provider.executeTestSet(JUnit4Provider.java:153)
	at org.apache.maven.surefire.junit4.JUnit4Provider.invoke(JUnit4Provider.java:128)
	at org.apache.maven.surefire.booter.ForkedBooter.invokeProviderInSameClassLoader(ForkedBooter.java:203)
	at org.apache.maven.surefire.booter.ForkedBooter.runSuitesInProcess(ForkedBooter.java:155)
	at org.apache.maven.surefire.booter.ForkedBooter.main(ForkedBooter.java:103)
Caused by: java.lang.AssertionError: expected:<-109> but was:<70>
	at org.junit.Assert.fail(Assert.java:88)
	at org.junit.Assert.failNotEquals(Assert.java:834)
	at org.junit.Assert.assertEquals(Assert.java:118)
	at org.junit.Assert.assertEquals(Assert.java:144)
	at org.junit.internal.ExactComparisonCriteria.assertElementsEqual(ExactComparisonCriteria.java:8)
	at org.junit.internal.ComparisonCriteria.arrayEquals(ComparisonCriteria.java:53)
	at org.junit.Assert.internalArrayEquals(Assert.java:532)
	at org.junit.Assert.assertArrayEquals(Assert.java:341)
	at org.apache.commons.math4.random.RandomGeneratorAbstractTest.checkNextBytesChunks(RandomGeneratorAbstractTest.java:483)
	at org.apache.commons.math4.random.RandomGeneratorAbstractTest.__CLR4_2_0dvu95f271n(RandomGeneratorAbstractTest.java:372)
	at org.apache.commons.math4.random.RandomGeneratorAbstractTest.testNextBytesChunks(RandomGeneratorAbstractTest.java:367)
	at sun.reflect.NativeMethodAccessorImpl.invoke0(Native Method)
	at sun.reflect.NativeMethodAccessorImpl.invoke(NativeMethodAccessorImpl.java:62)
	at sun.reflect.DelegatingMethodAccessorImpl.invoke(DelegatingMethodAccessorImpl.java:43)
	at java.lang.reflect.Method.invoke(Method.java:498)
	at org.junit.runners.model.FrameworkMethod$1.runReflectiveCall(FrameworkMethod.java:50)
	at org.junit.internal.runners.model.ReflectiveCallable.run(ReflectiveCallable.java:12)
	at org.junit.runners.model.FrameworkMethod.invokeExplosively(FrameworkMethod.java:47)
	at org.junit.internal.runners.statements.InvokeMethod.evaluate(InvokeMethod.java:17)
	at org.apache.commons.math4.RetryRunner$1.evaluate(RetryRunner.java:59)
	at org.junit.internal.runners.statements.RunBefores.evaluate(RunBefores.java:26)
	at org.junit.runners.ParentRunner.runLeaf(ParentRunner.java:325)
	at org.junit.runners.BlockJUnit4ClassRunner.runChild(BlockJUnit4ClassRunner.java:78)
	at org.junit.runners.BlockJUnit4ClassRunner.runChild(BlockJUnit4ClassRunner.java:57)
	at org.junit.runners.ParentRunner$3.run(ParentRunner.java:290)
	at org.junit.runners.ParentRunner$1.schedule(ParentRunner.java:71)
	at org.junit.runners.ParentRunner.runChildren(ParentRunner.java:288)
	at org.junit.runners.ParentRunner.access$000(ParentRunner.java:58)
	at org.junit.runners.ParentRunner$2.evaluate(ParentRunner.java:268)
	at org.junit.runners.ParentRunner.run(ParentRunner.java:363)
	at org.apache.maven.surefire.junit4.JUnit4Provider.execute(JUnit4Provider.java:283)
	at org.apache.maven.surefire.junit4.JUnit4Provider.executeWithRerun(JUnit4Provider.java:173)
	at org.apache.maven.surefire.junit4.JUnit4Provider.executeTestSet(JUnit4Provider.java:153)
	at org.apache.maven.surefire.junit4.JUnit4Provider.invoke(JUnit4Provider.java:128)
	at org.apache.maven.surefire.booter.ForkedBooter.invokeProviderInSameClassLoader(ForkedBooter.java:203)
	at org.apache.maven.surefire.booter.ForkedBooter.runSuitesInProcess(ForkedBooter.java:155)
	at org.apache.maven.surefire.booter.ForkedBooter.main(ForkedBooter.java:103)

Running org.apache.commons.math4.random.BitsStreamGeneratorTest
Tests run: 63, Failures: 1, Errors: 0, Skipped: 1, Time elapsed: 10.972 sec <<< FAILURE! - in org.apache.commons.math4.random.BitsStreamGeneratorTest
testNextBytesChunks(org.apache.commons.math4.random.BitsStreamGeneratorTest)  Time elapsed: 0.002 sec  <<< FAILURE!
org.junit.internal.ArrayComparisonFailure: chunkSize=4 numChunks=2: arrays first differed at element [0]; expected:<-98> but was:<25>
	at org.junit.internal.ComparisonCriteria.arrayEquals(ComparisonCriteria.java:55)
	at org.junit.Assert.internalArrayEquals(Assert.java:532)
	at org.junit.Assert.assertArrayEquals(Assert.java:341)
	at org.apache.commons.math4.random.RandomGeneratorAbstractTest.checkNextBytesChunks(RandomGeneratorAbstractTest.java:483)
	at org.apache.commons.math4.random.RandomGeneratorAbstractTest.__CLR4_2_0dvu95f271n(RandomGeneratorAbstractTest.java:372)
	at org.apache.commons.math4.random.RandomGeneratorAbstractTest.testNextBytesChunks(RandomGeneratorAbstractTest.java:367)
	at sun.reflect.NativeMethodAccessorImpl.invoke0(Native Method)
	at sun.reflect.NativeMethodAccessorImpl.invoke(NativeMethodAccessorImpl.java:62)
	at sun.reflect.DelegatingMethodAccessorImpl.invoke(DelegatingMethodAccessorImpl.java:43)
	at java.lang.reflect.Method.invoke(Method.java:498)
	at org.junit.runners.model.FrameworkMethod$1.runReflectiveCall(FrameworkMethod.java:50)
	at org.junit.internal.runners.model.ReflectiveCallable.run(ReflectiveCallable.java:12)
	at org.junit.runners.model.FrameworkMethod.invokeExplosively(FrameworkMethod.java:47)
	at org.junit.internal.runners.statements.InvokeMethod.evaluate(InvokeMethod.java:17)
	at org.apache.commons.math4.RetryRunner$1.evaluate(RetryRunner.java:59)
	at org.junit.internal.runners.statements.RunBefores.evaluate(RunBefores.java:26)
	at org.junit.runners.ParentRunner.runLeaf(ParentRunner.java:325)
	at org.junit.runners.BlockJUnit4ClassRunner.runChild(BlockJUnit4ClassRunner.java:78)
	at org.junit.runners.BlockJUnit4ClassRunner.runChild(BlockJUnit4ClassRunner.java:57)
	at org.junit.runners.ParentRunner$3.run(ParentRunner.java:290)
	at org.junit.runners.ParentRunner$1.schedule(ParentRunner.java:71)
	at org.junit.runners.ParentRunner.runChildren(ParentRunner.java:288)
	at org.junit.runners.ParentRunner.access$000(ParentRunner.java:58)
	at org.junit.runners.ParentRunner$2.evaluate(ParentRunner.java:268)
	at org.junit.runners.ParentRunner.run(ParentRunner.java:363)
	at org.apache.maven.surefire.junit4.JUnit4Provider.execute(JUnit4Provider.java:283)
	at org.apache.maven.surefire.junit4.JUnit4Provider.executeWithRerun(JUnit4Provider.java:173)
	at org.apache.maven.surefire.junit4.JUnit4Provider.executeTestSet(JUnit4Provider.java:153)
	at org.apache.maven.surefire.junit4.JUnit4Provider.invoke(JUnit4Provider.java:128)
	at org.apache.maven.surefire.booter.ForkedBooter.invokeProviderInSameClassLoader(ForkedBooter.java:203)
	at org.apache.maven.surefire.booter.ForkedBooter.runSuitesInProcess(ForkedBooter.java:155)
	at org.apache.maven.surefire.booter.ForkedBooter.main(ForkedBooter.java:103)
Caused by: java.lang.AssertionError: expected:<-98> but was:<25>
	at org.junit.Assert.fail(Assert.java:88)
	at org.junit.Assert.failNotEquals(Assert.java:834)
	at org.junit.Assert.assertEquals(Assert.java:118)
	at org.junit.Assert.assertEquals(Assert.java:144)
	at org.junit.internal.ExactComparisonCriteria.assertElementsEqual(ExactComparisonCriteria.java:8)
	at org.junit.internal.ComparisonCriteria.arrayEquals(ComparisonCriteria.java:53)
	at org.junit.Assert.internalArrayEquals(Assert.java:532)
	at org.junit.Assert.assertArrayEquals(Assert.java:341)
	at org.apache.commons.math4.random.RandomGeneratorAbstractTest.checkNextBytesChunks(RandomGeneratorAbstractTest.java:483)
	at org.apache.commons.math4.random.RandomGeneratorAbstractTest.__CLR4_2_0dvu95f271n(RandomGeneratorAbstractTest.java:372)
	at org.apache.commons.math4.random.RandomGeneratorAbstractTest.testNextBytesChunks(RandomGeneratorAbstractTest.java:367)
	at sun.reflect.NativeMethodAccessorImpl.invoke0(Native Method)
	at sun.reflect.NativeMethodAccessorImpl.invoke(NativeMethodAccessorImpl.java:62)
	at sun.reflect.DelegatingMethodAccessorImpl.invoke(DelegatingMethodAccessorImpl.java:43)
	at java.lang.reflect.Method.invoke(Method.java:498)
	at org.junit.runners.model.FrameworkMethod$1.runReflectiveCall(FrameworkMethod.java:50)
	at org.junit.internal.runners.model.ReflectiveCallable.run(ReflectiveCallable.java:12)
	at org.junit.runners.model.FrameworkMethod.invokeExplosively(FrameworkMethod.java:47)
	at org.junit.internal.runners.statements.InvokeMethod.evaluate(InvokeMethod.java:17)
	at org.apache.commons.math4.RetryRunner$1.evaluate(RetryRunner.java:59)
	at org.junit.internal.runners.statements.RunBefores.evaluate(RunBefores.java:26)
	at org.junit.runners.ParentRunner.runLeaf(ParentRunner.java:325)
	at org.junit.runners.BlockJUnit4ClassRunner.runChild(BlockJUnit4ClassRunner.java:78)
	at org.junit.runners.BlockJUnit4ClassRunner.runChild(BlockJUnit4ClassRunner.java:57)
	at org.junit.runners.ParentRunner$3.run(ParentRunner.java:290)
	at org.junit.runners.ParentRunner$1.schedule(ParentRunner.java:71)
	at org.junit.runners.ParentRunner.runChildren(ParentRunner.java:288)
	at org.junit.runners.ParentRunner.access$000(ParentRunner.java:58)
	at org.junit.runners.ParentRunner$2.evaluate(ParentRunner.java:268)
	at org.junit.runners.ParentRunner.run(ParentRunner.java:363)
	at org.apache.maven.surefire.junit4.JUnit4Provider.execute(JUnit4Provider.java:283)
	at org.apache.maven.surefire.junit4.JUnit4Provider.executeWithRerun(JUnit4Provider.java:173)
	at org.apache.maven.surefire.junit4.JUnit4Provider.executeTestSet(JUnit4Provider.java:153)
	at org.apache.maven.surefire.junit4.JUnit4Provider.invoke(JUnit4Provider.java:128)
	at org.apache.maven.surefire.booter.ForkedBooter.invokeProviderInSameClassLoader(ForkedBooter.java:203)
	at org.apache.maven.surefire.booter.ForkedBooter.runSuitesInProcess(ForkedBooter.java:155)
	at org.apache.maven.surefire.booter.ForkedBooter.main(ForkedBooter.java:103)

Running org.apache.commons.math4.analysis.polynomials.PolynomialSplineFunctionTest
Tests run: 3, Failures: 0, Errors: 0, Skipped: 0, Time elapsed: 0.005 sec - in org.apache.commons.math4.analysis.polynomials.PolynomialSplineFunctionTest
Running org.apache.commons.math4.analysis.polynomials.PolynomialFunctionNewtonFormTest
Tests run: 5, Failures: 0, Errors: 0, Skipped: 0, Time elapsed: 0.019 sec - in org.apache.commons.math4.analysis.polynomials.PolynomialFunctionNewtonFormTest
Running org.apache.commons.math4.analysis.polynomials.PolynomialsUtilsTest
Tests run: 18, Failures: 0, Errors: 0, Skipped: 0, Time elapsed: 5.364 sec - in org.apache.commons.math4.analysis.polynomials.PolynomialsUtilsTest
Running org.apache.commons.math4.analysis.polynomials.PolynomialFunctionLagrangeFormTest
Tests run: 4, Failures: 0, Errors: 0, Skipped: 0, Time elapsed: 0.006 sec - in org.apache.commons.math4.analysis.polynomials.PolynomialFunctionLagrangeFormTest
Running org.apache.commons.math4.analysis.polynomials.PolynomialFunctionTest
Tests run: 11, Failures: 0, Errors: 0, Skipped: 0, Time elapsed: 0.011 sec - in org.apache.commons.math4.analysis.polynomials.PolynomialFunctionTest
Running org.apache.commons.math4.analysis.integration.IterativeLegendreGaussIntegratorTest
Tests run: 5, Failures: 0, Errors: 0, Skipped: 0, Time elapsed: 12.264 sec - in org.apache.commons.math4.analysis.integration.IterativeLegendreGaussIntegratorTest
Running org.apache.commons.math4.analysis.integration.MidPointIntegratorTest
Tests run: 4, Failures: 0, Errors: 0, Skipped: 0, Time elapsed: 2.258 sec - in org.apache.commons.math4.analysis.integration.MidPointIntegratorTest
Running org.apache.commons.math4.analysis.integration.SimpsonIntegratorTest
Tests run: 3, Failures: 0, Errors: 0, Skipped: 0, Time elapsed: 0.004 sec - in org.apache.commons.math4.analysis.integration.SimpsonIntegratorTest
Running org.apache.commons.math4.analysis.integration.TrapezoidIntegratorTest
Tests run: 3, Failures: 0, Errors: 0, Skipped: 0, Time elapsed: 0.009 sec - in org.apache.commons.math4.analysis.integration.TrapezoidIntegratorTest
Running org.apache.commons.math4.analysis.integration.gauss.HermiteTest
Tests run: 3, Failures: 0, Errors: 0, Skipped: 0, Time elapsed: 0.005 sec - in org.apache.commons.math4.analysis.integration.gauss.HermiteTest
Running org.apache.commons.math4.analysis.integration.gauss.LegendreHighPrecisionTest
Tests run: 2, Failures: 0, Errors: 0, Skipped: 0, Time elapsed: 8.663 sec - in org.apache.commons.math4.analysis.integration.gauss.LegendreHighPrecisionTest
Running org.apache.commons.math4.analysis.integration.gauss.LegendreHighPrecisionParametricTest
Tests run: 30, Failures: 0, Errors: 0, Skipped: 0, Time elapsed: 1.158 sec - in org.apache.commons.math4.analysis.integration.gauss.LegendreHighPrecisionParametricTest
Running org.apache.commons.math4.analysis.integration.gauss.LegendreTest
Tests run: 2, Failures: 0, Errors: 0, Skipped: 0, Time elapsed: 0.134 sec - in org.apache.commons.math4.analysis.integration.gauss.LegendreTest
Running org.apache.commons.math4.analysis.integration.gauss.GaussIntegratorTest
Tests run: 3, Failures: 0, Errors: 0, Skipped: 0, Time elapsed: 0.003 sec - in org.apache.commons.math4.analysis.integration.gauss.GaussIntegratorTest
Running org.apache.commons.math4.analysis.integration.gauss.HermiteParametricTest
Tests run: 30, Failures: 0, Errors: 0, Skipped: 0, Time elapsed: 0.11 sec - in org.apache.commons.math4.analysis.integration.gauss.HermiteParametricTest
Running org.apache.commons.math4.analysis.integration.gauss.LegendreParametricTest
Tests run: 30, Failures: 0, Errors: 0, Skipped: 0, Time elapsed: 0.075 sec - in org.apache.commons.math4.analysis.integration.gauss.LegendreParametricTest
Running org.apache.commons.math4.analysis.integration.gauss.BaseRuleFactoryTest
Tests run: 1, Failures: 0, Errors: 0, Skipped: 0, Time elapsed: 0.038 sec - in org.apache.commons.math4.analysis.integration.gauss.BaseRuleFactoryTest
Running org.apache.commons.math4.analysis.integration.RombergIntegratorTest
Tests run: 3, Failures: 0, Errors: 0, Skipped: 0, Time elapsed: 0.004 sec - in org.apache.commons.math4.analysis.integration.RombergIntegratorTest
Running org.apache.commons.math4.analysis.differentiation.SparseGradientTest
Tests run: 120, Failures: 0, Errors: 0, Skipped: 0, Time elapsed: 1.081 sec - in org.apache.commons.math4.analysis.differentiation.SparseGradientTest
Running org.apache.commons.math4.analysis.differentiation.DSCompilerTest
Tests run: 7, Failures: 0, Errors: 0, Skipped: 0, Time elapsed: 0.082 sec - in org.apache.commons.math4.analysis.differentiation.DSCompilerTest
Running org.apache.commons.math4.analysis.differentiation.GradientFunctionTest
Tests run: 2, Failures: 0, Errors: 0, Skipped: 0, Time elapsed: 0.784 sec - in org.apache.commons.math4.analysis.differentiation.GradientFunctionTest
Running org.apache.commons.math4.analysis.differentiation.DerivativeStructureTest
Tests run: 124, Failures: 0, Errors: 0, Skipped: 0, Time elapsed: 5.328 sec - in org.apache.commons.math4.analysis.differentiation.DerivativeStructureTest
Running org.apache.commons.math4.analysis.differentiation.JacobianFunctionTest
Tests run: 1, Failures: 0, Errors: 0, Skipped: 0, Time elapsed: 0.044 sec - in org.apache.commons.math4.analysis.differentiation.JacobianFunctionTest
Running org.apache.commons.math4.analysis.differentiation.FiniteDifferencesDifferentiatorTest
Tests run: 16, Failures: 0, Errors: 0, Skipped: 0, Time elapsed: 0.158 sec - in org.apache.commons.math4.analysis.differentiation.FiniteDifferencesDifferentiatorTest
Running org.apache.commons.math4.analysis.function.HarmonicOscillatorTest
Tests run: 8, Failures: 0, Errors: 0, Skipped: 0, Time elapsed: 0.01 sec - in org.apache.commons.math4.analysis.function.HarmonicOscillatorTest
Running org.apache.commons.math4.analysis.function.StepFunctionTest
Tests run: 9, Failures: 0, Errors: 0, Skipped: 0, Time elapsed: 0.006 sec - in org.apache.commons.math4.analysis.function.StepFunctionTest
Running org.apache.commons.math4.analysis.function.LogisticTest
Tests run: 14, Failures: 0, Errors: 0, Skipped: 0, Time elapsed: 0.017 sec - in org.apache.commons.math4.analysis.function.LogisticTest
Running org.apache.commons.math4.analysis.function.SigmoidTest
Tests run: 9, Failures: 0, Errors: 0, Skipped: 0, Time elapsed: 0.011 sec - in org.apache.commons.math4.analysis.function.SigmoidTest
Running org.apache.commons.math4.analysis.function.LogitTest
Tests run: 15, Failures: 0, Errors: 0, Skipped: 0, Time elapsed: 0.02 sec - in org.apache.commons.math4.analysis.function.LogitTest
Running org.apache.commons.math4.analysis.function.GaussianTest
Tests run: 14, Failures: 0, Errors: 0, Skipped: 0, Time elapsed: 0.017 sec - in org.apache.commons.math4.analysis.function.GaussianTest
Running org.apache.commons.math4.analysis.function.SqrtTest
Tests run: 3, Failures: 0, Errors: 0, Skipped: 0, Time elapsed: 0.008 sec - in org.apache.commons.math4.analysis.function.SqrtTest
Running org.apache.commons.math4.analysis.function.SincTest
Tests run: 8, Failures: 0, Errors: 0, Skipped: 0, Time elapsed: 0.195 sec - in org.apache.commons.math4.analysis.function.SincTest
Running org.apache.commons.math4.analysis.FunctionUtilsTest
Tests run: 19, Failures: 0, Errors: 0, Skipped: 0, Time elapsed: 1.256 sec - in org.apache.commons.math4.analysis.FunctionUtilsTest
Running org.apache.commons.math4.analysis.interpolation.NevilleInterpolatorTest
Tests run: 3, Failures: 0, Errors: 0, Skipped: 0, Time elapsed: 0.004 sec - in org.apache.commons.math4.analysis.interpolation.NevilleInterpolatorTest
Running org.apache.commons.math4.analysis.interpolation.PiecewiseBicubicSplineInterpolatingFunctionTest
Tests run: 3, Failures: 0, Errors: 0, Skipped: 0, Time elapsed: 0.033 sec - in org.apache.commons.math4.analysis.interpolation.PiecewiseBicubicSplineInterpolatingFunctionTest
Running org.apache.commons.math4.analysis.interpolation.BicubicInterpolatorTest
Tests run: 3, Failures: 0, Errors: 0, Skipped: 0, Time elapsed: 0.059 sec - in org.apache.commons.math4.analysis.interpolation.BicubicInterpolatorTest
Running org.apache.commons.math4.analysis.interpolation.BicubicInterpolatingFunctionTest
Tests run: 4, Failures: 0, Errors: 0, Skipped: 0, Time elapsed: 0.022 sec - in org.apache.commons.math4.analysis.interpolation.BicubicInterpolatingFunctionTest
Running org.apache.commons.math4.analysis.interpolation.TricubicInterpolatingFunctionTest
Tests run: 4, Failures: 0, Errors: 0, Skipped: 0, Time elapsed: 2.526 sec - in org.apache.commons.math4.analysis.interpolation.TricubicInterpolatingFunctionTest
Running org.apache.commons.math4.analysis.interpolation.FieldHermiteInterpolatorTest
Tests run: 12, Failures: 0, Errors: 0, Skipped: 0, Time elapsed: 12.186 sec - in org.apache.commons.math4.analysis.interpolation.FieldHermiteInterpolatorTest
Running org.apache.commons.math4.analysis.interpolation.LoessInterpolatorTest
Tests run: 20, Failures: 0, Errors: 0, Skipped: 0, Time elapsed: 0.085 sec - in org.apache.commons.math4.analysis.interpolation.LoessInterpolatorTest
Running org.apache.commons.math4.analysis.interpolation.LinearInterpolatorTest
Tests run: 4, Failures: 0, Errors: 0, Skipped: 0, Time elapsed: 0.004 sec - in org.apache.commons.math4.analysis.interpolation.LinearInterpolatorTest
Running org.apache.commons.math4.analysis.interpolation.PiecewiseBicubicSplineInterpolatorTest
Tests run: 3, Failures: 0, Errors: 0, Skipped: 0, Time elapsed: 0.168 sec - in org.apache.commons.math4.analysis.interpolation.PiecewiseBicubicSplineInterpolatorTest
Running org.apache.commons.math4.analysis.interpolation.HermiteInterpolatorTest
Tests run: 11, Failures: 0, Errors: 0, Skipped: 0, Time elapsed: 0.1 sec - in org.apache.commons.math4.analysis.interpolation.HermiteInterpolatorTest
Running org.apache.commons.math4.analysis.interpolation.AkimaSplineInterpolatorTest
Tests run: 4, Failures: 0, Errors: 0, Skipped: 0, Time elapsed: 0.005 sec - in org.apache.commons.math4.analysis.interpolation.AkimaSplineInterpolatorTest
Running org.apache.commons.math4.analysis.interpolation.TricubicInterpolatorTest
Tests run: 3, Failures: 0, Errors: 0, Skipped: 0, Time elapsed: 0.017 sec - in org.apache.commons.math4.analysis.interpolation.TricubicInterpolatorTest
Running org.apache.commons.math4.analysis.interpolation.SplineInterpolatorTest
Tests run: 5, Failures: 0, Errors: 0, Skipped: 0, Time elapsed: 0.005 sec - in org.apache.commons.math4.analysis.interpolation.SplineInterpolatorTest
Running org.apache.commons.math4.analysis.interpolation.DividedDifferenceInterpolatorTest
Tests run: 3, Failures: 0, Errors: 0, Skipped: 0, Time elapsed: 0.003 sec - in org.apache.commons.math4.analysis.interpolation.DividedDifferenceInterpolatorTest
Running org.apache.commons.math4.analysis.interpolation.UnivariatePeriodicInterpolatorTest
Tests run: 5, Failures: 0, Errors: 0, Skipped: 0, Time elapsed: 0.006 sec - in org.apache.commons.math4.analysis.interpolation.UnivariatePeriodicInterpolatorTest
Running org.apache.commons.math4.analysis.interpolation.MicrosphereProjectionInterpolatorTest
Tests run: 1, Failures: 0, Errors: 0, Skipped: 0, Time elapsed: 0.079 sec - in org.apache.commons.math4.analysis.interpolation.MicrosphereProjectionInterpolatorTest
Running org.apache.commons.math4.analysis.solvers.MullerSolverTest
Tests run: 4, Failures: 0, Errors: 0, Skipped: 0, Time elapsed: 0.006 sec - in org.apache.commons.math4.analysis.solvers.MullerSolverTest
Running org.apache.commons.math4.analysis.solvers.FieldBracketingNthOrderBrentSolverTest
Tests run: 4, Failures: 0, Errors: 0, Skipped: 0, Time elapsed: 9.671 sec - in org.apache.commons.math4.analysis.solvers.FieldBracketingNthOrderBrentSolverTest
Running org.apache.commons.math4.analysis.solvers.SecantSolverTest
Tests run: 8, Failures: 0, Errors: 0, Skipped: 0, Time elapsed: 0.01 sec - in org.apache.commons.math4.analysis.solvers.SecantSolverTest
Running org.apache.commons.math4.analysis.solvers.PegasusSolverTest
Tests run: 8, Failures: 0, Errors: 0, Skipped: 0, Time elapsed: 0.007 sec - in org.apache.commons.math4.analysis.solvers.PegasusSolverTest
Running org.apache.commons.math4.analysis.solvers.MullerSolver2Test
Tests run: 4, Failures: 0, Errors: 0, Skipped: 0, Time elapsed: 0.004 sec - in org.apache.commons.math4.analysis.solvers.MullerSolver2Test
Running org.apache.commons.math4.analysis.solvers.BracketingNthOrderBrentSolverTest
Tests run: 15, Failures: 0, Errors: 0, Skipped: 0, Time elapsed: 0.018 sec - in org.apache.commons.math4.analysis.solvers.BracketingNthOrderBrentSolverTest
Running org.apache.commons.math4.analysis.solvers.RiddersSolverTest
Tests run: 4, Failures: 0, Errors: 0, Skipped: 0, Time elapsed: 0.005 sec - in org.apache.commons.math4.analysis.solvers.RiddersSolverTest
Running org.apache.commons.math4.analysis.solvers.BrentSolverTest
Tests run: 6, Failures: 0, Errors: 0, Skipped: 0, Time elapsed: 0.01 sec - in org.apache.commons.math4.analysis.solvers.BrentSolverTest
Running org.apache.commons.math4.analysis.solvers.LaguerreSolverTest
Tests run: 5, Failures: 0, Errors: 0, Skipped: 0, Time elapsed: 0.009 sec - in org.apache.commons.math4.analysis.solvers.LaguerreSolverTest
Running org.apache.commons.math4.analysis.solvers.BisectionSolverTest
Tests run: 3, Failures: 0, Errors: 0, Skipped: 0, Time elapsed: 0.005 sec - in org.apache.commons.math4.analysis.solvers.BisectionSolverTest
Running org.apache.commons.math4.analysis.solvers.RegulaFalsiSolverTest
Tests run: 9, Failures: 0, Errors: 0, Skipped: 0, Time elapsed: 0.021 sec - in org.apache.commons.math4.analysis.solvers.RegulaFalsiSolverTest
Running org.apache.commons.math4.analysis.solvers.IllinoisSolverTest
Tests run: 8, Failures: 0, Errors: 0, Skipped: 0, Time elapsed: 0.01 sec - in org.apache.commons.math4.analysis.solvers.IllinoisSolverTest
Running org.apache.commons.math4.analysis.solvers.NewtonRaphsonSolverTest
Tests run: 2, Failures: 0, Errors: 0, Skipped: 0, Time elapsed: 0.002 sec - in org.apache.commons.math4.analysis.solvers.NewtonRaphsonSolverTest
Running org.apache.commons.math4.analysis.solvers.UnivariateSolverUtilsTest
Tests run: 22, Failures: 0, Errors: 0, Skipped: 0, Time elapsed: 0.022 sec - in org.apache.commons.math4.analysis.solvers.UnivariateSolverUtilsTest
Running org.apache.commons.math4.RetryRunnerTest
Tests run: 2, Failures: 0, Errors: 0, Skipped: 0, Time elapsed: 0.007 sec - in org.apache.commons.math4.RetryRunnerTest
Running org.apache.commons.math4.stat.interval.IntervalUtilsTest
Tests run: 4, Failures: 0, Errors: 0, Skipped: 0, Time elapsed: 0.012 sec - in org.apache.commons.math4.stat.interval.IntervalUtilsTest
Running org.apache.commons.math4.stat.interval.AgrestiCoullIntervalTest
Tests run: 6, Failures: 0, Errors: 0, Skipped: 0, Time elapsed: 0.006 sec - in org.apache.commons.math4.stat.interval.AgrestiCoullIntervalTest
Running org.apache.commons.math4.stat.interval.ClopperPearsonIntervalTest
Tests run: 6, Failures: 0, Errors: 0, Skipped: 0, Time elapsed: 0.007 sec - in org.apache.commons.math4.stat.interval.ClopperPearsonIntervalTest
Running org.apache.commons.math4.stat.interval.NormalApproximationIntervalTest
Tests run: 6, Failures: 0, Errors: 0, Skipped: 0, Time elapsed: 0.006 sec - in org.apache.commons.math4.stat.interval.NormalApproximationIntervalTest
Running org.apache.commons.math4.stat.interval.WilsonScoreIntervalTest
Tests run: 6, Failures: 0, Errors: 0, Skipped: 0, Time elapsed: 0.005 sec - in org.apache.commons.math4.stat.interval.WilsonScoreIntervalTest
Running org.apache.commons.math4.stat.data.LotteryTest
Tests run: 1, Failures: 0, Errors: 0, Skipped: 0, Time elapsed: 0.004 sec - in org.apache.commons.math4.stat.data.LotteryTest
Running org.apache.commons.math4.stat.data.LewTest
Tests run: 1, Failures: 0, Errors: 0, Skipped: 0, Time elapsed: 0.003 sec - in org.apache.commons.math4.stat.data.LewTest
Running org.apache.commons.math4.stat.FrequencyTest
Tests run: 16, Failures: 0, Errors: 0, Skipped: 0, Time elapsed: 0.02 sec - in org.apache.commons.math4.stat.FrequencyTest
Running org.apache.commons.math4.stat.CertifiedDataTest
Tests run: 2, Failures: 0, Errors: 0, Skipped: 0, Time elapsed: 0.023 sec - in org.apache.commons.math4.stat.CertifiedDataTest
Running org.apache.commons.math4.stat.regression.SimpleRegressionTest
Tests run: 22, Failures: 0, Errors: 0, Skipped: 0, Time elapsed: 0.035 sec - in org.apache.commons.math4.stat.regression.SimpleRegressionTest
Running org.apache.commons.math4.stat.regression.GLSMultipleLinearRegressionTest
Tests run: 21, Failures: 0, Errors: 0, Skipped: 0, Time elapsed: 16.124 sec - in org.apache.commons.math4.stat.regression.GLSMultipleLinearRegressionTest
Running org.apache.commons.math4.stat.regression.MillerUpdatingRegressionTest
Tests run: 17, Failures: 0, Errors: 0, Skipped: 0, Time elapsed: 0.293 sec - in org.apache.commons.math4.stat.regression.MillerUpdatingRegressionTest
Running org.apache.commons.math4.stat.regression.OLSMultipleLinearRegressionTest
Tests run: 28, Failures: 0, Errors: 0, Skipped: 0, Time elapsed: 0.028 sec - in org.apache.commons.math4.stat.regression.OLSMultipleLinearRegressionTest
Running org.apache.commons.math4.stat.inference.MannWhitneyUTestTest
Tests run: 4, Failures: 0, Errors: 0, Skipped: 0, Time elapsed: 0.202 sec - in org.apache.commons.math4.stat.inference.MannWhitneyUTestTest
Running org.apache.commons.math4.stat.inference.TTestTest
Tests run: 6, Failures: 0, Errors: 0, Skipped: 0, Time elapsed: 0.008 sec - in org.apache.commons.math4.stat.inference.TTestTest
Running org.apache.commons.math4.stat.inference.KolmogorovSmirnovTestTest
Tests run: 23, Failures: 0, Errors: 0, Skipped: 0, Time elapsed: 33.193 sec - in org.apache.commons.math4.stat.inference.KolmogorovSmirnovTestTest
Running org.apache.commons.math4.stat.inference.BinomialTestTest
Tests run: 3, Failures: 0, Errors: 0, Skipped: 0, Time elapsed: 0.01 sec - in org.apache.commons.math4.stat.inference.BinomialTestTest
Running org.apache.commons.math4.stat.inference.WilcoxonSignedRankTestTest
Tests run: 2, Failures: 0, Errors: 0, Skipped: 0, Time elapsed: 0.005 sec - in org.apache.commons.math4.stat.inference.WilcoxonSignedRankTestTest
Running org.apache.commons.math4.stat.inference.TestUtilsTest
Tests run: 16, Failures: 0, Errors: 0, Skipped: 0, Time elapsed: 0.734 sec - in org.apache.commons.math4.stat.inference.TestUtilsTest
Running org.apache.commons.math4.stat.inference.OneWayAnovaTest
Tests run: 4, Failures: 0, Errors: 0, Skipped: 0, Time elapsed: 0.003 sec - in org.apache.commons.math4.stat.inference.OneWayAnovaTest
Running org.apache.commons.math4.stat.inference.GTestTest
Tests run: 13, Failures: 0, Errors: 0, Skipped: 0, Time elapsed: 0.01 sec - in org.apache.commons.math4.stat.inference.GTestTest
Running org.apache.commons.math4.stat.inference.ChiSquareTestTest
Tests run: 7, Failures: 0, Errors: 0, Skipped: 0, Time elapsed: 0.008 sec - in org.apache.commons.math4.stat.inference.ChiSquareTestTest
Running org.apache.commons.math4.stat.descriptive.moment.FirstMomentTest
Tests run: 14, Failures: 0, Errors: 0, Skipped: 0, Time elapsed: 0.013 sec - in org.apache.commons.math4.stat.descriptive.moment.FirstMomentTest
Running org.apache.commons.math4.stat.descriptive.moment.VectorialMeanTest
Tests run: 4, Failures: 0, Errors: 0, Skipped: 0, Time elapsed: 0.005 sec - in org.apache.commons.math4.stat.descriptive.moment.VectorialMeanTest
Running org.apache.commons.math4.stat.descriptive.moment.FourthMomentTest
Tests run: 13, Failures: 0, Errors: 0, Skipped: 0, Time elapsed: 0.011 sec - in org.apache.commons.math4.stat.descriptive.moment.FourthMomentTest
Running org.apache.commons.math4.stat.descriptive.moment.SecondMomentTest
Tests run: 13, Failures: 0, Errors: 0, Skipped: 0, Time elapsed: 0.015 sec - in org.apache.commons.math4.stat.descriptive.moment.SecondMomentTest
Running org.apache.commons.math4.stat.descriptive.moment.SemiVarianceTest
Tests run: 9, Failures: 0, Errors: 0, Skipped: 0, Time elapsed: 0.008 sec - in org.apache.commons.math4.stat.descriptive.moment.SemiVarianceTest
Running org.apache.commons.math4.stat.descriptive.moment.SkewnessTest
Tests run: 14, Failures: 0, Errors: 0, Skipped: 0, Time elapsed: 0.016 sec - in org.apache.commons.math4.stat.descriptive.moment.SkewnessTest
Running org.apache.commons.math4.stat.descriptive.moment.StandardDeviationTest
Tests run: 15, Failures: 0, Errors: 0, Skipped: 0, Time elapsed: 0.01 sec - in org.apache.commons.math4.stat.descriptive.moment.StandardDeviationTest
Running org.apache.commons.math4.stat.descriptive.moment.VectorialCovarianceTest
Tests run: 4, Failures: 0, Errors: 0, Skipped: 0, Time elapsed: 0.004 sec - in org.apache.commons.math4.stat.descriptive.moment.VectorialCovarianceTest
Running org.apache.commons.math4.stat.descriptive.moment.GeometricMeanTest
Tests run: 14, Failures: 0, Errors: 0, Skipped: 0, Time elapsed: 0.012 sec - in org.apache.commons.math4.stat.descriptive.moment.GeometricMeanTest
Running org.apache.commons.math4.stat.descriptive.moment.InteractionTest
Tests run: 1, Failures: 0, Errors: 0, Skipped: 0, Time elapsed: 0.001 sec - in org.apache.commons.math4.stat.descriptive.moment.InteractionTest
Running org.apache.commons.math4.stat.descriptive.moment.ThirdMomentTest
Tests run: 13, Failures: 0, Errors: 0, Skipped: 0, Time elapsed: 0.012 sec - in org.apache.commons.math4.stat.descriptive.moment.ThirdMomentTest
Running org.apache.commons.math4.stat.descriptive.moment.VarianceTest
Tests run: 16, Failures: 0, Errors: 0, Skipped: 0, Time elapsed: 0.016 sec - in org.apache.commons.math4.stat.descriptive.moment.VarianceTest
Running org.apache.commons.math4.stat.descriptive.moment.KurtosisTest
Tests run: 14, Failures: 0, Errors: 0, Skipped: 0, Time elapsed: 0.016 sec - in org.apache.commons.math4.stat.descriptive.moment.KurtosisTest
Running org.apache.commons.math4.stat.descriptive.moment.MeanTest
Tests run: 15, Failures: 0, Errors: 0, Skipped: 0, Time elapsed: 0.016 sec - in org.apache.commons.math4.stat.descriptive.moment.MeanTest
Running org.apache.commons.math4.stat.descriptive.SynchronizedDescriptiveStatisticsTest
Tests run: 12, Failures: 0, Errors: 0, Skipped: 0, Time elapsed: 0.021 sec - in org.apache.commons.math4.stat.descriptive.SynchronizedDescriptiveStatisticsTest
Running org.apache.commons.math4.stat.descriptive.MixedListUnivariateImplTest
Tests run: 4, Failures: 0, Errors: 0, Skipped: 0, Time elapsed: 0.009 sec - in org.apache.commons.math4.stat.descriptive.MixedListUnivariateImplTest
Running org.apache.commons.math4.stat.descriptive.MultivariateSummaryStatisticsTest
Tests run: 10, Failures: 0, Errors: 0, Skipped: 0, Time elapsed: 0.019 sec - in org.apache.commons.math4.stat.descriptive.MultivariateSummaryStatisticsTest
Running org.apache.commons.math4.stat.descriptive.rank.PSquarePercentileTest
Tests run: 54, Failures: 0, Errors: 0, Skipped: 0, Time elapsed: 172.569 sec - in org.apache.commons.math4.stat.descriptive.rank.PSquarePercentileTest
Running org.apache.commons.math4.stat.descriptive.rank.PercentileTest
Tests run: 45, Failures: 0, Errors: 0, Skipped: 0, Time elapsed: 0.482 sec - in org.apache.commons.math4.stat.descriptive.rank.PercentileTest
Running org.apache.commons.math4.stat.descriptive.rank.MedianTest
Tests run: 7, Failures: 0, Errors: 0, Skipped: 0, Time elapsed: 0.008 sec - in org.apache.commons.math4.stat.descriptive.rank.MedianTest
Running org.apache.commons.math4.stat.descriptive.rank.MaxTest
Tests run: 15, Failures: 0, Errors: 0, Skipped: 0, Time elapsed: 0.015 sec - in org.apache.commons.math4.stat.descriptive.rank.MaxTest
Running org.apache.commons.math4.stat.descriptive.rank.MinTest
Tests run: 15, Failures: 0, Errors: 0, Skipped: 0, Time elapsed: 0.014 sec - in org.apache.commons.math4.stat.descriptive.rank.MinTest
Running org.apache.commons.math4.stat.descriptive.ListUnivariateImplTest
Tests run: 5, Failures: 0, Errors: 0, Skipped: 0, Time elapsed: 0.013 sec - in org.apache.commons.math4.stat.descriptive.ListUnivariateImplTest
Running org.apache.commons.math4.stat.descriptive.SummaryStatisticsTest
Tests run: 15, Failures: 0, Errors: 0, Skipped: 0, Time elapsed: 0.023 sec - in org.apache.commons.math4.stat.descriptive.SummaryStatisticsTest
Running org.apache.commons.math4.stat.descriptive.DescriptiveStatisticsTest
Tests run: 12, Failures: 0, Errors: 0, Skipped: 0, Time elapsed: 0.023 sec - in org.apache.commons.math4.stat.descriptive.DescriptiveStatisticsTest
Running org.apache.commons.math4.stat.descriptive.summary.SumSqTest
Tests run: 14, Failures: 0, Errors: 0, Skipped: 0, Time elapsed: 0.016 sec - in org.apache.commons.math4.stat.descriptive.summary.SumSqTest
Running org.apache.commons.math4.stat.descriptive.summary.SumLogTest
Tests run: 14, Failures: 0, Errors: 0, Skipped: 0, Time elapsed: 0.02 sec - in org.apache.commons.math4.stat.descriptive.summary.SumLogTest
Running org.apache.commons.math4.stat.descriptive.summary.ProductTest
Tests run: 15, Failures: 0, Errors: 0, Skipped: 0, Time elapsed: 0.017 sec - in org.apache.commons.math4.stat.descriptive.summary.ProductTest
Running org.apache.commons.math4.stat.descriptive.summary.SumTest
Tests run: 15, Failures: 0, Errors: 0, Skipped: 0, Time elapsed: 0.014 sec - in org.apache.commons.math4.stat.descriptive.summary.SumTest
Running org.apache.commons.math4.stat.descriptive.SynchronizedMultivariateSummaryStatisticsTest
Tests run: 10, Failures: 0, Errors: 0, Skipped: 0, Time elapsed: 0.021 sec - in org.apache.commons.math4.stat.descriptive.SynchronizedMultivariateSummaryStatisticsTest
Running org.apache.commons.math4.stat.descriptive.SynchronizedSummaryStatisticsTest
Tests run: 15, Failures: 0, Errors: 0, Skipped: 0, Time elapsed: 0.017 sec - in org.apache.commons.math4.stat.descriptive.SynchronizedSummaryStatisticsTest
Running org.apache.commons.math4.stat.descriptive.StatisticalSummaryValuesTest
Tests run: 3, Failures: 0, Errors: 0, Skipped: 0, Time elapsed: 0.004 sec - in org.apache.commons.math4.stat.descriptive.StatisticalSummaryValuesTest
Running org.apache.commons.math4.stat.descriptive.AggregateSummaryStatisticsTest
Tests run: 6, Failures: 0, Errors: 0, Skipped: 0, Time elapsed: 0.012 sec - in org.apache.commons.math4.stat.descriptive.AggregateSummaryStatisticsTest
Running org.apache.commons.math4.stat.correlation.StorelessCovarianceTest
Tests run: 6, Failures: 0, Errors: 0, Skipped: 0, Time elapsed: 0.011 sec - in org.apache.commons.math4.stat.correlation.StorelessCovarianceTest
Running org.apache.commons.math4.stat.correlation.SpearmansRankCorrelationTest
Tests run: 11, Failures: 0, Errors: 0, Skipped: 0, Time elapsed: 0.022 sec - in org.apache.commons.math4.stat.correlation.SpearmansRankCorrelationTest
Running org.apache.commons.math4.stat.correlation.PearsonsCorrelationTest
Tests run: 8, Failures: 0, Errors: 0, Skipped: 0, Time elapsed: 0.035 sec - in org.apache.commons.math4.stat.correlation.PearsonsCorrelationTest
Running org.apache.commons.math4.stat.correlation.KendallsCorrelationTest
Tests run: 25, Failures: 0, Errors: 0, Skipped: 0, Time elapsed: 2.614 sec - in org.apache.commons.math4.stat.correlation.KendallsCorrelationTest
Running org.apache.commons.math4.stat.correlation.CovarianceTest
Tests run: 6, Failures: 0, Errors: 0, Skipped: 0, Time elapsed: 0.012 sec - in org.apache.commons.math4.stat.correlation.CovarianceTest
Running org.apache.commons.math4.stat.ranking.NaturalRankingTest
Tests run: 9, Failures: 0, Errors: 0, Skipped: 0, Time elapsed: 0.01 sec - in org.apache.commons.math4.stat.ranking.NaturalRankingTest
Running org.apache.commons.math4.stat.StatUtilsTest
Tests run: 17, Failures: 0, Errors: 0, Skipped: 0, Time elapsed: 0.017 sec - in org.apache.commons.math4.stat.StatUtilsTest
Running org.apache.commons.math4.geometry.spherical.twod.CircleTest
Tests run: 9, Failures: 0, Errors: 0, Skipped: 0, Time elapsed: 0.29 sec - in org.apache.commons.math4.geometry.spherical.twod.CircleTest
Running org.apache.commons.math4.geometry.spherical.twod.S2PointTest
Tests run: 7, Failures: 0, Errors: 0, Skipped: 0, Time elapsed: 0.024 sec - in org.apache.commons.math4.geometry.spherical.twod.S2PointTest
Running org.apache.commons.math4.geometry.spherical.twod.SphericalPolygonsSetTest
Tests run: 11, Failures: 0, Errors: 0, Skipped: 0, Time elapsed: 1.282 sec - in org.apache.commons.math4.geometry.spherical.twod.SphericalPolygonsSetTest
Running org.apache.commons.math4.geometry.spherical.twod.SubCircleTest
Tests run: 4, Failures: 0, Errors: 0, Skipped: 0, Time elapsed: 0.013 sec - in org.apache.commons.math4.geometry.spherical.twod.SubCircleTest
Running org.apache.commons.math4.geometry.spherical.oned.S1PointTest
Tests run: 5, Failures: 0, Errors: 0, Skipped: 0, Time elapsed: 0.007 sec - in org.apache.commons.math4.geometry.spherical.oned.S1PointTest
Running org.apache.commons.math4.geometry.spherical.oned.LimitAngleTest
Tests run: 1, Failures: 0, Errors: 0, Skipped: 0, Time elapsed: 0.002 sec - in org.apache.commons.math4.geometry.spherical.oned.LimitAngleTest
Running org.apache.commons.math4.geometry.spherical.oned.ArcsSetTest
Tests run: 27, Failures: 0, Errors: 0, Skipped: 0, Time elapsed: 0.294 sec - in org.apache.commons.math4.geometry.spherical.oned.ArcsSetTest
Running org.apache.commons.math4.geometry.spherical.oned.ArcTest
Tests run: 5, Failures: 0, Errors: 0, Skipped: 0, Time elapsed: 0.004 sec - in org.apache.commons.math4.geometry.spherical.oned.ArcTest
Running org.apache.commons.math4.geometry.spherical.oned.Sphere1Test
Tests run: 3, Failures: 0, Errors: 0, Skipped: 0, Time elapsed: 0.003 sec - in org.apache.commons.math4.geometry.spherical.oned.Sphere1Test
Running org.apache.commons.math4.geometry.enclosing.WelzlEncloser2DTest
Tests run: 7, Failures: 0, Errors: 0, Skipped: 0, Time elapsed: 2.339 sec - in org.apache.commons.math4.geometry.enclosing.WelzlEncloser2DTest
Running org.apache.commons.math4.geometry.enclosing.WelzlEncloser3DTest
Tests run: 5, Failures: 0, Errors: 0, Skipped: 0, Time elapsed: 0.966 sec - in org.apache.commons.math4.geometry.enclosing.WelzlEncloser3DTest
Running org.apache.commons.math4.geometry.euclidean.twod.LineTest
Tests run: 9, Failures: 0, Errors: 0, Skipped: 0, Time elapsed: 0.013 sec - in org.apache.commons.math4.geometry.euclidean.twod.LineTest
Running org.apache.commons.math4.geometry.euclidean.twod.DiskGeneratorTest
Tests run: 5, Failures: 0, Errors: 0, Skipped: 0, Time elapsed: 0.128 sec - in org.apache.commons.math4.geometry.euclidean.twod.DiskGeneratorTest
Running org.apache.commons.math4.geometry.euclidean.twod.PolygonsSetTest
Tests run: 30, Failures: 0, Errors: 0, Skipped: 0, Time elapsed: 0.268 sec - in org.apache.commons.math4.geometry.euclidean.twod.PolygonsSetTest
Running org.apache.commons.math4.geometry.euclidean.twod.Vector2DTest
Tests run: 1, Failures: 0, Errors: 0, Skipped: 0, Time elapsed: 0.001 sec - in org.apache.commons.math4.geometry.euclidean.twod.Vector2DTest
Running org.apache.commons.math4.geometry.euclidean.twod.SegmentTest
Tests run: 1, Failures: 0, Errors: 0, Skipped: 0, Time elapsed: 0.001 sec - in org.apache.commons.math4.geometry.euclidean.twod.SegmentTest
Running org.apache.commons.math4.geometry.euclidean.twod.Euclidean2DTest
Tests run: 3, Failures: 0, Errors: 0, Skipped: 0, Time elapsed: 0.005 sec - in org.apache.commons.math4.geometry.euclidean.twod.Euclidean2DTest
Running org.apache.commons.math4.geometry.euclidean.twod.hull.AklToussaintHeuristicTest
Tests run: 16, Failures: 0, Errors: 0, Skipped: 0, Time elapsed: 0.395 sec - in org.apache.commons.math4.geometry.euclidean.twod.hull.AklToussaintHeuristicTest
Running org.apache.commons.math4.geometry.euclidean.twod.hull.MonotoneChainTest
Tests run: 17, Failures: 0, Errors: 0, Skipped: 0, Time elapsed: 0.385 sec - in org.apache.commons.math4.geometry.euclidean.twod.hull.MonotoneChainTest
Running org.apache.commons.math4.geometry.euclidean.twod.FrenchVector2DFormatTest
Tests run: 28, Failures: 0, Errors: 0, Skipped: 0, Time elapsed: 0.023 sec - in org.apache.commons.math4.geometry.euclidean.twod.FrenchVector2DFormatTest
Running org.apache.commons.math4.geometry.euclidean.twod.SubLineTest
Tests run: 13, Failures: 0, Errors: 0, Skipped: 0, Time elapsed: 0.01 sec - in org.apache.commons.math4.geometry.euclidean.twod.SubLineTest
Running org.apache.commons.math4.geometry.euclidean.twod.Vector2DFormatTest
Tests run: 28, Failures: 0, Errors: 0, Skipped: 0, Time elapsed: 0.02 sec - in org.apache.commons.math4.geometry.euclidean.twod.Vector2DFormatTest
Running org.apache.commons.math4.geometry.euclidean.oned.FrenchVector1DFormatTest
Tests run: 25, Failures: 0, Errors: 0, Skipped: 0, Time elapsed: 0.019 sec - in org.apache.commons.math4.geometry.euclidean.oned.FrenchVector1DFormatTest
Running org.apache.commons.math4.geometry.euclidean.oned.Vector1DFormatTest
Tests run: 25, Failures: 0, Errors: 0, Skipped: 0, Time elapsed: 0.017 sec - in org.apache.commons.math4.geometry.euclidean.oned.Vector1DFormatTest
Running org.apache.commons.math4.geometry.euclidean.oned.Euclidean1DTest
Tests run: 3, Failures: 0, Errors: 0, Skipped: 0, Time elapsed: 0.003 sec - in org.apache.commons.math4.geometry.euclidean.oned.Euclidean1DTest
Running org.apache.commons.math4.geometry.euclidean.oned.IntervalTest
Tests run: 5, Failures: 0, Errors: 0, Skipped: 0, Time elapsed: 0.004 sec - in org.apache.commons.math4.geometry.euclidean.oned.IntervalTest
Running org.apache.commons.math4.geometry.euclidean.oned.IntervalsSetTest
Tests run: 4, Failures: 0, Errors: 0, Skipped: 0, Time elapsed: 0 sec - in org.apache.commons.math4.geometry.euclidean.oned.IntervalsSetTest
Running org.apache.commons.math4.geometry.euclidean.oned.Vector1DTest
Tests run: 22, Failures: 0, Errors: 0, Skipped: 0, Time elapsed: 0.014 sec - in org.apache.commons.math4.geometry.euclidean.oned.Vector1DTest
Running org.apache.commons.math4.geometry.euclidean.threed.RotationTest
Tests run: 15, Failures: 0, Errors: 0, Skipped: 0, Time elapsed: 2.288 sec - in org.apache.commons.math4.geometry.euclidean.threed.RotationTest
Running org.apache.commons.math4.geometry.euclidean.threed.LineTest
Tests run: 7, Failures: 0, Errors: 0, Skipped: 0, Time elapsed: 0.008 sec - in org.apache.commons.math4.geometry.euclidean.threed.LineTest
Running org.apache.commons.math4.geometry.euclidean.threed.FrenchVector3DFormatTest
Tests run: 28, Failures: 0, Errors: 0, Skipped: 0, Time elapsed: 0.027 sec - in org.apache.commons.math4.geometry.euclidean.threed.FrenchVector3DFormatTest
Running org.apache.commons.math4.geometry.euclidean.threed.PolyhedronsSetTest
Tests run: 16, Failures: 0, Errors: 0, Skipped: 0, Time elapsed: 0.268 sec - in org.apache.commons.math4.geometry.euclidean.threed.PolyhedronsSetTest
Running org.apache.commons.math4.geometry.euclidean.threed.Vector3DFormatTest
Tests run: 28, Failures: 0, Errors: 0, Skipped: 0, Time elapsed: 0.02 sec - in org.apache.commons.math4.geometry.euclidean.threed.Vector3DFormatTest
Running org.apache.commons.math4.geometry.euclidean.threed.Euclidean3DTest
Tests run: 3, Failures: 0, Errors: 0, Skipped: 0, Time elapsed: 0.004 sec - in org.apache.commons.math4.geometry.euclidean.threed.Euclidean3DTest
Running org.apache.commons.math4.geometry.euclidean.threed.Vector3DTest
Tests run: 33, Failures: 0, Errors: 0, Skipped: 0, Time elapsed: 0.225 sec - in org.apache.commons.math4.geometry.euclidean.threed.Vector3DTest
Running org.apache.commons.math4.geometry.euclidean.threed.RotationOrderTest
Tests run: 1, Failures: 0, Errors: 0, Skipped: 0, Time elapsed: 0.007 sec - in org.apache.commons.math4.geometry.euclidean.threed.RotationOrderTest
Running org.apache.commons.math4.geometry.euclidean.threed.SphericalCoordinatesTest
Tests run: 5, Failures: 0, Errors: 0, Skipped: 0, Time elapsed: 5.242 sec - in org.apache.commons.math4.geometry.euclidean.threed.SphericalCoordinatesTest
Running org.apache.commons.math4.geometry.euclidean.threed.PlaneTest
Tests run: 10, Failures: 0, Errors: 0, Skipped: 0, Time elapsed: 0.007 sec - in org.apache.commons.math4.geometry.euclidean.threed.PlaneTest
Running org.apache.commons.math4.geometry.euclidean.threed.FieldVector3DTest
Tests run: 31, Failures: 0, Errors: 0, Skipped: 0, Time elapsed: 1.042 sec - in org.apache.commons.math4.geometry.euclidean.threed.FieldVector3DTest
Running org.apache.commons.math4.geometry.euclidean.threed.SubLineTest
Tests run: 13, Failures: 0, Errors: 0, Skipped: 0, Time elapsed: 0.012 sec - in org.apache.commons.math4.geometry.euclidean.threed.SubLineTest
Running org.apache.commons.math4.geometry.euclidean.threed.SphereGeneratorTest
Tests run: 7, Failures: 0, Errors: 0, Skipped: 0, Time elapsed: 0.121 sec - in org.apache.commons.math4.geometry.euclidean.threed.SphereGeneratorTest
Running org.apache.commons.math4.geometry.euclidean.threed.FieldRotationDSTest
Tests run: 18, Failures: 0, Errors: 0, Skipped: 0, Time elapsed: 23.484 sec - in org.apache.commons.math4.geometry.euclidean.threed.FieldRotationDSTest
Running org.apache.commons.math4.geometry.euclidean.threed.FieldRotationDfpTest
Tests run: 17, Failures: 0, Errors: 0, Skipped: 0, Time elapsed: 57.257 sec - in org.apache.commons.math4.geometry.euclidean.threed.FieldRotationDfpTest
Running org.apache.commons.math4.util.FactorialLogTest
Tests run: 7, Failures: 0, Errors: 0, Skipped: 0, Time elapsed: 0.739 sec - in org.apache.commons.math4.util.FactorialLogTest
Running org.apache.commons.math4.util.ArithmeticUtilsTest
Tests run: 34, Failures: 0, Errors: 0, Skipped: 0, Time elapsed: 0.133 sec - in org.apache.commons.math4.util.ArithmeticUtilsTest
Running org.apache.commons.math4.util.MultidimensionalCounterTest
Tests run: 7, Failures: 0, Errors: 0, Skipped: 0, Time elapsed: 0.012 sec - in org.apache.commons.math4.util.MultidimensionalCounterTest
Running org.apache.commons.math4.util.TransformerMapTest
Tests run: 8, Failures: 0, Errors: 0, Skipped: 0, Time elapsed: 0.013 sec - in org.apache.commons.math4.util.TransformerMapTest
Running org.apache.commons.math4.util.CombinationsTest
Tests run: 12, Failures: 0, Errors: 0, Skipped: 0, Time elapsed: 0.076 sec - in org.apache.commons.math4.util.CombinationsTest
Running org.apache.commons.math4.util.BigRealFieldTest
Tests run: 3, Failures: 0, Errors: 0, Skipped: 0, Time elapsed: 0.006 sec - in org.apache.commons.math4.util.BigRealFieldTest
Running org.apache.commons.math4.util.PairTest
Tests run: 6, Failures: 0, Errors: 0, Skipped: 0, Time elapsed: 0.006 sec - in org.apache.commons.math4.util.PairTest
Running org.apache.commons.math4.util.PrecisionTest
Tests run: 16, Failures: 0, Errors: 0, Skipped: 0, Time elapsed: 0.024 sec - in org.apache.commons.math4.util.PrecisionTest
Running org.apache.commons.math4.util.MathArraysTest
Tests run: 64, Failures: 0, Errors: 0, Skipped: 0, Time elapsed: 0.183 sec - in org.apache.commons.math4.util.MathArraysTest
Running org.apache.commons.math4.util.MathUtilsTest
Tests run: 20, Failures: 0, Errors: 0, Skipped: 0, Time elapsed: 0.081 sec - in org.apache.commons.math4.util.MathUtilsTest
Running org.apache.commons.math4.util.FastMathTest
Tests run: 71, Failures: 0, Errors: 0, Skipped: 1, Time elapsed: 281.813 sec - in org.apache.commons.math4.util.FastMathTest
Running org.apache.commons.math4.util.IntegerSequenceTest
Tests run: 14, Failures: 0, Errors: 0, Skipped: 0, Time elapsed: 0.012 sec - in org.apache.commons.math4.util.IntegerSequenceTest
Running org.apache.commons.math4.util.ContinuedFractionTest
Tests run: 1, Failures: 0, Errors: 0, Skipped: 0, Time elapsed: 0.001 sec - in org.apache.commons.math4.util.ContinuedFractionTest
Running org.apache.commons.math4.util.ResizableDoubleArrayTest
Tests run: 16, Failures: 0, Errors: 0, Skipped: 0, Time elapsed: 0.02 sec - in org.apache.commons.math4.util.ResizableDoubleArrayTest
Running org.apache.commons.math4.util.Decimal64Test
Tests run: 63, Failures: 0, Errors: 0, Skipped: 0, Time elapsed: 0.126 sec - in org.apache.commons.math4.util.Decimal64Test
Running org.apache.commons.math4.util.FastMathStrictComparisonTest
Tests run: 66, Failures: 0, Errors: 0, Skipped: 0, Time elapsed: 0.2 sec - in org.apache.commons.math4.util.FastMathStrictComparisonTest
Running org.apache.commons.math4.util.OpenIntToDoubleHashMapTest
Tests run: 17, Failures: 0, Errors: 0, Skipped: 0, Time elapsed: 0.198 sec - in org.apache.commons.math4.util.OpenIntToDoubleHashMapTest
Running org.apache.commons.math4.util.BigRealTest
Tests run: 14, Failures: 0, Errors: 0, Skipped: 0, Time elapsed: 0.017 sec - in org.apache.commons.math4.util.BigRealTest
Running org.apache.commons.math4.util.OpenIntToFieldTest
Tests run: 17, Failures: 0, Errors: 0, Skipped: 0, Time elapsed: 0.121 sec - in org.apache.commons.math4.util.OpenIntToFieldTest
Running org.apache.commons.math4.util.DefaultTransformerTest
Tests run: 7, Failures: 0, Errors: 0, Skipped: 0, Time elapsed: 0.005 sec - in org.apache.commons.math4.util.DefaultTransformerTest
Running org.apache.commons.math4.util.CombinatoricsUtilsTest
Tests run: 13, Failures: 0, Errors: 0, Skipped: 0, Time elapsed: 1.482 sec - in org.apache.commons.math4.util.CombinatoricsUtilsTest
Running org.apache.commons.math4.util.IncrementorTest
Tests run: 10, Failures: 0, Errors: 0, Skipped: 0, Time elapsed: 0.008 sec - in org.apache.commons.math4.util.IncrementorTest
Running org.apache.commons.math4.primes.PrimesTest
Tests run: 3, Failures: 0, Errors: 0, Skipped: 0, Time elapsed: 0.112 sec - in org.apache.commons.math4.primes.PrimesTest
Running org.apache.commons.math4.special.BesselJTest
Tests run: 3, Failures: 0, Errors: 0, Skipped: 0, Time elapsed: 0.07 sec - in org.apache.commons.math4.special.BesselJTest
Running org.apache.commons.math4.special.ErfTest
Tests run: 16, Failures: 0, Errors: 0, Skipped: 0, Time elapsed: 0.123 sec - in org.apache.commons.math4.special.ErfTest
Running org.apache.commons.math4.special.GammaTest
Tests run: 28, Failures: 0, Errors: 0, Skipped: 0, Time elapsed: 0.03 sec - in org.apache.commons.math4.special.GammaTest
Running org.apache.commons.math4.special.BetaTest
Tests run: 31, Failures: 0, Errors: 0, Skipped: 0, Time elapsed: 0.037 sec - in org.apache.commons.math4.special.BetaTest
Running org.apache.commons.math4.transform.FastSineTransformerTest
Tests run: 20, Failures: 0, Errors: 0, Skipped: 0, Time elapsed: 0.1 sec - in org.apache.commons.math4.transform.FastSineTransformerTest
Running org.apache.commons.math4.transform.FastCosineTransformerTest
Tests run: 18, Failures: 0, Errors: 0, Skipped: 0, Time elapsed: 0.095 sec - in org.apache.commons.math4.transform.FastCosineTransformerTest
Running org.apache.commons.math4.transform.FastFourierTransformerTest
Tests run: 12, Failures: 0, Errors: 0, Skipped: 0, Time elapsed: 0.214 sec - in org.apache.commons.math4.transform.FastFourierTransformerTest
Running org.apache.commons.math4.transform.FastHadamardTransformerTest
Tests run: 4, Failures: 0, Errors: 0, Skipped: 0, Time elapsed: 0.005 sec - in org.apache.commons.math4.transform.FastHadamardTransformerTest
Running org.apache.commons.math4.genetics.BinaryMutationTest
Tests run: 1, Failures: 0, Errors: 0, Skipped: 0, Time elapsed: 0.005 sec - in org.apache.commons.math4.genetics.BinaryMutationTest
Running org.apache.commons.math4.genetics.GeneticAlgorithmTestBinary
Tests run: 1, Failures: 0, Errors: 0, Skipped: 0, Time elapsed: 0.071 sec - in org.apache.commons.math4.genetics.GeneticAlgorithmTestBinary
Running org.apache.commons.math4.genetics.OrderedCrossoverTest
Tests run: 4, Failures: 0, Errors: 0, Skipped: 0, Time elapsed: 0.008 sec - in org.apache.commons.math4.genetics.OrderedCrossoverTest
Running org.apache.commons.math4.genetics.RandomKeyMutationTest
Tests run: 1, Failures: 0, Errors: 0, Skipped: 0, Time elapsed: 0.005 sec - in org.apache.commons.math4.genetics.RandomKeyMutationTest
Running org.apache.commons.math4.genetics.ListPopulationTest
Tests run: 10, Failures: 0, Errors: 0, Skipped: 0, Time elapsed: 0.012 sec - in org.apache.commons.math4.genetics.ListPopulationTest
Running org.apache.commons.math4.genetics.ElitisticListPopulationTest
Tests run: 8, Failures: 0, Errors: 0, Skipped: 0, Time elapsed: 0.007 sec - in org.apache.commons.math4.genetics.ElitisticListPopulationTest
Running org.apache.commons.math4.genetics.GeneticAlgorithmTestPermutations
Tests run: 1, Failures: 0, Errors: 0, Skipped: 0, Time elapsed: 0.374 sec - in org.apache.commons.math4.genetics.GeneticAlgorithmTestPermutations
Running org.apache.commons.math4.genetics.CycleCrossoverTest
Tests run: 6, Failures: 0, Errors: 0, Skipped: 0, Time elapsed: 0.009 sec - in org.apache.commons.math4.genetics.CycleCrossoverTest
Running org.apache.commons.math4.genetics.BinaryChromosomeTest
Tests run: 3, Failures: 0, Errors: 0, Skipped: 0, Time elapsed: 0.003 sec - in org.apache.commons.math4.genetics.BinaryChromosomeTest
Running org.apache.commons.math4.genetics.RandomKeyTest
Tests run: 10, Failures: 0, Errors: 0, Skipped: 0, Time elapsed: 0.011 sec - in org.apache.commons.math4.genetics.RandomKeyTest
Running org.apache.commons.math4.genetics.OnePointCrossoverTest
Tests run: 1, Failures: 0, Errors: 0, Skipped: 0, Time elapsed: 0.001 sec - in org.apache.commons.math4.genetics.OnePointCrossoverTest
Running org.apache.commons.math4.genetics.FixedGenerationCountTest
Tests run: 1, Failures: 0, Errors: 0, Skipped: 0, Time elapsed: 0.001 sec - in org.apache.commons.math4.genetics.FixedGenerationCountTest
Running org.apache.commons.math4.genetics.FixedElapsedTimeTest
Tests run: 1, Failures: 0, Errors: 0, Skipped: 0, Time elapsed: 3.007 sec - in org.apache.commons.math4.genetics.FixedElapsedTimeTest
Running org.apache.commons.math4.genetics.ChromosomeTest
Tests run: 2, Failures: 0, Errors: 0, Skipped: 0, Time elapsed: 0.003 sec - in org.apache.commons.math4.genetics.ChromosomeTest
Running org.apache.commons.math4.genetics.TournamentSelectionTest
Tests run: 1, Failures: 0, Errors: 0, Skipped: 0, Time elapsed: 0.002 sec - in org.apache.commons.math4.genetics.TournamentSelectionTest
Running org.apache.commons.math4.genetics.NPointCrossoverTest
Tests run: 5, Failures: 0, Errors: 0, Skipped: 0, Time elapsed: 0.006 sec - in org.apache.commons.math4.genetics.NPointCrossoverTest
Running org.apache.commons.math4.genetics.FitnessCachingTest
Tests run: 1, Failures: 0, Errors: 0, Skipped: 0, Time elapsed: 0.022 sec - in org.apache.commons.math4.genetics.FitnessCachingTest
Running org.apache.commons.math4.genetics.UniformCrossoverTest
Tests run: 6, Failures: 0, Errors: 0, Skipped: 0, Time elapsed: 0.423 sec - in org.apache.commons.math4.genetics.UniformCrossoverTest
Running org.apache.commons.math4.fitting.PolynomialCurveFitterTest
Tests run: 5, Failures: 0, Errors: 0, Skipped: 0, Time elapsed: 24.484 sec - in org.apache.commons.math4.fitting.PolynomialCurveFitterTest
Running org.apache.commons.math4.fitting.HarmonicCurveFitterTest
Tests run: 7, Failures: 0, Errors: 0, Skipped: 0, Time elapsed: 0.15 sec - in org.apache.commons.math4.fitting.HarmonicCurveFitterTest
Running org.apache.commons.math4.fitting.SimpleCurveFitterTest
Tests run: 1, Failures: 0, Errors: 0, Skipped: 0, Time elapsed: 0.007 sec - in org.apache.commons.math4.fitting.SimpleCurveFitterTest
Running org.apache.commons.math4.fitting.GaussianCurveFitterTest
Tests run: 12, Failures: 0, Errors: 0, Skipped: 0, Time elapsed: 0.256 sec - in org.apache.commons.math4.fitting.GaussianCurveFitterTest
Running org.apache.commons.math4.fitting.WeightedObservedPointsTest
Tests run: 5, Failures: 0, Errors: 0, Skipped: 0, Time elapsed: 0.004 sec - in org.apache.commons.math4.fitting.WeightedObservedPointsTest
Running org.apache.commons.math4.fitting.leastsquares.GaussNewtonOptimizerWithLUTest
Tests run: 21, Failures: 0, Errors: 0, Skipped: 0, Time elapsed: 0.697 sec - in org.apache.commons.math4.fitting.leastsquares.GaussNewtonOptimizerWithLUTest
Running org.apache.commons.math4.fitting.leastsquares.GaussNewtonOptimizerWithSVDTest
Tests run: 21, Failures: 0, Errors: 0, Skipped: 0, Time elapsed: 4.334 sec - in org.apache.commons.math4.fitting.leastsquares.GaussNewtonOptimizerWithSVDTest
Running org.apache.commons.math4.fitting.leastsquares.GaussNewtonOptimizerWithQRTest
Tests run: 21, Failures: 0, Errors: 0, Skipped: 0, Time elapsed: 0.288 sec - in org.apache.commons.math4.fitting.leastsquares.GaussNewtonOptimizerWithQRTest
Running org.apache.commons.math4.fitting.leastsquares.MinpackTest
Tests run: 18, Failures: 0, Errors: 0, Skipped: 0, Time elapsed: 2.584 sec - in org.apache.commons.math4.fitting.leastsquares.MinpackTest
Running org.apache.commons.math4.fitting.leastsquares.EvaluationRmsCheckerTest
Tests run: 1, Failures: 0, Errors: 0, Skipped: 0, Time elapsed: 0.002 sec - in org.apache.commons.math4.fitting.leastsquares.EvaluationRmsCheckerTest
Running org.apache.commons.math4.fitting.leastsquares.GaussNewtonOptimizerWithCholeskyTest
Tests run: 21, Failures: 0, Errors: 0, Skipped: 0, Time elapsed: 1.202 sec - in org.apache.commons.math4.fitting.leastsquares.GaussNewtonOptimizerWithCholeskyTest
Running org.apache.commons.math4.fitting.leastsquares.LevenbergMarquardtOptimizerTest
Tests run: 25, Failures: 0, Errors: 0, Skipped: 0, Time elapsed: 7.481 sec - in org.apache.commons.math4.fitting.leastsquares.LevenbergMarquardtOptimizerTest
Running org.apache.commons.math4.fitting.leastsquares.EvaluationTest
Tests run: 10, Failures: 0, Errors: 0, Skipped: 0, Time elapsed: 0.034 sec - in org.apache.commons.math4.fitting.leastsquares.EvaluationTest
Running org.apache.commons.math4.filter.KalmanFilterTest
Tests run: 5, Failures: 0, Errors: 0, Skipped: 0, Time elapsed: 0.314 sec - in org.apache.commons.math4.filter.KalmanFilterTest
Running org.apache.commons.math4.distribution.LogisticsDistributionTest
Tests run: 11, Failures: 0, Errors: 0, Skipped: 0, Time elapsed: 0.032 sec - in org.apache.commons.math4.distribution.LogisticsDistributionTest
Running org.apache.commons.math4.distribution.PoissonDistributionTest
Tests run: 15, Failures: 0, Errors: 0, Skipped: 0, Time elapsed: 0.24 sec - in org.apache.commons.math4.distribution.PoissonDistributionTest
Running org.apache.commons.math4.distribution.EnumeratedIntegerDistributionTest
Tests run: 10, Failures: 0, Errors: 0, Skipped: 0, Time elapsed: 5.89 sec - in org.apache.commons.math4.distribution.EnumeratedIntegerDistributionTest
Running org.apache.commons.math4.distribution.ConstantRealDistributionTest
Tests run: 10, Failures: 0, Errors: 0, Skipped: 0, Time elapsed: 0.015 sec - in org.apache.commons.math4.distribution.ConstantRealDistributionTest
Running org.apache.commons.math4.distribution.GammaDistributionTest
Tests run: 22, Failures: 0, Errors: 0, Skipped: 0, Time elapsed: 0.932 sec - in org.apache.commons.math4.distribution.GammaDistributionTest
Running org.apache.commons.math4.distribution.GumbelDistributionTest
Tests run: 11, Failures: 0, Errors: 0, Skipped: 0, Time elapsed: 0.039 sec - in org.apache.commons.math4.distribution.GumbelDistributionTest
Running org.apache.commons.math4.distribution.TriangularDistributionTest
Tests run: 16, Failures: 0, Errors: 0, Skipped: 0, Time elapsed: 1.638 sec - in org.apache.commons.math4.distribution.TriangularDistributionTest
Running org.apache.commons.math4.distribution.TDistributionTest
Tests run: 17, Failures: 0, Errors: 0, Skipped: 0, Time elapsed: 0.998 sec - in org.apache.commons.math4.distribution.TDistributionTest
Running org.apache.commons.math4.distribution.EnumeratedRealDistributionTest
Tests run: 13, Failures: 0, Errors: 0, Skipped: 0, Time elapsed: 5.673 sec - in org.apache.commons.math4.distribution.EnumeratedRealDistributionTest
Running org.apache.commons.math4.distribution.NormalDistributionTest
Tests run: 19, Failures: 0, Errors: 0, Skipped: 0, Time elapsed: 0.096 sec - in org.apache.commons.math4.distribution.NormalDistributionTest
Running org.apache.commons.math4.distribution.LevyDistributionTest
Tests run: 11, Failures: 0, Errors: 0, Skipped: 0, Time elapsed: 0.097 sec - in org.apache.commons.math4.distribution.LevyDistributionTest
Running org.apache.commons.math4.distribution.AbstractIntegerDistributionTest
Tests run: 3, Failures: 0, Errors: 0, Skipped: 0, Time elapsed: 0.002 sec - in org.apache.commons.math4.distribution.AbstractIntegerDistributionTest
Running org.apache.commons.math4.distribution.AbstractRealDistributionTest
Tests run: 2, Failures: 0, Errors: 0, Skipped: 0, Time elapsed: 4.762 sec - in org.apache.commons.math4.distribution.AbstractRealDistributionTest
Running org.apache.commons.math4.distribution.ChiSquaredDistributionTest
Tests run: 13, Failures: 0, Errors: 0, Skipped: 0, Time elapsed: 0.63 sec - in org.apache.commons.math4.distribution.ChiSquaredDistributionTest
Running org.apache.commons.math4.distribution.PascalDistributionTest
Tests run: 10, Failures: 0, Errors: 0, Skipped: 0, Time elapsed: 0.331 sec - in org.apache.commons.math4.distribution.PascalDistributionTest
Running org.apache.commons.math4.distribution.HypergeometricDistributionTest
Tests run: 17, Failures: 0, Errors: 0, Skipped: 0, Time elapsed: 0.339 sec - in org.apache.commons.math4.distribution.HypergeometricDistributionTest
Running org.apache.commons.math4.distribution.MultivariateNormalDistributionTest
Tests run: 5, Failures: 0, Errors: 0, Skipped: 0, Time elapsed: 18.423 sec - in org.apache.commons.math4.distribution.MultivariateNormalDistributionTest
Running org.apache.commons.math4.distribution.ParetoDistributionTest
Tests run: 17, Failures: 0, Errors: 0, Skipped: 0, Time elapsed: 0.738 sec - in org.apache.commons.math4.distribution.ParetoDistributionTest
Running org.apache.commons.math4.distribution.ExponentialDistributionTest
Tests run: 16, Failures: 0, Errors: 0, Skipped: 0, Time elapsed: 0.035 sec - in org.apache.commons.math4.distribution.ExponentialDistributionTest
Running org.apache.commons.math4.distribution.MultivariateNormalMixtureModelDistributionTest
Tests run: 5, Failures: 0, Errors: 0, Skipped: 0, Time elapsed: 0.014 sec - in org.apache.commons.math4.distribution.MultivariateNormalMixtureModelDistributionTest
Running org.apache.commons.math4.distribution.LaplaceDistributionTest
Tests run: 11, Failures: 0, Errors: 0, Skipped: 0, Time elapsed: 5.005 sec - in org.apache.commons.math4.distribution.LaplaceDistributionTest
Running org.apache.commons.math4.distribution.NakagamiDistributionTest
Tests run: 11, Failures: 0, Errors: 0, Skipped: 0, Time elapsed: 0.475 sec - in org.apache.commons.math4.distribution.NakagamiDistributionTest
Running org.apache.commons.math4.distribution.UniformIntegerDistributionTest
Tests run: 9, Failures: 0, Errors: 0, Skipped: 0, Time elapsed: 0.017 sec - in org.apache.commons.math4.distribution.UniformIntegerDistributionTest
Running org.apache.commons.math4.distribution.FDistributionTest
Tests run: 17, Failures: 0, Errors: 0, Skipped: 0, Time elapsed: 2.175 sec - in org.apache.commons.math4.distribution.FDistributionTest
Running org.apache.commons.math4.distribution.WeibullDistributionTest
Tests run: 14, Failures: 0, Errors: 0, Skipped: 0, Time elapsed: 1.185 sec - in org.apache.commons.math4.distribution.WeibullDistributionTest
Running org.apache.commons.math4.distribution.BinomialDistributionTest
Tests run: 12, Failures: 0, Errors: 0, Skipped: 0, Time elapsed: 13.99 sec - in org.apache.commons.math4.distribution.BinomialDistributionTest
Running org.apache.commons.math4.distribution.GeometricDistributionTest
Tests run: 8, Failures: 0, Errors: 0, Skipped: 0, Time elapsed: 0.04 sec - in org.apache.commons.math4.distribution.GeometricDistributionTest
Running org.apache.commons.math4.distribution.ZipfDistributionTest
Tests run: 15, Failures: 0, Errors: 0, Skipped: 1, Time elapsed: 15.867 sec - in org.apache.commons.math4.distribution.ZipfDistributionTest
Running org.apache.commons.math4.distribution.fitting.MultivariateNormalMixtureExpectationMaximizationTest
Tests run: 9, Failures: 0, Errors: 0, Skipped: 0, Time elapsed: 0.534 sec - in org.apache.commons.math4.distribution.fitting.MultivariateNormalMixtureExpectationMaximizationTest
Running org.apache.commons.math4.distribution.BetaDistributionTest
Tests run: 5, Failures: 0, Errors: 0, Skipped: 0, Time elapsed: 7.381 sec - in org.apache.commons.math4.distribution.BetaDistributionTest
Running org.apache.commons.math4.distribution.UniformRealDistributionTest
Tests run: 15, Failures: 0, Errors: 0, Skipped: 0, Time elapsed: 0.027 sec - in org.apache.commons.math4.distribution.UniformRealDistributionTest
Running org.apache.commons.math4.distribution.LogNormalDistributionTest
Tests run: 18, Failures: 0, Errors: 0, Skipped: 0, Time elapsed: 5.694 sec - in org.apache.commons.math4.distribution.LogNormalDistributionTest
Running org.apache.commons.math4.distribution.CauchyDistributionTest
Tests run: 14, Failures: 0, Errors: 0, Skipped: 0, Time elapsed: 0.532 sec - in org.apache.commons.math4.distribution.CauchyDistributionTest

Results :

Failed tests: 
  AbstractRandomGeneratorTest>RandomGeneratorAbstractTest.testNextBytesChunks:367->RandomGeneratorAbstractTest.__CLR4_2_0dvu95f271n:372->RandomGeneratorAbstractTest.checkNextBytesChunks:483 chunkSize=4 numChunks=2: arrays first differed at element [0]; expected:<-109> but was:<70>
  BitsStreamGeneratorTest>RandomGeneratorAbstractTest.testNextBytesChunks:367->RandomGeneratorAbstractTest.__CLR4_2_0dvu95f271n:372->RandomGeneratorAbstractTest.checkNextBytesChunks:483 chunkSize=4 numChunks=2: arrays first differed at element [0]; expected:<-98> but was:<25>
  ISAACTest>RandomGeneratorAbstractTest.testNextBytesChunks:367->RandomGeneratorAbstractTest.__CLR4_2_0dvu95f271n:372->RandomGeneratorAbstractTest.checkNextBytesChunks:483 chunkSize=4 numChunks=2: arrays first differed at element [0]; expected:<-80> but was:<32>
  MersenneTwisterTest>RandomGeneratorAbstractTest.testNextBytesChunks:367->RandomGeneratorAbstractTest.__CLR4_2_0dvu95f271n:372->RandomGeneratorAbstractTest.checkNextBytesChunks:483 chunkSize=4 numChunks=2: arrays first differed at element [0]; expected:<82> but was:<69>
  Well1024aTest>RandomGeneratorAbstractTest.testNextBytesChunks:367->RandomGeneratorAbstractTest.__CLR4_2_0dvu95f271n:372->RandomGeneratorAbstractTest.checkNextBytesChunks:483 chunkSize=4 numChunks=2: arrays first differed at element [0]; expected:<110> but was:<-24>
  Well19937aTest>RandomGeneratorAbstractTest.testNextBytesChunks:367->RandomGeneratorAbstractTest.__CLR4_2_0dvu95f271n:372->RandomGeneratorAbstractTest.checkNextBytesChunks:483 chunkSize=4 numChunks=2: arrays first differed at element [0]; expected:<21> but was:<94>
  Well19937cTest>RandomGeneratorAbstractTest.testNextBytesChunks:367->RandomGeneratorAbstractTest.__CLR4_2_0dvu95f271n:372->RandomGeneratorAbstractTest.checkNextBytesChunks:483 chunkSize=4 numChunks=2: arrays first differed at element [0]; expected:<21> but was:<94>
  Well44497aTest>RandomGeneratorAbstractTest.testNextBytesChunks:367->RandomGeneratorAbstractTest.__CLR4_2_0dvu95f271n:372->RandomGeneratorAbstractTest.checkNextBytesChunks:483 chunkSize=4 numChunks=2: arrays first differed at element [0]; expected:<-108> but was:<-95>
  Well44497bTest>RandomGeneratorAbstractTest.testNextBytesChunks:367->RandomGeneratorAbstractTest.__CLR4_2_0dvu95f271n:372->RandomGeneratorAbstractTest.checkNextBytesChunks:483 chunkSize=4 numChunks=2: arrays first differed at element [0]; expected:<-108> but was:<-95>
  Well512aTest>RandomGeneratorAbstractTest.testNextBytesChunks:367->RandomGeneratorAbstractTest.__CLR4_2_0dvu95f271n:372->RandomGeneratorAbstractTest.checkNextBytesChunks:483 chunkSize=4 numChunks=2: arrays first differed at element [0]; expected:<-14> but was:<37>

Tests run: 5920, Failures: 10, Errors: 0, Skipped: 42

[INFO] ------------------------------------------------------------------------
[INFO] BUILD FAILURE
[INFO] ------------------------------------------------------------------------
[INFO] Total time: 22:23 min
[INFO] Finished at: 2018-07-31T17:28:29+02:00
[INFO] Final Memory: 56M/1643M
[INFO] ------------------------------------------------------------------------
[ERROR] Failed to execute goal org.apache.maven.plugins:maven-surefire-plugin:2.18.1:test (default-test) on project commons-math4: There are test failures.
[ERROR] 
[ERROR] Please refer to /tmp/icse19/dataset/august-2018/bugs-dot-jar/commons-math_buggy/target/surefire-reports for the individual test results.
[ERROR] -> [Help 1]
[ERROR] 
[ERROR] To see the full stack trace of the errors, re-run Maven with the -e switch.
[ERROR] Re-run Maven using the -X switch to enable full debug logging.
[ERROR] 
[ERROR] For more information about the errors and possible solutions, please read the following articles:
[ERROR] [Help 1] http://cwiki.apache.org/confluence/display/MAVEN/MojoFailureException
Writing HTML report to '/tmp/icse19/dataset/august-2018/bugs-dot-jar/commons-math_buggy/target/clover/report'
ERROR: Invalid Java source found or Clover failed to parse it: /tmp/icse19/dataset/august-2018/bugs-dot-jar/commons-math_buggy/src/main/java/org/apache/commons/math4/util/FastMath.java
Done. Processed 67 packages in 76613ms (1143ms per package).
[INFO] org.apache.commons.math4.random.AbstractRandomGeneratorTest;testNextHex;testNexBytes
org.apache.commons.math4.random.RandomDataGeneratorTest;testNextHex
org.apache.commons.math4.random.MersenneTwisterTest;testNextHex;testNextBytesChunks;testNexBytes
org.apache.commons.math4.random.SynchronizedRandomGeneratorTest;testAdapter
org.apache.commons.math4.random.Well19937aTest;testNextHex;testNextBytesChunks;testNexBytes
org.apache.commons.math4.random.BitsStreamGeneratorTest;testNextHex;testNextBytesChunks;testNexBytes
org.apache.commons.math4.random.Well512aTest;testNextHex;testNextBytesChunks;testNexBytes
org.apache.commons.math4.random.Well19937cTest;testNextHex;testNextBytesChunks;testNexBytes
org.apache.commons.math4.random.Well1024aTest;testNextHex;testNextBytesChunks;testNexBytes
org.apache.commons.math4.random.Well44497aTest;testNextHex;testNextBytesChunks;testNexBytes
org.apache.commons.math4.random.ISAACTest;testNextHex;testNextBytesChunks;testNexBytes
org.apache.commons.math4.random.Well44497bTest;testNextHex;testNextBytesChunks;testNexBytes
[INFO] ------------------------------------------------------------------------
[INFO] BUILD SUCCESS
[INFO] ------------------------------------------------------------------------
[INFO] Total time: 23:52 min
[INFO] Finished at: 2018-07-31T17:29:54+02:00
[INFO] Final Memory: 60M/1525M
[INFO] ------------------------------------------------------------------------
cd dataset/august-2018/bugs-dot-jar/commons-math_buggy/ && ~/apache-maven-3.3.9/bin/mvn clean versions:use-latest-versions -Dincludes=junit:junit eu.stamp-project:diff-test-selection:0.2:list -DpathToDiff=.bugs-dot-jar/developer-patch.diff -DpathToOtherVersion=../commons-math_fixed/ -DoutputPath=../../commons-math/data_test-selection_bugs-dot-jar_MATH-286_dbdff075.csv -Dreport=CSV
rm -rf commons-math_fixed
