rm -rf dataset/august-2018/bugs-dot-jar/commons-math_buggy
Switched to a new branch 'bugs-dot-jar_MATH-723_1352a70f'
Branch bugs-dot-jar_MATH-723_1352a70f set up to track remote branch bugs-dot-jar_MATH-723_1352a70f from origin.
cd dataset/august-2018/bugs-dot-jar/commons-math && git checkout bugs-dot-jar_MATH-723_1352a70f
cp -r dataset/august-2018/bugs-dot-jar/commons-math dataset/august-2018/bugs-dot-jar/commons-math_buggy
[INFO] Scanning for projects...
[WARNING] 
[WARNING] Some problems were encountered while building the effective model for org.apache.commons:commons-math:jar:3.0-SNAPSHOT
[WARNING] 'build.plugins.plugin.version' for org.apache.maven.plugins:maven-idea-plugin is missing. @ org.apache.commons:commons-parent:20, /home/spirals/danglot/.m2/repository/org/apache/commons/commons-parent/20/commons-parent-20.pom, line 316, column 15
[WARNING] 
[WARNING] It is highly recommended to fix these problems because they threaten the stability of your build.
[WARNING] 
[WARNING] For this reason, future Maven versions might no longer support building such malformed projects.
[WARNING] 
[INFO]                                                                         
[INFO] ------------------------------------------------------------------------
[INFO] Building Commons Math 3.0-SNAPSHOT
[INFO] ------------------------------------------------------------------------
[INFO] 
[INFO] --- maven-clean-plugin:2.4:clean (default-clean) @ commons-math ---
[INFO] 
[INFO] --- maven-antrun-plugin:1.5:run (javadoc.resources) @ commons-math ---
[INFO] Executing tasks

main:
     [copy] Copying 2 files to /tmp/icse19/dataset/august-2018/bugs-dot-jar/commons-math_buggy/target/apidocs/META-INF
[INFO] Executed tasks
[INFO] 
[INFO] --- maven-remote-resources-plugin:1.0:process (default) @ commons-math ---
[INFO] Setting property: classpath.resource.loader.class => 'org.codehaus.plexus.velocity.ContextClassLoaderResourceLoader'.
[INFO] Setting property: velocimacro.messages.on => 'false'.
[INFO] Setting property: resource.loader => 'classpath'.
[INFO] Setting property: resource.manager.logwhenfound => 'false'.
[INFO] 
[INFO] --- maven-resources-plugin:2.4.1:resources (default-resources) @ commons-math ---
[INFO] Using 'UTF-8' encoding to copy filtered resources.
[INFO] Copying 2 resources to META-INF
[INFO] Copying 5 resources
[INFO] 
[INFO] --- maven-compiler-plugin:2.1:compile (default-compile) @ commons-math ---
[INFO] Compiling 618 source files to /tmp/icse19/dataset/august-2018/bugs-dot-jar/commons-math_buggy/target/classes
[INFO] 
[INFO] --- maven-bundle-plugin:1.4.3:manifest (bundle-manifest) @ commons-math ---
[INFO] 
[INFO] --- maven-resources-plugin:2.4.1:testResources (default-testResources) @ commons-math ---
[INFO] Using 'UTF-8' encoding to copy filtered resources.
[INFO] Copying 13 resources
[INFO] 
[INFO] --- maven-compiler-plugin:2.1:testCompile (default-testCompile) @ commons-math ---
[INFO] Compiling 355 source files to /tmp/icse19/dataset/august-2018/bugs-dot-jar/commons-math_buggy/target/test-classes
[INFO] 
[INFO] --- maven-surefire-plugin:2.7.2:test (default-test) @ commons-math ---
[INFO] Tests are skipped.
[INFO] 
[INFO] --- maven-jar-plugin:2.3:jar (default-jar) @ commons-math ---
[INFO] Building jar: /tmp/icse19/dataset/august-2018/bugs-dot-jar/commons-math_buggy/target/commons-math-3.0-SNAPSHOT.jar
[INFO] 
[INFO] --- maven-site-plugin:3.0-beta-3:attach-descriptor (attach-descriptor) @ commons-math ---
[INFO] Parent project loaded from repository.
[INFO] 
[INFO] --- maven-install-plugin:2.3:install (default-install) @ commons-math ---
[INFO] Installing /tmp/icse19/dataset/august-2018/bugs-dot-jar/commons-math_buggy/target/commons-math-3.0-SNAPSHOT.jar to /home/spirals/danglot/.m2/repository/org/apache/commons/commons-math/3.0-SNAPSHOT/commons-math-3.0-SNAPSHOT.jar
[INFO] Installing /tmp/icse19/dataset/august-2018/bugs-dot-jar/commons-math_buggy/pom.xml to /home/spirals/danglot/.m2/repository/org/apache/commons/commons-math/3.0-SNAPSHOT/commons-math-3.0-SNAPSHOT.pom
[INFO] Installing /tmp/icse19/dataset/august-2018/bugs-dot-jar/commons-math_buggy/target/commons-math-3.0-SNAPSHOT-site.xml to /home/spirals/danglot/.m2/repository/org/apache/commons/commons-math/3.0-SNAPSHOT/commons-math-3.0-SNAPSHOT-site.xml
[INFO] ------------------------------------------------------------------------
[INFO] BUILD SUCCESS
[INFO] ------------------------------------------------------------------------
[INFO] Total time: 16.264 s
[INFO] Finished at: 2018-08-01T19:31:12+02:00
[INFO] Final Memory: 39M/674M
[INFO] ------------------------------------------------------------------------
cd dataset/august-2018/bugs-dot-jar/commons-math_buggy && ~/apache-maven-3.3.9/bin/mvn clean install -DskipTests
rm -rf dataset/august-2018/bugs-dot-jar/commons-math_fixed
cp -r dataset/august-2018/bugs-dot-jar/commons-math_buggy dataset/august-2018/bugs-dot-jar/commons-math_fixed
patching file src/main/java/org/apache/commons/math/random/ISAACRandom.java
cd dataset/august-2018/bugs-dot-jar/commons-math_fixed && patch -p1 < .bugs-dot-jar/developer-patch.diff
[INFO] Scanning for projects...
[WARNING] 
[WARNING] Some problems were encountered while building the effective model for org.apache.commons:commons-math:jar:3.0-SNAPSHOT
[WARNING] 'build.plugins.plugin.version' for org.apache.maven.plugins:maven-idea-plugin is missing. @ org.apache.commons:commons-parent:20, /home/spirals/danglot/.m2/repository/org/apache/commons/commons-parent/20/commons-parent-20.pom, line 316, column 15
[WARNING] 
[WARNING] It is highly recommended to fix these problems because they threaten the stability of your build.
[WARNING] 
[WARNING] For this reason, future Maven versions might no longer support building such malformed projects.
[WARNING] 
[INFO]                                                                         
[INFO] ------------------------------------------------------------------------
[INFO] Building Commons Math 3.0-SNAPSHOT
[INFO] ------------------------------------------------------------------------
[INFO] 
[INFO] --- maven-clean-plugin:2.4:clean (default-clean) @ commons-math ---
[INFO] Deleting /tmp/icse19/dataset/august-2018/bugs-dot-jar/commons-math_buggy/target
[INFO] 
[INFO] --- versions-maven-plugin:2.5:use-latest-versions (default-cli) @ commons-math ---
[INFO] Major version changes allowed
[INFO] Updated junit:junit:jar:4.8.2 to version 4.12
[INFO] 
[INFO] --- diff-test-selection:0.3-SNAPSHOT:list (default-cli) @ commons-math ---
[INFO] /tmp/icse19/dataset/august-2018/bugs-dot-jar/commons-math_buggy
[WARN] Maven will be executed in interactive mode, but no input stream has been configured for this MavenInvoker instance.
[INFO] Scanning for projects...
[WARNING] 
[WARNING] Some problems were encountered while building the effective model for org.apache.commons:commons-math:jar:3.0-SNAPSHOT
[WARNING] 'build.plugins.plugin.version' for org.apache.maven.plugins:maven-idea-plugin is missing. @ org.apache.commons:commons-parent:20, /home/spirals/danglot/.m2/repository/org/apache/commons/commons-parent/20/commons-parent-20.pom, line 316, column 15
[WARNING] 
[WARNING] It is highly recommended to fix these problems because they threaten the stability of your build.
[WARNING] 
[WARNING] For this reason, future Maven versions might no longer support building such malformed projects.
[WARNING] 
[INFO]                                                                         
[INFO] ------------------------------------------------------------------------
[INFO] Building Commons Math 3.0-SNAPSHOT
[INFO] ------------------------------------------------------------------------
[INFO] 
[INFO] --- maven-clean-plugin:2.4:clean (default-clean) @ commons-math ---
[INFO] 
[INFO] --- clover-maven-plugin:4.2.0:setup (default-cli) @ commons-math ---
[INFO] No 'maven.clover.licenseLocation' configured. Using default license.
[INFO] OpenClover Version 4.2.0, built on April 30 2017 (build-1000)
[INFO] Loaded from: /home/spirals/danglot/.m2/repository/org/openclover/clover/4.2.0/clover-4.2.0.jar
[INFO] Clover free edition.
[INFO] Creating new database at '/tmp/icse19/dataset/august-2018/bugs-dot-jar/commons-math_buggy/target/clover/clover.db'.
[INFO] Processing files at 1.8 source level.
[INFO] Clover all over. Instrumented 618 files (46 packages).
[INFO] Elapsed time = 11.363 secs. (54.387 files/sec, 12,180.41 srclines/sec)
[INFO] OpenClover Version 4.2.0, built on April 30 2017 (build-1000)
[INFO] Loaded from: /home/spirals/danglot/.m2/repository/org/openclover/clover/4.2.0/clover-4.2.0.jar
[INFO] Clover free edition.
[INFO] Updating existing database at '/tmp/icse19/dataset/august-2018/bugs-dot-jar/commons-math_buggy/target/clover/clover.db'.
[INFO] Processing files at 1.8 source level.
[INFO] Clover all over. Instrumented 355 files (45 packages).
[INFO] 2351 test methods detected.
[INFO] Elapsed time = 7.698 secs. (46.116 files/sec, 10,410.626 srclines/sec)
[INFO] 
[INFO] --- maven-antrun-plugin:1.5:run (javadoc.resources) @ commons-math ---
[INFO] Executing tasks

main:
     [copy] Copying 2 files to /tmp/icse19/dataset/august-2018/bugs-dot-jar/commons-math_buggy/target/apidocs/META-INF
[INFO] Executed tasks
[INFO] 
[INFO] --- maven-remote-resources-plugin:1.0:process (default) @ commons-math ---
[INFO] Setting property: classpath.resource.loader.class => 'org.codehaus.plexus.velocity.ContextClassLoaderResourceLoader'.
[INFO] Setting property: velocimacro.messages.on => 'false'.
[INFO] Setting property: resource.loader => 'classpath'.
[INFO] Setting property: resource.manager.logwhenfound => 'false'.
[INFO] 
[INFO] --- maven-resources-plugin:2.4.1:resources (default-resources) @ commons-math ---
[INFO] Using 'UTF-8' encoding to copy filtered resources.
[INFO] Copying 2 resources to META-INF
[INFO] Copying 5 resources
[INFO] Copying 1 resource
[INFO] 
[INFO] --- maven-compiler-plugin:2.1:compile (default-compile) @ commons-math ---
[INFO] Compiling 618 source files to /tmp/icse19/dataset/august-2018/bugs-dot-jar/commons-math_buggy/target/classes
[INFO] 
[INFO] --- maven-bundle-plugin:1.4.3:manifest (bundle-manifest) @ commons-math ---
[INFO] 
[INFO] --- maven-resources-plugin:2.4.1:testResources (default-testResources) @ commons-math ---
[INFO] Using 'UTF-8' encoding to copy filtered resources.
[INFO] Copying 13 resources
[INFO] 
[INFO] --- maven-compiler-plugin:2.1:testCompile (default-testCompile) @ commons-math ---
[INFO] Compiling 355 source files to /tmp/icse19/dataset/august-2018/bugs-dot-jar/commons-math_buggy/target/test-classes
[INFO] 
[INFO] --- maven-surefire-plugin:2.7.2:test (default-test) @ commons-math ---
[INFO] Surefire report directory: /tmp/icse19/dataset/august-2018/bugs-dot-jar/commons-math_buggy/target/surefire-reports

-------------------------------------------------------
 T E S T S
-------------------------------------------------------
Running org.apache.commons.math.dfp.BracketingNthOrderBrentSolverDFPTest
Tests run: 4, Failures: 0, Errors: 0, Skipped: 0, Time elapsed: 4.918 sec
Running org.apache.commons.math.dfp.DfpDecTest
Tests run: 3, Failures: 0, Errors: 0, Skipped: 0, Time elapsed: 0.019 sec
Running org.apache.commons.math.dfp.DfpMathTest
Tests run: 2, Failures: 0, Errors: 0, Skipped: 0, Time elapsed: 0.04 sec
Running org.apache.commons.math.dfp.DfpTest
Tests run: 26, Failures: 0, Errors: 0, Skipped: 0, Time elapsed: 2.694 sec
Running org.apache.commons.math.fraction.BigFractionFieldTest
Tests run: 3, Failures: 0, Errors: 0, Skipped: 0, Time elapsed: 0.072 sec
Running org.apache.commons.math.fraction.FractionFormatTest
Tests run: 22, Failures: 0, Errors: 0, Skipped: 0, Time elapsed: 0.045 sec
Running org.apache.commons.math.fraction.BigFractionFormatTest
Tests run: 19, Failures: 0, Errors: 0, Skipped: 0, Time elapsed: 0.054 sec
Running org.apache.commons.math.fraction.FractionTest
Tests run: 24, Failures: 0, Errors: 0, Skipped: 0, Time elapsed: 0.037 sec
Running org.apache.commons.math.fraction.BigFractionTest
Tests run: 25, Failures: 0, Errors: 0, Skipped: 0, Time elapsed: 0.055 sec
Running org.apache.commons.math.fraction.FractionFieldTest
Tests run: 3, Failures: 0, Errors: 0, Skipped: 0, Time elapsed: 0.006 sec
Running org.apache.commons.math.ode.JacobianMatricesTest
Tests run: 6, Failures: 0, Errors: 0, Skipped: 0, Time elapsed: 5.671 sec
Running org.apache.commons.math.ode.FirstOrderConverterTest
Tests run: 4, Failures: 0, Errors: 0, Skipped: 0, Time elapsed: 0.118 sec
Running org.apache.commons.math.ode.sampling.StepNormalizerOutputTest
Tests run: 16, Failures: 0, Errors: 0, Skipped: 0, Time elapsed: 0.055 sec
Running org.apache.commons.math.ode.sampling.DummyStepInterpolatorTest
Tests run: 4, Failures: 0, Errors: 0, Skipped: 0, Time elapsed: 0.014 sec
Running org.apache.commons.math.ode.sampling.StepNormalizerOutputOverlapTest
Tests run: 16, Failures: 0, Errors: 0, Skipped: 0, Time elapsed: 0.037 sec
Running org.apache.commons.math.ode.sampling.NordsieckStepInterpolatorTest
Tests run: 2, Failures: 0, Errors: 0, Skipped: 0, Time elapsed: 0.266 sec
Running org.apache.commons.math.ode.sampling.StepNormalizerTest
Tests run: 2, Failures: 0, Errors: 0, Skipped: 0, Time elapsed: 0.021 sec
Running org.apache.commons.math.ode.ContinuousOutputModelTest
Tests run: 4, Failures: 0, Errors: 0, Skipped: 0, Time elapsed: 0.062 sec
Running org.apache.commons.math.ode.events.ReappearingEventTest
Tests run: 2, Failures: 0, Errors: 0, Skipped: 0, Time elapsed: 0.013 sec
Running org.apache.commons.math.ode.events.OverlappingEventsTest
Tests run: 2, Failures: 0, Errors: 0, Skipped: 0, Time elapsed: 0.032 sec
Running org.apache.commons.math.ode.events.EventStateTest
Tests run: 2, Failures: 0, Errors: 0, Skipped: 0, Time elapsed: 0.021 sec
Running org.apache.commons.math.ode.nonstiff.DormandPrince54StepInterpolatorTest
Tests run: 3, Failures: 0, Errors: 0, Skipped: 0, Time elapsed: 0.081 sec
Running org.apache.commons.math.ode.nonstiff.AdamsMoultonIntegratorTest
Tests run: 6, Failures: 0, Errors: 0, Skipped: 0, Time elapsed: 0.521 sec
Running org.apache.commons.math.ode.nonstiff.EulerIntegratorTest
Tests run: 6, Failures: 0, Errors: 0, Skipped: 0, Time elapsed: 0.173 sec
Running org.apache.commons.math.ode.nonstiff.HighamHall54IntegratorTest
Tests run: 9, Failures: 0, Errors: 0, Skipped: 0, Time elapsed: 0.269 sec
Running org.apache.commons.math.ode.nonstiff.MidpointIntegratorTest
Tests run: 6, Failures: 0, Errors: 0, Skipped: 0, Time elapsed: 0.472 sec
Running org.apache.commons.math.ode.nonstiff.DormandPrince54IntegratorTest
Tests run: 8, Failures: 0, Errors: 0, Skipped: 0, Time elapsed: 0.128 sec
Running org.apache.commons.math.ode.nonstiff.MidpointStepInterpolatorTest
Tests run: 2, Failures: 0, Errors: 0, Skipped: 0, Time elapsed: 0.08 sec
Running org.apache.commons.math.ode.nonstiff.HighamHall54StepInterpolatorTest
Tests run: 3, Failures: 0, Errors: 0, Skipped: 0, Time elapsed: 0.096 sec
Running org.apache.commons.math.ode.nonstiff.ThreeEighthesStepInterpolatorTest
Tests run: 2, Failures: 0, Errors: 0, Skipped: 0, Time elapsed: 0.137 sec
Running org.apache.commons.math.ode.nonstiff.ClassicalRungeKuttaIntegratorTest
Tests run: 8, Failures: 0, Errors: 0, Skipped: 0, Time elapsed: 0.564 sec
Running org.apache.commons.math.ode.nonstiff.DormandPrince853IntegratorTest
Tests run: 10, Failures: 0, Errors: 0, Skipped: 0, Time elapsed: 0.066 sec
Running org.apache.commons.math.ode.nonstiff.GillStepInterpolatorTest
Tests run: 2, Failures: 0, Errors: 0, Skipped: 0, Time elapsed: 0.125 sec
Running org.apache.commons.math.ode.nonstiff.AdamsBashforthIntegratorTest
Tests run: 6, Failures: 0, Errors: 0, Skipped: 0, Time elapsed: 0.398 sec
Running org.apache.commons.math.ode.nonstiff.GraggBulirschStoerStepInterpolatorTest
Tests run: 3, Failures: 0, Errors: 0, Skipped: 0, Time elapsed: 0.101 sec
Running org.apache.commons.math.ode.nonstiff.DormandPrince853StepInterpolatorTest
Tests run: 3, Failures: 0, Errors: 0, Skipped: 0, Time elapsed: 0.052 sec
Running org.apache.commons.math.ode.nonstiff.ThreeEighthesIntegratorTest
Tests run: 7, Failures: 0, Errors: 0, Skipped: 0, Time elapsed: 0.566 sec
Running org.apache.commons.math.ode.nonstiff.EulerStepInterpolatorTest
Tests run: 5, Failures: 0, Errors: 0, Skipped: 0, Time elapsed: 0.045 sec
Running org.apache.commons.math.ode.nonstiff.GillIntegratorTest
Tests run: 8, Failures: 0, Errors: 0, Skipped: 0, Time elapsed: 0.569 sec
Running org.apache.commons.math.ode.nonstiff.ClassicalRungeKuttaStepInterpolatorTest
Tests run: 2, Failures: 0, Errors: 0, Skipped: 0, Time elapsed: 0.102 sec
Running org.apache.commons.math.exception.NotStrictlyPositiveExceptionTest
Tests run: 1, Failures: 0, Errors: 0, Skipped: 0, Time elapsed: 0.003 sec
Running org.apache.commons.math.exception.NonMonotonicSequenceExceptionTest
Tests run: 1, Failures: 0, Errors: 0, Skipped: 0, Time elapsed: 0.003 sec
Running org.apache.commons.math.exception.MaxCountExceededExceptionTest
Tests run: 1, Failures: 0, Errors: 0, Skipped: 0, Time elapsed: 0.002 sec
Running org.apache.commons.math.exception.TooManyEvaluationsExceptionTest
Tests run: 1, Failures: 0, Errors: 0, Skipped: 0, Time elapsed: 0.003 sec
Running org.apache.commons.math.exception.util.ArgUtilsTest
Tests run: 1, Failures: 0, Errors: 0, Skipped: 0, Time elapsed: 0.003 sec
Running org.apache.commons.math.exception.util.ExceptionContextTest
Tests run: 5, Failures: 0, Errors: 0, Skipped: 0, Time elapsed: 0.019 sec
Running org.apache.commons.math.exception.NumberIsTooSmallExceptionTest
Tests run: 1, Failures: 0, Errors: 0, Skipped: 0, Time elapsed: 0.003 sec
Running org.apache.commons.math.exception.DimensionMismatchExceptionTest
Tests run: 1, Failures: 0, Errors: 0, Skipped: 0, Time elapsed: 0.002 sec
Running org.apache.commons.math.exception.OutOfRangeExceptionTest
Tests run: 1, Failures: 0, Errors: 0, Skipped: 0, Time elapsed: 0.002 sec
Running org.apache.commons.math.exception.NotPositiveExceptionTest
Tests run: 1, Failures: 0, Errors: 0, Skipped: 0, Time elapsed: 0.003 sec
Running org.apache.commons.math.exception.NumberIsTooLargeExceptionTest
Tests run: 1, Failures: 0, Errors: 0, Skipped: 0, Time elapsed: 0.003 sec
Running org.apache.commons.math.linear.BlockRealMatrixTest
Tests run: 48, Failures: 0, Errors: 0, Skipped: 0, Time elapsed: 0.664 sec
Running org.apache.commons.math.linear.CholeskyDecompositionTest
Tests run: 9, Failures: 0, Errors: 0, Skipped: 0, Time elapsed: 0.013 sec
Running org.apache.commons.math.linear.CholeskySolverTest
Tests run: 3, Failures: 0, Errors: 0, Skipped: 0, Time elapsed: 0.007 sec
Running org.apache.commons.math.linear.PivotingQRSolverTest
Tests run: 6, Failures: 0, Errors: 0, Skipped: 0, Time elapsed: 0.218 sec
Running org.apache.commons.math.linear.EigenSolverTest
Tests run: 4, Failures: 0, Errors: 0, Skipped: 0, Time elapsed: 0.017 sec
Running org.apache.commons.math.linear.SparseFieldMatrixTest
Tests run: 24, Failures: 0, Errors: 0, Skipped: 0, Time elapsed: 0.051 sec
Running org.apache.commons.math.linear.BlockFieldMatrixTest
Tests run: 46, Failures: 0, Errors: 0, Skipped: 0, Time elapsed: 2.404 sec
Running org.apache.commons.math.linear.SparseRealMatrixTest
Tests run: 27, Failures: 0, Errors: 0, Skipped: 0, Time elapsed: 0.036 sec
Running org.apache.commons.math.linear.SingularValueDecompositionTest
Tests run: 12, Failures: 0, Errors: 0, Skipped: 0, Time elapsed: 3.418 sec
Running org.apache.commons.math.linear.LUDecompositionTest
Tests run: 9, Failures: 0, Errors: 0, Skipped: 0, Time elapsed: 0.015 sec
Running org.apache.commons.math.linear.BiDiagonalTransformerTest
Tests run: 8, Failures: 0, Errors: 0, Skipped: 0, Time elapsed: 0.011 sec
Running org.apache.commons.math.linear.QRSolverTest
Tests run: 6, Failures: 0, Errors: 0, Skipped: 0, Time elapsed: 0.148 sec
Running org.apache.commons.math.linear.QRDecompositionTest
Tests run: 6, Failures: 0, Errors: 0, Skipped: 0, Time elapsed: 0.211 sec
Running org.apache.commons.math.linear.FieldMatrixImplTest
Tests run: 37, Failures: 0, Errors: 0, Skipped: 0, Time elapsed: 0.267 sec
Running org.apache.commons.math.linear.UnmodifiableOpenMapRealVectorTest
Tests run: 8, Failures: 0, Errors: 0, Skipped: 0, Time elapsed: 0.525 sec
Running org.apache.commons.math.linear.RealVectorFormatTest
Tests run: 30, Failures: 0, Errors: 0, Skipped: 0, Time elapsed: 0.045 sec
Running org.apache.commons.math.linear.SparseRealVectorTest
Tests run: 9, Failures: 0, Errors: 0, Skipped: 0, Time elapsed: 0.032 sec
Running org.apache.commons.math.linear.ConjugateGradientTest
Tests run: 15, Failures: 0, Errors: 0, Skipped: 0, Time elapsed: 0.827 sec
Running org.apache.commons.math.linear.MatrixDimensionMismatchExceptionTest
Tests run: 1, Failures: 0, Errors: 0, Skipped: 0, Time elapsed: 0.002 sec
Running org.apache.commons.math.linear.FrenchRealVectorFormatTest
Tests run: 30, Failures: 0, Errors: 0, Skipped: 0, Time elapsed: 0.029 sec
Running org.apache.commons.math.linear.RealVectorTest
Tests run: 9, Failures: 0, Errors: 0, Skipped: 0, Time elapsed: 0.183 sec
Running org.apache.commons.math.linear.SingularValueSolverTest
Tests run: 5, Failures: 0, Errors: 0, Skipped: 0, Time elapsed: 0.006 sec
Running org.apache.commons.math.linear.UnmodifiableArrayRealVectorTest
Tests run: 8, Failures: 0, Errors: 0, Skipped: 0, Time elapsed: 0.097 sec
Running org.apache.commons.math.linear.FieldLUDecompositionTest
Tests run: 9, Failures: 0, Errors: 0, Skipped: 0, Time elapsed: 0.019 sec
Running org.apache.commons.math.linear.PivotingQRDecompositionTest
Tests run: 6, Failures: 0, Errors: 0, Skipped: 0, Time elapsed: 0.683 sec
Running org.apache.commons.math.linear.EigenDecompositionTest
Tests run: 20, Failures: 0, Errors: 0, Skipped: 0, Time elapsed: 1.247 sec
Running org.apache.commons.math.linear.SymmLQTest
Tests run: 34, Failures: 0, Errors: 0, Skipped: 0, Time elapsed: 0.928 sec
Running org.apache.commons.math.linear.LUSolverTest
Tests run: 6, Failures: 0, Errors: 0, Skipped: 0, Time elapsed: 0.007 sec
Running org.apache.commons.math.linear.OpenMapRealMatrixTest
Tests run: 1, Failures: 0, Errors: 0, Skipped: 0, Time elapsed: 0.003 sec
Running org.apache.commons.math.linear.TriDiagonalTransformerTest
Tests run: 8, Failures: 0, Errors: 0, Skipped: 0, Time elapsed: 0.01 sec
Running org.apache.commons.math.linear.ArrayRealVectorTest
Tests run: 23, Failures: 0, Errors: 0, Skipped: 0, Time elapsed: 0.032 sec
Running org.apache.commons.math.linear.Array2DRowRealMatrixTest
Tests run: 39, Failures: 0, Errors: 0, Skipped: 0, Time elapsed: 0.069 sec
Running org.apache.commons.math.linear.SparseFieldVectorTest
Tests run: 5, Failures: 0, Errors: 0, Skipped: 0, Time elapsed: 0.017 sec
Running org.apache.commons.math.linear.ArrayFieldVectorTest
Tests run: 8, Failures: 0, Errors: 0, Skipped: 0, Time elapsed: 0.011 sec
Running org.apache.commons.math.linear.MatrixUtilsTest
Tests run: 12, Failures: 0, Errors: 0, Skipped: 0, Time elapsed: 0.032 sec
Running org.apache.commons.math.linear.FieldLUSolverTest
Tests run: 5, Failures: 0, Errors: 0, Skipped: 0, Time elapsed: 0.006 sec
Running org.apache.commons.math.optimization.linear.SimplexTableauTest
Tests run: 4, Failures: 0, Errors: 0, Skipped: 0, Time elapsed: 0.014 sec
Running org.apache.commons.math.optimization.linear.SimplexSolverTest
Tests run: 23, Failures: 0, Errors: 0, Skipped: 0, Time elapsed: 1.563 sec
Running org.apache.commons.math.optimization.general.NonLinearConjugateGradientOptimizerTest
Tests run: 12, Failures: 0, Errors: 0, Skipped: 0, Time elapsed: 0.024 sec
Running org.apache.commons.math.optimization.general.MinpackTest
Tests run: 18, Failures: 0, Errors: 0, Skipped: 0, Time elapsed: 0.494 sec
Running org.apache.commons.math.optimization.general.GaussNewtonOptimizerTest
Tests run: 17, Failures: 0, Errors: 0, Skipped: 0, Time elapsed: 0.031 sec
Running org.apache.commons.math.optimization.general.LevenbergMarquardtOptimizerTest
Tests run: 16, Failures: 0, Errors: 0, Skipped: 0, Time elapsed: 0.024 sec
Running org.apache.commons.math.optimization.DifferentiableMultivariateVectorMultiStartOptimizerTest
Tests run: 2, Failures: 0, Errors: 0, Skipped: 0, Time elapsed: 0.008 sec
Running org.apache.commons.math.optimization.MultivariateMultiStartOptimizerTest
Tests run: 1, Failures: 0, Errors: 0, Skipped: 0, Time elapsed: 0.016 sec
Running org.apache.commons.math.optimization.BatteryNISTTest
Tests run: 4, Failures: 0, Errors: 0, Skipped: 0, Time elapsed: 0.009 sec
Running org.apache.commons.math.optimization.DifferentiableMultivariateMultiStartOptimizerTest
Tests run: 1, Failures: 0, Errors: 0, Skipped: 0, Time elapsed: 0.009 sec
Running org.apache.commons.math.optimization.fitting.CurveFitterTest
Tests run: 3, Failures: 0, Errors: 0, Skipped: 0, Time elapsed: 0.008 sec
Running org.apache.commons.math.optimization.fitting.GaussianFitterTest
Tests run: 8, Failures: 0, Errors: 0, Skipped: 0, Time elapsed: 0.075 sec
Running org.apache.commons.math.optimization.fitting.HarmonicFitterTest
Tests run: 6, Failures: 0, Errors: 0, Skipped: 0, Time elapsed: 0.055 sec
Running org.apache.commons.math.optimization.fitting.PolynomialFitterTest
Tests run: 4, Failures: 0, Errors: 0, Skipped: 0, Time elapsed: 0.084 sec
Running org.apache.commons.math.optimization.direct.SimplexOptimizerNelderMeadTest
Tests run: 10, Failures: 0, Errors: 0, Skipped: 0, Time elapsed: 0.02 sec
Running org.apache.commons.math.optimization.direct.PowellOptimizerTest
Tests run: 3, Failures: 0, Errors: 0, Skipped: 0, Time elapsed: 0.017 sec
Running org.apache.commons.math.optimization.direct.MultivariateFunctionPenaltyAdapterTest
Tests run: 5, Failures: 0, Errors: 0, Skipped: 0, Time elapsed: 0.015 sec
Running org.apache.commons.math.optimization.direct.SimplexOptimizerMultiDirectionalTest
Tests run: 7, Failures: 0, Errors: 0, Skipped: 0, Time elapsed: 0.018 sec
Running org.apache.commons.math.optimization.direct.MultivariateFunctionMappingAdapterTest
Tests run: 4, Failures: 0, Errors: 0, Skipped: 0, Time elapsed: 0.012 sec
Running org.apache.commons.math.optimization.direct.CMAESOptimizerTest
Tests run: 21, Failures: 0, Errors: 0, Skipped: 0, Time elapsed: 114.224 sec
Running org.apache.commons.math.optimization.univariate.BracketFinderTest
Tests run: 4, Failures: 0, Errors: 0, Skipped: 0, Time elapsed: 0.005 sec
Running org.apache.commons.math.optimization.univariate.BrentOptimizerTest
Tests run: 5, Failures: 0, Errors: 0, Skipped: 0, Time elapsed: 0.035 sec
Running org.apache.commons.math.optimization.univariate.UnivariateMultiStartOptimizerTest
Tests run: 3, Failures: 0, Errors: 0, Skipped: 0, Time elapsed: 0.008 sec
Running org.apache.commons.math.complex.ComplexTest
Tests run: 123, Failures: 0, Errors: 0, Skipped: 0, Time elapsed: 0.094 sec
Running org.apache.commons.math.complex.FrenchComplexFormatTest
Tests run: 31, Failures: 0, Errors: 0, Skipped: 0, Time elapsed: 0.024 sec
Running org.apache.commons.math.complex.ComplexUtilsTest
Tests run: 4, Failures: 0, Errors: 0, Skipped: 0, Time elapsed: 0.007 sec
Running org.apache.commons.math.complex.ComplexFieldTest
Tests run: 3, Failures: 0, Errors: 0, Skipped: 0, Time elapsed: 0.006 sec
Running org.apache.commons.math.complex.ComplexFormatTest
Tests run: 31, Failures: 0, Errors: 0, Skipped: 0, Time elapsed: 0.029 sec
Running org.apache.commons.math.random.ValueServerTest
Tests run: 9, Failures: 0, Errors: 0, Skipped: 0, Time elapsed: 0.133 sec
Running org.apache.commons.math.random.Well512aTest
Tests run: 43, Failures: 0, Errors: 0, Skipped: 0, Time elapsed: 18.856 sec
Running org.apache.commons.math.random.UniformRandomGeneratorTest
Tests run: 1, Failures: 0, Errors: 0, Skipped: 0, Time elapsed: 0.017 sec
Running org.apache.commons.math.random.CorrelatedRandomVectorGeneratorTest
Tests run: 4, Failures: 0, Errors: 0, Skipped: 0, Time elapsed: 0.036 sec
Running org.apache.commons.math.random.Well1024aTest
Tests run: 43, Failures: 0, Errors: 0, Skipped: 0, Time elapsed: 17.178 sec
Running org.apache.commons.math.random.RandomDataTest
Tests run: 29, Failures: 0, Errors: 0, Skipped: 0, Time elapsed: 13.962 sec
Running org.apache.commons.math.random.Well19937cTest
Tests run: 43, Failures: 0, Errors: 0, Skipped: 0, Time elapsed: 17.462 sec
Running org.apache.commons.math.random.MersenneTwisterTest
Tests run: 43, Failures: 0, Errors: 0, Skipped: 0, Time elapsed: 16.448 sec
Running org.apache.commons.math.random.Well44497aTest
Tests run: 43, Failures: 0, Errors: 0, Skipped: 0, Time elapsed: 17.555 sec
Running org.apache.commons.math.random.Well19937aTest
Tests run: 43, Failures: 0, Errors: 0, Skipped: 0, Time elapsed: 18.527 sec
Running org.apache.commons.math.random.GaussianRandomGeneratorTest
Tests run: 1, Failures: 0, Errors: 0, Skipped: 0, Time elapsed: 0.011 sec
Running org.apache.commons.math.random.Well44497bTest
Tests run: 43, Failures: 0, Errors: 0, Skipped: 0, Time elapsed: 19.863 sec
Running org.apache.commons.math.random.UncorrelatedRandomVectorGeneratorTest
Tests run: 1, Failures: 0, Errors: 0, Skipped: 0, Time elapsed: 0.026 sec
Running org.apache.commons.math.random.StableRandomGeneratorTest
Tests run: 7, Failures: 0, Errors: 0, Skipped: 0, Time elapsed: 0.27 sec
Running org.apache.commons.math.random.ISAACTest
Tests run: 43, Failures: 1, Errors: 0, Skipped: 0, Time elapsed: 17.363 sec <<< FAILURE!
Running org.apache.commons.math.random.EmpiricalDistributionTest
Tests run: 14, Failures: 0, Errors: 0, Skipped: 0, Time elapsed: 0.164 sec
Running org.apache.commons.math.random.RandomAdaptorTest
Tests run: 1, Failures: 0, Errors: 0, Skipped: 0, Time elapsed: 0.003 sec
Running org.apache.commons.math.random.AbstractRandomGeneratorTest
Tests run: 42, Failures: 0, Errors: 0, Skipped: 0, Time elapsed: 15.935 sec
Running org.apache.commons.math.random.BitsStreamGeneratorTest
Tests run: 42, Failures: 0, Errors: 0, Skipped: 0, Time elapsed: 17.166 sec
Running org.apache.commons.math.analysis.polynomials.PolynomialSplineFunctionTest
Tests run: 2, Failures: 0, Errors: 0, Skipped: 0, Time elapsed: 0.004 sec
Running org.apache.commons.math.analysis.polynomials.PolynomialFunctionNewtonFormTest
Tests run: 4, Failures: 0, Errors: 0, Skipped: 0, Time elapsed: 0.004 sec
Running org.apache.commons.math.analysis.polynomials.PolynomialsUtilsTest
Tests run: 18, Failures: 0, Errors: 0, Skipped: 0, Time elapsed: 4.391 sec
Running org.apache.commons.math.analysis.polynomials.PolynomialFunctionLagrangeFormTest
Tests run: 4, Failures: 0, Errors: 0, Skipped: 0, Time elapsed: 0.006 sec
Running org.apache.commons.math.analysis.polynomials.PolynomialFunctionTest
Tests run: 11, Failures: 0, Errors: 0, Skipped: 0, Time elapsed: 0.008 sec
Running org.apache.commons.math.analysis.integration.LegendreGaussIntegratorTest
Tests run: 4, Failures: 0, Errors: 0, Skipped: 0, Time elapsed: 3.739 sec
Running org.apache.commons.math.analysis.integration.SimpsonIntegratorTest
Tests run: 3, Failures: 0, Errors: 0, Skipped: 0, Time elapsed: 0.007 sec
Running org.apache.commons.math.analysis.integration.TrapezoidIntegratorTest
Tests run: 3, Failures: 0, Errors: 0, Skipped: 0, Time elapsed: 0.009 sec
Running org.apache.commons.math.analysis.integration.RombergIntegratorTest
Tests run: 3, Failures: 0, Errors: 0, Skipped: 0, Time elapsed: 0.005 sec
Running org.apache.commons.math.analysis.function.HarmonicOscillatorTest
Tests run: 8, Failures: 0, Errors: 0, Skipped: 0, Time elapsed: 0.007 sec
Running org.apache.commons.math.analysis.function.StepFunctionTest
Tests run: 9, Failures: 0, Errors: 0, Skipped: 0, Time elapsed: 0.008 sec
Running org.apache.commons.math.analysis.function.LogisticTest
Tests run: 14, Failures: 0, Errors: 0, Skipped: 0, Time elapsed: 0.013 sec
Running org.apache.commons.math.analysis.function.SigmoidTest
Tests run: 8, Failures: 0, Errors: 0, Skipped: 0, Time elapsed: 0.005 sec
Running org.apache.commons.math.analysis.function.LogitTest
Tests run: 14, Failures: 0, Errors: 0, Skipped: 0, Time elapsed: 0.01 sec
Running org.apache.commons.math.analysis.function.GaussianTest
Tests run: 14, Failures: 0, Errors: 0, Skipped: 0, Time elapsed: 0.011 sec
Running org.apache.commons.math.analysis.function.SqrtTest
Tests run: 2, Failures: 0, Errors: 0, Skipped: 0, Time elapsed: 0.007 sec
Running org.apache.commons.math.analysis.function.SincTest
Tests run: 6, Failures: 0, Errors: 0, Skipped: 0, Time elapsed: 0.016 sec
Running org.apache.commons.math.analysis.FunctionUtilsTest
Tests run: 10, Failures: 0, Errors: 0, Skipped: 0, Time elapsed: 0.018 sec
Running org.apache.commons.math.analysis.interpolation.NevilleInterpolatorTest
Tests run: 3, Failures: 0, Errors: 0, Skipped: 0, Time elapsed: 0.005 sec
Running org.apache.commons.math.analysis.interpolation.SmoothingPolynomialBicubicSplineInterpolatorTest
Tests run: 3, Failures: 0, Errors: 0, Skipped: 0, Time elapsed: 0.019 sec
Running org.apache.commons.math.analysis.interpolation.BicubicSplineInterpolatingFunctionTest
Tests run: 5, Failures: 0, Errors: 0, Skipped: 0, Time elapsed: 0.042 sec
Running org.apache.commons.math.analysis.interpolation.LoessInterpolatorTest
Tests run: 20, Failures: 0, Errors: 0, Skipped: 0, Time elapsed: 0.096 sec
Running org.apache.commons.math.analysis.interpolation.LinearInterpolatorTest
Tests run: 4, Failures: 0, Errors: 0, Skipped: 0, Time elapsed: 0.005 sec
Running org.apache.commons.math.analysis.interpolation.BicubicSplineInterpolatorTest
Tests run: 3, Failures: 0, Errors: 0, Skipped: 0, Time elapsed: 0.006 sec
Running org.apache.commons.math.analysis.interpolation.TricubicSplineInterpolatingFunctionTest
Tests run: 3, Failures: 0, Errors: 0, Skipped: 0, Time elapsed: 0.044 sec
Running org.apache.commons.math.analysis.interpolation.UnivariateRealPeriodicInterpolatorTest
Tests run: 5, Failures: 0, Errors: 0, Skipped: 0, Time elapsed: 0.01 sec
Running org.apache.commons.math.analysis.interpolation.SplineInterpolatorTest
Tests run: 5, Failures: 0, Errors: 0, Skipped: 0, Time elapsed: 0.005 sec
Running org.apache.commons.math.analysis.interpolation.DividedDifferenceInterpolatorTest
Tests run: 3, Failures: 0, Errors: 0, Skipped: 0, Time elapsed: 0.006 sec
Running org.apache.commons.math.analysis.interpolation.MicrosphereInterpolatorTest
Tests run: 2, Failures: 0, Errors: 0, Skipped: 0, Time elapsed: 1.09 sec
Running org.apache.commons.math.analysis.interpolation.TricubicSplineInterpolatorTest
Tests run: 3, Failures: 0, Errors: 0, Skipped: 0, Time elapsed: 0.056 sec
Running org.apache.commons.math.analysis.solvers.MullerSolverTest
Tests run: 4, Failures: 0, Errors: 0, Skipped: 0, Time elapsed: 0.011 sec
Running org.apache.commons.math.analysis.solvers.UnivariateRealSolverUtilsTest
Tests run: 14, Failures: 0, Errors: 0, Skipped: 0, Time elapsed: 0.01 sec
Running org.apache.commons.math.analysis.solvers.SecantSolverTest
Tests run: 8, Failures: 0, Errors: 0, Skipped: 0, Time elapsed: 0.01 sec
Running org.apache.commons.math.analysis.solvers.PegasusSolverTest
Tests run: 8, Failures: 0, Errors: 0, Skipped: 0, Time elapsed: 0.007 sec
Running org.apache.commons.math.analysis.solvers.MullerSolver2Test
Tests run: 4, Failures: 0, Errors: 0, Skipped: 0, Time elapsed: 0.007 sec
Running org.apache.commons.math.analysis.solvers.NewtonSolverTest
Tests run: 2, Failures: 0, Errors: 0, Skipped: 0, Time elapsed: 0.007 sec
Running org.apache.commons.math.analysis.solvers.BracketingNthOrderBrentSolverTest
Tests run: 15, Failures: 0, Errors: 0, Skipped: 0, Time elapsed: 0.016 sec
Running org.apache.commons.math.analysis.solvers.RiddersSolverTest
Tests run: 4, Failures: 0, Errors: 0, Skipped: 0, Time elapsed: 0.006 sec
Running org.apache.commons.math.analysis.solvers.BrentSolverTest
Tests run: 5, Failures: 0, Errors: 0, Skipped: 0, Time elapsed: 0.006 sec
Running org.apache.commons.math.analysis.solvers.LaguerreSolverTest
Tests run: 4, Failures: 0, Errors: 0, Skipped: 0, Time elapsed: 0.009 sec
Running org.apache.commons.math.analysis.solvers.BisectionSolverTest
Tests run: 3, Failures: 0, Errors: 0, Skipped: 0, Time elapsed: 0.005 sec
Running org.apache.commons.math.analysis.solvers.RegulaFalsiSolverTest
Tests run: 9, Failures: 0, Errors: 0, Skipped: 0, Time elapsed: 0.013 sec
Running org.apache.commons.math.analysis.solvers.IllinoisSolverTest
Tests run: 8, Failures: 0, Errors: 0, Skipped: 0, Time elapsed: 0.009 sec
Running org.apache.commons.math.RetryRunnerTest
Tests run: 2, Failures: 0, Errors: 0, Skipped: 0, Time elapsed: 0.012 sec
Running org.apache.commons.math.stat.data.LotteryTest
Tests run: 1, Failures: 0, Errors: 0, Skipped: 0, Time elapsed: 0.004 sec
Running org.apache.commons.math.stat.data.LewTest
Tests run: 1, Failures: 0, Errors: 0, Skipped: 0, Time elapsed: 0.003 sec
Running org.apache.commons.math.stat.FrequencyTest
Tests run: 8, Failures: 0, Errors: 0, Skipped: 0, Time elapsed: 0.012 sec
Running org.apache.commons.math.stat.CertifiedDataTest
Tests run: 2, Failures: 0, Errors: 0, Skipped: 0, Time elapsed: 0.025 sec
Running org.apache.commons.math.stat.regression.SimpleRegressionTest
Tests run: 19, Failures: 0, Errors: 0, Skipped: 0, Time elapsed: 0.024 sec
Running org.apache.commons.math.stat.regression.GLSMultipleLinearRegressionTest
Tests run: 21, Failures: 0, Errors: 0, Skipped: 0, Time elapsed: 15.894 sec
Running org.apache.commons.math.stat.regression.MillerUpdatingRegressionTest
Tests run: 17, Failures: 0, Errors: 0, Skipped: 0, Time elapsed: 0.301 sec
Running org.apache.commons.math.stat.regression.OLSMultipleLinearRegressionTest
Tests run: 23, Failures: 0, Errors: 0, Skipped: 0, Time elapsed: 0.023 sec
Running org.apache.commons.math.stat.inference.MannWhitneyUTestTest
Tests run: 2, Failures: 0, Errors: 0, Skipped: 0, Time elapsed: 0.007 sec
Running org.apache.commons.math.stat.inference.TTestTest
Tests run: 6, Failures: 0, Errors: 0, Skipped: 0, Time elapsed: 0.008 sec
Running org.apache.commons.math.stat.inference.WilcoxonSignedRankTestTest
Tests run: 2, Failures: 0, Errors: 0, Skipped: 0, Time elapsed: 0.005 sec
Running org.apache.commons.math.stat.inference.TestUtilsTest
Tests run: 11, Failures: 0, Errors: 0, Skipped: 0, Time elapsed: 0.013 sec
Running org.apache.commons.math.stat.inference.OneWayAnovaTest
Tests run: 3, Failures: 0, Errors: 0, Skipped: 0, Time elapsed: 0.004 sec
Running org.apache.commons.math.stat.inference.ChiSquareTestTest
Tests run: 7, Failures: 0, Errors: 0, Skipped: 0, Time elapsed: 0.006 sec
Running org.apache.commons.math.stat.descriptive.moment.FirstMomentTest
Tests run: 12, Failures: 0, Errors: 0, Skipped: 0, Time elapsed: 0.012 sec
Running org.apache.commons.math.stat.descriptive.moment.VectorialMeanTest
Tests run: 4, Failures: 0, Errors: 0, Skipped: 0, Time elapsed: 0.006 sec
Running org.apache.commons.math.stat.descriptive.moment.FourthMomentTest
Tests run: 12, Failures: 0, Errors: 0, Skipped: 0, Time elapsed: 0.015 sec
Running org.apache.commons.math.stat.descriptive.moment.SecondMomentTest
Tests run: 12, Failures: 0, Errors: 0, Skipped: 0, Time elapsed: 0.017 sec
Running org.apache.commons.math.stat.descriptive.moment.SemiVarianceTest
Tests run: 9, Failures: 0, Errors: 0, Skipped: 0, Time elapsed: 0.008 sec
Running org.apache.commons.math.stat.descriptive.moment.SkewnessTest
Tests run: 13, Failures: 0, Errors: 0, Skipped: 0, Time elapsed: 0.011 sec
Running org.apache.commons.math.stat.descriptive.moment.StandardDeviationTest
Tests run: 14, Failures: 0, Errors: 0, Skipped: 0, Time elapsed: 0.014 sec
Running org.apache.commons.math.stat.descriptive.moment.VectorialCovarianceTest
Tests run: 4, Failures: 0, Errors: 0, Skipped: 0, Time elapsed: 0.005 sec
Running org.apache.commons.math.stat.descriptive.moment.GeometricMeanTest
Tests run: 13, Failures: 0, Errors: 0, Skipped: 0, Time elapsed: 0.01 sec
Running org.apache.commons.math.stat.descriptive.moment.InteractionTest
Tests run: 1, Failures: 0, Errors: 0, Skipped: 0, Time elapsed: 0.002 sec
Running org.apache.commons.math.stat.descriptive.moment.ThirdMomentTest
Tests run: 12, Failures: 0, Errors: 0, Skipped: 0, Time elapsed: 0.009 sec
Running org.apache.commons.math.stat.descriptive.moment.VarianceTest
Tests run: 15, Failures: 0, Errors: 0, Skipped: 0, Time elapsed: 0.012 sec
Running org.apache.commons.math.stat.descriptive.moment.KurtosisTest
Tests run: 13, Failures: 0, Errors: 0, Skipped: 0, Time elapsed: 0.012 sec
Running org.apache.commons.math.stat.descriptive.moment.MeanTest
Tests run: 14, Failures: 0, Errors: 0, Skipped: 0, Time elapsed: 0.011 sec
Running org.apache.commons.math.stat.descriptive.SynchronizedDescriptiveStatisticsTest
Tests run: 10, Failures: 0, Errors: 0, Skipped: 0, Time elapsed: 0.016 sec
Running org.apache.commons.math.stat.descriptive.MixedListUnivariateImplTest
Tests run: 4, Failures: 0, Errors: 0, Skipped: 0, Time elapsed: 0.015 sec
Running org.apache.commons.math.stat.descriptive.MultivariateSummaryStatisticsTest
Tests run: 10, Failures: 0, Errors: 0, Skipped: 0, Time elapsed: 0.019 sec
Running org.apache.commons.math.stat.descriptive.rank.PercentileTest
Tests run: 14, Failures: 0, Errors: 0, Skipped: 0, Time elapsed: 0.01 sec
Running org.apache.commons.math.stat.descriptive.rank.MedianTest
Tests run: 5, Failures: 0, Errors: 0, Skipped: 0, Time elapsed: 0.004 sec
Running org.apache.commons.math.stat.descriptive.rank.MaxTest
Tests run: 14, Failures: 0, Errors: 0, Skipped: 0, Time elapsed: 0.01 sec
Running org.apache.commons.math.stat.descriptive.rank.MinTest
Tests run: 14, Failures: 0, Errors: 0, Skipped: 0, Time elapsed: 0.01 sec
Running org.apache.commons.math.stat.descriptive.ListUnivariateImplTest
Tests run: 5, Failures: 0, Errors: 0, Skipped: 0, Time elapsed: 0.01 sec
Running org.apache.commons.math.stat.descriptive.SummaryStatisticsTest
Tests run: 13, Failures: 0, Errors: 0, Skipped: 0, Time elapsed: 0.014 sec
Running org.apache.commons.math.stat.descriptive.DescriptiveStatisticsTest
Tests run: 10, Failures: 0, Errors: 0, Skipped: 0, Time elapsed: 0.01 sec
Running org.apache.commons.math.stat.descriptive.summary.SumSqTest
Tests run: 13, Failures: 0, Errors: 0, Skipped: 0, Time elapsed: 0.009 sec
Running org.apache.commons.math.stat.descriptive.summary.SumLogTest
Tests run: 13, Failures: 0, Errors: 0, Skipped: 0, Time elapsed: 0.01 sec
Running org.apache.commons.math.stat.descriptive.summary.ProductTest
Tests run: 14, Failures: 0, Errors: 0, Skipped: 0, Time elapsed: 0.02 sec
Running org.apache.commons.math.stat.descriptive.summary.SumTest
Tests run: 14, Failures: 0, Errors: 0, Skipped: 0, Time elapsed: 0.011 sec
Running org.apache.commons.math.stat.descriptive.SynchronizedMultivariateSummaryStatisticsTest
Tests run: 10, Failures: 0, Errors: 0, Skipped: 0, Time elapsed: 0.014 sec
Running org.apache.commons.math.stat.descriptive.SynchronizedSummaryStatisticsTest
Tests run: 13, Failures: 0, Errors: 0, Skipped: 0, Time elapsed: 0.014 sec
Running org.apache.commons.math.stat.descriptive.StatisticalSummaryValuesTest
Tests run: 3, Failures: 0, Errors: 0, Skipped: 0, Time elapsed: 0.005 sec
Running org.apache.commons.math.stat.descriptive.AggregateSummaryStatisticsTest
Tests run: 5, Failures: 0, Errors: 0, Skipped: 0, Time elapsed: 0.008 sec
Running org.apache.commons.math.stat.descriptive.AbstractUnivariateStatisticTest
Tests run: 2, Failures: 0, Errors: 0, Skipped: 0, Time elapsed: 0.004 sec
Running org.apache.commons.math.stat.correlation.StorelessCovarianceTest
Tests run: 6, Failures: 0, Errors: 0, Skipped: 0, Time elapsed: 0.011 sec
Running org.apache.commons.math.stat.correlation.SpearmansRankCorrelationTest
Tests run: 9, Failures: 0, Errors: 0, Skipped: 0, Time elapsed: 0.013 sec
Running org.apache.commons.math.stat.correlation.PearsonsCorrelationTest
Tests run: 8, Failures: 0, Errors: 0, Skipped: 0, Time elapsed: 0.012 sec
Running org.apache.commons.math.stat.correlation.CovarianceTest
Tests run: 5, Failures: 0, Errors: 0, Skipped: 0, Time elapsed: 0.006 sec
Running org.apache.commons.math.stat.ranking.NaturalRankingTest
Tests run: 7, Failures: 0, Errors: 0, Skipped: 0, Time elapsed: 0.007 sec
Running org.apache.commons.math.stat.clustering.EuclideanIntegerPointTest
Tests run: 4, Failures: 0, Errors: 0, Skipped: 0, Time elapsed: 0.006 sec
Running org.apache.commons.math.stat.clustering.KMeansPlusPlusClustererTest
Tests run: 5, Failures: 0, Errors: 0, Skipped: 0, Time elapsed: 0.38 sec
Running org.apache.commons.math.stat.StatUtilsTest
Tests run: 16, Failures: 0, Errors: 0, Skipped: 0, Time elapsed: 0.012 sec
Running org.apache.commons.math.geometry.partitioning.utilities.AVLTreeTest
Tests run: 5, Failures: 0, Errors: 0, Skipped: 0, Time elapsed: 0.009 sec
Running org.apache.commons.math.geometry.euclidean.twod.LineTest
Tests run: 8, Failures: 0, Errors: 0, Skipped: 0, Time elapsed: 0.016 sec
Running org.apache.commons.math.geometry.euclidean.twod.PolygonsSetTest
Tests run: 17, Failures: 0, Errors: 0, Skipped: 0, Time elapsed: 0.12 sec
Running org.apache.commons.math.geometry.euclidean.twod.SubLineTest
Tests run: 12, Failures: 0, Errors: 0, Skipped: 0, Time elapsed: 0.01 sec
Running org.apache.commons.math.geometry.euclidean.oned.IntervalsSetTest
Tests run: 3, Failures: 0, Errors: 0, Skipped: 0, Time elapsed: 0.004 sec
Running org.apache.commons.math.geometry.euclidean.threed.RotationTest
Tests run: 14, Failures: 0, Errors: 0, Skipped: 0, Time elapsed: 0.991 sec
Running org.apache.commons.math.geometry.euclidean.threed.LineTest
Tests run: 6, Failures: 0, Errors: 0, Skipped: 0, Time elapsed: 0.008 sec
Running org.apache.commons.math.geometry.euclidean.threed.FrenchVector3DFormatTest
Tests run: 28, Failures: 0, Errors: 0, Skipped: 0, Time elapsed: 0.024 sec
Running org.apache.commons.math.geometry.euclidean.threed.PolyhedronsSetTest
Tests run: 5, Failures: 0, Errors: 0, Skipped: 0, Time elapsed: 0.122 sec
Running org.apache.commons.math.geometry.euclidean.threed.Vector3DFormatTest
Tests run: 28, Failures: 0, Errors: 0, Skipped: 0, Time elapsed: 0.019 sec
Running org.apache.commons.math.geometry.euclidean.threed.Vector3DTest
Tests run: 24, Failures: 0, Errors: 0, Skipped: 0, Time elapsed: 0.09 sec
Running org.apache.commons.math.geometry.euclidean.threed.RotationOrderTest
Tests run: 1, Failures: 0, Errors: 0, Skipped: 0, Time elapsed: 0.003 sec
Running org.apache.commons.math.geometry.euclidean.threed.PlaneTest
Tests run: 10, Failures: 0, Errors: 0, Skipped: 0, Time elapsed: 0.007 sec
Running org.apache.commons.math.geometry.euclidean.threed.SubLineTest
Tests run: 12, Failures: 0, Errors: 0, Skipped: 0, Time elapsed: 0.01 sec
Running org.apache.commons.math.MathExceptionTest
Tests run: 4, Failures: 0, Errors: 0, Skipped: 0, Time elapsed: 0.014 sec
Running org.apache.commons.math.util.ArithmeticUtilsTest
Tests run: 19, Failures: 0, Errors: 0, Skipped: 0, Time elapsed: 0.98 sec
Running org.apache.commons.math.util.MultidimensionalCounterTest
Tests run: 5, Failures: 0, Errors: 0, Skipped: 0, Time elapsed: 0.007 sec
Running org.apache.commons.math.util.TransformerMapTest
Tests run: 8, Failures: 0, Errors: 0, Skipped: 0, Time elapsed: 0.008 sec
Running org.apache.commons.math.util.BigRealFieldTest
Tests run: 3, Failures: 0, Errors: 0, Skipped: 0, Time elapsed: 0.007 sec
Running org.apache.commons.math.util.PairTest
Tests run: 2, Failures: 0, Errors: 0, Skipped: 0, Time elapsed: 0.003 sec
Running org.apache.commons.math.util.PrecisionTest
Tests run: 12, Failures: 0, Errors: 0, Skipped: 0, Time elapsed: 0.014 sec
Running org.apache.commons.math.util.MathArraysTest
Tests run: 24, Failures: 0, Errors: 0, Skipped: 0, Time elapsed: 0.057 sec
Running org.apache.commons.math.util.MathUtilsTest
Tests run: 19, Failures: 0, Errors: 0, Skipped: 0, Time elapsed: 0.068 sec
Running org.apache.commons.math.util.FastMathTest
FastMath does not implement: public static int java.lang.StrictMath.addExact(int,int)
FastMath does not implement: public static long java.lang.StrictMath.addExact(long,long)
FastMath does not implement: public static int java.lang.StrictMath.multiplyExact(int,int)
FastMath does not implement: public static long java.lang.StrictMath.multiplyExact(long,long)
FastMath does not implement: public static long java.lang.StrictMath.subtractExact(long,long)
FastMath does not implement: public static int java.lang.StrictMath.subtractExact(int,int)
FastMath does not implement: public static int java.lang.StrictMath.toIntExact(long)
FastMath does not implement: public static long java.lang.StrictMath.floorDiv(long,long)
FastMath does not implement: public static int java.lang.StrictMath.floorDiv(int,int)
FastMath does not implement: public static int java.lang.StrictMath.floorMod(int,int)
FastMath does not implement: public static long java.lang.StrictMath.floorMod(long,long)
FastMath does not implement: public static float java.lang.StrictMath.nextDown(float)
FastMath does not implement: public static double java.lang.StrictMath.nextDown(double)
Tests run: 44, Failures: 1, Errors: 0, Skipped: 1, Time elapsed: 107.908 sec <<< FAILURE!
Running org.apache.commons.math.util.ContinuedFractionTest
Tests run: 1, Failures: 0, Errors: 0, Skipped: 0, Time elapsed: 0.002 sec
Running org.apache.commons.math.util.ResizableDoubleArrayTest
Tests run: 14, Failures: 0, Errors: 0, Skipped: 0, Time elapsed: 0.061 sec
Running org.apache.commons.math.util.FastMathStrictComparisonTest
Cannot find FastMath method corresponding to: public static int java.lang.StrictMath.addExact(int,int)
Cannot find FastMath method corresponding to: public static long java.lang.StrictMath.addExact(long,long)
Cannot find FastMath method corresponding to: public static int java.lang.StrictMath.multiplyExact(int,int)
Cannot find FastMath method corresponding to: public static long java.lang.StrictMath.multiplyExact(long,long)
Cannot find FastMath method corresponding to: public static long java.lang.StrictMath.subtractExact(long,long)
Cannot find FastMath method corresponding to: public static int java.lang.StrictMath.subtractExact(int,int)
Cannot find FastMath method corresponding to: public static int java.lang.StrictMath.toIntExact(long)
Cannot find FastMath method corresponding to: public static long java.lang.StrictMath.floorDiv(long,long)
Cannot find FastMath method corresponding to: public static int java.lang.StrictMath.floorDiv(int,int)
Cannot find FastMath method corresponding to: public static int java.lang.StrictMath.floorMod(int,int)
Cannot find FastMath method corresponding to: public static long java.lang.StrictMath.floorMod(long,long)
Cannot find FastMath method corresponding to: public static float java.lang.StrictMath.nextDown(float)
Cannot find FastMath method corresponding to: public static double java.lang.StrictMath.nextDown(double)
Tests run: 53, Failures: 0, Errors: 0, Skipped: 0, Time elapsed: 0.081 sec
Running org.apache.commons.math.util.OpenIntToDoubleHashMapTest
Tests run: 17, Failures: 0, Errors: 0, Skipped: 0, Time elapsed: 0.157 sec
Running org.apache.commons.math.util.BigRealTest
Tests run: 12, Failures: 0, Errors: 0, Skipped: 0, Time elapsed: 0.014 sec
Running org.apache.commons.math.util.OpenIntToFieldTest
Tests run: 17, Failures: 0, Errors: 0, Skipped: 0, Time elapsed: 0.115 sec
Running org.apache.commons.math.util.DefaultTransformerTest
Tests run: 7, Failures: 0, Errors: 0, Skipped: 0, Time elapsed: 0.006 sec
Running org.apache.commons.math.util.IncrementorTest
Tests run: 10, Failures: 0, Errors: 0, Skipped: 0, Time elapsed: 0.008 sec
Running org.apache.commons.math.special.ErfTest
Tests run: 10, Failures: 0, Errors: 0, Skipped: 0, Time elapsed: 0.025 sec
Running org.apache.commons.math.special.GammaTest
Tests run: 14, Failures: 0, Errors: 0, Skipped: 0, Time elapsed: 0.012 sec
Running org.apache.commons.math.special.BetaTest
Tests run: 17, Failures: 0, Errors: 0, Skipped: 0, Time elapsed: 0.012 sec
Running org.apache.commons.math.transform.FastSineTransformerTest
Tests run: 3, Failures: 0, Errors: 0, Skipped: 0, Time elapsed: 0.019 sec
Running org.apache.commons.math.transform.FastCosineTransformerTest
Tests run: 3, Failures: 0, Errors: 0, Skipped: 0, Time elapsed: 0.005 sec
Running org.apache.commons.math.transform.FastFourierTransformerTest
Tests run: 5, Failures: 0, Errors: 0, Skipped: 0, Time elapsed: 0.012 sec
Running org.apache.commons.math.transform.FastHadamardTransformerTest
Tests run: 4, Failures: 0, Errors: 0, Skipped: 0, Time elapsed: 0.005 sec
Running org.apache.commons.math.genetics.BinaryMutationTest
Tests run: 1, Failures: 0, Errors: 0, Skipped: 0, Time elapsed: 0.006 sec
Running org.apache.commons.math.genetics.GeneticAlgorithmTestBinary
Tests run: 1, Failures: 0, Errors: 0, Skipped: 0, Time elapsed: 0.054 sec
Running org.apache.commons.math.genetics.RandomKeyMutationTest
Tests run: 1, Failures: 0, Errors: 0, Skipped: 0, Time elapsed: 0.005 sec
Running org.apache.commons.math.genetics.ListPopulationTest
Tests run: 1, Failures: 0, Errors: 0, Skipped: 0, Time elapsed: 0.002 sec
Running org.apache.commons.math.genetics.ElitisticListPopulationTest
Tests run: 1, Failures: 0, Errors: 0, Skipped: 0, Time elapsed: 0.002 sec
Running org.apache.commons.math.genetics.GeneticAlgorithmTestPermutations
Tests run: 1, Failures: 0, Errors: 0, Skipped: 0, Time elapsed: 0.431 sec
Running org.apache.commons.math.genetics.BinaryChromosomeTest
Tests run: 3, Failures: 0, Errors: 0, Skipped: 0, Time elapsed: 0.004 sec
Running org.apache.commons.math.genetics.RandomKeyTest
Tests run: 10, Failures: 0, Errors: 0, Skipped: 0, Time elapsed: 0.008 sec
Running org.apache.commons.math.genetics.OnePointCrossoverTest
Tests run: 1, Failures: 0, Errors: 0, Skipped: 0, Time elapsed: 0.002 sec
Running org.apache.commons.math.genetics.FixedGenerationCountTest
Tests run: 1, Failures: 0, Errors: 0, Skipped: 0, Time elapsed: 0.002 sec
Running org.apache.commons.math.genetics.ChromosomeTest
Tests run: 2, Failures: 0, Errors: 0, Skipped: 0, Time elapsed: 0.003 sec
Running org.apache.commons.math.genetics.TournamentSelectionTest
Tests run: 1, Failures: 0, Errors: 0, Skipped: 0, Time elapsed: 0.001 sec
Running org.apache.commons.math.genetics.FitnessCachingTest
Tests run: 1, Failures: 0, Errors: 0, Skipped: 0, Time elapsed: 0.008 sec
Running org.apache.commons.math.filter.KalmanFilterTest
Tests run: 4, Failures: 0, Errors: 0, Skipped: 0, Time elapsed: 0.037 sec
Running org.apache.commons.math.distribution.PoissonDistributionTest
Tests run: 13, Failures: 0, Errors: 0, Skipped: 0, Time elapsed: 5.034 sec
Running org.apache.commons.math.distribution.GammaDistributionTest
Tests run: 13, Failures: 0, Errors: 0, Skipped: 0, Time elapsed: 0.144 sec
Running org.apache.commons.math.distribution.TDistributionTest
Tests run: 13, Failures: 0, Errors: 0, Skipped: 0, Time elapsed: 0.259 sec
Running org.apache.commons.math.distribution.NormalDistributionTest
Tests run: 15, Failures: 0, Errors: 0, Skipped: 0, Time elapsed: 0.031 sec
Running org.apache.commons.math.distribution.AbstractRealDistributionTest
Tests run: 2, Failures: 0, Errors: 0, Skipped: 0, Time elapsed: 1.176 sec
Running org.apache.commons.math.distribution.AbtractIntegerDistributionTest
Tests run: 2, Failures: 0, Errors: 0, Skipped: 0, Time elapsed: 0.003 sec
Running org.apache.commons.math.distribution.ChiSquaredDistributionTest
Tests run: 10, Failures: 0, Errors: 0, Skipped: 0, Time elapsed: 0.138 sec
Running org.apache.commons.math.distribution.PascalDistributionTest
Tests run: 8, Failures: 0, Errors: 0, Skipped: 0, Time elapsed: 0.688 sec
Running org.apache.commons.math.distribution.HypergeometricDistributionTest
Tests run: 13, Failures: 0, Errors: 0, Skipped: 0, Time elapsed: 9.307 sec
Running org.apache.commons.math.distribution.ExponentialDistributionTest
Tests run: 13, Failures: 0, Errors: 0, Skipped: 0, Time elapsed: 0.015 sec
Running org.apache.commons.math.distribution.KolmogorovSmirnovDistributionTest
Tests run: 1, Failures: 0, Errors: 0, Skipped: 0, Time elapsed: 0.767 sec
Running org.apache.commons.math.distribution.FDistributionTest
Tests run: 13, Failures: 0, Errors: 0, Skipped: 0, Time elapsed: 0.224 sec
Running org.apache.commons.math.distribution.WeibullDistributionTest
Tests run: 10, Failures: 0, Errors: 0, Skipped: 0, Time elapsed: 0.017 sec
Running org.apache.commons.math.distribution.BinomialDistributionTest
Tests run: 8, Failures: 0, Errors: 0, Skipped: 0, Time elapsed: 0.188 sec
Running org.apache.commons.math.distribution.ZipfDistributionTest
Tests run: 8, Failures: 0, Errors: 0, Skipped: 0, Time elapsed: 0.369 sec
Running org.apache.commons.math.distribution.BetaDistributionTest
Tests run: 3, Failures: 0, Errors: 0, Skipped: 0, Time elapsed: 0.061 sec
Running org.apache.commons.math.distribution.CauchyDistributionTest
Tests run: 11, Failures: 0, Errors: 0, Skipped: 0, Time elapsed: 0.016 sec

Results :

Failed tests: 
  testSeeding(org.apache.commons.math.random.ISAACTest)
  checkMissingFastMathClasses(org.apache.commons.math.util.FastMathTest): FastMath should implement all StrictMath methods

Tests run: 3197, Failures: 2, Errors: 0, Skipped: 1

[INFO] ------------------------------------------------------------------------
[INFO] BUILD FAILURE
[INFO] ------------------------------------------------------------------------
[INFO] Total time: 09:00 min
[INFO] Finished at: 2018-08-01T19:40:19+02:00
[INFO] Final Memory: 58M/1437M
[INFO] ------------------------------------------------------------------------
[ERROR] Failed to execute goal org.apache.maven.plugins:maven-surefire-plugin:2.7.2:test (default-test) on project commons-math: There are test failures.
[ERROR] 
[ERROR] Please refer to /tmp/icse19/dataset/august-2018/bugs-dot-jar/commons-math_buggy/target/surefire-reports for the individual test results.
[ERROR] -> [Help 1]
[ERROR] 
[ERROR] To see the full stack trace of the errors, re-run Maven with the -e switch.
[ERROR] Re-run Maven using the -X switch to enable full debug logging.
[ERROR] 
[ERROR] For more information about the errors and possible solutions, please read the following articles:
[ERROR] [Help 1] http://cwiki.apache.org/confluence/display/MAVEN/MojoFailureException
[INFO] ------------------------------------------------------------------------
[INFO] BUILD FAILURE
[INFO] ------------------------------------------------------------------------
[INFO] Total time: 09:05 min
[INFO] Finished at: 2018-08-01T19:40:19+02:00
[INFO] Final Memory: 25M/430M
[INFO] ------------------------------------------------------------------------
[ERROR] Failed to execute goal eu.stamp-project:diff-test-selection:0.3-SNAPSHOT:list (default-cli) on project commons-math: Execution default-cli of goal eu.stamp-project:diff-test-selection:0.3-SNAPSHOT:list failed: A required class was missing while executing eu.stamp-project:diff-test-selection:0.3-SNAPSHOT:list: eu/stamp_project/diff_test_selection/CloverReader
[ERROR] -----------------------------------------------------
[ERROR] realm =    plugin>eu.stamp-project:diff-test-selection:0.3-SNAPSHOT
[ERROR] strategy = org.codehaus.plexus.classworlds.strategy.SelfFirstStrategy
[ERROR] urls[0] = file:/home/spirals/danglot/.m2/repository/eu/stamp-project/diff-test-selection/0.3-SNAPSHOT/diff-test-selection-0.3-SNAPSHOT.jar
[ERROR] urls[1] = file:/home/spirals/danglot/.m2/repository/org/apache/maven/shared/maven-invoker/3.0.0/maven-invoker-3.0.0.jar
[ERROR] urls[2] = file:/home/spirals/danglot/.m2/repository/org/codehaus/plexus/plexus-utils/3.0.24/plexus-utils-3.0.24.jar
[ERROR] urls[3] = file:/home/spirals/danglot/.m2/repository/org/codehaus/plexus/plexus-component-annotations/1.7/plexus-component-annotations-1.7.jar
[ERROR] urls[4] = file:/home/spirals/danglot/.m2/repository/org/openclover/clover/4.2.1/clover-4.2.1.jar
[ERROR] urls[5] = file:/home/spirals/danglot/.m2/repository/org/sonatype/sisu/sisu-inject-bean/1.4.2/sisu-inject-bean-1.4.2.jar
[ERROR] urls[6] = file:/home/spirals/danglot/.m2/repository/org/sonatype/sisu/sisu-guice/2.1.7/sisu-guice-2.1.7-noaop.jar
[ERROR] urls[7] = file:/home/spirals/danglot/.m2/repository/org/codehaus/plexus/plexus-interpolation/1.24/plexus-interpolation-1.24.jar
[ERROR] urls[8] = file:/home/spirals/danglot/.m2/repository/org/sonatype/plexus/plexus-sec-dispatcher/1.4/plexus-sec-dispatcher-1.4.jar
[ERROR] urls[9] = file:/home/spirals/danglot/.m2/repository/org/sonatype/plexus/plexus-cipher/1.4/plexus-cipher-1.4.jar
[ERROR] urls[10] = file:/home/spirals/danglot/.m2/repository/org/apache/maven/maven-builder-support/3.5.4/maven-builder-support-3.5.4.jar
[ERROR] urls[11] = file:/home/spirals/danglot/.m2/repository/org/apache/maven/maven-resolver-provider/3.5.4/maven-resolver-provider-3.5.4.jar
[ERROR] urls[12] = file:/home/spirals/danglot/.m2/repository/org/apache/maven/resolver/maven-resolver-impl/1.1.1/maven-resolver-impl-1.1.1.jar
[ERROR] urls[13] = file:/home/spirals/danglot/.m2/repository/org/apache/maven/resolver/maven-resolver-api/1.1.1/maven-resolver-api-1.1.1.jar
[ERROR] urls[14] = file:/home/spirals/danglot/.m2/repository/org/apache/maven/resolver/maven-resolver-spi/1.1.1/maven-resolver-spi-1.1.1.jar
[ERROR] urls[15] = file:/home/spirals/danglot/.m2/repository/org/apache/maven/resolver/maven-resolver-util/1.1.1/maven-resolver-util-1.1.1.jar
[ERROR] urls[16] = file:/home/spirals/danglot/.m2/repository/org/apache/maven/shared/maven-shared-utils/3.2.1/maven-shared-utils-3.2.1.jar
[ERROR] urls[17] = file:/home/spirals/danglot/.m2/repository/commons-io/commons-io/2.5/commons-io-2.5.jar
[ERROR] urls[18] = file:/home/spirals/danglot/.m2/repository/javax/enterprise/cdi-api/1.0/cdi-api-1.0.jar
[ERROR] urls[19] = file:/home/spirals/danglot/.m2/repository/javax/annotation/jsr250-api/1.0/jsr250-api-1.0.jar
[ERROR] urls[20] = file:/home/spirals/danglot/.m2/repository/org/eclipse/sisu/org.eclipse.sisu.inject/0.3.3/org.eclipse.sisu.inject-0.3.3.jar
[ERROR] urls[21] = file:/home/spirals/danglot/.m2/repository/com/google/inject/guice/4.2.0/guice-4.2.0-no_aop.jar
[ERROR] urls[22] = file:/home/spirals/danglot/.m2/repository/aopalliance/aopalliance/1.0/aopalliance-1.0.jar
[ERROR] urls[23] = file:/home/spirals/danglot/.m2/repository/com/google/guava/guava/20.0/guava-20.0.jar
[ERROR] urls[24] = file:/home/spirals/danglot/.m2/repository/org/apache/commons/commons-lang3/3.5/commons-lang3-3.5.jar
[ERROR] urls[25] = file:/home/spirals/danglot/.m2/repository/fr/inria/gforge/spoon/labs/gumtree-spoon-ast-diff/1.5/gumtree-spoon-ast-diff-1.5.jar
[ERROR] urls[26] = file:/home/spirals/danglot/.m2/repository/fr/inria/gforge/spoon/spoon-core/7.0.0/spoon-core-7.0.0.jar
[ERROR] urls[27] = file:/home/spirals/danglot/.m2/repository/org/eclipse/jdt/org.eclipse.jdt.core/3.13.102/org.eclipse.jdt.core-3.13.102.jar
[ERROR] urls[28] = file:/home/spirals/danglot/.m2/repository/org/eclipse/platform/org.eclipse.core.resources/3.13.0/org.eclipse.core.resources-3.13.0.jar
[ERROR] urls[29] = file:/home/spirals/danglot/.m2/repository/org/eclipse/platform/org.eclipse.core.expressions/3.6.100/org.eclipse.core.expressions-3.6.100.jar
[ERROR] urls[30] = file:/home/spirals/danglot/.m2/repository/org/eclipse/platform/org.eclipse.core.runtime/3.14.0/org.eclipse.core.runtime-3.14.0.jar
[ERROR] urls[31] = file:/home/spirals/danglot/.m2/repository/org/eclipse/platform/org.eclipse.osgi/3.13.0/org.eclipse.osgi-3.13.0.jar
[ERROR] urls[32] = file:/home/spirals/danglot/.m2/repository/org/eclipse/platform/org.eclipse.equinox.common/3.10.0/org.eclipse.equinox.common-3.10.0.jar
[ERROR] urls[33] = file:/home/spirals/danglot/.m2/repository/org/eclipse/platform/org.eclipse.core.jobs/3.10.0/org.eclipse.core.jobs-3.10.0.jar
[ERROR] urls[34] = file:/home/spirals/danglot/.m2/repository/org/eclipse/platform/org.eclipse.equinox.registry/3.8.0/org.eclipse.equinox.registry-3.8.0.jar
[ERROR] urls[35] = file:/home/spirals/danglot/.m2/repository/org/eclipse/platform/org.eclipse.equinox.preferences/3.7.100/org.eclipse.equinox.preferences-3.7.100.jar
[ERROR] urls[36] = file:/home/spirals/danglot/.m2/repository/org/eclipse/platform/org.eclipse.core.contenttype/3.7.0/org.eclipse.core.contenttype-3.7.0.jar
[ERROR] urls[37] = file:/home/spirals/danglot/.m2/repository/org/eclipse/platform/org.eclipse.equinox.app/1.3.500/org.eclipse.equinox.app-1.3.500.jar
[ERROR] urls[38] = file:/home/spirals/danglot/.m2/repository/org/eclipse/platform/org.eclipse.core.filesystem/1.7.100/org.eclipse.core.filesystem-1.7.100.jar
[ERROR] urls[39] = file:/home/spirals/danglot/.m2/repository/org/eclipse/platform/org.eclipse.text/3.6.300/org.eclipse.text-3.6.300.jar
[ERROR] urls[40] = file:/home/spirals/danglot/.m2/repository/org/eclipse/platform/org.eclipse.core.commands/3.9.100/org.eclipse.core.commands-3.9.100.jar
[ERROR] urls[41] = file:/home/spirals/danglot/.m2/repository/com/martiansoftware/jsap/2.1/jsap-2.1.jar
[ERROR] urls[42] = file:/home/spirals/danglot/.m2/repository/log4j/log4j/1.2.17/log4j-1.2.17.jar
[ERROR] urls[43] = file:/home/spirals/danglot/.m2/repository/com/fasterxml/jackson/core/jackson-databind/2.9.2/jackson-databind-2.9.2.jar
[ERROR] urls[44] = file:/home/spirals/danglot/.m2/repository/com/fasterxml/jackson/core/jackson-annotations/2.9.0/jackson-annotations-2.9.0.jar
[ERROR] urls[45] = file:/home/spirals/danglot/.m2/repository/com/fasterxml/jackson/core/jackson-core/2.9.2/jackson-core-2.9.2.jar
[ERROR] urls[46] = file:/home/spirals/danglot/.m2/repository/com/github/gumtreediff/core/2.1.0/core-2.1.0.jar
[ERROR] urls[47] = file:/home/spirals/danglot/.m2/repository/com/github/mpkorstanje/simmetrics-core/3.2.3/simmetrics-core-3.2.3.jar
[ERROR] urls[48] = file:/home/spirals/danglot/.m2/repository/commons-codec/commons-codec/1.10/commons-codec-1.10.jar
[ERROR] urls[49] = file:/home/spirals/danglot/.m2/repository/net/sf/trove4j/trove4j/3.0.3/trove4j-3.0.3.jar
[ERROR] urls[50] = file:/home/spirals/danglot/.m2/repository/com/google/code/gson/gson/2.8.2/gson-2.8.2.jar
[ERROR] urls[51] = file:/home/spirals/danglot/.m2/repository/org/jgrapht/jgrapht-core/1.0.1/jgrapht-core-1.0.1.jar
[ERROR] Number of foreign imports: 1
[ERROR] import: Entry[import  from realm ClassRealm[maven.api, parent: null]]
[ERROR] 
[ERROR] -----------------------------------------------------: eu.stamp_project.diff_test_selection.CloverReader
[ERROR] -> [Help 1]
[ERROR] 
[ERROR] To see the full stack trace of the errors, re-run Maven with the -e switch.
[ERROR] Re-run Maven using the -X switch to enable full debug logging.
[ERROR] 
[ERROR] For more information about the errors and possible solutions, please read the following articles:
[ERROR] [Help 1] http://cwiki.apache.org/confluence/display/MAVEN/PluginContainerException
cd dataset/august-2018/bugs-dot-jar/commons-math_buggy/ && ~/apache-maven-3.3.9/bin/mvn clean versions:use-latest-versions -Dincludes=junit:junit eu.stamp-project:diff-test-selection:0.3-SNAPSHOT:list -DpathToDiff=.bugs-dot-jar/developer-patch.diff -DpathToOtherVersion=../commons-math_fixed/ -DoutputPath=../../commons-math/data_test-selection_bugs-dot-jar_MATH-723_1352a70f.csv -Dreport=CSV
rm -rf commons-math_fixed
