rm -rf dataset/august-2018/bugs-dot-jar/commons-math_buggy
cp -r dataset/august-2018/bugs-dot-jar/commons-math dataset/august-2018/bugs-dot-jar/commons-math_buggy
Previous HEAD position was 3f8a1df... Added bug report.
HEAD is now at 5d9dd49... Added bug report.
[INFO] Scanning for projects...
[WARNING] 
[WARNING] Some problems were encountered while building the effective model for org.apache.commons:commons-math:jar:3.0-SNAPSHOT
[WARNING] 'build.plugins.plugin.version' for org.apache.maven.plugins:maven-idea-plugin is missing. @ org.apache.commons:commons-parent:20, /home/spirals/danglot/.m2/repository/org/apache/commons/commons-parent/20/commons-parent-20.pom, line 316, column 15
[WARNING] 
[WARNING] It is highly recommended to fix these problems because they threaten the stability of your build.
[WARNING] 
[WARNING] For this reason, future Maven versions might no longer support building such malformed projects.
[WARNING] 
[INFO]                                                                         
[INFO] ------------------------------------------------------------------------
[INFO] Building Commons Math 3.0-SNAPSHOT
[INFO] ------------------------------------------------------------------------
[INFO] 
[INFO] --- maven-clean-plugin:2.4:clean (default-clean) @ commons-math ---
[INFO] 
[INFO] --- maven-antrun-plugin:1.5:run (javadoc.resources) @ commons-math ---
[INFO] Executing tasks

main:
     [copy] Copying 2 files to /tmp/icse19/dataset/august-2018/bugs-dot-jar/commons-math_buggy/target/apidocs/META-INF
[INFO] Executed tasks
[INFO] 
[INFO] --- maven-remote-resources-plugin:1.0:process (default) @ commons-math ---
[INFO] Setting property: classpath.resource.loader.class => 'org.codehaus.plexus.velocity.ContextClassLoaderResourceLoader'.
[INFO] Setting property: velocimacro.messages.on => 'false'.
[INFO] Setting property: resource.loader => 'classpath'.
[INFO] Setting property: resource.manager.logwhenfound => 'false'.
[INFO] 
[INFO] --- maven-resources-plugin:2.4.1:resources (default-resources) @ commons-math ---
[INFO] Using 'UTF-8' encoding to copy filtered resources.
[INFO] Copying 2 resources to META-INF
[INFO] Copying 5 resources
[INFO] 
[INFO] --- maven-compiler-plugin:2.1:compile (default-compile) @ commons-math ---
[INFO] Compiling 618 source files to /tmp/icse19/dataset/august-2018/bugs-dot-jar/commons-math_buggy/target/classes
[INFO] 
[INFO] --- maven-bundle-plugin:1.4.3:manifest (bundle-manifest) @ commons-math ---
[INFO] 
[INFO] --- maven-resources-plugin:2.4.1:testResources (default-testResources) @ commons-math ---
[INFO] Using 'UTF-8' encoding to copy filtered resources.
[INFO] Copying 13 resources
[INFO] 
[INFO] --- maven-compiler-plugin:2.1:testCompile (default-testCompile) @ commons-math ---
[INFO] Compiling 355 source files to /tmp/icse19/dataset/august-2018/bugs-dot-jar/commons-math_buggy/target/test-classes
[INFO] 
[INFO] --- maven-surefire-plugin:2.7.2:test (default-test) @ commons-math ---
[INFO] Tests are skipped.
[INFO] 
[INFO] --- maven-jar-plugin:2.3:jar (default-jar) @ commons-math ---
[INFO] Building jar: /tmp/icse19/dataset/august-2018/bugs-dot-jar/commons-math_buggy/target/commons-math-3.0-SNAPSHOT.jar
[INFO] 
[INFO] --- maven-site-plugin:3.0-beta-3:attach-descriptor (attach-descriptor) @ commons-math ---
[INFO] Parent project loaded from repository.
[INFO] 
[INFO] --- maven-install-plugin:2.3:install (default-install) @ commons-math ---
[INFO] Installing /tmp/icse19/dataset/august-2018/bugs-dot-jar/commons-math_buggy/target/commons-math-3.0-SNAPSHOT.jar to /home/spirals/danglot/.m2/repository/org/apache/commons/commons-math/3.0-SNAPSHOT/commons-math-3.0-SNAPSHOT.jar
[INFO] Installing /tmp/icse19/dataset/august-2018/bugs-dot-jar/commons-math_buggy/pom.xml to /home/spirals/danglot/.m2/repository/org/apache/commons/commons-math/3.0-SNAPSHOT/commons-math-3.0-SNAPSHOT.pom
[INFO] Installing /tmp/icse19/dataset/august-2018/bugs-dot-jar/commons-math_buggy/target/commons-math-3.0-SNAPSHOT-site.xml to /home/spirals/danglot/.m2/repository/org/apache/commons/commons-math/3.0-SNAPSHOT/commons-math-3.0-SNAPSHOT-site.xml
[INFO] ------------------------------------------------------------------------
[INFO] BUILD SUCCESS
[INFO] ------------------------------------------------------------------------
[INFO] Total time: 17.428 s
[INFO] Finished at: 2018-07-31T20:12:43+02:00
[INFO] Final Memory: 39M/638M
[INFO] ------------------------------------------------------------------------
cd dataset/august-2018/bugs-dot-jar/commons-math_buggy && git checkout   remotes/origin/bugs-dot-jar_MATH-727_69273dca && ~/apache-maven-3.3.9/bin/mvn clean install -DskipTests
rm -rf dataset/august-2018/bugs-dot-jar/commons-math_fixed
cp -r dataset/august-2018/bugs-dot-jar/commons-math_buggy dataset/august-2018/bugs-dot-jar/commons-math_fixed
patching file src/main/java/org/apache/commons/math/exception/util/LocalizedFormats.java
patching file src/main/java/org/apache/commons/math/random/RandomDataImpl.java
cd dataset/august-2018/bugs-dot-jar/commons-math_fixed && patch -p1 < .bugs-dot-jar/developer-patch.diff
[INFO] Scanning for projects...
[WARNING] 
[WARNING] Some problems were encountered while building the effective model for org.apache.commons:commons-math:jar:3.0-SNAPSHOT
[WARNING] 'build.plugins.plugin.version' for org.apache.maven.plugins:maven-idea-plugin is missing. @ org.apache.commons:commons-parent:20, /home/spirals/danglot/.m2/repository/org/apache/commons/commons-parent/20/commons-parent-20.pom, line 316, column 15
[WARNING] 
[WARNING] It is highly recommended to fix these problems because they threaten the stability of your build.
[WARNING] 
[WARNING] For this reason, future Maven versions might no longer support building such malformed projects.
[WARNING] 
[INFO]                                                                         
[INFO] ------------------------------------------------------------------------
[INFO] Building Commons Math 3.0-SNAPSHOT
[INFO] ------------------------------------------------------------------------
[INFO] 
[INFO] --- maven-clean-plugin:2.4:clean (default-clean) @ commons-math ---
[INFO] Deleting /tmp/icse19/dataset/august-2018/bugs-dot-jar/commons-math_buggy/target
[INFO] 
[INFO] --- versions-maven-plugin:2.5:use-latest-versions (default-cli) @ commons-math ---
[INFO] Major version changes allowed
[INFO] Updated junit:junit:jar:4.8.2 to version 4.12
[INFO] 
[INFO] --- diff-test-selection:0.2:list (default-cli) @ commons-math ---
[INFO] /tmp/icse19/dataset/august-2018/bugs-dot-jar/commons-math_buggy
[WARN] Maven will be executed in interactive mode, but no input stream has been configured for this MavenInvoker instance.
[INFO] Scanning for projects...
[WARNING] 
[WARNING] Some problems were encountered while building the effective model for org.apache.commons:commons-math:jar:3.0-SNAPSHOT
[WARNING] 'build.plugins.plugin.version' for org.apache.maven.plugins:maven-idea-plugin is missing. @ org.apache.commons:commons-parent:20, /home/spirals/danglot/.m2/repository/org/apache/commons/commons-parent/20/commons-parent-20.pom, line 316, column 15
[WARNING] 
[WARNING] It is highly recommended to fix these problems because they threaten the stability of your build.
[WARNING] 
[WARNING] For this reason, future Maven versions might no longer support building such malformed projects.
[WARNING] 
[INFO]                                                                         
[INFO] ------------------------------------------------------------------------
[INFO] Building Commons Math 3.0-SNAPSHOT
[INFO] ------------------------------------------------------------------------
[INFO] 
[INFO] --- maven-clean-plugin:2.4:clean (default-clean) @ commons-math ---
[INFO] 
[INFO] --- clover-maven-plugin:4.2.0:setup (default-cli) @ commons-math ---
[INFO] No 'maven.clover.licenseLocation' configured. Using default license.
[INFO] OpenClover Version 4.2.0, built on April 30 2017 (build-1000)
[INFO] Loaded from: /home/spirals/danglot/.m2/repository/org/openclover/clover/4.2.0/clover-4.2.0.jar
[INFO] Clover free edition.
[INFO] Creating new database at '/tmp/icse19/dataset/august-2018/bugs-dot-jar/commons-math_buggy/target/clover/clover.db'.
[INFO] Processing files at 1.8 source level.
[INFO] Clover all over. Instrumented 618 files (46 packages).
[INFO] Elapsed time = 12.73 secs. (48.547 files/sec, 10,878.947 srclines/sec)
[INFO] OpenClover Version 4.2.0, built on April 30 2017 (build-1000)
[INFO] Loaded from: /home/spirals/danglot/.m2/repository/org/openclover/clover/4.2.0/clover-4.2.0.jar
[INFO] Clover free edition.
[INFO] Updating existing database at '/tmp/icse19/dataset/august-2018/bugs-dot-jar/commons-math_buggy/target/clover/clover.db'.
[INFO] Processing files at 1.8 source level.
[INFO] Clover all over. Instrumented 355 files (45 packages).
[INFO] 2378 test methods detected.
[INFO] Elapsed time = 8.794 secs. (40.368 files/sec, 9,147.714 srclines/sec)
[INFO] 
[INFO] --- maven-antrun-plugin:1.5:run (javadoc.resources) @ commons-math ---
[INFO] Executing tasks

main:
     [copy] Copying 2 files to /tmp/icse19/dataset/august-2018/bugs-dot-jar/commons-math_buggy/target/apidocs/META-INF
[INFO] Executed tasks
[INFO] 
[INFO] --- maven-remote-resources-plugin:1.0:process (default) @ commons-math ---
[INFO] Setting property: classpath.resource.loader.class => 'org.codehaus.plexus.velocity.ContextClassLoaderResourceLoader'.
[INFO] Setting property: velocimacro.messages.on => 'false'.
[INFO] Setting property: resource.loader => 'classpath'.
[INFO] Setting property: resource.manager.logwhenfound => 'false'.
[INFO] 
[INFO] --- maven-resources-plugin:2.4.1:resources (default-resources) @ commons-math ---
[INFO] Using 'UTF-8' encoding to copy filtered resources.
[INFO] Copying 2 resources to META-INF
[INFO] Copying 5 resources
[INFO] Copying 1 resource
[INFO] 
[INFO] --- maven-compiler-plugin:2.1:compile (default-compile) @ commons-math ---
[INFO] Compiling 618 source files to /tmp/icse19/dataset/august-2018/bugs-dot-jar/commons-math_buggy/target/classes
[INFO] 
[INFO] --- maven-bundle-plugin:1.4.3:manifest (bundle-manifest) @ commons-math ---
[INFO] 
[INFO] --- maven-resources-plugin:2.4.1:testResources (default-testResources) @ commons-math ---
[INFO] Using 'UTF-8' encoding to copy filtered resources.
[INFO] Copying 13 resources
[INFO] 
[INFO] --- maven-compiler-plugin:2.1:testCompile (default-testCompile) @ commons-math ---
[INFO] Compiling 355 source files to /tmp/icse19/dataset/august-2018/bugs-dot-jar/commons-math_buggy/target/test-classes
[INFO] 
[INFO] --- maven-surefire-plugin:2.7.2:test (default-test) @ commons-math ---
[INFO] Surefire report directory: /tmp/icse19/dataset/august-2018/bugs-dot-jar/commons-math_buggy/target/surefire-reports

-------------------------------------------------------
 T E S T S
-------------------------------------------------------
Running org.apache.commons.math.RetryRunnerTest
Tests run: 2, Failures: 0, Errors: 0, Skipped: 0, Time elapsed: 0.102 sec
Running org.apache.commons.math.optimization.DifferentiableMultivariateVectorMultiStartOptimizerTest
Tests run: 2, Failures: 0, Errors: 0, Skipped: 0, Time elapsed: 0.057 sec
Running org.apache.commons.math.optimization.general.LevenbergMarquardtOptimizerTest
Tests run: 16, Failures: 0, Errors: 0, Skipped: 0, Time elapsed: 0.074 sec
Running org.apache.commons.math.optimization.general.NonLinearConjugateGradientOptimizerTest
Tests run: 12, Failures: 0, Errors: 0, Skipped: 0, Time elapsed: 0.072 sec
Running org.apache.commons.math.optimization.general.MinpackTest
Tests run: 18, Failures: 0, Errors: 0, Skipped: 0, Time elapsed: 0.594 sec
Running org.apache.commons.math.optimization.general.GaussNewtonOptimizerTest
Tests run: 17, Failures: 0, Errors: 0, Skipped: 0, Time elapsed: 0.065 sec
Running org.apache.commons.math.optimization.linear.SimplexSolverTest
Tests run: 23, Failures: 0, Errors: 0, Skipped: 0, Time elapsed: 2.252 sec
Running org.apache.commons.math.optimization.linear.SimplexTableauTest
Tests run: 4, Failures: 0, Errors: 0, Skipped: 0, Time elapsed: 0.079 sec
Running org.apache.commons.math.optimization.DifferentiableMultivariateMultiStartOptimizerTest
Tests run: 1, Failures: 0, Errors: 0, Skipped: 0, Time elapsed: 0.014 sec
Running org.apache.commons.math.optimization.direct.SimplexOptimizerNelderMeadTest
Tests run: 10, Failures: 0, Errors: 0, Skipped: 0, Time elapsed: 0.033 sec
Running org.apache.commons.math.optimization.direct.SimplexOptimizerMultiDirectionalTest
Tests run: 7, Failures: 0, Errors: 0, Skipped: 0, Time elapsed: 0.022 sec
Running org.apache.commons.math.optimization.direct.CMAESOptimizerTest
Tests run: 21, Failures: 0, Errors: 0, Skipped: 0, Time elapsed: 139.733 sec
Running org.apache.commons.math.optimization.direct.PowellOptimizerTest
Tests run: 3, Failures: 0, Errors: 0, Skipped: 0, Time elapsed: 0.015 sec
Running org.apache.commons.math.optimization.direct.MultivariateFunctionPenaltyAdapterTest
Tests run: 5, Failures: 0, Errors: 0, Skipped: 0, Time elapsed: 0.02 sec
Running org.apache.commons.math.optimization.direct.MultivariateFunctionMappingAdapterTest
Tests run: 4, Failures: 0, Errors: 0, Skipped: 0, Time elapsed: 0.014 sec
Running org.apache.commons.math.optimization.fitting.HarmonicFitterTest
Tests run: 6, Failures: 0, Errors: 0, Skipped: 0, Time elapsed: 0.069 sec
Running org.apache.commons.math.optimization.fitting.GaussianFitterTest
Tests run: 8, Failures: 0, Errors: 0, Skipped: 0, Time elapsed: 0.079 sec
Running org.apache.commons.math.optimization.fitting.CurveFitterTest
Tests run: 3, Failures: 0, Errors: 0, Skipped: 0, Time elapsed: 0.01 sec
Running org.apache.commons.math.optimization.fitting.PolynomialFitterTest
Tests run: 4, Failures: 0, Errors: 0, Skipped: 0, Time elapsed: 0.094 sec
Running org.apache.commons.math.optimization.MultivariateMultiStartOptimizerTest
Tests run: 1, Failures: 0, Errors: 0, Skipped: 0, Time elapsed: 0.008 sec
Running org.apache.commons.math.optimization.univariate.BracketFinderTest
Tests run: 4, Failures: 0, Errors: 0, Skipped: 0, Time elapsed: 0.006 sec
Running org.apache.commons.math.optimization.univariate.BrentOptimizerTest
Tests run: 5, Failures: 0, Errors: 0, Skipped: 0, Time elapsed: 0.057 sec
Running org.apache.commons.math.optimization.univariate.UnivariateMultiStartOptimizerTest
Tests run: 3, Failures: 0, Errors: 0, Skipped: 0, Time elapsed: 0.01 sec
Running org.apache.commons.math.optimization.BatteryNISTTest
Tests run: 4, Failures: 0, Errors: 0, Skipped: 0, Time elapsed: 0.01 sec
Running org.apache.commons.math.random.RandomDataTest
Tests run: 47, Failures: 7, Errors: 0, Skipped: 0, Time elapsed: 17.527 sec <<< FAILURE!
Running org.apache.commons.math.random.BitsStreamGeneratorTest
Tests run: 59, Failures: 7, Errors: 0, Skipped: 0, Time elapsed: 21.04 sec <<< FAILURE!
Running org.apache.commons.math.random.Well44497bTest
Tests run: 60, Failures: 7, Errors: 0, Skipped: 0, Time elapsed: 24.587 sec <<< FAILURE!
Running org.apache.commons.math.random.CorrelatedRandomVectorGeneratorTest
Tests run: 4, Failures: 0, Errors: 0, Skipped: 0, Time elapsed: 0.043 sec
Running org.apache.commons.math.random.AbstractRandomGeneratorTest
Tests run: 59, Failures: 7, Errors: 0, Skipped: 0, Time elapsed: 19.171 sec <<< FAILURE!
Running org.apache.commons.math.random.Well1024aTest
Tests run: 60, Failures: 7, Errors: 0, Skipped: 0, Time elapsed: 20.132 sec <<< FAILURE!
Running org.apache.commons.math.random.UniformRandomGeneratorTest
Tests run: 1, Failures: 0, Errors: 0, Skipped: 0, Time elapsed: 0.018 sec
Running org.apache.commons.math.random.UncorrelatedRandomVectorGeneratorTest
Tests run: 1, Failures: 0, Errors: 0, Skipped: 0, Time elapsed: 0.022 sec
Running org.apache.commons.math.random.RandomAdaptorTest
Tests run: 1, Failures: 0, Errors: 0, Skipped: 0, Time elapsed: 0.003 sec
Running org.apache.commons.math.random.ISAACTest
Tests run: 60, Failures: 7, Errors: 0, Skipped: 0, Time elapsed: 20.547 sec <<< FAILURE!
Running org.apache.commons.math.random.Well44497aTest
Tests run: 60, Failures: 7, Errors: 0, Skipped: 0, Time elapsed: 20.868 sec <<< FAILURE!
Running org.apache.commons.math.random.StableRandomGeneratorTest
Tests run: 7, Failures: 0, Errors: 0, Skipped: 0, Time elapsed: 0.305 sec
Running org.apache.commons.math.random.EmpiricalDistributionTest
Tests run: 14, Failures: 0, Errors: 0, Skipped: 0, Time elapsed: 0.3 sec
Running org.apache.commons.math.random.Well512aTest
Tests run: 60, Failures: 7, Errors: 0, Skipped: 0, Time elapsed: 23.021 sec <<< FAILURE!
Running org.apache.commons.math.random.ValueServerTest
Tests run: 9, Failures: 0, Errors: 0, Skipped: 0, Time elapsed: 0.074 sec
Running org.apache.commons.math.random.GaussianRandomGeneratorTest
Tests run: 1, Failures: 0, Errors: 0, Skipped: 0, Time elapsed: 0.012 sec
Running org.apache.commons.math.random.MersenneTwisterTest
Tests run: 60, Failures: 7, Errors: 0, Skipped: 0, Time elapsed: 19.565 sec <<< FAILURE!
Running org.apache.commons.math.random.Well19937aTest
Tests run: 60, Failures: 7, Errors: 0, Skipped: 0, Time elapsed: 21.93 sec <<< FAILURE!
Running org.apache.commons.math.dfp.DfpMathTest
Tests run: 2, Failures: 0, Errors: 0, Skipped: 0, Time elapsed: 1.275 sec
Running org.apache.commons.math.dfp.DfpTest
Tests run: 26, Failures: 0, Errors: 0, Skipped: 0, Time elapsed: 3.087 sec
Running org.apache.commons.math.dfp.DfpDecTest
Tests run: 3, Failures: 0, Errors: 0, Skipped: 0, Time elapsed: 0.032 sec
Running org.apache.commons.math.dfp.BracketingNthOrderBrentSolverDFPTest
Tests run: 4, Failures: 0, Errors: 0, Skipped: 0, Time elapsed: 3.536 sec
Running org.apache.commons.math.exception.NotPositiveExceptionTest
Tests run: 1, Failures: 0, Errors: 0, Skipped: 0, Time elapsed: 0.002 sec
Running org.apache.commons.math.exception.NonMonotonicSequenceExceptionTest
Tests run: 1, Failures: 0, Errors: 0, Skipped: 0, Time elapsed: 0.002 sec
Running org.apache.commons.math.exception.NotStrictlyPositiveExceptionTest
Tests run: 1, Failures: 0, Errors: 0, Skipped: 0, Time elapsed: 0.002 sec
Running org.apache.commons.math.exception.util.ExceptionContextTest
Tests run: 5, Failures: 0, Errors: 0, Skipped: 0, Time elapsed: 0.024 sec
Running org.apache.commons.math.exception.util.ArgUtilsTest
Tests run: 1, Failures: 0, Errors: 0, Skipped: 0, Time elapsed: 0.002 sec
Running org.apache.commons.math.exception.NumberIsTooSmallExceptionTest
Tests run: 1, Failures: 0, Errors: 0, Skipped: 0, Time elapsed: 0.002 sec
Running org.apache.commons.math.exception.OutOfRangeExceptionTest
Tests run: 1, Failures: 0, Errors: 0, Skipped: 0, Time elapsed: 0.002 sec
Running org.apache.commons.math.exception.MaxCountExceededExceptionTest
Tests run: 1, Failures: 0, Errors: 0, Skipped: 0, Time elapsed: 0.004 sec
Running org.apache.commons.math.exception.NumberIsTooLargeExceptionTest
Tests run: 1, Failures: 0, Errors: 0, Skipped: 0, Time elapsed: 0.001 sec
Running org.apache.commons.math.exception.TooManyEvaluationsExceptionTest
Tests run: 1, Failures: 0, Errors: 0, Skipped: 0, Time elapsed: 0.002 sec
Running org.apache.commons.math.exception.DimensionMismatchExceptionTest
Tests run: 1, Failures: 0, Errors: 0, Skipped: 0, Time elapsed: 0.002 sec
Running org.apache.commons.math.transform.FastCosineTransformerTest
Tests run: 3, Failures: 0, Errors: 0, Skipped: 0, Time elapsed: 0.014 sec
Running org.apache.commons.math.transform.FastHadamardTransformerTest
Tests run: 4, Failures: 0, Errors: 0, Skipped: 0, Time elapsed: 0.005 sec
Running org.apache.commons.math.transform.FastFourierTransformerTest
Tests run: 5, Failures: 0, Errors: 0, Skipped: 0, Time elapsed: 0.013 sec
Running org.apache.commons.math.transform.FastSineTransformerTest
Tests run: 3, Failures: 0, Errors: 0, Skipped: 0, Time elapsed: 0.01 sec
Running org.apache.commons.math.linear.PivotingQRSolverTest
Tests run: 6, Failures: 0, Errors: 0, Skipped: 0, Time elapsed: 0.296 sec
Running org.apache.commons.math.linear.SparseRealVectorTest
Tests run: 9, Failures: 0, Errors: 0, Skipped: 0, Time elapsed: 0.055 sec
Running org.apache.commons.math.linear.MatrixUtilsTest
Tests run: 12, Failures: 0, Errors: 0, Skipped: 0, Time elapsed: 0.033 sec
Running org.apache.commons.math.linear.FieldLUSolverTest
Tests run: 5, Failures: 0, Errors: 0, Skipped: 0, Time elapsed: 0.022 sec
Running org.apache.commons.math.linear.BlockRealMatrixTest
Tests run: 48, Failures: 0, Errors: 0, Skipped: 0, Time elapsed: 0.694 sec
Running org.apache.commons.math.linear.FieldMatrixImplTest
Tests run: 37, Failures: 0, Errors: 0, Skipped: 0, Time elapsed: 0.38 sec
Running org.apache.commons.math.linear.TriDiagonalTransformerTest
Tests run: 8, Failures: 0, Errors: 0, Skipped: 0, Time elapsed: 0.008 sec
Running org.apache.commons.math.linear.QRSolverTest
Tests run: 6, Failures: 0, Errors: 0, Skipped: 0, Time elapsed: 0.166 sec
Running org.apache.commons.math.linear.FrenchRealVectorFormatTest
Tests run: 30, Failures: 0, Errors: 0, Skipped: 0, Time elapsed: 0.044 sec
Running org.apache.commons.math.linear.BiDiagonalTransformerTest
Tests run: 8, Failures: 0, Errors: 0, Skipped: 0, Time elapsed: 0.012 sec
Running org.apache.commons.math.linear.SingularValueDecompositionTest
Tests run: 12, Failures: 0, Errors: 0, Skipped: 0, Time elapsed: 4.141 sec
Running org.apache.commons.math.linear.SymmLQTest
Tests run: 34, Failures: 0, Errors: 0, Skipped: 0, Time elapsed: 0.899 sec
Running org.apache.commons.math.linear.SparseFieldMatrixTest
Tests run: 24, Failures: 0, Errors: 0, Skipped: 0, Time elapsed: 0.038 sec
Running org.apache.commons.math.linear.CholeskySolverTest
Tests run: 3, Failures: 0, Errors: 0, Skipped: 0, Time elapsed: 0.006 sec
Running org.apache.commons.math.linear.RealVectorTest
Tests run: 9, Failures: 0, Errors: 0, Skipped: 0, Time elapsed: 0.161 sec
Running org.apache.commons.math.linear.LUDecompositionTest
Tests run: 9, Failures: 0, Errors: 0, Skipped: 0, Time elapsed: 0.011 sec
Running org.apache.commons.math.linear.PivotingQRDecompositionTest
Tests run: 6, Failures: 0, Errors: 0, Skipped: 0, Time elapsed: 0.664 sec
Running org.apache.commons.math.linear.ConjugateGradientTest
Tests run: 15, Failures: 0, Errors: 0, Skipped: 0, Time elapsed: 0.556 sec
Running org.apache.commons.math.linear.UnmodifiableArrayRealVectorTest
Tests run: 8, Failures: 0, Errors: 0, Skipped: 0, Time elapsed: 0.066 sec
Running org.apache.commons.math.linear.ArrayFieldVectorTest
Tests run: 8, Failures: 0, Errors: 0, Skipped: 0, Time elapsed: 0.011 sec
Running org.apache.commons.math.linear.BlockFieldMatrixTest
Tests run: 46, Failures: 0, Errors: 0, Skipped: 0, Time elapsed: 2.39 sec
Running org.apache.commons.math.linear.EigenDecompositionTest
Tests run: 20, Failures: 0, Errors: 0, Skipped: 0, Time elapsed: 1.1 sec
Running org.apache.commons.math.linear.CholeskyDecompositionTest
Tests run: 9, Failures: 0, Errors: 0, Skipped: 0, Time elapsed: 0.008 sec
Running org.apache.commons.math.linear.RealVectorFormatTest
Tests run: 30, Failures: 0, Errors: 0, Skipped: 0, Time elapsed: 0.024 sec
Running org.apache.commons.math.linear.ArrayRealVectorTest
Tests run: 23, Failures: 0, Errors: 0, Skipped: 0, Time elapsed: 0.026 sec
Running org.apache.commons.math.linear.QRDecompositionTest
Tests run: 6, Failures: 0, Errors: 0, Skipped: 0, Time elapsed: 0.195 sec
Running org.apache.commons.math.linear.SparseFieldVectorTest
Tests run: 5, Failures: 0, Errors: 0, Skipped: 0, Time elapsed: 0.009 sec
Running org.apache.commons.math.linear.UnmodifiableOpenMapRealVectorTest
Tests run: 8, Failures: 0, Errors: 0, Skipped: 0, Time elapsed: 0.583 sec
Running org.apache.commons.math.linear.FieldLUDecompositionTest
Tests run: 9, Failures: 0, Errors: 0, Skipped: 0, Time elapsed: 0.017 sec
Running org.apache.commons.math.linear.SparseRealMatrixTest
Tests run: 27, Failures: 0, Errors: 0, Skipped: 0, Time elapsed: 0.026 sec
Running org.apache.commons.math.linear.OpenMapRealMatrixTest
Tests run: 1, Failures: 0, Errors: 0, Skipped: 0, Time elapsed: 0.002 sec
Running org.apache.commons.math.linear.MatrixDimensionMismatchExceptionTest
Tests run: 1, Failures: 0, Errors: 0, Skipped: 0, Time elapsed: 0.001 sec
Running org.apache.commons.math.linear.SingularValueSolverTest
Tests run: 5, Failures: 0, Errors: 0, Skipped: 0, Time elapsed: 0.006 sec
Running org.apache.commons.math.linear.EigenSolverTest
Tests run: 4, Failures: 0, Errors: 0, Skipped: 0, Time elapsed: 0.009 sec
Running org.apache.commons.math.linear.Array2DRowRealMatrixTest
Tests run: 39, Failures: 0, Errors: 0, Skipped: 0, Time elapsed: 0.08 sec
Running org.apache.commons.math.linear.LUSolverTest
Tests run: 6, Failures: 0, Errors: 0, Skipped: 0, Time elapsed: 0.016 sec
Running org.apache.commons.math.geometry.euclidean.oned.IntervalsSetTest
Tests run: 3, Failures: 0, Errors: 0, Skipped: 0, Time elapsed: 0.021 sec
Running org.apache.commons.math.geometry.euclidean.twod.SubLineTest
Tests run: 12, Failures: 0, Errors: 0, Skipped: 0, Time elapsed: 0.015 sec
Running org.apache.commons.math.geometry.euclidean.twod.LineTest
Tests run: 8, Failures: 0, Errors: 0, Skipped: 0, Time elapsed: 0.009 sec
Running org.apache.commons.math.geometry.euclidean.twod.PolygonsSetTest
Tests run: 17, Failures: 0, Errors: 0, Skipped: 0, Time elapsed: 0.124 sec
Running org.apache.commons.math.geometry.euclidean.threed.SubLineTest
Tests run: 12, Failures: 0, Errors: 0, Skipped: 0, Time elapsed: 0.016 sec
Running org.apache.commons.math.geometry.euclidean.threed.LineTest
Tests run: 6, Failures: 0, Errors: 0, Skipped: 0, Time elapsed: 0.006 sec
Running org.apache.commons.math.geometry.euclidean.threed.Vector3DFormatTest
Tests run: 28, Failures: 0, Errors: 0, Skipped: 0, Time elapsed: 0.024 sec
Running org.apache.commons.math.geometry.euclidean.threed.RotationTest
Tests run: 14, Failures: 0, Errors: 0, Skipped: 0, Time elapsed: 1.079 sec
Running org.apache.commons.math.geometry.euclidean.threed.Vector3DTest
Tests run: 24, Failures: 0, Errors: 0, Skipped: 0, Time elapsed: 0.1 sec
Running org.apache.commons.math.geometry.euclidean.threed.PolyhedronsSetTest
Tests run: 5, Failures: 0, Errors: 0, Skipped: 0, Time elapsed: 0.132 sec
Running org.apache.commons.math.geometry.euclidean.threed.PlaneTest
Tests run: 10, Failures: 0, Errors: 0, Skipped: 0, Time elapsed: 0.016 sec
Running org.apache.commons.math.geometry.euclidean.threed.RotationOrderTest
Tests run: 1, Failures: 0, Errors: 0, Skipped: 0, Time elapsed: 0.002 sec
Running org.apache.commons.math.geometry.euclidean.threed.FrenchVector3DFormatTest
Tests run: 28, Failures: 0, Errors: 0, Skipped: 0, Time elapsed: 0.023 sec
Running org.apache.commons.math.geometry.partitioning.utilities.AVLTreeTest
Tests run: 5, Failures: 0, Errors: 0, Skipped: 0, Time elapsed: 0.007 sec
Running org.apache.commons.math.ode.events.ReappearingEventTest
Tests run: 2, Failures: 0, Errors: 0, Skipped: 0, Time elapsed: 0.093 sec
Running org.apache.commons.math.ode.events.EventStateTest
Tests run: 2, Failures: 0, Errors: 0, Skipped: 0, Time elapsed: 0.016 sec
Running org.apache.commons.math.ode.events.OverlappingEventsTest
Tests run: 2, Failures: 0, Errors: 0, Skipped: 0, Time elapsed: 0.035 sec
Running org.apache.commons.math.ode.sampling.StepNormalizerOutputTest
Tests run: 16, Failures: 0, Errors: 0, Skipped: 0, Time elapsed: 0.04 sec
Running org.apache.commons.math.ode.sampling.StepNormalizerOutputOverlapTest
Tests run: 16, Failures: 0, Errors: 0, Skipped: 0, Time elapsed: 0.03 sec
Running org.apache.commons.math.ode.sampling.StepNormalizerTest
Tests run: 2, Failures: 0, Errors: 0, Skipped: 0, Time elapsed: 0.046 sec
Running org.apache.commons.math.ode.sampling.NordsieckStepInterpolatorTest
Tests run: 2, Failures: 0, Errors: 0, Skipped: 0, Time elapsed: 0.266 sec
Running org.apache.commons.math.ode.sampling.DummyStepInterpolatorTest
Tests run: 4, Failures: 0, Errors: 0, Skipped: 0, Time elapsed: 0.006 sec
Running org.apache.commons.math.ode.ContinuousOutputModelTest
Tests run: 4, Failures: 0, Errors: 0, Skipped: 0, Time elapsed: 0.065 sec
Running org.apache.commons.math.ode.FirstOrderConverterTest
Tests run: 4, Failures: 0, Errors: 0, Skipped: 0, Time elapsed: 0.134 sec
Running org.apache.commons.math.ode.nonstiff.DormandPrince853StepInterpolatorTest
Tests run: 3, Failures: 0, Errors: 0, Skipped: 0, Time elapsed: 0.074 sec
Running org.apache.commons.math.ode.nonstiff.EulerIntegratorTest
Tests run: 6, Failures: 0, Errors: 0, Skipped: 0, Time elapsed: 0.197 sec
Running org.apache.commons.math.ode.nonstiff.ClassicalRungeKuttaStepInterpolatorTest
Tests run: 2, Failures: 0, Errors: 0, Skipped: 0, Time elapsed: 0.14 sec
Running org.apache.commons.math.ode.nonstiff.HighamHall54IntegratorTest
Tests run: 9, Failures: 0, Errors: 0, Skipped: 0, Time elapsed: 0.28 sec
Running org.apache.commons.math.ode.nonstiff.ThreeEighthesIntegratorTest
Tests run: 7, Failures: 0, Errors: 0, Skipped: 0, Time elapsed: 0.74 sec
Running org.apache.commons.math.ode.nonstiff.DormandPrince54StepInterpolatorTest
Tests run: 3, Failures: 0, Errors: 0, Skipped: 0, Time elapsed: 0.074 sec
Running org.apache.commons.math.ode.nonstiff.AdamsMoultonIntegratorTest
Tests run: 6, Failures: 0, Errors: 0, Skipped: 0, Time elapsed: 0.512 sec
Running org.apache.commons.math.ode.nonstiff.GillIntegratorTest
Tests run: 8, Failures: 0, Errors: 0, Skipped: 0, Time elapsed: 0.639 sec
Running org.apache.commons.math.ode.nonstiff.DormandPrince853IntegratorTest
Tests run: 11, Failures: 0, Errors: 0, Skipped: 0, Time elapsed: 0.062 sec
Running org.apache.commons.math.ode.nonstiff.EulerStepInterpolatorTest
Tests run: 5, Failures: 0, Errors: 0, Skipped: 0, Time elapsed: 0.044 sec
Running org.apache.commons.math.ode.nonstiff.ClassicalRungeKuttaIntegratorTest
Tests run: 8, Failures: 0, Errors: 0, Skipped: 0, Time elapsed: 0.598 sec
Running org.apache.commons.math.ode.nonstiff.HighamHall54StepInterpolatorTest
Tests run: 3, Failures: 0, Errors: 0, Skipped: 0, Time elapsed: 0.093 sec
Running org.apache.commons.math.ode.nonstiff.GraggBulirschStoerStepInterpolatorTest
Tests run: 3, Failures: 0, Errors: 0, Skipped: 0, Time elapsed: 0.116 sec
Running org.apache.commons.math.ode.nonstiff.GillStepInterpolatorTest
Tests run: 2, Failures: 0, Errors: 0, Skipped: 0, Time elapsed: 0.122 sec
Running org.apache.commons.math.ode.nonstiff.AdamsBashforthIntegratorTest
Tests run: 6, Failures: 0, Errors: 0, Skipped: 0, Time elapsed: 0.442 sec
Running org.apache.commons.math.ode.nonstiff.ThreeEighthesStepInterpolatorTest
Tests run: 2, Failures: 0, Errors: 0, Skipped: 0, Time elapsed: 0.115 sec
Running org.apache.commons.math.ode.nonstiff.MidpointIntegratorTest
Tests run: 6, Failures: 0, Errors: 0, Skipped: 0, Time elapsed: 0.485 sec
Running org.apache.commons.math.ode.nonstiff.MidpointStepInterpolatorTest
Tests run: 2, Failures: 0, Errors: 0, Skipped: 0, Time elapsed: 0.039 sec
Running org.apache.commons.math.ode.nonstiff.DormandPrince54IntegratorTest
Tests run: 8, Failures: 0, Errors: 0, Skipped: 0, Time elapsed: 0.102 sec
Running org.apache.commons.math.ode.JacobianMatricesTest
Tests run: 6, Failures: 0, Errors: 0, Skipped: 0, Time elapsed: 4.833 sec
Running org.apache.commons.math.util.ResizableDoubleArrayTest
Tests run: 14, Failures: 0, Errors: 0, Skipped: 0, Time elapsed: 0.03 sec
Running org.apache.commons.math.util.PrecisionTest
Tests run: 12, Failures: 0, Errors: 0, Skipped: 0, Time elapsed: 0.026 sec
Running org.apache.commons.math.util.IncrementorTest
Tests run: 10, Failures: 0, Errors: 0, Skipped: 0, Time elapsed: 0.015 sec
Running org.apache.commons.math.util.OpenIntToFieldTest
Tests run: 17, Failures: 0, Errors: 0, Skipped: 0, Time elapsed: 0.159 sec
Running org.apache.commons.math.util.MultidimensionalCounterTest
Tests run: 5, Failures: 0, Errors: 0, Skipped: 0, Time elapsed: 0.007 sec
Running org.apache.commons.math.util.MathArraysTest
Tests run: 24, Failures: 0, Errors: 0, Skipped: 0, Time elapsed: 0.111 sec
Running org.apache.commons.math.util.DefaultTransformerTest
Tests run: 7, Failures: 0, Errors: 0, Skipped: 0, Time elapsed: 0.01 sec
Running org.apache.commons.math.util.FastMathStrictComparisonTest
Cannot find FastMath method corresponding to: public static int java.lang.StrictMath.addExact(int,int)
Cannot find FastMath method corresponding to: public static long java.lang.StrictMath.addExact(long,long)
Cannot find FastMath method corresponding to: public static int java.lang.StrictMath.multiplyExact(int,int)
Cannot find FastMath method corresponding to: public static long java.lang.StrictMath.multiplyExact(long,long)
Cannot find FastMath method corresponding to: public static long java.lang.StrictMath.subtractExact(long,long)
Cannot find FastMath method corresponding to: public static int java.lang.StrictMath.subtractExact(int,int)
Cannot find FastMath method corresponding to: public static int java.lang.StrictMath.toIntExact(long)
Cannot find FastMath method corresponding to: public static long java.lang.StrictMath.floorDiv(long,long)
Cannot find FastMath method corresponding to: public static int java.lang.StrictMath.floorDiv(int,int)
Cannot find FastMath method corresponding to: public static int java.lang.StrictMath.floorMod(int,int)
Cannot find FastMath method corresponding to: public static long java.lang.StrictMath.floorMod(long,long)
Cannot find FastMath method corresponding to: public static float java.lang.StrictMath.nextDown(float)
Cannot find FastMath method corresponding to: public static double java.lang.StrictMath.nextDown(double)
Tests run: 53, Failures: 0, Errors: 0, Skipped: 0, Time elapsed: 0.085 sec
Running org.apache.commons.math.util.BigRealFieldTest
Tests run: 3, Failures: 0, Errors: 0, Skipped: 0, Time elapsed: 0.007 sec
Running org.apache.commons.math.util.ContinuedFractionTest
Tests run: 1, Failures: 0, Errors: 0, Skipped: 0, Time elapsed: 0.002 sec
Running org.apache.commons.math.util.MathUtilsTest
Tests run: 19, Failures: 0, Errors: 0, Skipped: 0, Time elapsed: 0.086 sec
Running org.apache.commons.math.util.BigRealTest
Tests run: 12, Failures: 0, Errors: 0, Skipped: 0, Time elapsed: 0.019 sec
Running org.apache.commons.math.util.FastMathTest
FastMath does not implement: public static int java.lang.StrictMath.addExact(int,int)
FastMath does not implement: public static long java.lang.StrictMath.addExact(long,long)
FastMath does not implement: public static int java.lang.StrictMath.multiplyExact(int,int)
FastMath does not implement: public static long java.lang.StrictMath.multiplyExact(long,long)
FastMath does not implement: public static long java.lang.StrictMath.subtractExact(long,long)
FastMath does not implement: public static int java.lang.StrictMath.subtractExact(int,int)
FastMath does not implement: public static int java.lang.StrictMath.toIntExact(long)
FastMath does not implement: public static long java.lang.StrictMath.floorDiv(long,long)
FastMath does not implement: public static int java.lang.StrictMath.floorDiv(int,int)
FastMath does not implement: public static int java.lang.StrictMath.floorMod(int,int)
FastMath does not implement: public static long java.lang.StrictMath.floorMod(long,long)
FastMath does not implement: public static float java.lang.StrictMath.nextDown(float)
FastMath does not implement: public static double java.lang.StrictMath.nextDown(double)
Tests run: 44, Failures: 1, Errors: 0, Skipped: 1, Time elapsed: 267.802 sec <<< FAILURE!
Running org.apache.commons.math.util.ArithmeticUtilsTest
Tests run: 19, Failures: 0, Errors: 0, Skipped: 0, Time elapsed: 1.389 sec
Running org.apache.commons.math.util.PairTest
Tests run: 2, Failures: 0, Errors: 0, Skipped: 0, Time elapsed: 0.003 sec
Running org.apache.commons.math.util.TransformerMapTest
Tests run: 8, Failures: 0, Errors: 0, Skipped: 0, Time elapsed: 0.008 sec
Running org.apache.commons.math.util.OpenIntToDoubleHashMapTest
Tests run: 17, Failures: 0, Errors: 0, Skipped: 0, Time elapsed: 0.167 sec
Running org.apache.commons.math.stat.FrequencyTest
Tests run: 8, Failures: 0, Errors: 0, Skipped: 0, Time elapsed: 0.012 sec
Running org.apache.commons.math.stat.correlation.PearsonsCorrelationTest
Tests run: 8, Failures: 0, Errors: 0, Skipped: 0, Time elapsed: 0.043 sec
Running org.apache.commons.math.stat.correlation.StorelessCovarianceTest
Tests run: 6, Failures: 0, Errors: 0, Skipped: 0, Time elapsed: 0.013 sec
Running org.apache.commons.math.stat.correlation.SpearmansRankCorrelationTest
Tests run: 9, Failures: 0, Errors: 0, Skipped: 0, Time elapsed: 0.018 sec
Running org.apache.commons.math.stat.correlation.CovarianceTest
Tests run: 5, Failures: 0, Errors: 0, Skipped: 0, Time elapsed: 0.012 sec
Running org.apache.commons.math.stat.clustering.EuclideanIntegerPointTest
Tests run: 4, Failures: 0, Errors: 0, Skipped: 0, Time elapsed: 0.005 sec
Running org.apache.commons.math.stat.clustering.KMeansPlusPlusClustererTest
Tests run: 5, Failures: 0, Errors: 0, Skipped: 0, Time elapsed: 0.723 sec
Running org.apache.commons.math.stat.descriptive.SummaryStatisticsTest
Tests run: 13, Failures: 0, Errors: 0, Skipped: 0, Time elapsed: 0.016 sec
Running org.apache.commons.math.stat.descriptive.MultivariateSummaryStatisticsTest
Tests run: 10, Failures: 0, Errors: 0, Skipped: 0, Time elapsed: 0.021 sec
Running org.apache.commons.math.stat.descriptive.SynchronizedMultivariateSummaryStatisticsTest
Tests run: 10, Failures: 0, Errors: 0, Skipped: 0, Time elapsed: 0.016 sec
Running org.apache.commons.math.stat.descriptive.summary.ProductTest
Tests run: 14, Failures: 0, Errors: 0, Skipped: 0, Time elapsed: 0.015 sec
Running org.apache.commons.math.stat.descriptive.summary.SumSqTest
Tests run: 13, Failures: 0, Errors: 0, Skipped: 0, Time elapsed: 0.01 sec
Running org.apache.commons.math.stat.descriptive.summary.SumLogTest
Tests run: 13, Failures: 0, Errors: 0, Skipped: 0, Time elapsed: 0.01 sec
Running org.apache.commons.math.stat.descriptive.summary.SumTest
Tests run: 14, Failures: 0, Errors: 0, Skipped: 0, Time elapsed: 0.01 sec
Running org.apache.commons.math.stat.descriptive.SynchronizedDescriptiveStatisticsTest
Tests run: 10, Failures: 0, Errors: 0, Skipped: 0, Time elapsed: 0.026 sec
Running org.apache.commons.math.stat.descriptive.AbstractUnivariateStatisticTest
Tests run: 2, Failures: 0, Errors: 0, Skipped: 0, Time elapsed: 0.003 sec
Running org.apache.commons.math.stat.descriptive.MixedListUnivariateImplTest
Tests run: 4, Failures: 0, Errors: 0, Skipped: 0, Time elapsed: 0.007 sec
Running org.apache.commons.math.stat.descriptive.moment.MeanTest
Tests run: 14, Failures: 0, Errors: 0, Skipped: 0, Time elapsed: 0.012 sec
Running org.apache.commons.math.stat.descriptive.moment.ThirdMomentTest
Tests run: 12, Failures: 0, Errors: 0, Skipped: 0, Time elapsed: 0.011 sec
Running org.apache.commons.math.stat.descriptive.moment.VarianceTest
Tests run: 15, Failures: 0, Errors: 0, Skipped: 0, Time elapsed: 0.014 sec
Running org.apache.commons.math.stat.descriptive.moment.VectorialCovarianceTest
Tests run: 4, Failures: 0, Errors: 0, Skipped: 0, Time elapsed: 0.004 sec
Running org.apache.commons.math.stat.descriptive.moment.VectorialMeanTest
Tests run: 4, Failures: 0, Errors: 0, Skipped: 0, Time elapsed: 0.004 sec
Running org.apache.commons.math.stat.descriptive.moment.SecondMomentTest
Tests run: 12, Failures: 0, Errors: 0, Skipped: 0, Time elapsed: 0.009 sec
Running org.apache.commons.math.stat.descriptive.moment.InteractionTest
Tests run: 1, Failures: 0, Errors: 0, Skipped: 0, Time elapsed: 0.002 sec
Running org.apache.commons.math.stat.descriptive.moment.FourthMomentTest
Tests run: 12, Failures: 0, Errors: 0, Skipped: 0, Time elapsed: 0.01 sec
Running org.apache.commons.math.stat.descriptive.moment.SemiVarianceTest
Tests run: 9, Failures: 0, Errors: 0, Skipped: 0, Time elapsed: 0.008 sec
Running org.apache.commons.math.stat.descriptive.moment.KurtosisTest
Tests run: 13, Failures: 0, Errors: 0, Skipped: 0, Time elapsed: 0.011 sec
Running org.apache.commons.math.stat.descriptive.moment.FirstMomentTest
Tests run: 12, Failures: 0, Errors: 0, Skipped: 0, Time elapsed: 0.008 sec
Running org.apache.commons.math.stat.descriptive.moment.GeometricMeanTest
Tests run: 13, Failures: 0, Errors: 0, Skipped: 0, Time elapsed: 0.014 sec
Running org.apache.commons.math.stat.descriptive.moment.SkewnessTest
Tests run: 13, Failures: 0, Errors: 0, Skipped: 0, Time elapsed: 0.01 sec
Running org.apache.commons.math.stat.descriptive.moment.StandardDeviationTest
Tests run: 14, Failures: 0, Errors: 0, Skipped: 0, Time elapsed: 0.011 sec
Running org.apache.commons.math.stat.descriptive.SynchronizedSummaryStatisticsTest
Tests run: 13, Failures: 0, Errors: 0, Skipped: 0, Time elapsed: 0.013 sec
Running org.apache.commons.math.stat.descriptive.StatisticalSummaryValuesTest
Tests run: 3, Failures: 0, Errors: 0, Skipped: 0, Time elapsed: 0.004 sec
Running org.apache.commons.math.stat.descriptive.DescriptiveStatisticsTest
Tests run: 10, Failures: 0, Errors: 0, Skipped: 0, Time elapsed: 0.012 sec
Running org.apache.commons.math.stat.descriptive.ListUnivariateImplTest
Tests run: 5, Failures: 0, Errors: 0, Skipped: 0, Time elapsed: 0.008 sec
Running org.apache.commons.math.stat.descriptive.rank.MinTest
Tests run: 14, Failures: 0, Errors: 0, Skipped: 0, Time elapsed: 0.009 sec
Running org.apache.commons.math.stat.descriptive.rank.MaxTest
Tests run: 14, Failures: 0, Errors: 0, Skipped: 0, Time elapsed: 0.012 sec
Running org.apache.commons.math.stat.descriptive.rank.PercentileTest
Tests run: 14, Failures: 0, Errors: 0, Skipped: 0, Time elapsed: 0.009 sec
Running org.apache.commons.math.stat.descriptive.rank.MedianTest
Tests run: 5, Failures: 0, Errors: 0, Skipped: 0, Time elapsed: 0.004 sec
Running org.apache.commons.math.stat.descriptive.AggregateSummaryStatisticsTest
Tests run: 5, Failures: 0, Errors: 0, Skipped: 0, Time elapsed: 0.008 sec
Running org.apache.commons.math.stat.ranking.NaturalRankingTest
Tests run: 7, Failures: 0, Errors: 0, Skipped: 0, Time elapsed: 0.006 sec
Running org.apache.commons.math.stat.regression.OLSMultipleLinearRegressionTest
Tests run: 23, Failures: 0, Errors: 0, Skipped: 0, Time elapsed: 0.042 sec
Running org.apache.commons.math.stat.regression.SimpleRegressionTest
Tests run: 19, Failures: 0, Errors: 0, Skipped: 0, Time elapsed: 0.021 sec
Running org.apache.commons.math.stat.regression.GLSMultipleLinearRegressionTest
Tests run: 21, Failures: 0, Errors: 0, Skipped: 0, Time elapsed: 46.528 sec
Running org.apache.commons.math.stat.regression.MillerUpdatingRegressionTest
Tests run: 17, Failures: 0, Errors: 0, Skipped: 0, Time elapsed: 0.881 sec
Running org.apache.commons.math.stat.StatUtilsTest
Tests run: 16, Failures: 0, Errors: 0, Skipped: 0, Time elapsed: 0.015 sec
Running org.apache.commons.math.stat.data.LotteryTest
Tests run: 1, Failures: 0, Errors: 0, Skipped: 0, Time elapsed: 0.005 sec
Running org.apache.commons.math.stat.data.LewTest
Tests run: 1, Failures: 0, Errors: 0, Skipped: 0, Time elapsed: 0.003 sec
Running org.apache.commons.math.stat.CertifiedDataTest
Tests run: 2, Failures: 0, Errors: 0, Skipped: 0, Time elapsed: 0.035 sec
Running org.apache.commons.math.stat.inference.TTestTest
Tests run: 6, Failures: 0, Errors: 0, Skipped: 0, Time elapsed: 0.008 sec
Running org.apache.commons.math.stat.inference.OneWayAnovaTest
Tests run: 3, Failures: 0, Errors: 0, Skipped: 0, Time elapsed: 0.004 sec
Running org.apache.commons.math.stat.inference.MannWhitneyUTestTest
Tests run: 2, Failures: 0, Errors: 0, Skipped: 0, Time elapsed: 0.004 sec
Running org.apache.commons.math.stat.inference.ChiSquareTestTest
Tests run: 7, Failures: 0, Errors: 0, Skipped: 0, Time elapsed: 0.006 sec
Running org.apache.commons.math.stat.inference.TestUtilsTest
Tests run: 11, Failures: 0, Errors: 0, Skipped: 0, Time elapsed: 0.011 sec
Running org.apache.commons.math.stat.inference.WilcoxonSignedRankTestTest
Tests run: 2, Failures: 0, Errors: 0, Skipped: 0, Time elapsed: 0.006 sec
Running org.apache.commons.math.MathExceptionTest
Tests run: 4, Failures: 0, Errors: 0, Skipped: 0, Time elapsed: 0.014 sec
Running org.apache.commons.math.analysis.FunctionUtilsTest
Tests run: 10, Failures: 0, Errors: 0, Skipped: 0, Time elapsed: 0.017 sec
Running org.apache.commons.math.analysis.function.HarmonicOscillatorTest
Tests run: 8, Failures: 0, Errors: 0, Skipped: 0, Time elapsed: 0.007 sec
Running org.apache.commons.math.analysis.function.SincTest
Tests run: 6, Failures: 0, Errors: 0, Skipped: 0, Time elapsed: 0.018 sec
Running org.apache.commons.math.analysis.function.LogitTest
Tests run: 14, Failures: 0, Errors: 0, Skipped: 0, Time elapsed: 0.011 sec
Running org.apache.commons.math.analysis.function.StepFunctionTest
Tests run: 9, Failures: 0, Errors: 0, Skipped: 0, Time elapsed: 0.007 sec
Running org.apache.commons.math.analysis.function.SigmoidTest
Tests run: 8, Failures: 0, Errors: 0, Skipped: 0, Time elapsed: 0.006 sec
Running org.apache.commons.math.analysis.function.SqrtTest
Tests run: 2, Failures: 0, Errors: 0, Skipped: 0, Time elapsed: 0.005 sec
Running org.apache.commons.math.analysis.function.GaussianTest
Tests run: 14, Failures: 0, Errors: 0, Skipped: 0, Time elapsed: 0.019 sec
Running org.apache.commons.math.analysis.function.LogisticTest
Tests run: 14, Failures: 0, Errors: 0, Skipped: 0, Time elapsed: 0.012 sec
Running org.apache.commons.math.analysis.interpolation.MicrosphereInterpolatorTest
Tests run: 2, Failures: 0, Errors: 0, Skipped: 0, Time elapsed: 2.251 sec
Running org.apache.commons.math.analysis.interpolation.BicubicSplineInterpolatingFunctionTest
Tests run: 5, Failures: 0, Errors: 0, Skipped: 0, Time elapsed: 0.05 sec
Running org.apache.commons.math.analysis.interpolation.UnivariateRealPeriodicInterpolatorTest
Tests run: 5, Failures: 0, Errors: 0, Skipped: 0, Time elapsed: 0.011 sec
Running org.apache.commons.math.analysis.interpolation.BicubicSplineInterpolatorTest
Tests run: 3, Failures: 0, Errors: 0, Skipped: 0, Time elapsed: 0.009 sec
Running org.apache.commons.math.analysis.interpolation.LinearInterpolatorTest
Tests run: 4, Failures: 0, Errors: 0, Skipped: 0, Time elapsed: 0.003 sec
Running org.apache.commons.math.analysis.interpolation.SmoothingPolynomialBicubicSplineInterpolatorTest
Tests run: 3, Failures: 0, Errors: 0, Skipped: 0, Time elapsed: 0.016 sec
Running org.apache.commons.math.analysis.interpolation.TricubicSplineInterpolatingFunctionTest
Tests run: 3, Failures: 0, Errors: 0, Skipped: 0, Time elapsed: 0.073 sec
Running org.apache.commons.math.analysis.interpolation.SplineInterpolatorTest
Tests run: 5, Failures: 0, Errors: 0, Skipped: 0, Time elapsed: 0.005 sec
Running org.apache.commons.math.analysis.interpolation.LoessInterpolatorTest
Tests run: 20, Failures: 0, Errors: 0, Skipped: 0, Time elapsed: 0.142 sec
Running org.apache.commons.math.analysis.interpolation.DividedDifferenceInterpolatorTest
Tests run: 3, Failures: 0, Errors: 0, Skipped: 0, Time elapsed: 0.007 sec
Running org.apache.commons.math.analysis.interpolation.TricubicSplineInterpolatorTest
Tests run: 3, Failures: 0, Errors: 0, Skipped: 0, Time elapsed: 0.076 sec
Running org.apache.commons.math.analysis.interpolation.NevilleInterpolatorTest
Tests run: 3, Failures: 0, Errors: 0, Skipped: 0, Time elapsed: 0.004 sec
Running org.apache.commons.math.analysis.integration.SimpsonIntegratorTest
Tests run: 3, Failures: 0, Errors: 0, Skipped: 0, Time elapsed: 0.006 sec
Running org.apache.commons.math.analysis.integration.LegendreGaussIntegratorTest
Tests run: 4, Failures: 0, Errors: 0, Skipped: 0, Time elapsed: 10.899 sec
Running org.apache.commons.math.analysis.integration.TrapezoidIntegratorTest
Tests run: 3, Failures: 0, Errors: 0, Skipped: 0, Time elapsed: 0.017 sec
Running org.apache.commons.math.analysis.integration.RombergIntegratorTest
Tests run: 3, Failures: 0, Errors: 0, Skipped: 0, Time elapsed: 0.01 sec
Running org.apache.commons.math.analysis.solvers.RegulaFalsiSolverTest
Tests run: 9, Failures: 0, Errors: 0, Skipped: 0, Time elapsed: 0.022 sec
Running org.apache.commons.math.analysis.solvers.BracketingNthOrderBrentSolverTest
Tests run: 15, Failures: 0, Errors: 0, Skipped: 0, Time elapsed: 0.02 sec
Running org.apache.commons.math.analysis.solvers.LaguerreSolverTest
Tests run: 4, Failures: 0, Errors: 0, Skipped: 0, Time elapsed: 0.008 sec
Running org.apache.commons.math.analysis.solvers.MullerSolver2Test
Tests run: 4, Failures: 0, Errors: 0, Skipped: 0, Time elapsed: 0.005 sec
Running org.apache.commons.math.analysis.solvers.MullerSolverTest
Tests run: 4, Failures: 0, Errors: 0, Skipped: 0, Time elapsed: 0.006 sec
Running org.apache.commons.math.analysis.solvers.IllinoisSolverTest
Tests run: 8, Failures: 0, Errors: 0, Skipped: 0, Time elapsed: 0.009 sec
Running org.apache.commons.math.analysis.solvers.BrentSolverTest
Tests run: 5, Failures: 0, Errors: 0, Skipped: 0, Time elapsed: 0.006 sec
Running org.apache.commons.math.analysis.solvers.RiddersSolverTest
Tests run: 4, Failures: 0, Errors: 0, Skipped: 0, Time elapsed: 0.006 sec
Running org.apache.commons.math.analysis.solvers.PegasusSolverTest
Tests run: 8, Failures: 0, Errors: 0, Skipped: 0, Time elapsed: 0.007 sec
Running org.apache.commons.math.analysis.solvers.SecantSolverTest
Tests run: 8, Failures: 0, Errors: 0, Skipped: 0, Time elapsed: 0.01 sec
Running org.apache.commons.math.analysis.solvers.BisectionSolverTest
Tests run: 3, Failures: 0, Errors: 0, Skipped: 0, Time elapsed: 0.005 sec
Running org.apache.commons.math.analysis.solvers.UnivariateRealSolverUtilsTest
Tests run: 14, Failures: 0, Errors: 0, Skipped: 0, Time elapsed: 0.01 sec
Running org.apache.commons.math.analysis.solvers.NewtonSolverTest
Tests run: 2, Failures: 0, Errors: 0, Skipped: 0, Time elapsed: 0.004 sec
Running org.apache.commons.math.analysis.polynomials.PolynomialFunctionTest
Tests run: 11, Failures: 0, Errors: 0, Skipped: 0, Time elapsed: 0.009 sec
Running org.apache.commons.math.analysis.polynomials.PolynomialSplineFunctionTest
Tests run: 2, Failures: 0, Errors: 0, Skipped: 0, Time elapsed: 0.003 sec
Running org.apache.commons.math.analysis.polynomials.PolynomialsUtilsTest
Tests run: 18, Failures: 0, Errors: 0, Skipped: 0, Time elapsed: 12.176 sec
Running org.apache.commons.math.analysis.polynomials.PolynomialFunctionNewtonFormTest
Tests run: 4, Failures: 0, Errors: 0, Skipped: 0, Time elapsed: 0.004 sec
Running org.apache.commons.math.analysis.polynomials.PolynomialFunctionLagrangeFormTest
Tests run: 4, Failures: 0, Errors: 0, Skipped: 0, Time elapsed: 0.004 sec
Running org.apache.commons.math.distribution.CauchyDistributionTest
Tests run: 11, Failures: 0, Errors: 0, Skipped: 0, Time elapsed: 0.018 sec
Running org.apache.commons.math.distribution.NormalDistributionTest
Tests run: 15, Failures: 0, Errors: 0, Skipped: 0, Time elapsed: 0.037 sec
Running org.apache.commons.math.distribution.AbstractRealDistributionTest
Tests run: 2, Failures: 0, Errors: 0, Skipped: 0, Time elapsed: 1.435 sec
Running org.apache.commons.math.distribution.ChiSquaredDistributionTest
Tests run: 10, Failures: 0, Errors: 0, Skipped: 0, Time elapsed: 0.169 sec
Running org.apache.commons.math.distribution.BetaDistributionTest
Tests run: 3, Failures: 0, Errors: 0, Skipped: 0, Time elapsed: 0.083 sec
Running org.apache.commons.math.distribution.PascalDistributionTest
Tests run: 8, Failures: 0, Errors: 0, Skipped: 0, Time elapsed: 0.725 sec
Running org.apache.commons.math.distribution.FDistributionTest
Tests run: 13, Failures: 0, Errors: 0, Skipped: 0, Time elapsed: 0.244 sec
Running org.apache.commons.math.distribution.HypergeometricDistributionTest
Tests run: 13, Failures: 0, Errors: 0, Skipped: 0, Time elapsed: 10.28 sec
Running org.apache.commons.math.distribution.WeibullDistributionTest
Tests run: 10, Failures: 0, Errors: 0, Skipped: 0, Time elapsed: 0.018 sec
Running org.apache.commons.math.distribution.PoissonDistributionTest
Tests run: 13, Failures: 0, Errors: 0, Skipped: 0, Time elapsed: 5.967 sec
Running org.apache.commons.math.distribution.BinomialDistributionTest
Tests run: 8, Failures: 0, Errors: 0, Skipped: 0, Time elapsed: 0.204 sec
Running org.apache.commons.math.distribution.ExponentialDistributionTest
Tests run: 13, Failures: 0, Errors: 0, Skipped: 0, Time elapsed: 0.014 sec
Running org.apache.commons.math.distribution.ZipfDistributionTest
Tests run: 8, Failures: 0, Errors: 0, Skipped: 0, Time elapsed: 0.389 sec
Running org.apache.commons.math.distribution.KolmogorovSmirnovDistributionTest
Tests run: 1, Failures: 0, Errors: 0, Skipped: 0, Time elapsed: 0.857 sec
Running org.apache.commons.math.distribution.TDistributionTest
Tests run: 13, Failures: 0, Errors: 0, Skipped: 0, Time elapsed: 0.252 sec
Running org.apache.commons.math.distribution.AbtractIntegerDistributionTest
Tests run: 2, Failures: 0, Errors: 0, Skipped: 0, Time elapsed: 0.003 sec
Running org.apache.commons.math.distribution.GammaDistributionTest
Tests run: 13, Failures: 0, Errors: 0, Skipped: 0, Time elapsed: 0.134 sec
Running org.apache.commons.math.genetics.RandomKeyTest
Tests run: 10, Failures: 0, Errors: 0, Skipped: 0, Time elapsed: 0.012 sec
Running org.apache.commons.math.genetics.ElitisticListPopulationTest
Tests run: 1, Failures: 0, Errors: 0, Skipped: 0, Time elapsed: 0.004 sec
Running org.apache.commons.math.genetics.ListPopulationTest
Tests run: 1, Failures: 0, Errors: 0, Skipped: 0, Time elapsed: 0.002 sec
Running org.apache.commons.math.genetics.BinaryMutationTest
Tests run: 1, Failures: 0, Errors: 0, Skipped: 0, Time elapsed: 0.004 sec
Running org.apache.commons.math.genetics.FixedGenerationCountTest
Tests run: 1, Failures: 0, Errors: 0, Skipped: 0, Time elapsed: 0.002 sec
Running org.apache.commons.math.genetics.RandomKeyMutationTest
Tests run: 1, Failures: 0, Errors: 0, Skipped: 0, Time elapsed: 0.004 sec
Running org.apache.commons.math.genetics.GeneticAlgorithmTestBinary
Tests run: 1, Failures: 0, Errors: 0, Skipped: 0, Time elapsed: 0.062 sec
Running org.apache.commons.math.genetics.FitnessCachingTest
Tests run: 1, Failures: 0, Errors: 0, Skipped: 0, Time elapsed: 0.012 sec
Running org.apache.commons.math.genetics.GeneticAlgorithmTestPermutations
Tests run: 1, Failures: 0, Errors: 0, Skipped: 0, Time elapsed: 0.336 sec
Running org.apache.commons.math.genetics.OnePointCrossoverTest
Tests run: 1, Failures: 0, Errors: 0, Skipped: 0, Time elapsed: 0.003 sec
Running org.apache.commons.math.genetics.TournamentSelectionTest
Tests run: 1, Failures: 0, Errors: 0, Skipped: 0, Time elapsed: 0.003 sec
Running org.apache.commons.math.genetics.ChromosomeTest
Tests run: 2, Failures: 0, Errors: 0, Skipped: 0, Time elapsed: 0.004 sec
Running org.apache.commons.math.genetics.BinaryChromosomeTest
Tests run: 3, Failures: 0, Errors: 0, Skipped: 0, Time elapsed: 0.003 sec
Running org.apache.commons.math.fraction.FractionFormatTest
Tests run: 22, Failures: 0, Errors: 0, Skipped: 0, Time elapsed: 0.022 sec
Running org.apache.commons.math.fraction.BigFractionFieldTest
Tests run: 3, Failures: 0, Errors: 0, Skipped: 0, Time elapsed: 0.004 sec
Running org.apache.commons.math.fraction.BigFractionTest
Tests run: 25, Failures: 0, Errors: 0, Skipped: 0, Time elapsed: 0.029 sec
Running org.apache.commons.math.fraction.FractionFieldTest
Tests run: 3, Failures: 0, Errors: 0, Skipped: 0, Time elapsed: 0.003 sec
Running org.apache.commons.math.fraction.BigFractionFormatTest
Tests run: 19, Failures: 0, Errors: 0, Skipped: 0, Time elapsed: 0.017 sec
Running org.apache.commons.math.fraction.FractionTest
Tests run: 24, Failures: 0, Errors: 0, Skipped: 0, Time elapsed: 0.017 sec
Running org.apache.commons.math.filter.KalmanFilterTest
Tests run: 4, Failures: 0, Errors: 0, Skipped: 0, Time elapsed: 0.018 sec
Running org.apache.commons.math.complex.ComplexFormatTest
Tests run: 31, Failures: 0, Errors: 0, Skipped: 0, Time elapsed: 0.022 sec
Running org.apache.commons.math.complex.ComplexTest
Tests run: 123, Failures: 0, Errors: 0, Skipped: 0, Time elapsed: 0.086 sec
Running org.apache.commons.math.complex.FrenchComplexFormatTest
Tests run: 31, Failures: 0, Errors: 0, Skipped: 0, Time elapsed: 0.018 sec
Running org.apache.commons.math.complex.ComplexUtilsTest
Tests run: 4, Failures: 0, Errors: 0, Skipped: 0, Time elapsed: 0.007 sec
Running org.apache.commons.math.complex.ComplexFieldTest
Tests run: 3, Failures: 0, Errors: 0, Skipped: 0, Time elapsed: 0.003 sec
Running org.apache.commons.math.special.BetaTest
Tests run: 17, Failures: 0, Errors: 0, Skipped: 0, Time elapsed: 0.009 sec
Running org.apache.commons.math.special.ErfTest
Tests run: 10, Failures: 0, Errors: 0, Skipped: 0, Time elapsed: 0.014 sec
Running org.apache.commons.math.special.GammaTest
Tests run: 14, Failures: 0, Errors: 0, Skipped: 0, Time elapsed: 0.01 sec

Results :

Failed tests: 
  testNextLongNegativeRange(org.apache.commons.math.random.RandomDataTest): nextLong range
  testNextIntNegativeToPositiveRange(org.apache.commons.math.random.RandomDataTest): Chisquare test failed p-value = 0.0 chisquare statistic = 264.24800000000005. 
value	expected	observed
1	0.11		0
2	0.11		101
3	0.11		107
4	0.11		240
5	0.11		104
6	0.11		118
7	0.11		120
8	0.11		109
9	0.11		101
This test can fail randomly due to sampling error with probability 0.01.
  testNextUniformExtremeValues(org.apache.commons.math.random.RandomDataTest)
  testNextLongNegativeToPositiveRange(org.apache.commons.math.random.RandomDataTest): Chisquare test failed p-value = 0.0 chisquare statistic = 264.24800000000005. 
value	expected	observed
1	0.11		0
2	0.11		101
3	0.11		107
4	0.11		240
5	0.11		104
6	0.11		118
7	0.11		120
8	0.11		109
9	0.11		101
This test can fail randomly due to sampling error with probability 0.01.
  testNextUniformUniformMaximalInterval(org.apache.commons.math.random.RandomDataTest): nextUniform range
  testNextUniformIAE(org.apache.commons.math.random.RandomDataTest): MathIllegalArgumentException expected
  testNextIntNegativeRange(org.apache.commons.math.random.RandomDataTest): nextInt range
  testNextLongNegativeRange(org.apache.commons.math.random.BitsStreamGeneratorTest): nextLong range
  testNextIntNegativeToPositiveRange(org.apache.commons.math.random.BitsStreamGeneratorTest): Chisquare test failed p-value = 0.0 chisquare statistic = 190.59200000000007. 
value	expected	observed
1	0.11		0
2	0.11		115
3	0.11		109
4	0.11		204
5	0.11		110
6	0.11		121
7	0.11		109
8	0.11		112
9	0.11		120
This test can fail randomly due to sampling error with probability 0.01.
  testNextUniformExtremeValues(org.apache.commons.math.random.BitsStreamGeneratorTest)
  testNextLongNegativeToPositiveRange(org.apache.commons.math.random.BitsStreamGeneratorTest): Chisquare test failed p-value = 0.0 chisquare statistic = 190.59200000000007. 
value	expected	observed
1	0.11		0
2	0.11		115
3	0.11		109
4	0.11		204
5	0.11		110
6	0.11		121
7	0.11		109
8	0.11		112
9	0.11		120
This test can fail randomly due to sampling error with probability 0.01.
  testNextUniformUniformMaximalInterval(org.apache.commons.math.random.BitsStreamGeneratorTest): nextUniform range
  testNextUniformIAE(org.apache.commons.math.random.BitsStreamGeneratorTest): MathIllegalArgumentException expected
  testNextIntNegativeRange(org.apache.commons.math.random.BitsStreamGeneratorTest): nextInt range
  testNextLongNegativeRange(org.apache.commons.math.random.Well44497bTest): nextLong range
  testNextIntNegativeToPositiveRange(org.apache.commons.math.random.Well44497bTest): Chisquare test failed p-value = 0.0 chisquare statistic = 208.75400000000005. 
value	expected	observed
1	0.11		0
2	0.11		110
3	0.11		105
4	0.11		212
5	0.11		131
6	0.11		116
7	0.11		104
8	0.11		102
9	0.11		120
This test can fail randomly due to sampling error with probability 0.01.
  testNextUniformExtremeValues(org.apache.commons.math.random.Well44497bTest)
  testNextLongNegativeToPositiveRange(org.apache.commons.math.random.Well44497bTest): Chisquare test failed p-value = 0.0 chisquare statistic = 208.75400000000005. 
value	expected	observed
1	0.11		0
2	0.11		110
3	0.11		105
4	0.11		212
5	0.11		131
6	0.11		116
7	0.11		104
8	0.11		102
9	0.11		120
This test can fail randomly due to sampling error with probability 0.01.
  testNextUniformUniformMaximalInterval(org.apache.commons.math.random.Well44497bTest): nextUniform range
  testNextUniformIAE(org.apache.commons.math.random.Well44497bTest): MathIllegalArgumentException expected
  testNextIntNegativeRange(org.apache.commons.math.random.Well44497bTest): nextInt range
  testNextLongNegativeRange(org.apache.commons.math.random.AbstractRandomGeneratorTest): nextLong range
  testNextIntNegativeToPositiveRange(org.apache.commons.math.random.AbstractRandomGeneratorTest): Chisquare test failed p-value = 0.0 chisquare statistic = 220.34600000000006. 
value	expected	observed
1	0.11		0
2	0.11		106
3	0.11		116
4	0.11		220
5	0.11		125
6	0.11		107
7	0.11		108
8	0.11		110
9	0.11		108
This test can fail randomly due to sampling error with probability 0.01.
  testNextUniformExtremeValues(org.apache.commons.math.random.AbstractRandomGeneratorTest)
  testNextLongNegativeToPositiveRange(org.apache.commons.math.random.AbstractRandomGeneratorTest): Chisquare test failed p-value = 0.0 chisquare statistic = 220.34600000000006. 
value	expected	observed
1	0.11		0
2	0.11		106
3	0.11		116
4	0.11		220
5	0.11		125
6	0.11		107
7	0.11		108
8	0.11		110
9	0.11		108
This test can fail randomly due to sampling error with probability 0.01.
  testNextUniformUniformMaximalInterval(org.apache.commons.math.random.AbstractRandomGeneratorTest): nextUniform range
  testNextUniformIAE(org.apache.commons.math.random.AbstractRandomGeneratorTest): MathIllegalArgumentException expected
  testNextIntNegativeRange(org.apache.commons.math.random.AbstractRandomGeneratorTest): nextInt range
  testNextLongNegativeRange(org.apache.commons.math.random.Well1024aTest): nextLong range
  testNextIntNegativeToPositiveRange(org.apache.commons.math.random.Well1024aTest): Chisquare test failed p-value = 0.0 chisquare statistic = 230.31800000000004. 
value	expected	observed
1	0.11		0
2	0.11		116
3	0.11		125
4	0.11		224
5	0.11		108
6	0.11		104
7	0.11		116
8	0.11		97
9	0.11		110
This test can fail randomly due to sampling error with probability 0.01.
  testNextUniformExtremeValues(org.apache.commons.math.random.Well1024aTest)
  testNextLongNegativeToPositiveRange(org.apache.commons.math.random.Well1024aTest): Chisquare test failed p-value = 0.0 chisquare statistic = 230.31800000000004. 
value	expected	observed
1	0.11		0
2	0.11		116
3	0.11		125
4	0.11		224
5	0.11		108
6	0.11		104
7	0.11		116
8	0.11		97
9	0.11		110
This test can fail randomly due to sampling error with probability 0.01.
  testNextUniformUniformMaximalInterval(org.apache.commons.math.random.Well1024aTest): nextUniform range
  testNextUniformIAE(org.apache.commons.math.random.Well1024aTest): MathIllegalArgumentException expected
  testNextIntNegativeRange(org.apache.commons.math.random.Well1024aTest): nextInt range
  testNextLongNegativeRange(org.apache.commons.math.random.ISAACTest): nextLong range
  testNextIntNegativeToPositiveRange(org.apache.commons.math.random.ISAACTest): Chisquare test failed p-value = 0.0 chisquare statistic = 219.24800000000005. 
value	expected	observed
1	0.11		0
2	0.11		118
3	0.11		122
4	0.11		216
5	0.11		133
6	0.11		110
7	0.11		101
8	0.11		103
9	0.11		97
This test can fail randomly due to sampling error with probability 0.01.
  testNextUniformExtremeValues(org.apache.commons.math.random.ISAACTest)
  testNextLongNegativeToPositiveRange(org.apache.commons.math.random.ISAACTest): Chisquare test failed p-value = 0.0 chisquare statistic = 219.24800000000005. 
value	expected	observed
1	0.11		0
2	0.11		118
3	0.11		122
4	0.11		216
5	0.11		133
6	0.11		110
7	0.11		101
8	0.11		103
9	0.11		97
This test can fail randomly due to sampling error with probability 0.01.
  testNextUniformUniformMaximalInterval(org.apache.commons.math.random.ISAACTest): nextUniform range
  testNextUniformIAE(org.apache.commons.math.random.ISAACTest): MathIllegalArgumentException expected
  testNextIntNegativeRange(org.apache.commons.math.random.ISAACTest): nextInt range
  testNextLongNegativeRange(org.apache.commons.math.random.Well44497aTest): nextLong range
  testNextIntNegativeToPositiveRange(org.apache.commons.math.random.Well44497aTest): Chisquare test failed p-value = 0.0 chisquare statistic = 271.07. 
value	expected	observed
1	0.11		0
2	0.11		106
3	0.11		116
4	0.11		243
5	0.11		102
6	0.11		107
7	0.11		106
8	0.11		100
9	0.11		120
This test can fail randomly due to sampling error with probability 0.01.
  testNextUniformExtremeValues(org.apache.commons.math.random.Well44497aTest)
  testNextLongNegativeToPositiveRange(org.apache.commons.math.random.Well44497aTest): Chisquare test failed p-value = 0.0 chisquare statistic = 271.07. 
value	expected	observed
1	0.11		0
2	0.11		106
3	0.11		116
4	0.11		243
5	0.11		102
6	0.11		107
7	0.11		106
8	0.11		100
9	0.11		120
This test can fail randomly due to sampling error with probability 0.01.
  testNextUniformUniformMaximalInterval(org.apache.commons.math.random.Well44497aTest): nextUniform range
  testNextUniformIAE(org.apache.commons.math.random.Well44497aTest): MathIllegalArgumentException expected
  testNextIntNegativeRange(org.apache.commons.math.random.Well44497aTest): nextInt range
  testNextLongNegativeRange(org.apache.commons.math.random.Well512aTest): nextLong range
  testNextIntNegativeToPositiveRange(org.apache.commons.math.random.Well512aTest): Chisquare test failed p-value = 0.0 chisquare statistic = 258.03800000000007. 
value	expected	observed
1	0.11		0
2	0.11		106
3	0.11		114
4	0.11		237
5	0.11		121
6	0.11		107
7	0.11		93
8	0.11		111
9	0.11		111
This test can fail randomly due to sampling error with probability 0.01.
  testNextUniformExtremeValues(org.apache.commons.math.random.Well512aTest)
  testNextLongNegativeToPositiveRange(org.apache.commons.math.random.Well512aTest): Chisquare test failed p-value = 0.0 chisquare statistic = 258.03800000000007. 
value	expected	observed
1	0.11		0
2	0.11		106
3	0.11		114
4	0.11		237
5	0.11		121
6	0.11		107
7	0.11		93
8	0.11		111
9	0.11		111
This test can fail randomly due to sampling error with probability 0.01.
  testNextUniformUniformMaximalInterval(org.apache.commons.math.random.Well512aTest): nextUniform range
  testNextUniformIAE(org.apache.commons.math.random.Well512aTest): MathIllegalArgumentException expected
  testNextIntNegativeRange(org.apache.commons.math.random.Well512aTest): nextInt range
  testNextLongNegativeRange(org.apache.commons.math.random.MersenneTwisterTest): nextLong range
  testNextIntNegativeToPositiveRange(org.apache.commons.math.random.MersenneTwisterTest): Chisquare test failed p-value = 0.0 chisquare statistic = 213.39800000000005. 
value	expected	observed
1	0.11		0
2	0.11		113
3	0.11		110
4	0.11		216
5	0.11		126
6	0.11		112
7	0.11		109
8	0.11		100
9	0.11		114
This test can fail randomly due to sampling error with probability 0.01.
  testNextUniformExtremeValues(org.apache.commons.math.random.MersenneTwisterTest)
  testNextLongNegativeToPositiveRange(org.apache.commons.math.random.MersenneTwisterTest): Chisquare test failed p-value = 0.0 chisquare statistic = 213.39800000000005. 
value	expected	observed
1	0.11		0
2	0.11		113
3	0.11		110
4	0.11		216
5	0.11		126
6	0.11		112
7	0.11		109
8	0.11		100
9	0.11		114
This test can fail randomly due to sampling error with probability 0.01.
  testNextUniformUniformMaximalInterval(org.apache.commons.math.random.MersenneTwisterTest): nextUniform range
  testNextUniformIAE(org.apache.commons.math.random.MersenneTwisterTest): MathIllegalArgumentException expected
  testNextIntNegativeRange(org.apache.commons.math.random.MersenneTwisterTest): nextInt range
  testNextLongNegativeRange(org.apache.commons.math.random.Well19937aTest): nextLong range
  testNextIntNegativeToPositiveRange(org.apache.commons.math.random.Well19937aTest): Chisquare test failed p-value = 0.0 chisquare statistic = 266.6240000000001. 
value	expected	observed
1	0.11		0
2	0.11		116
3	0.11		107
4	0.11		240
5	0.11		109
6	0.11		93
7	0.11		121
8	0.11		98
9	0.11		116
This test can fail randomly due to sampling error with probability 0.01.
  testNextUniformExtremeValues(org.apache.commons.math.random.Well19937aTest)
  testNextLongNegativeToPositiveRange(org.apache.commons.math.random.Well19937aTest): Chisquare test failed p-value = 0.0 chisquare statistic = 266.6240000000001. 
value	expected	observed
1	0.11		0
2	0.11		116
3	0.11		107
4	0.11		240
5	0.11		109
6	0.11		93
7	0.11		121
8	0.11		98
9	0.11		116
This test can fail randomly due to sampling error with probability 0.01.
  testNextUniformUniformMaximalInterval(org.apache.commons.math.random.Well19937aTest): nextUniform range
  testNextUniformIAE(org.apache.commons.math.random.Well19937aTest): MathIllegalArgumentException expected
  testNextIntNegativeRange(org.apache.commons.math.random.Well19937aTest): nextInt range
  checkMissingFastMathClasses(org.apache.commons.math.util.FastMathTest): FastMath should implement all StrictMath methods

Tests run: 3326, Failures: 71, Errors: 0, Skipped: 1

[INFO] ------------------------------------------------------------------------
[INFO] BUILD FAILURE
[INFO] ------------------------------------------------------------------------
[INFO] Total time: 13:17 min
[INFO] Finished at: 2018-07-31T20:26:07+02:00
[INFO] Final Memory: 57M/1438M
[INFO] ------------------------------------------------------------------------
[ERROR] Failed to execute goal org.apache.maven.plugins:maven-surefire-plugin:2.7.2:test (default-test) on project commons-math: There are test failures.
[ERROR] 
[ERROR] Please refer to /tmp/icse19/dataset/august-2018/bugs-dot-jar/commons-math_buggy/target/surefire-reports for the individual test results.
[ERROR] -> [Help 1]
[ERROR] 
[ERROR] To see the full stack trace of the errors, re-run Maven with the -e switch.
[ERROR] Re-run Maven using the -X switch to enable full debug logging.
[ERROR] 
[ERROR] For more information about the errors and possible solutions, please read the following articles:
[ERROR] [Help 1] http://cwiki.apache.org/confluence/display/MAVEN/MojoFailureException
Writing HTML report to '/tmp/icse19/dataset/august-2018/bugs-dot-jar/commons-math_buggy/target/clover/report'
ERROR: Invalid Java source found or Clover failed to parse it: /tmp/icse19/dataset/august-2018/bugs-dot-jar/commons-math_buggy/src/main/java/org/apache/commons/math/util/FastMath.java
Done. Processed 47 packages in 38084ms (810ms per package).
[INFO] org.apache.commons.math.stat.descriptive.AggregateSummaryStatisticsTest;testAggregate;testAggregationConsistency
org.apache.commons.math.distribution.HypergeometricDistributionTest;testSampling
org.apache.commons.math.random.ISAACTest;testNextUniformUniformMaximalInterval;testNextWeibull;testConfig;testNextPoissonConsistency;testNextPermutation;testNextLongNegativeRange;testNextIntPositiveRange;testNextLongNegativeToPositiveRange;testNextPascal;testNextGamma;testNextBinomial;testNextSample;testNextUniformExclusiveEndpoints;testNextInversionDeviate;testNextIntNegativeToPositiveRange;testNextCauchy;testNextLongExtremeValues;testNextBeta;testNextChiSquare;testNextHypergeometric;testNextIntExtremeValues;testNextIntNegativeRange;testNextZipf;testNextLongPositiveRange;testNextUniformExtremeValues;testNextUniformUniformPositiveBounds;testNextUniformUniformNegativeToPositiveBounds;testNextUniformUniformNegaiveBounds;testNextF;testNextT;testNextExponential;testNextUniformIAE
org.apache.commons.math.distribution.GammaDistributionTest;testSampling
org.apache.commons.math.distribution.ZipfDistributionTest;testSampling
org.apache.commons.math.random.RandomDataTest;testNextUniformUniformMaximalInterval;testNextSecureLongNegativeToPositiveRange;testNextCauchy;testNextLongExtremeValues;testNextBeta;testNextChiSquare;testNextSecureIntPositiveRange;testNextWeibull;testNextHypergeometric;testConfig;testNextIntExtremeValues;testNextPoissonConsistency;testNextPermutation;testNextIntNegativeRange;testNextZipf;testNextLongNegativeRange;testNextLongPositiveRange;testNextUniformExtremeValues;testNextIntPositiveRange;testNextLongNegativeToPositiveRange;testNextPascal;testNextGamma;testNextBinomial;testNextUniformUniformPositiveBounds;testNextUniformUniformNegativeToPositiveBounds;testNextSecureLongPositiveRange;testNextSample;testNextSecureLongNegativeRange;testNextUniformUniformNegaiveBounds;testNextSecureIntNegativeRange;testNextSecureIntNegativeToPositiveRange;testNextF;testNextUniformExclusiveEndpoints;testNextT;testNextInversionDeviate;testNextExponential;testNextUniformIAE;testNextIntNegativeToPositiveRange
org.apache.commons.math.distribution.FDistributionTest;testSampling
org.apache.commons.math.random.EmpiricalDistributionTest;testGeneratorConfig;testNext;testReSeed;testGridTooFat;testGridTooFine
org.apache.commons.math.random.AbstractRandomGeneratorTest;testNextUniformUniformMaximalInterval;testNextWeibull;testConfig;testNextPoissonConsistency;testNextPermutation;testNextLongNegativeRange;testNextLongNegativeToPositiveRange;testNextIntPositiveRange;testNextPascal;testNextGamma;testNextBinomial;testNextSample;testNextUniformExclusiveEndpoints;testNextInversionDeviate;testNextIntNegativeToPositiveRange;testNextCauchy;testNextLongExtremeValues;testNextBeta;testNextChiSquare;testNextHypergeometric;testNextIntExtremeValues;testNextIntNegativeRange;testNextZipf;testNextLongPositiveRange;testNextUniformExtremeValues;testNextUniformUniformPositiveBounds;testNextUniformUniformNegativeToPositiveBounds;testNextUniformUniformNegaiveBounds;testNextF;testNextT;testNextExponential;testNextUniformIAE
org.apache.commons.math.random.ValueServerTest;testModes;testNextDigest;testFixedSeed
org.apache.commons.math.stat.descriptive.moment.MeanTest;testWeightedConsistency
org.apache.commons.math.stat.descriptive.moment.VarianceTest;testWeightedConsistency
org.apache.commons.math.distribution.ChiSquaredDistributionTest;testSampling
org.apache.commons.math.stat.ranking.NaturalRankingTest;testNaNsFixedTiesRandom
org.apache.commons.math.random.MersenneTwisterTest;testNextUniformUniformMaximalInterval;testNextWeibull;testConfig;testNextPoissonConsistency;testNextPermutation;testNextLongNegativeRange;testNextLongNegativeToPositiveRange;testNextIntPositiveRange;testNextPascal;testNextGamma;testNextBinomial;testNextSample;testNextUniformExclusiveEndpoints;testNextInversionDeviate;testNextIntNegativeToPositiveRange;testNextCauchy;testNextLongExtremeValues;testNextBeta;testNextChiSquare;testNextHypergeometric;testNextIntExtremeValues;testNextIntNegativeRange;testNextZipf;testNextLongPositiveRange;testNextUniformExtremeValues;testNextUniformUniformPositiveBounds;testNextUniformUniformNegativeToPositiveBounds;testNextUniformUniformNegaiveBounds;testNextF;testNextT;testNextExponential;testNextUniformIAE
org.apache.commons.math.stat.descriptive.summary.ProductTest;testWeightedConsistency
org.apache.commons.math.random.Well44497bTest;testNextUniformUniformMaximalInterval;testNextWeibull;testConfig;testNextPoissonConsistency;testNextPermutation;testNextLongNegativeRange;testNextIntPositiveRange;testNextLongNegativeToPositiveRange;testNextPascal;testNextGamma;testNextBinomial;testNextSample;testNextUniformExclusiveEndpoints;testNextInversionDeviate;testNextIntNegativeToPositiveRange;testNextCauchy;testNextLongExtremeValues;testNextBeta;testNextChiSquare;testNextHypergeometric;testNextIntExtremeValues;testNextIntNegativeRange;testNextZipf;testNextLongPositiveRange;testNextUniformExtremeValues;testNextUniformUniformPositiveBounds;testNextUniformUniformNegativeToPositiveBounds;testNextUniformUniformNegaiveBounds;testNextF;testNextT;testNextExponential;testNextUniformIAE
org.apache.commons.math.distribution.TDistributionTest;testSampling
org.apache.commons.math.distribution.BinomialDistributionTest;testSampling
org.apache.commons.math.util.ResizableDoubleArrayTest;testWithInitialCapacity;testWithInitialCapacityAndExpansionFactor
org.apache.commons.math.random.Well1024aTest;testNextUniformUniformMaximalInterval;testNextWeibull;testConfig;testNextPoissonConsistency;testNextPermutation;testNextLongNegativeRange;testNextIntPositiveRange;testNextLongNegativeToPositiveRange;testNextPascal;testNextGamma;testNextBinomial;testNextSample;testNextUniformExclusiveEndpoints;testNextInversionDeviate;testNextIntNegativeToPositiveRange;testNextCauchy;testNextLongExtremeValues;testNextBeta;testNextChiSquare;testNextHypergeometric;testNextIntExtremeValues;testNextIntNegativeRange;testNextZipf;testNextLongPositiveRange;testNextUniformExtremeValues;testNextUniformUniformPositiveBounds;testNextUniformUniformNegativeToPositiveBounds;testNextUniformUniformNegaiveBounds;testNextF;testNextT;testNextExponential;testNextUniformIAE
org.apache.commons.math.distribution.PascalDistributionTest;testSampling
org.apache.commons.math.util.MathUtilsTest;testPermutedArrayHash
org.apache.commons.math.random.Well44497aTest;testNextUniformUniformMaximalInterval;testNextWeibull;testConfig;testNextPoissonConsistency;testNextPermutation;testNextLongNegativeRange;testNextIntPositiveRange;testNextLongNegativeToPositiveRange;testNextPascal;testNextGamma;testNextBinomial;testNextSample;testNextUniformExclusiveEndpoints;testNextInversionDeviate;testNextIntNegativeToPositiveRange;testNextCauchy;testNextLongExtremeValues;testNextBeta;testNextChiSquare;testNextHypergeometric;testNextIntExtremeValues;testNextIntNegativeRange;testNextZipf;testNextLongPositiveRange;testNextUniformExtremeValues;testNextUniformUniformPositiveBounds;testNextUniformUniformNegativeToPositiveBounds;testNextUniformUniformNegaiveBounds;testNextF;testNextT;testNextExponential;testNextUniformIAE
org.apache.commons.math.util.ArithmeticUtilsTest;testGcdConsistency
org.apache.commons.math.distribution.WeibullDistributionTest;testSampling
org.apache.commons.math.random.Well19937aTest;testNextUniformUniformMaximalInterval;testNextWeibull;testConfig;testNextPoissonConsistency;testNextPermutation;testNextLongNegativeRange;testNextIntPositiveRange;testNextLongNegativeToPositiveRange;testNextPascal;testNextGamma;testNextBinomial;testNextSample;testNextUniformExclusiveEndpoints;testNextInversionDeviate;testNextIntNegativeToPositiveRange;testNextCauchy;testNextLongExtremeValues;testNextBeta;testNextChiSquare;testNextHypergeometric;testNextIntExtremeValues;testNextIntNegativeRange;testNextZipf;testNextLongPositiveRange;testNextUniformExtremeValues;testNextUniformUniformPositiveBounds;testNextUniformUniformNegativeToPositiveBounds;testNextUniformUniformNegaiveBounds;testNextF;testNextT;testNextExponential;testNextUniformIAE
org.apache.commons.math.distribution.ExponentialDistributionTest;testSampling
org.apache.commons.math.distribution.CauchyDistributionTest;testSampling
org.apache.commons.math.random.Well512aTest;testNextUniformUniformMaximalInterval;testNextWeibull;testConfig;testNextPoissonConsistency;testNextPermutation;testNextLongNegativeRange;testNextLongNegativeToPositiveRange;testNextIntPositiveRange;testNextPascal;testNextGamma;testNextBinomial;testNextSample;testNextUniformExclusiveEndpoints;testNextInversionDeviate;testNextIntNegativeToPositiveRange;testNextCauchy;testNextLongExtremeValues;testNextBeta;testNextChiSquare;testNextHypergeometric;testNextIntExtremeValues;testNextIntNegativeRange;testNextZipf;testNextLongPositiveRange;testNextUniformExtremeValues;testNextUniformUniformPositiveBounds;testNextUniformUniformNegativeToPositiveBounds;testNextUniformUniformNegaiveBounds;testNextF;testNextT;testNextExponential;testNextUniformIAE
org.apache.commons.math.random.BitsStreamGeneratorTest;testNextUniformUniformMaximalInterval;testNextWeibull;testConfig;testNextPoissonConsistency;testNextPermutation;testNextLongNegativeRange;testNextIntPositiveRange;testNextLongNegativeToPositiveRange;testNextPascal;testNextGamma;testNextBinomial;testNextSample;testNextUniformExclusiveEndpoints;testNextInversionDeviate;testNextIntNegativeToPositiveRange;testNextCauchy;testNextLongExtremeValues;testNextBeta;testNextChiSquare;testNextHypergeometric;testNextIntExtremeValues;testNextIntNegativeRange;testNextZipf;testNextLongPositiveRange;testNextUniformExtremeValues;testNextUniformUniformPositiveBounds;testNextUniformUniformNegativeToPositiveBounds;testNextUniformUniformNegaiveBounds;testNextF;testNextT;testNextExponential;testNextUniformIAE
[INFO] ------------------------------------------------------------------------
[INFO] BUILD SUCCESS
[INFO] ------------------------------------------------------------------------
[INFO] Total time: 14:06 min
[INFO] Finished at: 2018-07-31T20:26:51+02:00
[INFO] Final Memory: 51M/1676M
[INFO] ------------------------------------------------------------------------
cd dataset/august-2018/bugs-dot-jar/commons-math_buggy/ && ~/apache-maven-3.3.9/bin/mvn clean versions:use-latest-versions -Dincludes=junit:junit eu.stamp-project:diff-test-selection:0.2:list -DpathToDiff=.bugs-dot-jar/developer-patch.diff -DpathToOtherVersion=../commons-math_fixed/ -DoutputPath=../../commons-math/data_test-selection_bugs-dot-jar_MATH-727_69273dca.csv -Dreport=CSV
rm -rf commons-math_fixed
