rm -rf dataset/august-2018/bugs-dot-jar/commons-math_buggy
cp -r dataset/august-2018/bugs-dot-jar/commons-math dataset/august-2018/bugs-dot-jar/commons-math_buggy
Previous HEAD position was 7520c73... Added bug report.
HEAD is now at 2843c52... Added bug report.
[INFO] Scanning for projects...
[INFO]                                                                         
[INFO] ------------------------------------------------------------------------
[INFO] Building Commons Math 3.1-SNAPSHOT
[INFO] ------------------------------------------------------------------------
[INFO] 
[INFO] --- maven-clean-plugin:2.4.1:clean (default-clean) @ commons-math3 ---
[INFO] 
[INFO] --- maven-antrun-plugin:1.7:run (javadoc.resources) @ commons-math3 ---
[INFO] Executing tasks

main:
     [copy] Copying 2 files to /tmp/icse19/dataset/august-2018/bugs-dot-jar/commons-math_buggy/target/apidocs/META-INF
[INFO] Executed tasks
[INFO] 
[INFO] --- maven-remote-resources-plugin:1.2.1:process (default) @ commons-math3 ---
[INFO] 
[INFO] --- buildnumber-maven-plugin:1.0:create (default) @ commons-math3 ---
[INFO] Checking for local modifications: skipped.
[INFO] Updating project files from SCM: skipped.
[INFO] Executing: /bin/sh -c cd /tmp/icse19/dataset/august-2018/bugs-dot-jar/commons-math_buggy && svn --non-interactive info
[INFO] Working directory: /tmp/icse19/dataset/august-2018/bugs-dot-jar/commons-math_buggy
[INFO] Storing buildNumber: ?????? at timestamp: 1533062385415
[INFO] Executing: /bin/sh -c cd /tmp/icse19/dataset/august-2018/bugs-dot-jar/commons-math_buggy && svn --non-interactive info
[INFO] Working directory: /tmp/icse19/dataset/august-2018/bugs-dot-jar/commons-math_buggy
[INFO] Storing buildScmBranch: UNKNOWN_BRANCH
[INFO] 
[INFO] --- maven-resources-plugin:2.5:resources (default-resources) @ commons-math3 ---
[debug] execute contextualize
[INFO] Using 'UTF-8' encoding to copy filtered resources.
[INFO] Copying 1 resource
[INFO] Copying 2 resources to META-INF
[INFO] 
[INFO] --- maven-compiler-plugin:2.3.2:compile (default-compile) @ commons-math3 ---
[INFO] Compiling 642 source files to /tmp/icse19/dataset/august-2018/bugs-dot-jar/commons-math_buggy/target/classes
[INFO] 
[INFO] --- maven-bundle-plugin:2.3.7:manifest (bundle-manifest) @ commons-math3 ---
[INFO] 
[INFO] --- maven-resources-plugin:2.5:testResources (default-testResources) @ commons-math3 ---
[debug] execute contextualize
[INFO] Using 'UTF-8' encoding to copy filtered resources.
[INFO] Copying 23 resources
[INFO] Copying 2 resources to META-INF
[INFO] 
[INFO] --- maven-compiler-plugin:2.3.2:testCompile (default-testCompile) @ commons-math3 ---
[INFO] Compiling 390 source files to /tmp/icse19/dataset/august-2018/bugs-dot-jar/commons-math_buggy/target/test-classes
[INFO] 
[INFO] --- maven-surefire-plugin:2.12:test (default-test) @ commons-math3 ---
[INFO] Tests are skipped.
[INFO] 
[INFO] --- maven-jar-plugin:2.4:jar (default-jar) @ commons-math3 ---
[INFO] Building jar: /tmp/icse19/dataset/august-2018/bugs-dot-jar/commons-math_buggy/target/commons-math3-3.1-SNAPSHOT.jar
[INFO] 
[INFO] --- maven-site-plugin:3.0:attach-descriptor (attach-descriptor) @ commons-math3 ---
[INFO] 
[INFO] --- maven-install-plugin:2.3.1:install (default-install) @ commons-math3 ---
[INFO] Installing /tmp/icse19/dataset/august-2018/bugs-dot-jar/commons-math_buggy/target/commons-math3-3.1-SNAPSHOT.jar to /home/spirals/danglot/.m2/repository/org/apache/commons/commons-math3/3.1-SNAPSHOT/commons-math3-3.1-SNAPSHOT.jar
[INFO] Installing /tmp/icse19/dataset/august-2018/bugs-dot-jar/commons-math_buggy/pom.xml to /home/spirals/danglot/.m2/repository/org/apache/commons/commons-math3/3.1-SNAPSHOT/commons-math3-3.1-SNAPSHOT.pom
[INFO] ------------------------------------------------------------------------
[INFO] BUILD SUCCESS
[INFO] ------------------------------------------------------------------------
[INFO] Total time: 17.588 s
[INFO] Finished at: 2018-07-31T20:40:01+02:00
[INFO] Final Memory: 40M/653M
[INFO] ------------------------------------------------------------------------
cd dataset/august-2018/bugs-dot-jar/commons-math_buggy && git checkout   remotes/origin/bugs-dot-jar_MATH-848_ad252a8c && ~/apache-maven-3.3.9/bin/mvn clean install -DskipTests
rm -rf dataset/august-2018/bugs-dot-jar/commons-math_fixed
cp -r dataset/august-2018/bugs-dot-jar/commons-math_buggy dataset/august-2018/bugs-dot-jar/commons-math_fixed
patching file src/main/java/org/apache/commons/math3/exception/util/LocalizedFormats.java
patching file src/main/java/org/apache/commons/math3/optimization/fitting/HarmonicFitter.java
cd dataset/august-2018/bugs-dot-jar/commons-math_fixed && patch -p1 < .bugs-dot-jar/developer-patch.diff
[INFO] Scanning for projects...
[INFO]                                                                         
[INFO] ------------------------------------------------------------------------
[INFO] Building Commons Math 3.1-SNAPSHOT
[INFO] ------------------------------------------------------------------------
[INFO] 
[INFO] --- maven-clean-plugin:2.4.1:clean (default-clean) @ commons-math3 ---
[INFO] Deleting /tmp/icse19/dataset/august-2018/bugs-dot-jar/commons-math_buggy/target
[INFO] 
[INFO] --- versions-maven-plugin:2.5:use-latest-versions (default-cli) @ commons-math3 ---
[INFO] Major version changes allowed
[INFO] Updated junit:junit:jar:4.10 to version 4.12
[INFO] 
[INFO] --- diff-test-selection:0.2:list (default-cli) @ commons-math3 ---
[INFO] /tmp/icse19/dataset/august-2018/bugs-dot-jar/commons-math_buggy
[WARN] Maven will be executed in interactive mode, but no input stream has been configured for this MavenInvoker instance.
[INFO] Scanning for projects...
[INFO]                                                                         
[INFO] ------------------------------------------------------------------------
[INFO] Building Commons Math 3.1-SNAPSHOT
[INFO] ------------------------------------------------------------------------
[INFO] 
[INFO] --- maven-clean-plugin:2.4.1:clean (default-clean) @ commons-math3 ---
[INFO] 
[INFO] --- clover-maven-plugin:4.2.0:setup (default-cli) @ commons-math3 ---
[INFO] No 'maven.clover.licenseLocation' configured. Using default license.
[INFO] OpenClover Version 4.2.0, built on April 30 2017 (build-1000)
[INFO] Loaded from: /home/spirals/danglot/.m2/repository/org/openclover/clover/4.2.0/clover-4.2.0.jar
[INFO] Clover free edition.
[INFO] Creating new database at '/tmp/icse19/dataset/august-2018/bugs-dot-jar/commons-math_buggy/target/clover/clover.db'.
[INFO] Processing files at 1.8 source level.
[INFO] Clover all over. Instrumented 642 files (48 packages).
[INFO] Elapsed time = 12.794 secs. (50.18 files/sec, 11,409.88 srclines/sec)
[INFO] OpenClover Version 4.2.0, built on April 30 2017 (build-1000)
[INFO] Loaded from: /home/spirals/danglot/.m2/repository/org/openclover/clover/4.2.0/clover-4.2.0.jar
[INFO] Clover free edition.
[INFO] Updating existing database at '/tmp/icse19/dataset/august-2018/bugs-dot-jar/commons-math_buggy/target/clover/clover.db'.
[INFO] Processing files at 1.8 source level.
[INFO] Clover all over. Instrumented 390 files (47 packages).
[INFO] 2736 test methods detected.
[INFO] Elapsed time = 7.548 secs. (51.669 files/sec, 11,655.405 srclines/sec)
[INFO] 
[INFO] --- maven-antrun-plugin:1.7:run (javadoc.resources) @ commons-math3 ---
[INFO] Executing tasks

main:
     [copy] Copying 2 files to /tmp/icse19/dataset/august-2018/bugs-dot-jar/commons-math_buggy/target/apidocs/META-INF
[INFO] Executed tasks
[INFO] 
[INFO] --- maven-remote-resources-plugin:1.2.1:process (default) @ commons-math3 ---
[INFO] 
[INFO] --- buildnumber-maven-plugin:1.0:create (default) @ commons-math3 ---
[INFO] Checking for local modifications: skipped.
[INFO] Updating project files from SCM: skipped.
[INFO] Executing: /bin/sh -c cd /tmp/icse19/dataset/august-2018/bugs-dot-jar/commons-math_buggy && svn --non-interactive info
[INFO] Working directory: /tmp/icse19/dataset/august-2018/bugs-dot-jar/commons-math_buggy
[INFO] Storing buildNumber: ?????? at timestamp: 1533062430943
[INFO] Executing: /bin/sh -c cd /tmp/icse19/dataset/august-2018/bugs-dot-jar/commons-math_buggy && svn --non-interactive info
[INFO] Working directory: /tmp/icse19/dataset/august-2018/bugs-dot-jar/commons-math_buggy
[INFO] Storing buildScmBranch: UNKNOWN_BRANCH
[INFO] 
[INFO] --- maven-resources-plugin:2.5:resources (default-resources) @ commons-math3 ---
[debug] execute contextualize
[INFO] Using 'UTF-8' encoding to copy filtered resources.
[INFO] Copying 1 resource
[INFO] Copying 2 resources to META-INF
[INFO] Copying 1 resource
[INFO] 
[INFO] --- maven-compiler-plugin:2.3.2:compile (default-compile) @ commons-math3 ---
[INFO] Compiling 642 source files to /tmp/icse19/dataset/august-2018/bugs-dot-jar/commons-math_buggy/target/classes
[INFO] 
[INFO] --- maven-bundle-plugin:2.3.7:manifest (bundle-manifest) @ commons-math3 ---
[INFO] 
[INFO] --- maven-resources-plugin:2.5:testResources (default-testResources) @ commons-math3 ---
[debug] execute contextualize
[INFO] Using 'UTF-8' encoding to copy filtered resources.
[INFO] Copying 23 resources
[INFO] Copying 2 resources to META-INF
[INFO] 
[INFO] --- maven-compiler-plugin:2.3.2:testCompile (default-testCompile) @ commons-math3 ---
[INFO] Compiling 390 source files to /tmp/icse19/dataset/august-2018/bugs-dot-jar/commons-math_buggy/target/test-classes
[INFO] 
[INFO] --- maven-surefire-plugin:2.12:test (default-test) @ commons-math3 ---
[INFO] Surefire report directory: /tmp/icse19/dataset/august-2018/bugs-dot-jar/commons-math_buggy/target/surefire-reports

-------------------------------------------------------
 T E S T S
-------------------------------------------------------
Running org.apache.commons.math3.special.ErfTest
Tests run: 10, Failures: 0, Errors: 0, Skipped: 0, Time elapsed: 0.151 sec
Running org.apache.commons.math3.special.GammaTest
Tests run: 14, Failures: 0, Errors: 0, Skipped: 0, Time elapsed: 0.02 sec
Running org.apache.commons.math3.special.BetaTest
Tests run: 17, Failures: 0, Errors: 0, Skipped: 0, Time elapsed: 0.022 sec
Running org.apache.commons.math3.dfp.DfpMathTest
Tests run: 2, Failures: 0, Errors: 0, Skipped: 0, Time elapsed: 1.349 sec
Running org.apache.commons.math3.dfp.DfpDecTest
Tests run: 3, Failures: 0, Errors: 0, Skipped: 0, Time elapsed: 0.024 sec
Running org.apache.commons.math3.dfp.BracketingNthOrderBrentSolverDFPTest
Tests run: 4, Failures: 0, Errors: 0, Skipped: 0, Time elapsed: 2.978 sec
Running org.apache.commons.math3.dfp.DfpTest
Tests run: 26, Failures: 0, Errors: 0, Skipped: 0, Time elapsed: 3.31 sec
Running org.apache.commons.math3.ode.FirstOrderConverterTest
Tests run: 4, Failures: 0, Errors: 0, Skipped: 0, Time elapsed: 0.165 sec
Running org.apache.commons.math3.ode.sampling.NordsieckStepInterpolatorTest
Tests run: 2, Failures: 0, Errors: 0, Skipped: 0, Time elapsed: 0.35 sec
Running org.apache.commons.math3.ode.sampling.DummyStepInterpolatorTest
Tests run: 4, Failures: 0, Errors: 0, Skipped: 0, Time elapsed: 0.011 sec
Running org.apache.commons.math3.ode.sampling.StepNormalizerOutputTest
Tests run: 16, Failures: 0, Errors: 0, Skipped: 0, Time elapsed: 0.051 sec
Running org.apache.commons.math3.ode.sampling.StepNormalizerOutputOverlapTest
Tests run: 16, Failures: 0, Errors: 0, Skipped: 0, Time elapsed: 0.034 sec
Running org.apache.commons.math3.ode.sampling.StepNormalizerTest
Tests run: 2, Failures: 0, Errors: 0, Skipped: 0, Time elapsed: 0.048 sec
Running org.apache.commons.math3.ode.nonstiff.HighamHall54IntegratorTest
Tests run: 9, Failures: 0, Errors: 0, Skipped: 0, Time elapsed: 0.429 sec
Running org.apache.commons.math3.ode.nonstiff.DormandPrince54IntegratorTest
Tests run: 8, Failures: 0, Errors: 0, Skipped: 0, Time elapsed: 0.16 sec
Running org.apache.commons.math3.ode.nonstiff.MidpointIntegratorTest
Tests run: 6, Failures: 0, Errors: 0, Skipped: 0, Time elapsed: 0.622 sec
Running org.apache.commons.math3.ode.nonstiff.GillIntegratorTest
Tests run: 8, Failures: 0, Errors: 0, Skipped: 0, Time elapsed: 0.641 sec
Running org.apache.commons.math3.ode.nonstiff.EulerIntegratorTest
Tests run: 6, Failures: 0, Errors: 0, Skipped: 0, Time elapsed: 0.142 sec
Running org.apache.commons.math3.ode.nonstiff.GillStepInterpolatorTest
Tests run: 2, Failures: 0, Errors: 0, Skipped: 0, Time elapsed: 0.139 sec
Running org.apache.commons.math3.ode.nonstiff.HighamHall54StepInterpolatorTest
Tests run: 3, Failures: 0, Errors: 0, Skipped: 0, Time elapsed: 0.081 sec
Running org.apache.commons.math3.ode.nonstiff.ClassicalRungeKuttaStepInterpolatorTest
Tests run: 2, Failures: 0, Errors: 0, Skipped: 0, Time elapsed: 0.107 sec
Running org.apache.commons.math3.ode.nonstiff.ClassicalRungeKuttaIntegratorTest
Tests run: 8, Failures: 0, Errors: 0, Skipped: 0, Time elapsed: 0.548 sec
Running org.apache.commons.math3.ode.nonstiff.GraggBulirschStoerStepInterpolatorTest
Tests run: 3, Failures: 0, Errors: 0, Skipped: 0, Time elapsed: 0.151 sec
Running org.apache.commons.math3.ode.nonstiff.MidpointStepInterpolatorTest
Tests run: 2, Failures: 0, Errors: 0, Skipped: 0, Time elapsed: 0.035 sec
Running org.apache.commons.math3.ode.nonstiff.DormandPrince853StepInterpolatorTest
Tests run: 3, Failures: 0, Errors: 0, Skipped: 0, Time elapsed: 0.068 sec
Running org.apache.commons.math3.ode.nonstiff.EulerStepInterpolatorTest
Tests run: 5, Failures: 0, Errors: 0, Skipped: 0, Time elapsed: 0.031 sec
Running org.apache.commons.math3.ode.nonstiff.ThreeEighthesStepInterpolatorTest
Tests run: 2, Failures: 0, Errors: 0, Skipped: 0, Time elapsed: 0.095 sec
Running org.apache.commons.math3.ode.nonstiff.DormandPrince853IntegratorTest
Tests run: 11, Failures: 0, Errors: 0, Skipped: 0, Time elapsed: 0.09 sec
Running org.apache.commons.math3.ode.nonstiff.AdamsMoultonIntegratorTest
Tests run: 6, Failures: 0, Errors: 0, Skipped: 0, Time elapsed: 0.282 sec
Running org.apache.commons.math3.ode.nonstiff.ThreeEighthesIntegratorTest
Tests run: 7, Failures: 0, Errors: 0, Skipped: 0, Time elapsed: 0.563 sec
Running org.apache.commons.math3.ode.nonstiff.DormandPrince54StepInterpolatorTest
Tests run: 3, Failures: 0, Errors: 0, Skipped: 0, Time elapsed: 0.059 sec
Running org.apache.commons.math3.ode.nonstiff.AdamsBashforthIntegratorTest
Tests run: 6, Failures: 0, Errors: 0, Skipped: 0, Time elapsed: 0.194 sec
Running org.apache.commons.math3.ode.events.ReappearingEventTest
Tests run: 2, Failures: 0, Errors: 0, Skipped: 0, Time elapsed: 0.009 sec
Running org.apache.commons.math3.ode.events.EventStateTest
Tests run: 2, Failures: 0, Errors: 0, Skipped: 0, Time elapsed: 0.021 sec
Running org.apache.commons.math3.ode.events.OverlappingEventsTest
Tests run: 2, Failures: 0, Errors: 0, Skipped: 0, Time elapsed: 0.025 sec
Running org.apache.commons.math3.ode.JacobianMatricesTest
Tests run: 6, Failures: 0, Errors: 0, Skipped: 0, Time elapsed: 4.862 sec
Running org.apache.commons.math3.ode.ContinuousOutputModelTest
Tests run: 4, Failures: 0, Errors: 0, Skipped: 0, Time elapsed: 0.039 sec
Running org.apache.commons.math3.random.Well19937cTest
Tests run: 60, Failures: 0, Errors: 0, Skipped: 0, Time elapsed: 20.754 sec
Running org.apache.commons.math3.random.Well512aTest
Tests run: 60, Failures: 0, Errors: 0, Skipped: 0, Time elapsed: 20.91 sec
Running org.apache.commons.math3.random.RandomDataTest
Tests run: 47, Failures: 0, Errors: 0, Skipped: 0, Time elapsed: 15.311 sec
Running org.apache.commons.math3.random.AbstractRandomGeneratorTest
Tests run: 59, Failures: 0, Errors: 0, Skipped: 0, Time elapsed: 18.113 sec
Running org.apache.commons.math3.random.Well1024aTest
Tests run: 60, Failures: 0, Errors: 0, Skipped: 0, Time elapsed: 19.789 sec
Running org.apache.commons.math3.random.BitsStreamGeneratorTest
Tests run: 59, Failures: 0, Errors: 0, Skipped: 0, Time elapsed: 19.245 sec
Running org.apache.commons.math3.random.ValueServerTest
Tests run: 9, Failures: 0, Errors: 0, Skipped: 0, Time elapsed: 0.116 sec
Running org.apache.commons.math3.random.ISAACTest
Tests run: 60, Failures: 0, Errors: 0, Skipped: 0, Time elapsed: 20.98 sec
Running org.apache.commons.math3.random.Well44497aTest
Tests run: 60, Failures: 0, Errors: 0, Skipped: 0, Time elapsed: 19.815 sec
Running org.apache.commons.math3.random.UniformRandomGeneratorTest
Tests run: 1, Failures: 0, Errors: 0, Skipped: 0, Time elapsed: 0.018 sec
Running org.apache.commons.math3.random.StableRandomGeneratorTest
Tests run: 7, Failures: 0, Errors: 0, Skipped: 0, Time elapsed: 0.271 sec
Running org.apache.commons.math3.random.EmpiricalDistributionTest
Tests run: 14, Failures: 0, Errors: 0, Skipped: 0, Time elapsed: 0.143 sec
Running org.apache.commons.math3.random.MersenneTwisterTest
Tests run: 60, Failures: 0, Errors: 0, Skipped: 0, Time elapsed: 18.736 sec
Running org.apache.commons.math3.random.GaussianRandomGeneratorTest
Tests run: 1, Failures: 0, Errors: 0, Skipped: 0, Time elapsed: 0.022 sec
Running org.apache.commons.math3.random.UncorrelatedRandomVectorGeneratorTest
Tests run: 1, Failures: 0, Errors: 0, Skipped: 0, Time elapsed: 0.038 sec
Running org.apache.commons.math3.random.CorrelatedRandomVectorGeneratorTest
Tests run: 4, Failures: 0, Errors: 0, Skipped: 0, Time elapsed: 0.038 sec
Running org.apache.commons.math3.random.Well44497bTest
Tests run: 60, Failures: 0, Errors: 0, Skipped: 0, Time elapsed: 21.923 sec
Running org.apache.commons.math3.random.RandomAdaptorTest
Tests run: 1, Failures: 0, Errors: 0, Skipped: 0, Time elapsed: 0.001 sec
Running org.apache.commons.math3.random.Well19937aTest
Tests run: 60, Failures: 0, Errors: 0, Skipped: 0, Time elapsed: 20.741 sec
Running org.apache.commons.math3.genetics.CycleCrossoverTest
Tests run: 6, Failures: 0, Errors: 0, Skipped: 0, Time elapsed: 0.011 sec
Running org.apache.commons.math3.genetics.BinaryChromosomeTest
Tests run: 3, Failures: 0, Errors: 0, Skipped: 0, Time elapsed: 0.003 sec
Running org.apache.commons.math3.genetics.GeneticAlgorithmTestPermutations
Tests run: 1, Failures: 0, Errors: 0, Skipped: 0, Time elapsed: 0.264 sec
Running org.apache.commons.math3.genetics.NPointCrossoverTest
Tests run: 5, Failures: 0, Errors: 0, Skipped: 0, Time elapsed: 0.007 sec
Running org.apache.commons.math3.genetics.RandomKeyMutationTest
Tests run: 1, Failures: 0, Errors: 0, Skipped: 0, Time elapsed: 0.002 sec
Running org.apache.commons.math3.genetics.OrderedCrossoverTest
Tests run: 4, Failures: 0, Errors: 0, Skipped: 0, Time elapsed: 0.006 sec
Running org.apache.commons.math3.genetics.TournamentSelectionTest
Tests run: 1, Failures: 0, Errors: 0, Skipped: 0, Time elapsed: 0.004 sec
Running org.apache.commons.math3.genetics.FixedElapsedTimeTest
Tests run: 1, Failures: 0, Errors: 0, Skipped: 0, Time elapsed: 3.006 sec
Running org.apache.commons.math3.genetics.BinaryMutationTest
Tests run: 1, Failures: 0, Errors: 0, Skipped: 0, Time elapsed: 0.003 sec
Running org.apache.commons.math3.genetics.ElitisticListPopulationTest
Tests run: 8, Failures: 0, Errors: 0, Skipped: 0, Time elapsed: 0.025 sec
Running org.apache.commons.math3.genetics.FitnessCachingTest
Tests run: 1, Failures: 0, Errors: 0, Skipped: 0, Time elapsed: 0.02 sec
Running org.apache.commons.math3.genetics.GeneticAlgorithmTestBinary
Tests run: 1, Failures: 0, Errors: 0, Skipped: 0, Time elapsed: 0.078 sec
Running org.apache.commons.math3.genetics.OnePointCrossoverTest
Tests run: 1, Failures: 0, Errors: 0, Skipped: 0, Time elapsed: 0.003 sec
Running org.apache.commons.math3.genetics.FixedGenerationCountTest
Tests run: 1, Failures: 0, Errors: 0, Skipped: 0, Time elapsed: 0.004 sec
Running org.apache.commons.math3.genetics.ListPopulationTest
Tests run: 10, Failures: 0, Errors: 0, Skipped: 0, Time elapsed: 0.015 sec
Running org.apache.commons.math3.genetics.ChromosomeTest
Tests run: 2, Failures: 0, Errors: 0, Skipped: 0, Time elapsed: 0.004 sec
Running org.apache.commons.math3.genetics.UniformCrossoverTest
Tests run: 6, Failures: 0, Errors: 0, Skipped: 0, Time elapsed: 0.299 sec
Running org.apache.commons.math3.genetics.RandomKeyTest
Tests run: 10, Failures: 0, Errors: 0, Skipped: 0, Time elapsed: 0.009 sec
Running org.apache.commons.math3.complex.RootsOfUnityTest
Tests run: 6, Failures: 0, Errors: 0, Skipped: 0, Time elapsed: 0.012 sec
Running org.apache.commons.math3.complex.ComplexUtilsTest
Tests run: 5, Failures: 0, Errors: 0, Skipped: 0, Time elapsed: 0.011 sec
Running org.apache.commons.math3.complex.ComplexFieldTest
Tests run: 3, Failures: 0, Errors: 0, Skipped: 0, Time elapsed: 0.005 sec
Running org.apache.commons.math3.complex.ComplexTest
Tests run: 123, Failures: 0, Errors: 0, Skipped: 0, Time elapsed: 0.09 sec
Running org.apache.commons.math3.complex.ComplexFormatTest
Tests run: 31, Failures: 0, Errors: 0, Skipped: 0, Time elapsed: 0.034 sec
Running org.apache.commons.math3.complex.FrenchComplexFormatTest
Tests run: 31, Failures: 0, Errors: 0, Skipped: 0, Time elapsed: 0.023 sec
Running org.apache.commons.math3.linear.MatrixDimensionMismatchExceptionTest
Tests run: 1, Failures: 0, Errors: 0, Skipped: 0, Time elapsed: 0.003 sec
Running org.apache.commons.math3.linear.OpenMapRealMatrixTest
Tests run: 1, Failures: 0, Errors: 0, Skipped: 0, Time elapsed: 0.003 sec
Running org.apache.commons.math3.linear.SparseFieldVectorTest
Tests run: 5, Failures: 0, Errors: 0, Skipped: 0, Time elapsed: 0.019 sec
Running org.apache.commons.math3.linear.QRDecompositionTest
Tests run: 7, Failures: 0, Errors: 0, Skipped: 0, Time elapsed: 0.312 sec
Running org.apache.commons.math3.linear.FrenchRealVectorFormatTest
Tests run: 30, Failures: 0, Errors: 0, Skipped: 0, Time elapsed: 0.033 sec
Running org.apache.commons.math3.linear.Array2DRowRealMatrixTest
Tests run: 39, Failures: 0, Errors: 0, Skipped: 0, Time elapsed: 0.078 sec
Running org.apache.commons.math3.linear.EigenSolverTest
Tests run: 4, Failures: 0, Errors: 0, Skipped: 0, Time elapsed: 0.014 sec
Running org.apache.commons.math3.linear.UnmodifiableArrayRealVectorTest
Tests run: 8, Failures: 0, Errors: 0, Skipped: 0, Time elapsed: 0.083 sec
Running org.apache.commons.math3.linear.ArrayRealVectorTest
Tests run: 108, Failures: 0, Errors: 0, Skipped: 6, Time elapsed: 0.256 sec
Running org.apache.commons.math3.linear.MatrixUtilsTest
Tests run: 12, Failures: 0, Errors: 0, Skipped: 0, Time elapsed: 0.126 sec
Running org.apache.commons.math3.linear.SparseRealMatrixTest
Tests run: 27, Failures: 0, Errors: 0, Skipped: 0, Time elapsed: 0.031 sec
Running org.apache.commons.math3.linear.EigenDecompositionTest
Tests run: 24, Failures: 0, Errors: 0, Skipped: 2, Time elapsed: 1.35 sec
Running org.apache.commons.math3.linear.SchurTransformerTest
Tests run: 7, Failures: 0, Errors: 0, Skipped: 0, Time elapsed: 1.044 sec
Running org.apache.commons.math3.linear.BlockRealMatrixTest
Tests run: 48, Failures: 0, Errors: 0, Skipped: 0, Time elapsed: 0.61 sec
Running org.apache.commons.math3.linear.FieldLUDecompositionTest
Tests run: 9, Failures: 0, Errors: 0, Skipped: 0, Time elapsed: 0.027 sec
Running org.apache.commons.math3.linear.BiDiagonalTransformerTest
Tests run: 8, Failures: 0, Errors: 0, Skipped: 0, Time elapsed: 0.009 sec
Running org.apache.commons.math3.linear.BlockFieldMatrixTest
Tests run: 46, Failures: 0, Errors: 0, Skipped: 0, Time elapsed: 2.298 sec
Running org.apache.commons.math3.linear.FieldMatrixImplTest
Tests run: 37, Failures: 0, Errors: 0, Skipped: 0, Time elapsed: 0.237 sec
Running org.apache.commons.math3.linear.SparseFieldMatrixTest
Tests run: 24, Failures: 0, Errors: 0, Skipped: 0, Time elapsed: 0.028 sec
Running org.apache.commons.math3.linear.LUDecompositionTest
Tests run: 9, Failures: 0, Errors: 0, Skipped: 0, Time elapsed: 0.011 sec
Running org.apache.commons.math3.linear.FieldLUSolverTest
Tests run: 5, Failures: 0, Errors: 0, Skipped: 0, Time elapsed: 0.005 sec
Running org.apache.commons.math3.linear.ConjugateGradientTest
Tests run: 17, Failures: 0, Errors: 0, Skipped: 0, Time elapsed: 0.596 sec
Running org.apache.commons.math3.linear.RealVectorFormatTest
Tests run: 30, Failures: 0, Errors: 0, Skipped: 0, Time elapsed: 0.02 sec
Running org.apache.commons.math3.linear.RealVectorTest
Tests run: 105, Failures: 0, Errors: 0, Skipped: 24, Time elapsed: 0.225 sec
Running org.apache.commons.math3.linear.RealMatrixFormatTest
Tests run: 29, Failures: 0, Errors: 0, Skipped: 1, Time elapsed: 0.024 sec
Running org.apache.commons.math3.linear.CholeskyDecompositionTest
Tests run: 9, Failures: 0, Errors: 0, Skipped: 0, Time elapsed: 0.009 sec
Running org.apache.commons.math3.linear.TriDiagonalTransformerTest
Tests run: 8, Failures: 0, Errors: 0, Skipped: 0, Time elapsed: 0.007 sec
Running org.apache.commons.math3.linear.HessenbergTransformerTest
Tests run: 9, Failures: 0, Errors: 0, Skipped: 0, Time elapsed: 0.536 sec
Running org.apache.commons.math3.linear.LUSolverTest
Tests run: 6, Failures: 0, Errors: 0, Skipped: 0, Time elapsed: 0.006 sec
Running org.apache.commons.math3.linear.SparseRealVectorTest
Tests run: 106, Failures: 0, Errors: 0, Skipped: 8, Time elapsed: 0.492 sec
Running org.apache.commons.math3.linear.CholeskySolverTest
Tests run: 3, Failures: 0, Errors: 0, Skipped: 0, Time elapsed: 0.046 sec
Running org.apache.commons.math3.linear.UnmodifiableOpenMapRealVectorTest
Tests run: 8, Failures: 0, Errors: 0, Skipped: 0, Time elapsed: 0.497 sec
Running org.apache.commons.math3.linear.ArrayFieldVectorTest
Tests run: 8, Failures: 0, Errors: 0, Skipped: 0, Time elapsed: 0.008 sec
Running org.apache.commons.math3.linear.SingularValueDecompositionTest
Tests run: 12, Failures: 0, Errors: 0, Skipped: 0, Time elapsed: 4.585 sec
Running org.apache.commons.math3.linear.SingularValueSolverTest
Tests run: 5, Failures: 0, Errors: 0, Skipped: 0, Time elapsed: 0.004 sec
Running org.apache.commons.math3.linear.QRSolverTest
Tests run: 6, Failures: 0, Errors: 0, Skipped: 0, Time elapsed: 0.205 sec
Running org.apache.commons.math3.linear.SymmLQTest
Tests run: 36, Failures: 0, Errors: 0, Skipped: 0, Time elapsed: 0.863 sec
Running org.apache.commons.math3.exception.TooManyEvaluationsExceptionTest
Tests run: 1, Failures: 0, Errors: 0, Skipped: 0, Time elapsed: 0.002 sec
Running org.apache.commons.math3.exception.NotPositiveExceptionTest
Tests run: 1, Failures: 0, Errors: 0, Skipped: 0, Time elapsed: 0.001 sec
Running org.apache.commons.math3.exception.DimensionMismatchExceptionTest
Tests run: 1, Failures: 0, Errors: 0, Skipped: 0, Time elapsed: 0.001 sec
Running org.apache.commons.math3.exception.NonMonotonicSequenceExceptionTest
Tests run: 1, Failures: 0, Errors: 0, Skipped: 0, Time elapsed: 0.002 sec
Running org.apache.commons.math3.exception.OutOfRangeExceptionTest
Tests run: 1, Failures: 0, Errors: 0, Skipped: 0, Time elapsed: 0.001 sec
Running org.apache.commons.math3.exception.MaxCountExceededExceptionTest
Tests run: 1, Failures: 0, Errors: 0, Skipped: 0, Time elapsed: 0.001 sec
Running org.apache.commons.math3.exception.NumberIsTooSmallExceptionTest
Tests run: 1, Failures: 0, Errors: 0, Skipped: 0, Time elapsed: 0.001 sec
Running org.apache.commons.math3.exception.NotStrictlyPositiveExceptionTest
Tests run: 1, Failures: 0, Errors: 0, Skipped: 0, Time elapsed: 0.001 sec
Running org.apache.commons.math3.exception.util.LocalizedFormatsTest
Tests run: 6, Failures: 0, Errors: 0, Skipped: 0, Time elapsed: 0.076 sec
Running org.apache.commons.math3.exception.util.ExceptionContextTest
Tests run: 5, Failures: 0, Errors: 0, Skipped: 0, Time elapsed: 0.014 sec
Running org.apache.commons.math3.exception.util.ArgUtilsTest
Tests run: 1, Failures: 0, Errors: 0, Skipped: 0, Time elapsed: 0.001 sec
Running org.apache.commons.math3.exception.NumberIsTooLargeExceptionTest
Tests run: 1, Failures: 0, Errors: 0, Skipped: 0, Time elapsed: 0.001 sec
Running org.apache.commons.math3.filter.KalmanFilterTest
Tests run: 4, Failures: 0, Errors: 0, Skipped: 0, Time elapsed: 0.013 sec
Running org.apache.commons.math3.RetryRunnerTest
Tests run: 2, Failures: 0, Errors: 0, Skipped: 0, Time elapsed: 0.007 sec
Running org.apache.commons.math3.fraction.BigFractionTest
Tests run: 27, Failures: 0, Errors: 0, Skipped: 0, Time elapsed: 0.029 sec
Running org.apache.commons.math3.fraction.FractionTest
Tests run: 25, Failures: 0, Errors: 0, Skipped: 0, Time elapsed: 0.018 sec
Running org.apache.commons.math3.fraction.FractionFormatTest
Tests run: 22, Failures: 0, Errors: 0, Skipped: 0, Time elapsed: 0.02 sec
Running org.apache.commons.math3.fraction.FractionFieldTest
Tests run: 3, Failures: 0, Errors: 0, Skipped: 0, Time elapsed: 0.002 sec
Running org.apache.commons.math3.fraction.BigFractionFormatTest
Tests run: 19, Failures: 0, Errors: 0, Skipped: 0, Time elapsed: 0.018 sec
Running org.apache.commons.math3.fraction.BigFractionFieldTest
Tests run: 3, Failures: 0, Errors: 0, Skipped: 0, Time elapsed: 0.003 sec
Running org.apache.commons.math3.optimization.PointVectorValuePairTest
Tests run: 1, Failures: 0, Errors: 0, Skipped: 0, Time elapsed: 0.004 sec
Running org.apache.commons.math3.optimization.general.NonLinearConjugateGradientOptimizerTest
Tests run: 12, Failures: 0, Errors: 0, Skipped: 0, Time elapsed: 0.027 sec
Running org.apache.commons.math3.optimization.general.AbstractLeastSquaresOptimizerTest
Tests run: 3, Failures: 0, Errors: 0, Skipped: 0, Time elapsed: 0.017 sec
Running org.apache.commons.math3.optimization.general.GaussNewtonOptimizerTest
Tests run: 19, Failures: 0, Errors: 0, Skipped: 0, Time elapsed: 0.177 sec
Running org.apache.commons.math3.optimization.general.MinpackTest
Tests run: 18, Failures: 0, Errors: 0, Skipped: 0, Time elapsed: 0.967 sec
Running org.apache.commons.math3.optimization.general.LevenbergMarquardtOptimizerTest
Tests run: 22, Failures: 0, Errors: 0, Skipped: 0, Time elapsed: 1.355 sec
Running org.apache.commons.math3.optimization.univariate.UnivariateMultiStartOptimizerTest
Tests run: 3, Failures: 0, Errors: 0, Skipped: 0, Time elapsed: 0.014 sec
Running org.apache.commons.math3.optimization.univariate.BracketFinderTest
Tests run: 4, Failures: 0, Errors: 0, Skipped: 0, Time elapsed: 0.005 sec
Running org.apache.commons.math3.optimization.univariate.BrentOptimizerTest
Tests run: 8, Failures: 0, Errors: 0, Skipped: 0, Time elapsed: 0.047 sec
Running org.apache.commons.math3.optimization.linear.SimplexTableauTest
Tests run: 4, Failures: 0, Errors: 0, Skipped: 0, Time elapsed: 0.016 sec
Running org.apache.commons.math3.optimization.linear.SimplexSolverTest
Tests run: 26, Failures: 0, Errors: 0, Skipped: 0, Time elapsed: 5.163 sec
Running org.apache.commons.math3.optimization.DifferentiableMultivariateVectorMultiStartOptimizerTest
Tests run: 2, Failures: 0, Errors: 0, Skipped: 0, Time elapsed: 0.007 sec
Running org.apache.commons.math3.optimization.DifferentiableMultivariateMultiStartOptimizerTest
Tests run: 1, Failures: 0, Errors: 0, Skipped: 0, Time elapsed: 0.014 sec
Running org.apache.commons.math3.optimization.MultivariateMultiStartOptimizerTest
Tests run: 1, Failures: 0, Errors: 0, Skipped: 0, Time elapsed: 0.023 sec
Running org.apache.commons.math3.optimization.PointValuePairTest
Tests run: 1, Failures: 0, Errors: 0, Skipped: 0, Time elapsed: 0.002 sec
Running org.apache.commons.math3.optimization.direct.SimplexOptimizerMultiDirectionalTest
Tests run: 7, Failures: 0, Errors: 0, Skipped: 0, Time elapsed: 0.029 sec
Running org.apache.commons.math3.optimization.direct.SimplexOptimizerNelderMeadTest
Tests run: 10, Failures: 0, Errors: 0, Skipped: 0, Time elapsed: 0.023 sec
Running org.apache.commons.math3.optimization.direct.MultivariateFunctionPenaltyAdapterTest
Tests run: 5, Failures: 0, Errors: 0, Skipped: 0, Time elapsed: 0.021 sec
Running org.apache.commons.math3.optimization.direct.PowellOptimizerTest
Tests run: 4, Failures: 0, Errors: 0, Skipped: 0, Time elapsed: 0.011 sec
Running org.apache.commons.math3.optimization.direct.CMAESOptimizerTest
Tests run: 23, Failures: 0, Errors: 0, Skipped: 0, Time elapsed: 371.334 sec
Running org.apache.commons.math3.optimization.direct.MultivariateFunctionMappingAdapterTest
Tests run: 4, Failures: 0, Errors: 0, Skipped: 0, Time elapsed: 0.015 sec
Running org.apache.commons.math3.optimization.fitting.PolynomialFitterTest
Tests run: 7, Failures: 0, Errors: 0, Skipped: 0, Time elapsed: 0.961 sec
Running org.apache.commons.math3.optimization.fitting.HarmonicFitterTest
Tests run: 7, Failures: 1, Errors: 0, Skipped: 0, Time elapsed: 0.15 sec <<< FAILURE!
Running org.apache.commons.math3.optimization.fitting.CurveFitterTest
Tests run: 3, Failures: 0, Errors: 0, Skipped: 0, Time elapsed: 0.006 sec
Running org.apache.commons.math3.optimization.fitting.GaussianFitterTest
Tests run: 9, Failures: 0, Errors: 0, Skipped: 0, Time elapsed: 0.128 sec
Running org.apache.commons.math3.transform.FastCosineTransformerTest
Tests run: 18, Failures: 0, Errors: 0, Skipped: 0, Time elapsed: 0.101 sec
Running org.apache.commons.math3.transform.FastHadamardTransformerTest
Tests run: 4, Failures: 0, Errors: 0, Skipped: 0, Time elapsed: 0.004 sec
Running org.apache.commons.math3.transform.FastFourierTransformerTest
Tests run: 12, Failures: 0, Errors: 0, Skipped: 0, Time elapsed: 0.206 sec
Running org.apache.commons.math3.transform.FastSineTransformerTest
Tests run: 20, Failures: 0, Errors: 0, Skipped: 0, Time elapsed: 0.086 sec
Running org.apache.commons.math3.stat.descriptive.ListUnivariateImplTest
Tests run: 5, Failures: 0, Errors: 0, Skipped: 0, Time elapsed: 0.014 sec
Running org.apache.commons.math3.stat.descriptive.SynchronizedMultivariateSummaryStatisticsTest
Tests run: 10, Failures: 0, Errors: 0, Skipped: 0, Time elapsed: 0.027 sec
Running org.apache.commons.math3.stat.descriptive.moment.SemiVarianceTest
Tests run: 9, Failures: 0, Errors: 0, Skipped: 0, Time elapsed: 0.057 sec
Running org.apache.commons.math3.stat.descriptive.moment.MeanTest
Tests run: 14, Failures: 0, Errors: 0, Skipped: 0, Time elapsed: 0.017 sec
Running org.apache.commons.math3.stat.descriptive.moment.SkewnessTest
Tests run: 13, Failures: 0, Errors: 0, Skipped: 0, Time elapsed: 0.009 sec
Running org.apache.commons.math3.stat.descriptive.moment.StandardDeviationTest
Tests run: 14, Failures: 0, Errors: 0, Skipped: 0, Time elapsed: 0.014 sec
Running org.apache.commons.math3.stat.descriptive.moment.VectorialMeanTest
Tests run: 4, Failures: 0, Errors: 0, Skipped: 0, Time elapsed: 0.006 sec
Running org.apache.commons.math3.stat.descriptive.moment.FourthMomentTest
Tests run: 12, Failures: 0, Errors: 0, Skipped: 0, Time elapsed: 0.009 sec
Running org.apache.commons.math3.stat.descriptive.moment.FirstMomentTest
Tests run: 12, Failures: 0, Errors: 0, Skipped: 0, Time elapsed: 0.008 sec
Running org.apache.commons.math3.stat.descriptive.moment.KurtosisTest
Tests run: 13, Failures: 0, Errors: 0, Skipped: 0, Time elapsed: 0.014 sec
Running org.apache.commons.math3.stat.descriptive.moment.GeometricMeanTest
Tests run: 13, Failures: 0, Errors: 0, Skipped: 0, Time elapsed: 0.01 sec
Running org.apache.commons.math3.stat.descriptive.moment.InteractionTest
Tests run: 1, Failures: 0, Errors: 0, Skipped: 0, Time elapsed: 0.001 sec
Running org.apache.commons.math3.stat.descriptive.moment.VectorialCovarianceTest
Tests run: 4, Failures: 0, Errors: 0, Skipped: 0, Time elapsed: 0.004 sec
Running org.apache.commons.math3.stat.descriptive.moment.ThirdMomentTest
Tests run: 12, Failures: 0, Errors: 0, Skipped: 0, Time elapsed: 0.01 sec
Running org.apache.commons.math3.stat.descriptive.moment.VarianceTest
Tests run: 15, Failures: 0, Errors: 0, Skipped: 0, Time elapsed: 0.022 sec
Running org.apache.commons.math3.stat.descriptive.moment.SecondMomentTest
Tests run: 12, Failures: 0, Errors: 0, Skipped: 0, Time elapsed: 0.011 sec
Running org.apache.commons.math3.stat.descriptive.MixedListUnivariateImplTest
Tests run: 4, Failures: 0, Errors: 0, Skipped: 0, Time elapsed: 0.008 sec
Running org.apache.commons.math3.stat.descriptive.summary.SumTest
Tests run: 14, Failures: 0, Errors: 0, Skipped: 0, Time elapsed: 0.011 sec
Running org.apache.commons.math3.stat.descriptive.summary.ProductTest
Tests run: 14, Failures: 0, Errors: 0, Skipped: 0, Time elapsed: 0.014 sec
Running org.apache.commons.math3.stat.descriptive.summary.SumSqTest
Tests run: 13, Failures: 0, Errors: 0, Skipped: 0, Time elapsed: 0.017 sec
Running org.apache.commons.math3.stat.descriptive.summary.SumLogTest
Tests run: 13, Failures: 0, Errors: 0, Skipped: 0, Time elapsed: 0.009 sec
Running org.apache.commons.math3.stat.descriptive.AggregateSummaryStatisticsTest
Tests run: 5, Failures: 0, Errors: 0, Skipped: 0, Time elapsed: 0.012 sec
Running org.apache.commons.math3.stat.descriptive.StatisticalSummaryValuesTest
Tests run: 3, Failures: 0, Errors: 0, Skipped: 0, Time elapsed: 0.004 sec
Running org.apache.commons.math3.stat.descriptive.MultivariateSummaryStatisticsTest
Tests run: 10, Failures: 0, Errors: 0, Skipped: 0, Time elapsed: 0.016 sec
Running org.apache.commons.math3.stat.descriptive.AbstractUnivariateStatisticTest
Tests run: 2, Failures: 0, Errors: 0, Skipped: 0, Time elapsed: 0.002 sec
Running org.apache.commons.math3.stat.descriptive.DescriptiveStatisticsTest
Tests run: 10, Failures: 0, Errors: 0, Skipped: 0, Time elapsed: 0.023 sec
Running org.apache.commons.math3.stat.descriptive.SynchronizedSummaryStatisticsTest
Tests run: 13, Failures: 0, Errors: 0, Skipped: 0, Time elapsed: 0.015 sec
Running org.apache.commons.math3.stat.descriptive.rank.MaxTest
Tests run: 14, Failures: 0, Errors: 0, Skipped: 0, Time elapsed: 0.01 sec
Running org.apache.commons.math3.stat.descriptive.rank.MinTest
Tests run: 14, Failures: 0, Errors: 0, Skipped: 0, Time elapsed: 0.013 sec
Running org.apache.commons.math3.stat.descriptive.rank.MedianTest
Tests run: 5, Failures: 0, Errors: 0, Skipped: 0, Time elapsed: 0.005 sec
Running org.apache.commons.math3.stat.descriptive.rank.PercentileTest
Tests run: 14, Failures: 0, Errors: 0, Skipped: 0, Time elapsed: 0.011 sec
Running org.apache.commons.math3.stat.descriptive.SynchronizedDescriptiveStatisticsTest
Tests run: 10, Failures: 0, Errors: 0, Skipped: 0, Time elapsed: 0.017 sec
Running org.apache.commons.math3.stat.descriptive.SummaryStatisticsTest
Tests run: 13, Failures: 0, Errors: 0, Skipped: 0, Time elapsed: 0.014 sec
Running org.apache.commons.math3.stat.CertifiedDataTest
Tests run: 2, Failures: 0, Errors: 0, Skipped: 0, Time elapsed: 0.044 sec
Running org.apache.commons.math3.stat.ranking.NaturalRankingTest
Tests run: 7, Failures: 0, Errors: 0, Skipped: 0, Time elapsed: 0.017 sec
Running org.apache.commons.math3.stat.regression.OLSMultipleLinearRegressionTest
Tests run: 23, Failures: 0, Errors: 0, Skipped: 0, Time elapsed: 0.051 sec
Running org.apache.commons.math3.stat.regression.GLSMultipleLinearRegressionTest
Tests run: 21, Failures: 0, Errors: 0, Skipped: 0, Time elapsed: 55.104 sec
Running org.apache.commons.math3.stat.regression.SimpleRegressionTest
Tests run: 19, Failures: 0, Errors: 0, Skipped: 0, Time elapsed: 0.029 sec
Running org.apache.commons.math3.stat.regression.MillerUpdatingRegressionTest
Tests run: 17, Failures: 0, Errors: 0, Skipped: 0, Time elapsed: 1.012 sec
Running org.apache.commons.math3.stat.StatUtilsTest
Tests run: 16, Failures: 0, Errors: 0, Skipped: 0, Time elapsed: 0.011 sec
Running org.apache.commons.math3.stat.correlation.PearsonsCorrelationTest
Tests run: 8, Failures: 0, Errors: 0, Skipped: 0, Time elapsed: 0.028 sec
Running org.apache.commons.math3.stat.correlation.SpearmansRankCorrelationTest
Tests run: 9, Failures: 0, Errors: 0, Skipped: 0, Time elapsed: 0.015 sec
Running org.apache.commons.math3.stat.correlation.StorelessCovarianceTest
Tests run: 5, Failures: 0, Errors: 0, Skipped: 0, Time elapsed: 0.01 sec
Running org.apache.commons.math3.stat.correlation.CovarianceTest
Tests run: 5, Failures: 0, Errors: 0, Skipped: 0, Time elapsed: 0.009 sec
Running org.apache.commons.math3.stat.FrequencyTest
Tests run: 8, Failures: 0, Errors: 0, Skipped: 0, Time elapsed: 0.015 sec
Running org.apache.commons.math3.stat.data.LotteryTest
Tests run: 1, Failures: 0, Errors: 0, Skipped: 0, Time elapsed: 0.004 sec
Running org.apache.commons.math3.stat.data.LewTest
Tests run: 1, Failures: 0, Errors: 0, Skipped: 0, Time elapsed: 0.003 sec
Running org.apache.commons.math3.stat.inference.TTestTest
Tests run: 6, Failures: 0, Errors: 0, Skipped: 0, Time elapsed: 0.013 sec
Running org.apache.commons.math3.stat.inference.MannWhitneyUTestTest
Tests run: 3, Failures: 0, Errors: 0, Skipped: 0, Time elapsed: 0.012 sec
Running org.apache.commons.math3.stat.inference.ChiSquareTestTest
Tests run: 7, Failures: 0, Errors: 0, Skipped: 0, Time elapsed: 0.017 sec
Running org.apache.commons.math3.stat.inference.OneWayAnovaTest
Tests run: 3, Failures: 0, Errors: 0, Skipped: 0, Time elapsed: 0.006 sec
Running org.apache.commons.math3.stat.inference.TestUtilsTest
Tests run: 11, Failures: 0, Errors: 0, Skipped: 0, Time elapsed: 0.026 sec
Running org.apache.commons.math3.stat.inference.WilcoxonSignedRankTestTest
Tests run: 2, Failures: 0, Errors: 0, Skipped: 0, Time elapsed: 0.006 sec
Running org.apache.commons.math3.stat.clustering.EuclideanIntegerPointTest
Tests run: 4, Failures: 0, Errors: 0, Skipped: 0, Time elapsed: 0.005 sec
Running org.apache.commons.math3.stat.clustering.KMeansPlusPlusClustererTest
Tests run: 5, Failures: 0, Errors: 0, Skipped: 0, Time elapsed: 0.94 sec
Running org.apache.commons.math3.geometry.euclidean.twod.PolygonsSetTest
Tests run: 17, Failures: 0, Errors: 0, Skipped: 0, Time elapsed: 0.195 sec
Running org.apache.commons.math3.geometry.euclidean.twod.LineTest
Tests run: 8, Failures: 0, Errors: 0, Skipped: 0, Time elapsed: 0.008 sec
Running org.apache.commons.math3.geometry.euclidean.twod.SubLineTest
Tests run: 12, Failures: 0, Errors: 0, Skipped: 0, Time elapsed: 0.008 sec
Running org.apache.commons.math3.geometry.euclidean.threed.RotationTest
Tests run: 15, Failures: 0, Errors: 0, Skipped: 0, Time elapsed: 2.553 sec
Running org.apache.commons.math3.geometry.euclidean.threed.LineTest
Tests run: 6, Failures: 0, Errors: 0, Skipped: 0, Time elapsed: 0.006 sec
Running org.apache.commons.math3.geometry.euclidean.threed.Vector3DTest
Tests run: 24, Failures: 0, Errors: 0, Skipped: 0, Time elapsed: 0.198 sec
Running org.apache.commons.math3.geometry.euclidean.threed.SubLineTest
Tests run: 12, Failures: 0, Errors: 0, Skipped: 0, Time elapsed: 0.015 sec
Running org.apache.commons.math3.geometry.euclidean.threed.RotationOrderTest
Tests run: 1, Failures: 0, Errors: 0, Skipped: 0, Time elapsed: 0.001 sec
Running org.apache.commons.math3.geometry.euclidean.threed.PolyhedronsSetTest
Tests run: 6, Failures: 0, Errors: 0, Skipped: 0, Time elapsed: 0.26 sec
Running org.apache.commons.math3.geometry.euclidean.threed.PlaneTest
Tests run: 10, Failures: 0, Errors: 0, Skipped: 0, Time elapsed: 0.006 sec
Running org.apache.commons.math3.geometry.euclidean.threed.FrenchVector3DFormatTest
Tests run: 28, Failures: 0, Errors: 0, Skipped: 0, Time elapsed: 0.032 sec
Running org.apache.commons.math3.geometry.euclidean.threed.Vector3DFormatTest
Tests run: 28, Failures: 0, Errors: 0, Skipped: 0, Time elapsed: 0.016 sec
Running org.apache.commons.math3.geometry.euclidean.oned.IntervalsSetTest
Tests run: 4, Failures: 0, Errors: 0, Skipped: 0, Time elapsed: 0.003 sec
Running org.apache.commons.math3.geometry.partitioning.utilities.AVLTreeTest
Tests run: 5, Failures: 0, Errors: 0, Skipped: 0, Time elapsed: 0.005 sec
Running org.apache.commons.math3.distribution.NormalDistributionTest
Tests run: 15, Failures: 0, Errors: 0, Skipped: 0, Time elapsed: 0.051 sec
Running org.apache.commons.math3.distribution.BinomialDistributionTest
Tests run: 10, Failures: 0, Errors: 0, Skipped: 0, Time elapsed: 5.413 sec
Running org.apache.commons.math3.distribution.CauchyDistributionTest
Tests run: 11, Failures: 0, Errors: 0, Skipped: 0, Time elapsed: 0.024 sec
Running org.apache.commons.math3.distribution.FDistributionTest
Tests run: 14, Failures: 0, Errors: 0, Skipped: 0, Time elapsed: 0.369 sec
Running org.apache.commons.math3.distribution.BetaDistributionTest
Tests run: 3, Failures: 0, Errors: 0, Skipped: 0, Time elapsed: 0.106 sec
Running org.apache.commons.math3.distribution.WeibullDistributionTest
Tests run: 10, Failures: 0, Errors: 0, Skipped: 0, Time elapsed: 0.023 sec
Running org.apache.commons.math3.distribution.ChiSquaredDistributionTest
Tests run: 10, Failures: 0, Errors: 0, Skipped: 0, Time elapsed: 0.209 sec
Running org.apache.commons.math3.distribution.KolmogorovSmirnovDistributionTest
Tests run: 1, Failures: 0, Errors: 0, Skipped: 0, Time elapsed: 1.043 sec
Running org.apache.commons.math3.distribution.TriangularDistributionTest
Tests run: 13, Failures: 0, Errors: 0, Skipped: 0, Time elapsed: 0.018 sec
Running org.apache.commons.math3.distribution.HypergeometricDistributionTest
Tests run: 15, Failures: 0, Errors: 0, Skipped: 0, Time elapsed: 0.142 sec
Running org.apache.commons.math3.distribution.UniformRealDistributionTest
Tests run: 11, Failures: 0, Errors: 0, Skipped: 0, Time elapsed: 0.015 sec
Running org.apache.commons.math3.distribution.ZipfDistributionTest
Tests run: 9, Failures: 0, Errors: 0, Skipped: 0, Time elapsed: 0.196 sec
Running org.apache.commons.math3.distribution.GammaDistributionTest
Tests run: 18, Failures: 0, Errors: 0, Skipped: 0, Time elapsed: 0.339 sec
Running org.apache.commons.math3.distribution.LogNormalDistributionTest
Tests run: 14, Failures: 0, Errors: 0, Skipped: 0, Time elapsed: 2.234 sec
Running org.apache.commons.math3.distribution.AbstractRealDistributionTest
Tests run: 2, Failures: 0, Errors: 0, Skipped: 0, Time elapsed: 1.82 sec
Running org.apache.commons.math3.distribution.MultivariateNormalDistributionTest
Tests run: 4, Failures: 0, Errors: 0, Skipped: 0, Time elapsed: 6.396 sec
Running org.apache.commons.math3.distribution.AbstractIntegerDistributionTest
Tests run: 2, Failures: 0, Errors: 0, Skipped: 0, Time elapsed: 0.003 sec
Running org.apache.commons.math3.distribution.PascalDistributionTest
Tests run: 9, Failures: 0, Errors: 0, Skipped: 0, Time elapsed: 0.126 sec
Running org.apache.commons.math3.distribution.UniformIntegerDistributionTest
Tests run: 7, Failures: 0, Errors: 0, Skipped: 0, Time elapsed: 0.012 sec
Running org.apache.commons.math3.distribution.PoissonDistributionTest
Tests run: 14, Failures: 0, Errors: 0, Skipped: 0, Time elapsed: 0.105 sec
Running org.apache.commons.math3.distribution.TDistributionTest
Tests run: 13, Failures: 0, Errors: 0, Skipped: 0, Time elapsed: 0.385 sec
Running org.apache.commons.math3.distribution.ExponentialDistributionTest
Tests run: 13, Failures: 0, Errors: 0, Skipped: 0, Time elapsed: 0.016 sec
Running org.apache.commons.math3.util.MathArraysTest
Tests run: 24, Failures: 0, Errors: 0, Skipped: 0, Time elapsed: 0.112 sec
Running org.apache.commons.math3.util.PairTest
Tests run: 4, Failures: 0, Errors: 0, Skipped: 0, Time elapsed: 0.003 sec
Running org.apache.commons.math3.util.OpenIntToDoubleHashMapTest
Tests run: 17, Failures: 0, Errors: 0, Skipped: 0, Time elapsed: 0.197 sec
Running org.apache.commons.math3.util.IncrementorTest
Tests run: 10, Failures: 0, Errors: 0, Skipped: 0, Time elapsed: 0.006 sec
Running org.apache.commons.math3.util.ResizableDoubleArrayTest
Tests run: 14, Failures: 0, Errors: 0, Skipped: 0, Time elapsed: 0.016 sec
Running org.apache.commons.math3.util.MathUtilsTest
Tests run: 19, Failures: 0, Errors: 0, Skipped: 0, Time elapsed: 0.106 sec
Running org.apache.commons.math3.util.MultidimensionalCounterTest
Tests run: 5, Failures: 0, Errors: 0, Skipped: 0, Time elapsed: 0.006 sec
Running org.apache.commons.math3.util.FastMathStrictComparisonTest
Cannot find FastMath method corresponding to: public static int java.lang.StrictMath.addExact(int,int)
Cannot find FastMath method corresponding to: public static long java.lang.StrictMath.addExact(long,long)
Cannot find FastMath method corresponding to: public static int java.lang.StrictMath.multiplyExact(int,int)
Cannot find FastMath method corresponding to: public static long java.lang.StrictMath.multiplyExact(long,long)
Cannot find FastMath method corresponding to: public static long java.lang.StrictMath.subtractExact(long,long)
Cannot find FastMath method corresponding to: public static int java.lang.StrictMath.subtractExact(int,int)
Cannot find FastMath method corresponding to: public static int java.lang.StrictMath.toIntExact(long)
Cannot find FastMath method corresponding to: public static long java.lang.StrictMath.floorDiv(long,long)
Cannot find FastMath method corresponding to: public static int java.lang.StrictMath.floorDiv(int,int)
Cannot find FastMath method corresponding to: public static int java.lang.StrictMath.floorMod(int,int)
Cannot find FastMath method corresponding to: public static long java.lang.StrictMath.floorMod(long,long)
Cannot find FastMath method corresponding to: public static float java.lang.StrictMath.nextDown(float)
Cannot find FastMath method corresponding to: public static double java.lang.StrictMath.nextDown(double)
Tests run: 53, Failures: 0, Errors: 0, Skipped: 0, Time elapsed: 0.079 sec
Running org.apache.commons.math3.util.FastMathTest
FastMath does not implement: public static int java.lang.StrictMath.addExact(int,int)
FastMath does not implement: public static long java.lang.StrictMath.addExact(long,long)
FastMath does not implement: public static int java.lang.StrictMath.multiplyExact(int,int)
FastMath does not implement: public static long java.lang.StrictMath.multiplyExact(long,long)
FastMath does not implement: public static long java.lang.StrictMath.subtractExact(long,long)
FastMath does not implement: public static int java.lang.StrictMath.subtractExact(int,int)
FastMath does not implement: public static int java.lang.StrictMath.toIntExact(long)
FastMath does not implement: public static long java.lang.StrictMath.floorDiv(long,long)
FastMath does not implement: public static int java.lang.StrictMath.floorDiv(int,int)
FastMath does not implement: public static int java.lang.StrictMath.floorMod(int,int)
FastMath does not implement: public static long java.lang.StrictMath.floorMod(long,long)
FastMath does not implement: public static float java.lang.StrictMath.nextDown(float)
FastMath does not implement: public static double java.lang.StrictMath.nextDown(double)
Tests run: 45, Failures: 1, Errors: 0, Skipped: 1, Time elapsed: 411.479 sec <<< FAILURE!
Running org.apache.commons.math3.util.BigRealTest
Tests run: 14, Failures: 0, Errors: 0, Skipped: 0, Time elapsed: 0.015 sec
Running org.apache.commons.math3.util.PrecisionTest
Tests run: 14, Failures: 0, Errors: 0, Skipped: 0, Time elapsed: 0.019 sec
Running org.apache.commons.math3.util.ArithmeticUtilsTest
Tests run: 24, Failures: 0, Errors: 0, Skipped: 0, Time elapsed: 1.723 sec
Running org.apache.commons.math3.util.DefaultTransformerTest
Tests run: 7, Failures: 0, Errors: 0, Skipped: 0, Time elapsed: 0.004 sec
Running org.apache.commons.math3.util.Decimal64Test
Tests run: 8, Failures: 0, Errors: 0, Skipped: 0, Time elapsed: 0.005 sec
Running org.apache.commons.math3.util.OpenIntToFieldTest
Tests run: 17, Failures: 0, Errors: 0, Skipped: 0, Time elapsed: 0.108 sec
Running org.apache.commons.math3.util.ContinuedFractionTest
Tests run: 1, Failures: 0, Errors: 0, Skipped: 0, Time elapsed: 0.001 sec
Running org.apache.commons.math3.util.BigRealFieldTest
Tests run: 3, Failures: 0, Errors: 0, Skipped: 0, Time elapsed: 0.004 sec
Running org.apache.commons.math3.util.TransformerMapTest
Tests run: 8, Failures: 0, Errors: 0, Skipped: 0, Time elapsed: 0.016 sec
Running org.apache.commons.math3.analysis.differentiation.DerivativeStructureTest
Tests run: 55, Failures: 0, Errors: 0, Skipped: 0, Time elapsed: 13.707 sec
Running org.apache.commons.math3.analysis.differentiation.DSCompilerTest
Tests run: 5, Failures: 0, Errors: 0, Skipped: 0, Time elapsed: 0.017 sec
Running org.apache.commons.math3.analysis.integration.RombergIntegratorTest
Tests run: 3, Failures: 0, Errors: 0, Skipped: 0, Time elapsed: 0.002 sec
Running org.apache.commons.math3.analysis.integration.SimpsonIntegratorTest
Tests run: 3, Failures: 0, Errors: 0, Skipped: 0, Time elapsed: 0.003 sec
Running org.apache.commons.math3.analysis.integration.TrapezoidIntegratorTest
Tests run: 3, Failures: 0, Errors: 0, Skipped: 0, Time elapsed: 0.017 sec
Running org.apache.commons.math3.analysis.integration.gauss.LegendreHighPrecisionTest
Tests run: 2, Failures: 0, Errors: 0, Skipped: 0, Time elapsed: 9.484 sec
Running org.apache.commons.math3.analysis.integration.gauss.LegendreTest
Tests run: 2, Failures: 0, Errors: 0, Skipped: 0, Time elapsed: 0.349 sec
Running org.apache.commons.math3.analysis.integration.gauss.BaseRuleFactoryTest
Tests run: 1, Failures: 0, Errors: 0, Skipped: 0, Time elapsed: 0.035 sec
Running org.apache.commons.math3.analysis.integration.gauss.LegendreHighPrecisionParametricTest
Tests run: 30, Failures: 0, Errors: 0, Skipped: 0, Time elapsed: 1.535 sec
Running org.apache.commons.math3.analysis.integration.gauss.LegendreParametricTest
Tests run: 30, Failures: 0, Errors: 0, Skipped: 0, Time elapsed: 0.2 sec
Running org.apache.commons.math3.analysis.integration.IterativeLegendreGaussIntegratorTest
Tests run: 4, Failures: 0, Errors: 0, Skipped: 0, Time elapsed: 51.915 sec
Running org.apache.commons.math3.analysis.integration.LegendreGaussIntegratorTest
Tests run: 4, Failures: 0, Errors: 0, Skipped: 0, Time elapsed: 15.996 sec
Running org.apache.commons.math3.analysis.interpolation.TricubicSplineInterpolatingFunctionTest
Tests run: 3, Failures: 0, Errors: 0, Skipped: 0, Time elapsed: 0.087 sec
Running org.apache.commons.math3.analysis.interpolation.MicrosphereInterpolatorTest
Tests run: 2, Failures: 0, Errors: 0, Skipped: 0, Time elapsed: 3.288 sec
Running org.apache.commons.math3.analysis.interpolation.UnivariatePeriodicInterpolatorTest
Tests run: 5, Failures: 0, Errors: 0, Skipped: 0, Time elapsed: 0.01 sec
Running org.apache.commons.math3.analysis.interpolation.DividedDifferenceInterpolatorTest
Tests run: 3, Failures: 0, Errors: 0, Skipped: 0, Time elapsed: 0.006 sec
Running org.apache.commons.math3.analysis.interpolation.TricubicSplineInterpolatorTest
Tests run: 3, Failures: 0, Errors: 0, Skipped: 0, Time elapsed: 0.127 sec
Running org.apache.commons.math3.analysis.interpolation.LinearInterpolatorTest
Tests run: 4, Failures: 0, Errors: 0, Skipped: 0, Time elapsed: 0.003 sec
Running org.apache.commons.math3.analysis.interpolation.SmoothingPolynomialBicubicSplineInterpolatorTest
Tests run: 3, Failures: 0, Errors: 0, Skipped: 0, Time elapsed: 0.014 sec
Running org.apache.commons.math3.analysis.interpolation.HermiteInterpolatorTest
Tests run: 11, Failures: 0, Errors: 0, Skipped: 0, Time elapsed: 0.16 sec
Running org.apache.commons.math3.analysis.interpolation.BicubicSplineInterpolatorTest
Tests run: 3, Failures: 0, Errors: 0, Skipped: 0, Time elapsed: 0.005 sec
Running org.apache.commons.math3.analysis.interpolation.SplineInterpolatorTest
Tests run: 5, Failures: 0, Errors: 0, Skipped: 0, Time elapsed: 0.004 sec
Running org.apache.commons.math3.analysis.interpolation.LoessInterpolatorTest
Tests run: 20, Failures: 0, Errors: 0, Skipped: 0, Time elapsed: 0.171 sec
Running org.apache.commons.math3.analysis.interpolation.BicubicSplineInterpolatingFunctionTest
Tests run: 5, Failures: 0, Errors: 0, Skipped: 0, Time elapsed: 0.031 sec
Running org.apache.commons.math3.analysis.interpolation.NevilleInterpolatorTest
Tests run: 3, Failures: 0, Errors: 0, Skipped: 0, Time elapsed: 0.003 sec
Running org.apache.commons.math3.analysis.function.StepFunctionTest
Tests run: 9, Failures: 0, Errors: 0, Skipped: 0, Time elapsed: 0.006 sec
Running org.apache.commons.math3.analysis.function.LogitTest
Tests run: 14, Failures: 0, Errors: 0, Skipped: 0, Time elapsed: 0.01 sec
Running org.apache.commons.math3.analysis.function.GaussianTest
Tests run: 14, Failures: 0, Errors: 0, Skipped: 0, Time elapsed: 0.008 sec
Running org.apache.commons.math3.analysis.function.SincTest
Tests run: 6, Failures: 0, Errors: 0, Skipped: 0, Time elapsed: 0.021 sec
Running org.apache.commons.math3.analysis.function.HarmonicOscillatorTest
Tests run: 8, Failures: 0, Errors: 0, Skipped: 0, Time elapsed: 0.006 sec
Running org.apache.commons.math3.analysis.function.SqrtTest
Tests run: 2, Failures: 0, Errors: 0, Skipped: 0, Time elapsed: 0.004 sec
Running org.apache.commons.math3.analysis.function.SigmoidTest
Tests run: 8, Failures: 0, Errors: 0, Skipped: 0, Time elapsed: 0.005 sec
Running org.apache.commons.math3.analysis.function.LogisticTest
Tests run: 14, Failures: 0, Errors: 0, Skipped: 0, Time elapsed: 0.011 sec
Running org.apache.commons.math3.analysis.FunctionUtilsTest
Tests run: 14, Failures: 0, Errors: 0, Skipped: 0, Time elapsed: 0.015 sec
Running org.apache.commons.math3.analysis.polynomials.PolynomialSplineFunctionTest
Tests run: 2, Failures: 0, Errors: 0, Skipped: 0, Time elapsed: 0.001 sec
Running org.apache.commons.math3.analysis.polynomials.PolynomialFunctionTest
Tests run: 11, Failures: 0, Errors: 0, Skipped: 0, Time elapsed: 0.006 sec
Running org.apache.commons.math3.analysis.polynomials.PolynomialFunctionNewtonFormTest
Tests run: 4, Failures: 0, Errors: 0, Skipped: 0, Time elapsed: 0.002 sec
Running org.apache.commons.math3.analysis.polynomials.PolynomialsUtilsTest
Tests run: 18, Failures: 0, Errors: 0, Skipped: 0, Time elapsed: 15.247 sec
Running org.apache.commons.math3.analysis.polynomials.PolynomialFunctionLagrangeFormTest
Tests run: 4, Failures: 0, Errors: 0, Skipped: 0, Time elapsed: 0.003 sec
Running org.apache.commons.math3.analysis.solvers.PegasusSolverTest
Tests run: 8, Failures: 0, Errors: 0, Skipped: 0, Time elapsed: 0.009 sec
Running org.apache.commons.math3.analysis.solvers.MullerSolverTest
Tests run: 4, Failures: 0, Errors: 0, Skipped: 0, Time elapsed: 0.004 sec
Running org.apache.commons.math3.analysis.solvers.BracketingNthOrderBrentSolverTest
Tests run: 15, Failures: 0, Errors: 0, Skipped: 0, Time elapsed: 0.019 sec
Running org.apache.commons.math3.analysis.solvers.LaguerreSolverTest
Tests run: 5, Failures: 0, Errors: 0, Skipped: 0, Time elapsed: 0.008 sec
Running org.apache.commons.math3.analysis.solvers.MullerSolver2Test
Tests run: 4, Failures: 0, Errors: 0, Skipped: 0, Time elapsed: 0.005 sec
Running org.apache.commons.math3.analysis.solvers.IllinoisSolverTest
Tests run: 8, Failures: 0, Errors: 0, Skipped: 0, Time elapsed: 0.008 sec
Running org.apache.commons.math3.analysis.solvers.SecantSolverTest
Tests run: 8, Failures: 0, Errors: 0, Skipped: 0, Time elapsed: 0.01 sec
Running org.apache.commons.math3.analysis.solvers.UnivariateSolverUtilsTest
Tests run: 14, Failures: 0, Errors: 0, Skipped: 0, Time elapsed: 0.008 sec
Running org.apache.commons.math3.analysis.solvers.RiddersSolverTest
Tests run: 4, Failures: 0, Errors: 0, Skipped: 0, Time elapsed: 0.005 sec
Running org.apache.commons.math3.analysis.solvers.BisectionSolverTest
Tests run: 3, Failures: 0, Errors: 0, Skipped: 0, Time elapsed: 0.004 sec
Running org.apache.commons.math3.analysis.solvers.NewtonSolverTest
Tests run: 2, Failures: 0, Errors: 0, Skipped: 0, Time elapsed: 0.002 sec
Running org.apache.commons.math3.analysis.solvers.BrentSolverTest
Tests run: 6, Failures: 0, Errors: 0, Skipped: 0, Time elapsed: 0.008 sec
Running org.apache.commons.math3.analysis.solvers.RegulaFalsiSolverTest
Tests run: 9, Failures: 0, Errors: 0, Skipped: 0, Time elapsed: 0.016 sec

Results :

Failed tests:   testMath844(org.apache.commons.math3.optimization.fitting.HarmonicFitterTest): Expected exception: org.apache.commons.math3.exception.MathIllegalStateException
  checkMissingFastMathClasses(org.apache.commons.math3.util.FastMathTest): FastMath should implement all StrictMath methods

Tests run: 4049, Failures: 2, Errors: 0, Skipped: 42

[INFO] ------------------------------------------------------------------------
[INFO] BUILD FAILURE
[INFO] ------------------------------------------------------------------------
[INFO] Total time: 21:26 min
[INFO] Finished at: 2018-07-31T21:01:33+02:00
[INFO] Final Memory: 54M/1195M
[INFO] ------------------------------------------------------------------------
[ERROR] Failed to execute goal org.apache.maven.plugins:maven-surefire-plugin:2.12:test (default-test) on project commons-math3: There are test failures.
[ERROR] 
[ERROR] Please refer to /tmp/icse19/dataset/august-2018/bugs-dot-jar/commons-math_buggy/target/surefire-reports for the individual test results.
[ERROR] -> [Help 1]
[ERROR] 
[ERROR] To see the full stack trace of the errors, re-run Maven with the -e switch.
[ERROR] Re-run Maven using the -X switch to enable full debug logging.
[ERROR] 
[ERROR] For more information about the errors and possible solutions, please read the following articles:
[ERROR] [Help 1] http://cwiki.apache.org/confluence/display/MAVEN/MojoFailureException
Writing HTML report to '/tmp/icse19/dataset/august-2018/bugs-dot-jar/commons-math_buggy/target/clover/report'
ERROR: Invalid Java source found or Clover failed to parse it: /tmp/icse19/dataset/august-2018/bugs-dot-jar/commons-math_buggy/src/main/java/org/apache/commons/math3/geometry/partitioning/utilities/AVLTree.java
Done. Processed 49 packages in 33043ms (674ms per package).
[INFO] 
[INFO] ------------------------------------------------------------------------
[INFO] BUILD SUCCESS
[INFO] ------------------------------------------------------------------------
[INFO] Total time: 22:10 min
[INFO] Finished at: 2018-07-31T21:02:12+02:00
[INFO] Final Memory: 46M/1310M
[INFO] ------------------------------------------------------------------------
cd dataset/august-2018/bugs-dot-jar/commons-math_buggy/ && ~/apache-maven-3.3.9/bin/mvn clean versions:use-latest-versions -Dincludes=junit:junit eu.stamp-project:diff-test-selection:0.2:list -DpathToDiff=.bugs-dot-jar/developer-patch.diff -DpathToOtherVersion=../commons-math_fixed/ -DoutputPath=../../commons-math/data_test-selection_bugs-dot-jar_MATH-848_ad252a8c.csv -Dreport=CSV
rm -rf commons-math_fixed
