rm -rf dataset/august-2018/bugs-dot-jar/commons-math_buggy
cp -r dataset/august-2018/bugs-dot-jar/commons-math dataset/august-2018/bugs-dot-jar/commons-math_buggy
fatal: /usr/lib/git-core/git-stash cannot be used without a working tree.
cd dataset/august-2018/bugs-dot-jar/commons-math_buggy && git stash && git checkout   remotes/origin/bugs-dot-jar_MATH-326_ce185345 && ~/apache-maven-3.3.9/bin/mvn clean install -DskipTests
rm -rf dataset/august-2018/bugs-dot-jar/commons-math_fixed
cp -r dataset/august-2018/bugs-dot-jar/commons-math_buggy dataset/august-2018/bugs-dot-jar/commons-math_fixed
patching file src/main/java/org/apache/commons/math/distribution/NormalDistributionImpl.java
cd dataset/august-2018/bugs-dot-jar/commons-math_fixed && patch -p1 < .bugs-dot-jar/developer-patch.diff
[INFO] Scanning for projects...
[WARNING] 
[WARNING] Some problems were encountered while building the effective model for org.apache.commons:commons-math:jar:3.0-SNAPSHOT
[WARNING] 'build.plugins.plugin.version' for org.apache.maven.plugins:maven-idea-plugin is missing. @ org.apache.commons:commons-parent:15, /home/spirals/danglot/.m2/repository/org/apache/commons/commons-parent/15/commons-parent-15.pom, line 329, column 15
[WARNING] 
[WARNING] It is highly recommended to fix these problems because they threaten the stability of your build.
[WARNING] 
[WARNING] For this reason, future Maven versions might no longer support building such malformed projects.
[WARNING] 
Downloading: https://repo.maven.apache.org/maven2/org/apache/maven/plugins/maven-site-plugin/2.0.1/maven-site-plugin-2.0.1.pom
3/14 KB   5/14 KB   8/14 KB   11/14 KB   13/14 KB   14/14 KB              Downloaded: https://repo.maven.apache.org/maven2/org/apache/maven/plugins/maven-site-plugin/2.0.1/maven-site-plugin-2.0.1.pom (14 KB at 15.3 KB/sec)
Downloading: https://repo.maven.apache.org/maven2/org/apache/maven/plugins/maven-site-plugin/2.0.1/maven-site-plugin-2.0.1.jar
3/79 KB    5/79 KB   8/79 KB   11/79 KB   13/79 KB   16/79 KB   19/79 KB   21/79 KB   24/79 KB   27/79 KB   29/79 KB   32/79 KB   36/79 KB   40/79 KB   44/79 KB   48/79 KB   52/79 KB   56/79 KB   60/79 KB   64/79 KB   68/79 KB   72/79 KB   76/79 KB   79/79 KB              Downloaded: https://repo.maven.apache.org/maven2/org/apache/maven/plugins/maven-site-plugin/2.0.1/maven-site-plugin-2.0.1.jar (79 KB at 90.3 KB/sec)
Downloading: https://repo.maven.apache.org/maven2/org/apache/maven/plugins/maven-gpg-plugin/1.0/maven-gpg-plugin-1.0.pom
4/5 KB     5/5 KB            Downloaded: https://repo.maven.apache.org/maven2/org/apache/maven/plugins/maven-gpg-plugin/1.0/maven-gpg-plugin-1.0.pom (5 KB at 19.7 KB/sec)
Downloading: https://repo.maven.apache.org/maven2/org/apache/maven/plugins/maven-gpg-plugin/1.0/maven-gpg-plugin-1.0.jar
3/30 KB   5/30 KB   8/30 KB   11/30 KB   13/30 KB   16/30 KB   19/30 KB   21/30 KB   24/30 KB   27/30 KB   29/30 KB   30/30 KB              Downloaded: https://repo.maven.apache.org/maven2/org/apache/maven/plugins/maven-gpg-plugin/1.0/maven-gpg-plugin-1.0.jar (30 KB at 81.2 KB/sec)
Downloading: https://repo.maven.apache.org/maven2/org/apache/maven/plugins/maven-plugin-plugin/2.5.1/maven-plugin-plugin-2.5.1.pom
3/11 KB    5/11 KB   8/11 KB   11/11 KB              Downloaded: https://repo.maven.apache.org/maven2/org/apache/maven/plugins/maven-plugin-plugin/2.5.1/maven-plugin-plugin-2.5.1.pom (11 KB at 34.5 KB/sec)
Downloading: https://repo.maven.apache.org/maven2/org/apache/maven/plugins/maven-plugin-plugin/2.5.1/maven-plugin-plugin-2.5.1.jar
3/38 KB    5/38 KB   8/38 KB   11/38 KB   13/38 KB   16/38 KB   19/38 KB   21/38 KB   24/38 KB   27/38 KB   29/38 KB   32/38 KB   35/38 KB   37/38 KB   38/38 KB              Downloaded: https://repo.maven.apache.org/maven2/org/apache/maven/plugins/maven-plugin-plugin/2.5.1/maven-plugin-plugin-2.5.1.jar (38 KB at 68.7 KB/sec)
Downloading: https://repo.maven.apache.org/maven2/org/apache/maven/plugins/maven-scm-plugin/1.2/maven-scm-plugin-1.2.pom
3/7 KB     5/7 KB   7/7 KB            Downloaded: https://repo.maven.apache.org/maven2/org/apache/maven/plugins/maven-scm-plugin/1.2/maven-scm-plugin-1.2.pom (7 KB at 23.8 KB/sec)
Downloading: https://repo.maven.apache.org/maven2/org/apache/maven/plugins/maven-scm-plugin/1.2/maven-scm-plugin-1.2.jar
3/52 KB   5/52 KB   8/52 KB   11/52 KB   13/52 KB   16/52 KB   19/52 KB   21/52 KB   24/52 KB   27/52 KB   29/52 KB   32/52 KB   36/52 KB   40/52 KB   44/52 KB   48/52 KB   52/52 KB              Downloaded: https://repo.maven.apache.org/maven2/org/apache/maven/plugins/maven-scm-plugin/1.2/maven-scm-plugin-1.2.jar (52 KB at 78.9 KB/sec)
Downloading: https://repo.maven.apache.org/maven2/org/codehaus/modello/modello-maven-plugin/1.1/modello-maven-plugin-1.1.pom
3/6 KB     5/6 KB   6/6 KB            Downloaded: https://repo.maven.apache.org/maven2/org/codehaus/modello/modello-maven-plugin/1.1/modello-maven-plugin-1.1.pom (6 KB at 10.0 KB/sec)
Downloading: https://repo.maven.apache.org/maven2/org/codehaus/modello/modello/1.1/modello-1.1.pom
3/22 KB   5/22 KB   8/22 KB   11/22 KB   13/22 KB   16/22 KB   19/22 KB   21/22 KB   22/22 KB              Downloaded: https://repo.maven.apache.org/maven2/org/codehaus/modello/modello/1.1/modello-1.1.pom (22 KB at 31.1 KB/sec)
Downloading: https://repo.maven.apache.org/maven2/org/codehaus/modello/modello-maven-plugin/1.1/modello-maven-plugin-1.1.jar
3/23 KB    5/23 KB   8/23 KB   11/23 KB   13/23 KB   16/23 KB   19/23 KB   21/23 KB   23/23 KB              Downloaded: https://repo.maven.apache.org/maven2/org/codehaus/modello/modello-maven-plugin/1.1/modello-maven-plugin-1.1.jar (23 KB at 41.8 KB/sec)
[INFO]                                                                         
[INFO] ------------------------------------------------------------------------
[INFO] Building Commons Math 3.0-SNAPSHOT
[INFO] ------------------------------------------------------------------------
[INFO] 
[INFO] --- maven-clean-plugin:2.4:clean (default-clean) @ commons-math ---
[INFO] 
[INFO] --- versions-maven-plugin:2.5:use-latest-versions (default-cli) @ commons-math ---
[INFO] Major version changes allowed
[INFO] Updated junit:junit:jar:4.4 to version 4.12
[INFO] 
[INFO] --- diff-test-selection:0.2:list (default-cli) @ commons-math ---
[INFO] /tmp/icse19/dataset/august-2018/bugs-dot-jar/commons-math_buggy
[WARN] Maven will be executed in interactive mode, but no input stream has been configured for this MavenInvoker instance.
[INFO] Scanning for projects...
[WARNING] 
[WARNING] Some problems were encountered while building the effective model for org.apache.commons:commons-math:jar:3.0-SNAPSHOT
[WARNING] 'build.plugins.plugin.version' for org.apache.maven.plugins:maven-idea-plugin is missing. @ org.apache.commons:commons-parent:15, /home/spirals/danglot/.m2/repository/org/apache/commons/commons-parent/15/commons-parent-15.pom, line 329, column 15
[WARNING] 
[WARNING] It is highly recommended to fix these problems because they threaten the stability of your build.
[WARNING] 
[WARNING] For this reason, future Maven versions might no longer support building such malformed projects.
[WARNING] 
[INFO]                                                                         
[INFO] ------------------------------------------------------------------------
[INFO] Building Commons Math 3.0-SNAPSHOT
[INFO] ------------------------------------------------------------------------
[INFO] 
[INFO] --- maven-clean-plugin:2.4:clean (default-clean) @ commons-math ---
[INFO] 
[INFO] --- clover-maven-plugin:4.2.0:setup (default-cli) @ commons-math ---
[INFO] No 'maven.clover.licenseLocation' configured. Using default license.
[INFO] OpenClover Version 4.2.0, built on April 30 2017 (build-1000)
[INFO] Loaded from: /home/spirals/danglot/.m2/repository/org/openclover/clover/4.2.0/clover-4.2.0.jar
[INFO] Clover free edition.
[INFO] Creating new database at '/tmp/icse19/dataset/august-2018/bugs-dot-jar/commons-math_buggy/target/clover/clover.db'.
[INFO] Processing files at 1.8 source level.
[INFO] Clover all over. Instrumented 493 files (40 packages).
[INFO] Elapsed time = 13.278 secs. (37.129 files/sec, 7,835.969 srclines/sec)
[INFO] OpenClover Version 4.2.0, built on April 30 2017 (build-1000)
[INFO] Loaded from: /home/spirals/danglot/.m2/repository/org/openclover/clover/4.2.0/clover-4.2.0.jar
[INFO] Clover free edition.
[INFO] Updating existing database at '/tmp/icse19/dataset/august-2018/bugs-dot-jar/commons-math_buggy/target/clover/clover.db'.
[INFO] Processing files at 1.8 source level.
[INFO] Clover all over. Instrumented 289 files (40 packages).
[INFO] 1800 test methods detected.
[INFO] Elapsed time = 10.763 secs. (26.851 files/sec, 5,722.011 srclines/sec)
[INFO] 
[INFO] --- maven-antrun-plugin:1.3:run (javadoc.resources) @ commons-math ---
[INFO] Executing tasks
     [copy] Copying 2 files to /tmp/icse19/dataset/august-2018/bugs-dot-jar/commons-math_buggy/target/apidocs/META-INF
[INFO] Executed tasks
[INFO] 
[INFO] --- maven-remote-resources-plugin:1.0:process (default) @ commons-math ---
[INFO] Setting property: classpath.resource.loader.class => 'org.codehaus.plexus.velocity.ContextClassLoaderResourceLoader'.
[INFO] Setting property: velocimacro.messages.on => 'false'.
[INFO] Setting property: resource.loader => 'classpath'.
[INFO] Setting property: resource.manager.logwhenfound => 'false'.
[INFO] 
[INFO] --- maven-resources-plugin:2.4.1:resources (default-resources) @ commons-math ---
[INFO] Using 'UTF-8' encoding to copy filtered resources.
[INFO] Copying 2 resources to META-INF
[INFO] Copying 1 resource to META-INF/localization
[INFO] Copying 1 resource
[INFO] 
[INFO] --- maven-compiler-plugin:2.1:compile (default-compile) @ commons-math ---
[INFO] Compiling 493 source files to /tmp/icse19/dataset/august-2018/bugs-dot-jar/commons-math_buggy/target/classes
[INFO] 
[INFO] --- maven-bundle-plugin:1.4.3:manifest (bundle-manifest) @ commons-math ---
[INFO] 
[INFO] --- maven-resources-plugin:2.4.1:testResources (default-testResources) @ commons-math ---
[INFO] Using 'UTF-8' encoding to copy filtered resources.
[INFO] Copying 11 resources
[INFO] 
[INFO] --- maven-compiler-plugin:2.1:testCompile (default-testCompile) @ commons-math ---
[INFO] Compiling 289 source files to /tmp/icse19/dataset/august-2018/bugs-dot-jar/commons-math_buggy/target/test-classes
[INFO] 
[INFO] --- maven-surefire-plugin:2.5:test (default-test) @ commons-math ---
[INFO] Surefire report directory: /tmp/icse19/dataset/august-2018/bugs-dot-jar/commons-math_buggy/target/surefire-reports

-------------------------------------------------------
 T E S T S
-------------------------------------------------------
Running org.apache.commons.math.stat.data.LotteryTest
Tests run: 1, Failures: 0, Errors: 0, Skipped: 0, Time elapsed: 0.438 sec
Running org.apache.commons.math.ode.sampling.StepNormalizerTest
Tests run: 2, Failures: 0, Errors: 0, Skipped: 0, Time elapsed: 0.213 sec
Running org.apache.commons.math.linear.FieldMatrixImplTest
Tests run: 36, Failures: 0, Errors: 0, Skipped: 0, Time elapsed: 1.242 sec
Running org.apache.commons.math.stat.descriptive.AggregateSummaryStatisticsTest
Tests run: 5, Failures: 0, Errors: 0, Skipped: 0, Time elapsed: 0.05 sec
Running org.apache.commons.math.geometry.RotationOrderTest
Tests run: 1, Failures: 0, Errors: 0, Skipped: 0, Time elapsed: 0.027 sec
Running org.apache.commons.math.analysis.solvers.NewtonSolverTest
Tests run: 2, Failures: 0, Errors: 0, Skipped: 0, Time elapsed: 0.078 sec
Running org.apache.commons.math.linear.CholeskyDecompositionImplTest
Tests run: 9, Failures: 0, Errors: 0, Skipped: 0, Time elapsed: 0.072 sec
Running org.apache.commons.math.linear.Array2DRowRealMatrixTest
Tests run: 38, Failures: 0, Errors: 0, Skipped: 0, Time elapsed: 0.243 sec
Running org.apache.commons.math.linear.SparseRealMatrixTest
Tests run: 27, Failures: 0, Errors: 0, Skipped: 0, Time elapsed: 0.126 sec
Running org.apache.commons.math.util.OpenIntToFieldTest
Tests run: 17, Failures: 0, Errors: 0, Skipped: 0, Time elapsed: 0.244 sec
Running org.apache.commons.math.dfp.DfpTest
Tests run: 22, Failures: 0, Errors: 0, Skipped: 0, Time elapsed: 2.499 sec
Running org.apache.commons.math.stat.clustering.KMeansPlusPlusClustererTest
Tests run: 3, Failures: 0, Errors: 0, Skipped: 0, Time elapsed: 1.051 sec
Running org.apache.commons.math.exception.MatrixDimensionMismatchExceptionTest
Tests run: 1, Failures: 0, Errors: 0, Skipped: 0, Time elapsed: 0.004 sec
Running org.apache.commons.math.optimization.fitting.PolynomialFitterTest
Tests run: 4, Failures: 0, Errors: 0, Skipped: 0, Time elapsed: 0.306 sec
Running org.apache.commons.math.util.MultidimensionalCounterTest
Tests run: 5, Failures: 0, Errors: 0, Skipped: 0, Time elapsed: 0.02 sec
Running org.apache.commons.math.linear.ArrayRealVectorTest
Tests run: 9, Failures: 0, Errors: 0, Skipped: 0, Time elapsed: 0.086 sec
Running org.apache.commons.math.distribution.HypergeometricDistributionTest
Tests run: 13, Failures: 0, Errors: 0, Skipped: 0, Time elapsed: 6.99 sec
Running org.apache.commons.math.random.RandomAdaptorTest
Tests run: 30, Failures: 0, Errors: 0, Skipped: 0, Time elapsed: 24.971 sec
Running org.apache.commons.math.exception.OutOfRangeExceptionTest
Tests run: 1, Failures: 0, Errors: 0, Skipped: 0, Time elapsed: 0.003 sec
Running org.apache.commons.math.analysis.solvers.SecantSolverTest
Tests run: 4, Failures: 0, Errors: 0, Skipped: 0, Time elapsed: 0.011 sec
Running org.apache.commons.math.ode.FirstOrderConverterTest
Tests run: 4, Failures: 0, Errors: 0, Skipped: 0, Time elapsed: 0.191 sec
Running org.apache.commons.math.stat.descriptive.SynchronizedSummaryStatisticsTest
Tests run: 10, Failures: 0, Errors: 0, Skipped: 0, Time elapsed: 0.057 sec
Running org.apache.commons.math.stat.inference.TestUtilsTest
Tests run: 11, Failures: 0, Errors: 0, Skipped: 0, Time elapsed: 0.034 sec
Running org.apache.commons.math.exception.NonMonotonousSequenceExceptionTest
Tests run: 1, Failures: 0, Errors: 0, Skipped: 0, Time elapsed: 0.008 sec
Running org.apache.commons.math.stat.data.LewTest
Tests run: 1, Failures: 0, Errors: 0, Skipped: 0, Time elapsed: 0.01 sec
Running org.apache.commons.math.optimization.fitting.ParametricGaussianFunctionTest
Tests run: 5, Failures: 0, Errors: 0, Skipped: 0, Time elapsed: 0.023 sec
Running org.apache.commons.math.distribution.GammaDistributionTest
Tests run: 12, Failures: 0, Errors: 0, Skipped: 0, Time elapsed: 0.13 sec
Running org.apache.commons.math.stat.descriptive.rank.MedianTest
Tests run: 3, Failures: 0, Errors: 0, Skipped: 0, Time elapsed: 0.009 sec
Running org.apache.commons.math.ode.nonstiff.DormandPrince54StepInterpolatorTest
Tests run: 3, Failures: 0, Errors: 0, Skipped: 0, Time elapsed: 0.226 sec
Running org.apache.commons.math.distribution.ZipfDistributionTest
Tests run: 7, Failures: 0, Errors: 0, Skipped: 0, Time elapsed: 0.423 sec
Running org.apache.commons.math.stat.CertifiedDataTest
Tests run: 2, Failures: 0, Errors: 0, Skipped: 0, Time elapsed: 0.088 sec
Running org.apache.commons.math.ode.nonstiff.HighamHall54IntegratorTest
Tests run: 9, Failures: 0, Errors: 0, Skipped: 0, Time elapsed: 0.274 sec
Running org.apache.commons.math.complex.FrenchComplexFormatTest
Tests run: 35, Failures: 0, Errors: 0, Skipped: 0, Time elapsed: 0.075 sec
Running org.apache.commons.math.analysis.solvers.MullerSolver2Test
Tests run: 4, Failures: 0, Errors: 0, Skipped: 0, Time elapsed: 0.014 sec
Running org.apache.commons.math.ode.nonstiff.MidpointStepInterpolatorTest
Tests run: 2, Failures: 0, Errors: 0, Skipped: 0, Time elapsed: 0.094 sec
Running org.apache.commons.math.analysis.polynomials.PolynomialsUtilsTest
Tests run: 10, Failures: 0, Errors: 0, Skipped: 0, Time elapsed: 0.078 sec
Running org.apache.commons.math.genetics.FixedGenerationCountTest
Tests run: 1, Failures: 0, Errors: 0, Skipped: 0, Time elapsed: 0.006 sec
Running org.apache.commons.math.optimization.direct.SimplexOptimizerMultiDirectionalTest
Tests run: 4, Failures: 0, Errors: 0, Skipped: 0, Time elapsed: 0.06 sec
Running org.apache.commons.math.optimization.general.GaussNewtonOptimizerTest
Tests run: 15, Failures: 0, Errors: 0, Skipped: 0, Time elapsed: 0.047 sec
Running org.apache.commons.math.fraction.BigFractionFormatTest
Tests run: 19, Failures: 0, Errors: 0, Skipped: 0, Time elapsed: 0.04 sec
Running org.apache.commons.math.stat.descriptive.MixedListUnivariateImplTest
Tests run: 4, Failures: 0, Errors: 0, Skipped: 0, Time elapsed: 0.016 sec
Running org.apache.commons.math.random.RandomDataTest
Tests run: 29, Failures: 0, Errors: 0, Skipped: 0, Time elapsed: 22.35 sec
Running org.apache.commons.math.distribution.FDistributionTest
Tests run: 12, Failures: 0, Errors: 0, Skipped: 0, Time elapsed: 0.181 sec
Running org.apache.commons.math.util.IncrementorTest
Tests run: 5, Failures: 0, Errors: 0, Skipped: 0, Time elapsed: 0.008 sec
Running org.apache.commons.math.ode.sampling.NordsieckStepInterpolatorTest
Tests run: 2, Failures: 0, Errors: 0, Skipped: 0, Time elapsed: 0.307 sec
Running org.apache.commons.math.stat.inference.TTestFactoryTest
Tests run: 6, Failures: 0, Errors: 0, Skipped: 0, Time elapsed: 0.022 sec
Running org.apache.commons.math.stat.descriptive.moment.SkewnessTest
Tests run: 11, Failures: 0, Errors: 0, Skipped: 0, Time elapsed: 0.034 sec
Running org.apache.commons.math.special.GammaTest
Tests run: 14, Failures: 0, Errors: 0, Skipped: 0, Time elapsed: 0.048 sec
Running org.apache.commons.math.ode.nonstiff.EulerStepInterpolatorTest
Tests run: 5, Failures: 0, Errors: 0, Skipped: 0, Time elapsed: 0.128 sec
Running org.apache.commons.math.analysis.integration.RombergIntegratorTest
Tests run: 3, Failures: 0, Errors: 0, Skipped: 0, Time elapsed: 0.02 sec
Running org.apache.commons.math.ode.nonstiff.HighamHall54StepInterpolatorTest
Tests run: 3, Failures: 0, Errors: 0, Skipped: 0, Time elapsed: 0.16 sec
Running org.apache.commons.math.analysis.integration.LegendreGaussIntegratorTest
Tests run: 3, Failures: 0, Errors: 0, Skipped: 0, Time elapsed: 0.029 sec
Running org.apache.commons.math.stat.descriptive.SummaryStatisticsTest
Tests run: 10, Failures: 0, Errors: 0, Skipped: 0, Time elapsed: 0.023 sec
Running org.apache.commons.math.ode.nonstiff.MidpointIntegratorTest
Tests run: 6, Failures: 0, Errors: 0, Skipped: 0, Time elapsed: 0.864 sec
Running org.apache.commons.math.stat.descriptive.moment.FirstMomentTest
Tests run: 10, Failures: 0, Errors: 0, Skipped: 0, Time elapsed: 0.013 sec
Running org.apache.commons.math.stat.descriptive.moment.StandardDeviationTest
Tests run: 12, Failures: 0, Errors: 0, Skipped: 0, Time elapsed: 0.02 sec
Running org.apache.commons.math.complex.ComplexTest
Tests run: 98, Failures: 0, Errors: 0, Skipped: 0, Time elapsed: 0.125 sec
Running org.apache.commons.math.distribution.BetaDistributionTest
Tests run: 2, Failures: 0, Errors: 0, Skipped: 0, Time elapsed: 0.077 sec
Running org.apache.commons.math.special.BetaTest
Tests run: 17, Failures: 0, Errors: 0, Skipped: 0, Time elapsed: 0.024 sec
Running org.apache.commons.math.special.ErfTest
Tests run: 6, Failures: 0, Errors: 0, Skipped: 0, Time elapsed: 0.014 sec
Running org.apache.commons.math.ode.nonstiff.GillIntegratorTest
Tests run: 8, Failures: 0, Errors: 0, Skipped: 0, Time elapsed: 1.356 sec
Running org.apache.commons.math.random.EmpiricalDistributionTest
Tests run: 12, Failures: 0, Errors: 0, Skipped: 0, Time elapsed: 0.285 sec
Running org.apache.commons.math.stat.descriptive.MultivariateSummaryStatisticsTest
Tests run: 10, Failures: 0, Errors: 0, Skipped: 0, Time elapsed: 0.058 sec
Running org.apache.commons.math.stat.descriptive.StatisticalSummaryValuesTest
Tests run: 3, Failures: 0, Errors: 0, Skipped: 0, Time elapsed: 0.01 sec
Running org.apache.commons.math.stat.regression.OLSMultipleLinearRegressionTest
Tests run: 19, Failures: 0, Errors: 0, Skipped: 0, Time elapsed: 0.097 sec
Running org.apache.commons.math.random.Well19937cTest
Tests run: 1, Failures: 0, Errors: 0, Skipped: 0, Time elapsed: 0.019 sec
Running org.apache.commons.math.fraction.BigFractionFieldTest
Tests run: 3, Failures: 0, Errors: 0, Skipped: 0, Time elapsed: 0.009 sec
Running org.apache.commons.math.random.AbstractRandomGeneratorTest
Tests run: 31, Failures: 0, Errors: 0, Skipped: 0, Time elapsed: 25.608 sec
Running org.apache.commons.math.ode.nonstiff.GraggBulirschStoerStepInterpolatorTest
Tests run: 3, Failures: 0, Errors: 0, Skipped: 0, Time elapsed: 0.189 sec
Running org.apache.commons.math.genetics.GeneticAlgorithmTestBinary
Tests run: 1, Failures: 0, Errors: 0, Skipped: 0, Time elapsed: 0.144 sec
Running org.apache.commons.math.linear.BiDiagonalTransformerTest
Tests run: 8, Failures: 0, Errors: 0, Skipped: 0, Time elapsed: 0.028 sec
Running org.apache.commons.math.util.DefaultTransformerTest
Tests run: 7, Failures: 0, Errors: 0, Skipped: 0, Time elapsed: 0.016 sec
Running org.apache.commons.math.linear.LUDecompositionImplTest
Tests run: 9, Failures: 0, Errors: 0, Skipped: 0, Time elapsed: 0.035 sec
Running org.apache.commons.math.random.ValueServerTest
Tests run: 8, Failures: 0, Errors: 0, Skipped: 0, Time elapsed: 0.131 sec
Running org.apache.commons.math.stat.descriptive.moment.MeanTest
Tests run: 12, Failures: 0, Errors: 0, Skipped: 0, Time elapsed: 0.021 sec
Running org.apache.commons.math.util.BigRealFieldTest
Tests run: 3, Failures: 0, Errors: 0, Skipped: 0, Time elapsed: 0.014 sec
Running org.apache.commons.math.linear.QRDecompositionImplTest
Tests run: 6, Failures: 0, Errors: 0, Skipped: 0, Time elapsed: 1.016 sec
Running org.apache.commons.math.analysis.interpolation.NevilleInterpolatorTest
Tests run: 3, Failures: 0, Errors: 0, Skipped: 0, Time elapsed: 0.011 sec
Running org.apache.commons.math.stat.descriptive.moment.VarianceTest
Tests run: 13, Failures: 0, Errors: 0, Skipped: 0, Time elapsed: 0.016 sec
Running org.apache.commons.math.genetics.OnePointCrossoverTest
Tests run: 1, Failures: 0, Errors: 0, Skipped: 0, Time elapsed: 0.006 sec
Running org.apache.commons.math.stat.ranking.NaturalRankingTest
Tests run: 7, Failures: 0, Errors: 0, Skipped: 0, Time elapsed: 0.019 sec
Running org.apache.commons.math.optimization.linear.SimplexSolverTest
Tests run: 18, Failures: 0, Errors: 0, Skipped: 0, Time elapsed: 2.398 sec
Running org.apache.commons.math.stat.descriptive.moment.FourthMomentTest
Tests run: 10, Failures: 0, Errors: 0, Skipped: 0, Time elapsed: 0.014 sec
Running org.apache.commons.math.ode.nonstiff.DormandPrince853StepInterpolatorTest
Tests run: 3, Failures: 0, Errors: 0, Skipped: 0, Time elapsed: 0.092 sec
Running org.apache.commons.math.linear.BlockRealMatrixTest
Tests run: 48, Failures: 0, Errors: 0, Skipped: 0, Time elapsed: 0.859 sec
Running org.apache.commons.math.random.MersenneTwisterTest
Tests run: 10, Failures: 0, Errors: 0, Skipped: 0, Time elapsed: 0.398 sec
Running org.apache.commons.math.genetics.RandomKeyTest
Tests run: 9, Failures: 0, Errors: 0, Skipped: 0, Time elapsed: 0.021 sec
Running org.apache.commons.math.stat.descriptive.summary.ProductTest
Tests run: 12, Failures: 0, Errors: 0, Skipped: 0, Time elapsed: 0.015 sec
Running org.apache.commons.math.fraction.FractionTest
Tests run: 23, Failures: 0, Errors: 0, Skipped: 0, Time elapsed: 0.03 sec
Running org.apache.commons.math.util.OpenIntToDoubleHashMapTest
Tests run: 17, Failures: 0, Errors: 0, Skipped: 0, Time elapsed: 0.195 sec
Running org.apache.commons.math.optimization.univariate.BracketFinderTest
Tests run: 4, Failures: 0, Errors: 0, Skipped: 0, Time elapsed: 0.01 sec
Running org.apache.commons.math.ode.nonstiff.DormandPrince54IntegratorTest
Tests run: 8, Failures: 0, Errors: 0, Skipped: 0, Time elapsed: 0.142 sec
Running org.apache.commons.math.analysis.polynomials.PolynomialFunctionTest
Tests run: 11, Failures: 0, Errors: 0, Skipped: 0, Time elapsed: 0.015 sec
Running org.apache.commons.math.genetics.ChromosomeTest
Tests run: 2, Failures: 0, Errors: 0, Skipped: 0, Time elapsed: 0.007 sec
Running org.apache.commons.math.stat.descriptive.moment.GeometricMeanTest
Tests run: 11, Failures: 0, Errors: 0, Skipped: 0, Time elapsed: 0.013 sec
Running org.apache.commons.math.optimization.MultiStartDifferentiableMultivariateRealOptimizerTest
Tests run: 1, Failures: 0, Errors: 0, Skipped: 0, Time elapsed: 0.027 sec
Running org.apache.commons.math.random.CorrelatedRandomVectorGeneratorTest
Tests run: 4, Failures: 0, Errors: 0, Skipped: 0, Time elapsed: 0.057 sec
Running org.apache.commons.math.geometry.Vector3DTest
Tests run: 18, Failures: 0, Errors: 0, Skipped: 0, Time elapsed: 0.034 sec
Running org.apache.commons.math.stat.descriptive.rank.MinTest
Tests run: 12, Failures: 0, Errors: 0, Skipped: 0, Time elapsed: 0.019 sec
Running org.apache.commons.math.stat.clustering.EuclideanIntegerPointTest
Tests run: 4, Failures: 0, Errors: 0, Skipped: 0, Time elapsed: 0.011 sec
Running org.apache.commons.math.linear.FieldLUDecompositionImplTest
Tests run: 9, Failures: 0, Errors: 0, Skipped: 0, Time elapsed: 0.058 sec
Running org.apache.commons.math.analysis.integration.TrapezoidIntegratorTest
Tests run: 3, Failures: 0, Errors: 0, Skipped: 0, Time elapsed: 0.022 sec
Running org.apache.commons.math.stat.descriptive.moment.VectorialCovarianceTest
Tests run: 4, Failures: 0, Errors: 0, Skipped: 0, Time elapsed: 0.009 sec
Running org.apache.commons.math.transform.FastHadamardTransformerTest
Tests run: 4, Failures: 0, Errors: 0, Skipped: 0, Time elapsed: 0.017 sec
Running org.apache.commons.math.optimization.fitting.HarmonicFitterTest
Tests run: 4, Failures: 0, Errors: 0, Skipped: 0, Time elapsed: 0.056 sec
Running org.apache.commons.math.stat.correlation.PearsonsCorrelationTest
Tests run: 8, Failures: 0, Errors: 0, Skipped: 0, Time elapsed: 0.044 sec
Running org.apache.commons.math.random.GaussianRandomGeneratorTest
Tests run: 1, Failures: 0, Errors: 0, Skipped: 0, Time elapsed: 0.023 sec
Running org.apache.commons.math.stat.descriptive.moment.ThirdMomentTest
Tests run: 10, Failures: 0, Errors: 0, Skipped: 0, Time elapsed: 0.015 sec
Running org.apache.commons.math.fraction.BigFractionTest
Tests run: 24, Failures: 0, Errors: 0, Skipped: 0, Time elapsed: 0.042 sec
Running org.apache.commons.math.linear.FrenchRealVectorFormatTest
Tests run: 30, Failures: 0, Errors: 0, Skipped: 0, Time elapsed: 0.037 sec
Running org.apache.commons.math.optimization.fitting.CurveFitterTest
Tests run: 3, Failures: 0, Errors: 0, Skipped: 0, Time elapsed: 0.009 sec
Running org.apache.commons.math.util.ContinuedFractionTest
Tests run: 1, Failures: 0, Errors: 0, Skipped: 0, Time elapsed: 0.003 sec
Running org.apache.commons.math.util.TransformerMapTest
Tests run: 8, Failures: 0, Errors: 0, Skipped: 0, Time elapsed: 0.012 sec
Running org.apache.commons.math.analysis.solvers.BisectionSolverTest
Tests run: 4, Failures: 0, Errors: 0, Skipped: 0, Time elapsed: 0.008 sec
Running org.apache.commons.math.random.Well44497bTest
Tests run: 1, Failures: 0, Errors: 0, Skipped: 0, Time elapsed: 0.01 sec
Running org.apache.commons.math.genetics.BinaryChromosomeTest
Tests run: 3, Failures: 0, Errors: 0, Skipped: 0, Time elapsed: 0.006 sec
Running org.apache.commons.math.optimization.direct.PowellOptimizerTest
Tests run: 3, Failures: 0, Errors: 0, Skipped: 0, Time elapsed: 0.019 sec
Running org.apache.commons.math.ode.nonstiff.ClassicalRungeKuttaStepInterpolatorTest
Tests run: 2, Failures: 0, Errors: 0, Skipped: 0, Time elapsed: 0.115 sec
Running org.apache.commons.math.linear.BlockFieldMatrixTest
Tests run: 46, Failures: 0, Errors: 0, Skipped: 0, Time elapsed: 3.724 sec
Running org.apache.commons.math.linear.SingularValueDecompositionImplTest
Tests run: 9, Failures: 0, Errors: 0, Skipped: 0, Time elapsed: 0.033 sec
Running org.apache.commons.math.distribution.TDistributionTest
Tests run: 11, Failures: 0, Errors: 0, Skipped: 0, Time elapsed: 0.219 sec
Running org.apache.commons.math.ode.nonstiff.ClassicalRungeKuttaIntegratorTest
Tests run: 8, Failures: 0, Errors: 0, Skipped: 0, Time elapsed: 0.98 sec
Running org.apache.commons.math.ode.nonstiff.AdamsBashforthIntegratorTest
Tests run: 6, Failures: 0, Errors: 0, Skipped: 0, Time elapsed: 10.896 sec
Running org.apache.commons.math.distribution.BinomialDistributionTest
Tests run: 8, Failures: 0, Errors: 0, Skipped: 0, Time elapsed: 0.121 sec
Running org.apache.commons.math.linear.EigenSolverTest
Tests run: 4, Failures: 0, Errors: 0, Skipped: 0, Time elapsed: 0.013 sec
Running org.apache.commons.math.stat.inference.TTestTest
Tests run: 6, Failures: 0, Errors: 0, Skipped: 0, Time elapsed: 0.007 sec
Running org.apache.commons.math.analysis.polynomials.PolynomialFunctionNewtonFormTest
Tests run: 4, Failures: 0, Errors: 0, Skipped: 0, Time elapsed: 0.007 sec
Running org.apache.commons.math.random.UniformRandomGeneratorTest
Tests run: 1, Failures: 0, Errors: 0, Skipped: 0, Time elapsed: 0.012 sec
Running org.apache.commons.math.stat.descriptive.rank.PercentileTest
Tests run: 11, Failures: 0, Errors: 0, Skipped: 0, Time elapsed: 0.012 sec
Running org.apache.commons.math.ode.events.EventStateTest
Tests run: 1, Failures: 0, Errors: 0, Skipped: 0, Time elapsed: 0.004 sec
Running org.apache.commons.math.util.FastMathTest
Tests run: 30, Failures: 0, Errors: 0, Skipped: 1, Time elapsed: 169.929 sec
Running org.apache.commons.math.analysis.solvers.RiddersSolverTest
Tests run: 4, Failures: 0, Errors: 0, Skipped: 0, Time elapsed: 0.01 sec
Running org.apache.commons.math.stat.descriptive.moment.SemiVarianceTest
Tests run: 9, Failures: 0, Errors: 0, Skipped: 0, Time elapsed: 0.012 sec
Running org.apache.commons.math.linear.ArrayFieldVectorTest
Tests run: 7, Failures: 0, Errors: 0, Skipped: 0, Time elapsed: 0.016 sec
Running org.apache.commons.math.ode.ContinuousOutputModelTest
Tests run: 4, Failures: 0, Errors: 0, Skipped: 0, Time elapsed: 0.073 sec
Running org.apache.commons.math.random.UncorrelatedRandomVectorGeneratorTest
Tests run: 1, Failures: 0, Errors: 0, Skipped: 0, Time elapsed: 0.041 sec
Running org.apache.commons.math.optimization.linear.SimplexTableauTest
Tests run: 4, Failures: 0, Errors: 0, Skipped: 0, Time elapsed: 0.012 sec
Running org.apache.commons.math.ConvergenceExceptionTest
Tests run: 4, Failures: 0, Errors: 0, Skipped: 0, Time elapsed: 0.012 sec
Running org.apache.commons.math.exception.NotStrictlyPositiveExceptionTest
Tests run: 1, Failures: 0, Errors: 0, Skipped: 0, Time elapsed: 0.003 sec
Running org.apache.commons.math.dfp.DfpMathTest
Tests run: 2, Failures: 0, Errors: 0, Skipped: 0, Time elapsed: 0.025 sec
Running org.apache.commons.math.complex.ComplexFormatTest
Tests run: 35, Failures: 0, Errors: 0, Skipped: 0, Time elapsed: 0.032 sec
Running org.apache.commons.math.util.ResizableDoubleArrayTest
Tests run: 13, Failures: 0, Errors: 0, Skipped: 0, Time elapsed: 0.058 sec
Running org.apache.commons.math.stat.descriptive.summary.SumTest
Tests run: 12, Failures: 0, Errors: 0, Skipped: 0, Time elapsed: 0.024 sec
Running org.apache.commons.math.genetics.ElitisticListPopulationTest
Tests run: 1, Failures: 0, Errors: 0, Skipped: 0, Time elapsed: 0.005 sec
Running org.apache.commons.math.linear.SparseFieldVectorTest
Tests run: 4, Failures: 0, Errors: 0, Skipped: 0, Time elapsed: 0.027 sec
Running org.apache.commons.math.stat.descriptive.summary.SumSqTest
Tests run: 11, Failures: 0, Errors: 0, Skipped: 0, Time elapsed: 0.014 sec
Running org.apache.commons.math.linear.SparseRealVectorTest
Tests run: 7, Failures: 0, Errors: 0, Skipped: 0, Time elapsed: 0.07 sec
Running org.apache.commons.math.analysis.interpolation.DividedDifferenceInterpolatorTest
Tests run: 3, Failures: 0, Errors: 0, Skipped: 0, Time elapsed: 0.01 sec
Running org.apache.commons.math.linear.EigenDecompositionImplTest
Tests run: 20, Failures: 0, Errors: 0, Skipped: 0, Time elapsed: 7.305 sec
Running org.apache.commons.math.dfp.DfpDecTest
Tests run: 3, Failures: 0, Errors: 0, Skipped: 0, Time elapsed: 0.061 sec
Running org.apache.commons.math.analysis.integration.SimpsonIntegratorTest
Tests run: 3, Failures: 0, Errors: 0, Skipped: 0, Time elapsed: 0.011 sec
Running org.apache.commons.math.analysis.interpolation.MicrosphereInterpolatorTest
Tests run: 2, Failures: 0, Errors: 0, Skipped: 0, Time elapsed: 3.701 sec
Running org.apache.commons.math.analysis.polynomials.PolynomialSplineFunctionTest
Tests run: 2, Failures: 0, Errors: 0, Skipped: 0, Time elapsed: 0.007 sec
Running org.apache.commons.math.genetics.GeneticAlgorithmTestPermutations
Tests run: 1, Failures: 0, Errors: 0, Skipped: 0, Time elapsed: 0.553 sec
Running org.apache.commons.math.stat.descriptive.moment.KurtosisTest
Tests run: 11, Failures: 0, Errors: 0, Skipped: 0, Time elapsed: 0.024 sec
Running org.apache.commons.math.transform.FastFourierTransformerTest
Tests run: 4, Failures: 0, Errors: 0, Skipped: 0, Time elapsed: 0.035 sec
Running org.apache.commons.math.stat.descriptive.moment.VectorialMeanTest
Tests run: 4, Failures: 0, Errors: 0, Skipped: 0, Time elapsed: 0.011 sec
Running org.apache.commons.math.distribution.NormalDistributionTest
Tests run: 14, Failures: 0, Errors: 1, Skipped: 0, Time elapsed: 0.058 sec <<< FAILURE!
Running org.apache.commons.math.geometry.Vector3DFormatTest
Tests run: 28, Failures: 0, Errors: 0, Skipped: 0, Time elapsed: 0.034 sec
Running org.apache.commons.math.distribution.PoissonDistributionTest
Tests run: 12, Failures: 0, Errors: 0, Skipped: 0, Time elapsed: 6.834 sec
Running org.apache.commons.math.analysis.polynomials.PolynomialFunctionLagrangeFormTest
Tests run: 4, Failures: 0, Errors: 0, Skipped: 0, Time elapsed: 0.007 sec
Running org.apache.commons.math.genetics.TournamentSelectionTest
Tests run: 1, Failures: 0, Errors: 0, Skipped: 0, Time elapsed: 0.005 sec
Running org.apache.commons.math.optimization.general.MinpackTest
Tests run: 18, Failures: 0, Errors: 0, Skipped: 0, Time elapsed: 1.469 sec
Running org.apache.commons.math.stat.descriptive.SynchronizedMultivariateSummaryStatisticsTest
Tests run: 10, Failures: 0, Errors: 0, Skipped: 0, Time elapsed: 0.029 sec
Running org.apache.commons.math.linear.AbstractRealVectorTest
Tests run: 4, Failures: 0, Errors: 0, Skipped: 0, Time elapsed: 2.114 sec
Running org.apache.commons.math.analysis.solvers.BrentSolverTest
Tests run: 5, Failures: 0, Errors: 0, Skipped: 0, Time elapsed: 0.009 sec
Running org.apache.commons.math.optimization.univariate.MultiStartUnivariateRealOptimizerTest
Tests run: 3, Failures: 0, Errors: 0, Skipped: 0, Time elapsed: 0.012 sec
Running org.apache.commons.math.stat.descriptive.AbstractUnivariateStatisticTest
Tests run: 2, Failures: 0, Errors: 0, Skipped: 0, Time elapsed: 0.004 sec
Running org.apache.commons.math.exception.NotPositiveExceptionTest
Tests run: 1, Failures: 0, Errors: 0, Skipped: 0, Time elapsed: 0.002 sec
Running org.apache.commons.math.stat.inference.ChiSquareTestTest
Tests run: 7, Failures: 0, Errors: 0, Skipped: 0, Time elapsed: 0.01 sec
Running org.apache.commons.math.analysis.interpolation.TricubicSplineInterpolatorTest
Tests run: 3, Failures: 0, Errors: 0, Skipped: 0, Time elapsed: 0.197 sec
Running org.apache.commons.math.analysis.interpolation.LoessInterpolatorTest
Tests run: 20, Failures: 0, Errors: 0, Skipped: 0, Time elapsed: 0.278 sec
Running org.apache.commons.math.ode.nonstiff.ThreeEighthesStepInterpolatorTest
Tests run: 2, Failures: 0, Errors: 0, Skipped: 0, Time elapsed: 0.328 sec
Running org.apache.commons.math.genetics.BinaryMutationTest
Tests run: 1, Failures: 0, Errors: 0, Skipped: 0, Time elapsed: 0.004 sec
Running org.apache.commons.math.fraction.FractionFormatTest
Tests run: 18, Failures: 0, Errors: 0, Skipped: 0, Time elapsed: 0.025 sec
Running org.apache.commons.math.random.Well1024aTest
Tests run: 10, Failures: 0, Errors: 0, Skipped: 0, Time elapsed: 3.228 sec
Running org.apache.commons.math.distribution.PascalDistributionTest
Tests run: 8, Failures: 0, Errors: 0, Skipped: 0, Time elapsed: 1.145 sec
Running org.apache.commons.math.optimization.general.NonLinearConjugateGradientOptimizerTest
Tests run: 12, Failures: 0, Errors: 0, Skipped: 0, Time elapsed: 0.036 sec
Running org.apache.commons.math.exception.NumberIsTooSmallExceptionTest
Tests run: 1, Failures: 0, Errors: 0, Skipped: 0, Time elapsed: 0.002 sec
Running org.apache.commons.math.exception.DimensionMismatchExceptionTest
Tests run: 1, Failures: 0, Errors: 0, Skipped: 0, Time elapsed: 0.002 sec
Running org.apache.commons.math.complex.ComplexUtilsTest
Tests run: 4, Failures: 0, Errors: 0, Skipped: 0, Time elapsed: 0.013 sec
Running org.apache.commons.math.util.MathUtilsTest
Tests run: 62, Failures: 0, Errors: 0, Skipped: 0, Time elapsed: 1.879 sec
Running org.apache.commons.math.random.Well44497aTest
Tests run: 1, Failures: 0, Errors: 0, Skipped: 0, Time elapsed: 0.01 sec
Running org.apache.commons.math.analysis.interpolation.LinearInterpolatorTest
Tests run: 4, Failures: 0, Errors: 0, Skipped: 0, Time elapsed: 0.008 sec
Running org.apache.commons.math.genetics.FitnessCachingTest
Tests run: 1, Failures: 0, Errors: 0, Skipped: 0, Time elapsed: 0.014 sec
Running org.apache.commons.math.stat.inference.ChiSquareFactoryTest
Tests run: 7, Failures: 0, Errors: 0, Skipped: 0, Time elapsed: 0.008 sec
Running org.apache.commons.math.fraction.FractionFieldTest
Tests run: 3, Failures: 0, Errors: 0, Skipped: 0, Time elapsed: 0.005 sec
Running org.apache.commons.math.stat.descriptive.InteractionTest
Tests run: 1, Failures: 0, Errors: 0, Skipped: 0, Time elapsed: 0.002 sec
Running org.apache.commons.math.stat.correlation.CovarianceTest
Tests run: 5, Failures: 0, Errors: 0, Skipped: 0, Time elapsed: 0.015 sec
Running org.apache.commons.math.exception.NumberIsTooLargeExceptionTest
Tests run: 1, Failures: 0, Errors: 0, Skipped: 0, Time elapsed: 0.003 sec
Running org.apache.commons.math.linear.RealVectorFormatTest
Tests run: 30, Failures: 0, Errors: 0, Skipped: 0, Time elapsed: 0.037 sec
Running org.apache.commons.math.linear.QRSolverTest
Tests run: 6, Failures: 0, Errors: 0, Skipped: 0, Time elapsed: 0.681 sec
Running org.apache.commons.math.analysis.solvers.LaguerreSolverTest
Tests run: 4, Failures: 0, Errors: 0, Skipped: 0, Time elapsed: 0.017 sec
Running org.apache.commons.math.linear.CholeskySolverTest
Tests run: 3, Failures: 0, Errors: 0, Skipped: 0, Time elapsed: 0.01 sec
Running org.apache.commons.math.distribution.WeibullDistributionTest
Tests run: 9, Failures: 0, Errors: 0, Skipped: 0, Time elapsed: 0.031 sec
Running org.apache.commons.math.random.Well19937aTest
Tests run: 1, Failures: 0, Errors: 0, Skipped: 0, Time elapsed: 0.013 sec
Running org.apache.commons.math.stat.StatUtilsTest
Tests run: 15, Failures: 0, Errors: 0, Skipped: 0, Time elapsed: 0.025 sec
Running org.apache.commons.math.analysis.interpolation.SplineInterpolatorTest
Tests run: 5, Failures: 0, Errors: 0, Skipped: 0, Time elapsed: 0.012 sec
Running org.apache.commons.math.analysis.solvers.MullerSolverTest
Tests run: 4, Failures: 0, Errors: 0, Skipped: 0, Time elapsed: 0.013 sec
Running org.apache.commons.math.linear.TriDiagonalTransformerTest
Tests run: 8, Failures: 0, Errors: 0, Skipped: 0, Time elapsed: 0.019 sec
Running org.apache.commons.math.distribution.ChiSquareDistributionTest
Tests run: 9, Failures: 0, Errors: 0, Skipped: 0, Time elapsed: 0.306 sec
Running org.apache.commons.math.analysis.solvers.UnivariateRealSolverUtilsTest
Tests run: 14, Failures: 0, Errors: 0, Skipped: 0, Time elapsed: 0.016 sec
Running org.apache.commons.math.transform.FastSineTransformerTest
Tests run: 3, Failures: 0, Errors: 0, Skipped: 0, Time elapsed: 0.015 sec
Running org.apache.commons.math.stat.inference.OneWayAnovaTest
Tests run: 3, Failures: 0, Errors: 0, Skipped: 0, Time elapsed: 0.004 sec
Running org.apache.commons.math.optimization.univariate.BrentOptimizerTest
Tests run: 5, Failures: 0, Errors: 0, Skipped: 0, Time elapsed: 0.044 sec
Running org.apache.commons.math.util.PairTest
Tests run: 2, Failures: 0, Errors: 0, Skipped: 0, Time elapsed: 0.003 sec
Running org.apache.commons.math.optimization.direct.SimplexOptimizerNelderMeadTest
Tests run: 7, Failures: 0, Errors: 0, Skipped: 0, Time elapsed: 0.045 sec
Running org.apache.commons.math.transform.FastCosineTransformerTest
Tests run: 3, Failures: 0, Errors: 0, Skipped: 0, Time elapsed: 0.011 sec
Running org.apache.commons.math.ode.nonstiff.DormandPrince853IntegratorTest
Tests run: 11, Failures: 0, Errors: 0, Skipped: 0, Time elapsed: 0.25 sec
Running org.apache.commons.math.ode.nonstiff.EulerIntegratorTest
Tests run: 6, Failures: 0, Errors: 0, Skipped: 0, Time elapsed: 1.446 sec
Running org.apache.commons.math.stat.descriptive.rank.MaxTest
Tests run: 12, Failures: 0, Errors: 0, Skipped: 0, Time elapsed: 0.013 sec
Running org.apache.commons.math.complex.ComplexFieldTest
Tests run: 3, Failures: 0, Errors: 0, Skipped: 0, Time elapsed: 0.007 sec
Running org.apache.commons.math.stat.descriptive.ListUnivariateImplTest
Tests run: 5, Failures: 0, Errors: 0, Skipped: 0, Time elapsed: 0.013 sec
Running org.apache.commons.math.MaxIterationsExceededExceptionTest
Tests run: 2, Failures: 0, Errors: 0, Skipped: 0, Time elapsed: 0.005 sec
Running org.apache.commons.math.stat.descriptive.DescriptiveStatisticsTest
Tests run: 9, Failures: 0, Errors: 0, Skipped: 0, Time elapsed: 0.017 sec
Running org.apache.commons.math.linear.MatrixUtilsTest
Tests run: 10, Failures: 0, Errors: 0, Skipped: 0, Time elapsed: 0.015 sec
Running org.apache.commons.math.optimization.MultiStartDifferentiableMultivariateVectorialOptimizerTest
Tests run: 2, Failures: 0, Errors: 0, Skipped: 0, Time elapsed: 0.011 sec
Running org.apache.commons.math.geometry.RotationTest
Tests run: 12, Failures: 0, Errors: 0, Skipped: 0, Time elapsed: 2.152 sec
Running org.apache.commons.math.ode.sampling.DummyStepInterpolatorTest
Tests run: 4, Failures: 0, Errors: 0, Skipped: 0, Time elapsed: 0.015 sec
Running org.apache.commons.math.genetics.RandomKeyMutationTest
Tests run: 1, Failures: 0, Errors: 0, Skipped: 0, Time elapsed: 0.003 sec
Running org.apache.commons.math.linear.SingularValueSolverTest
Tests run: 5, Failures: 0, Errors: 0, Skipped: 0, Time elapsed: 0.009 sec
Running org.apache.commons.math.exception.util.MessageFactoryTest
Tests run: 4, Failures: 0, Errors: 0, Skipped: 0, Time elapsed: 0.006 sec
Running org.apache.commons.math.analysis.FunctionUtilsTest
Tests run: 7, Failures: 0, Errors: 0, Skipped: 0, Time elapsed: 0.017 sec
Running org.apache.commons.math.util.BigRealTest
Tests run: 5, Failures: 0, Errors: 0, Skipped: 0, Time elapsed: 0.006 sec
Running org.apache.commons.math.distribution.ExponentialDistributionTest
Tests run: 12, Failures: 0, Errors: 0, Skipped: 0, Time elapsed: 0.016 sec
Running org.apache.commons.math.stat.descriptive.SynchronizedDescriptiveStatisticsTest
Tests run: 9, Failures: 0, Errors: 0, Skipped: 0, Time elapsed: 0.014 sec
Running org.apache.commons.math.analysis.interpolation.TricubicSplineInterpolatingFunctionTest
Tests run: 3, Failures: 0, Errors: 0, Skipped: 0, Time elapsed: 0.057 sec
Running org.apache.commons.math.geometry.FrenchVector3DFormatTest
Tests run: 28, Failures: 0, Errors: 0, Skipped: 0, Time elapsed: 0.024 sec
Running org.apache.commons.math.ode.nonstiff.AdamsMoultonIntegratorTest
Tests run: 6, Failures: 0, Errors: 0, Skipped: 0, Time elapsed: 1.584 sec
Running org.apache.commons.math.stat.regression.SimpleRegressionTest
Tests run: 16, Failures: 0, Errors: 0, Skipped: 0, Time elapsed: 0.024 sec
Running org.apache.commons.math.optimization.MultiStartMultivariateRealOptimizerTest
Tests run: 1, Failures: 0, Errors: 0, Skipped: 0, Time elapsed: 0.013 sec
Running org.apache.commons.math.stat.regression.GLSMultipleLinearRegressionTest
Tests run: 20, Failures: 0, Errors: 0, Skipped: 0, Time elapsed: 0.037 sec
Running org.apache.commons.math.analysis.interpolation.BicubicSplineInterpolatorTest
Tests run: 3, Failures: 0, Errors: 0, Skipped: 0, Time elapsed: 0.007 sec
Running org.apache.commons.math.ode.nonstiff.ThreeEighthesIntegratorTest
Tests run: 7, Failures: 0, Errors: 0, Skipped: 0, Time elapsed: 1.276 sec
Running org.apache.commons.math.analysis.interpolation.SmoothingPolynomialBicubicSplineInterpolatorTest
Tests run: 3, Failures: 0, Errors: 0, Skipped: 0, Time elapsed: 0.021 sec
Running org.apache.commons.math.analysis.interpolation.BicubicSplineInterpolatingFunctionTest
Tests run: 5, Failures: 0, Errors: 0, Skipped: 0, Time elapsed: 0.038 sec
Running org.apache.commons.math.ode.nonstiff.GillStepInterpolatorTest
Tests run: 2, Failures: 0, Errors: 0, Skipped: 0, Time elapsed: 0.238 sec
Running org.apache.commons.math.linear.LUSolverTest
Tests run: 6, Failures: 0, Errors: 0, Skipped: 0, Time elapsed: 0.013 sec
Running org.apache.commons.math.optimization.general.LevenbergMarquardtOptimizerTest
Tests run: 16, Failures: 0, Errors: 0, Skipped: 0, Time elapsed: 0.068 sec
Running org.apache.commons.math.MathConfigurationExceptionTest
Tests run: 4, Failures: 0, Errors: 0, Skipped: 0, Time elapsed: 0.011 sec
Running org.apache.commons.math.genetics.ListPopulationTest
Tests run: 1, Failures: 0, Errors: 0, Skipped: 0, Time elapsed: 0.005 sec
Running org.apache.commons.math.MathExceptionTest
Tests run: 6, Failures: 0, Errors: 0, Skipped: 0, Time elapsed: 0.022 sec
Running org.apache.commons.math.distribution.CauchyDistributionTest
Tests run: 10, Failures: 0, Errors: 0, Skipped: 0, Time elapsed: 0.026 sec
Running org.apache.commons.math.stat.correlation.SpearmansRankCorrelationTest
Tests run: 9, Failures: 0, Errors: 0, Skipped: 0, Time elapsed: 0.031 sec
Running org.apache.commons.math.random.Well512aTest
Tests run: 1, Failures: 0, Errors: 0, Skipped: 0, Time elapsed: 0.007 sec
Running org.apache.commons.math.linear.SparseFieldMatrixTest
Tests run: 24, Failures: 0, Errors: 0, Skipped: 0, Time elapsed: 0.079 sec
Running org.apache.commons.math.exception.util.ArgUtilsTest
Tests run: 1, Failures: 0, Errors: 0, Skipped: 0, Time elapsed: 0.005 sec
Running org.apache.commons.math.stat.descriptive.summary.SumLogTest
Tests run: 11, Failures: 0, Errors: 0, Skipped: 0, Time elapsed: 0.016 sec
Running org.apache.commons.math.optimization.fitting.GaussianFitterTest
Tests run: 7, Failures: 0, Errors: 0, Skipped: 0, Time elapsed: 0.049 sec
Running org.apache.commons.math.stat.FrequencyTest
Tests run: 7, Failures: 0, Errors: 0, Skipped: 0, Time elapsed: 0.025 sec
Running org.apache.commons.math.stat.descriptive.moment.SecondMomentTest
Tests run: 10, Failures: 0, Errors: 0, Skipped: 0, Time elapsed: 0.016 sec

Results :

Tests in error: 
  testExtremeValues(org.apache.commons.math.distribution.NormalDistributionTest)

Tests run: 2209, Failures: 0, Errors: 1, Skipped: 1

[INFO] ------------------------------------------------------------------------
[INFO] BUILD FAILURE
[INFO] ------------------------------------------------------------------------
[INFO] Total time: 06:22 min
[INFO] Finished at: 2018-07-30T18:12:35+02:00
[INFO] Final Memory: 43M/1947M
[INFO] ------------------------------------------------------------------------
[ERROR] Failed to execute goal org.apache.maven.plugins:maven-surefire-plugin:2.5:test (default-test) on project commons-math: There are test failures.
[ERROR] 
[ERROR] Please refer to /tmp/icse19/dataset/august-2018/bugs-dot-jar/commons-math_buggy/target/surefire-reports for the individual test results.
[ERROR] -> [Help 1]
[ERROR] 
[ERROR] To see the full stack trace of the errors, re-run Maven with the -e switch.
[ERROR] Re-run Maven using the -X switch to enable full debug logging.
[ERROR] 
[ERROR] For more information about the errors and possible solutions, please read the following articles:
[ERROR] [Help 1] http://cwiki.apache.org/confluence/display/MAVEN/MojoFailureException
Writing HTML report to '/tmp/icse19/dataset/august-2018/bugs-dot-jar/commons-math_buggy/target/clover/report'
Done. Processed 41 packages in 25205ms (614ms per package).
[INFO] org.apache.commons.math.distribution.NormalDistributionTest;testConsistency;testMath280;testQuantiles;testSampling;testCumulativeProbabilities;testExtremeValues;testInverseCumulativeProbabilities
org.apache.commons.math.distribution.PoissonDistributionTest;testNormalApproximateProbability
[INFO] ------------------------------------------------------------------------
[INFO] BUILD SUCCESS
[INFO] ------------------------------------------------------------------------
[INFO] Total time: 07:10 min
[INFO] Finished at: 2018-07-30T18:13:08+02:00
[INFO] Final Memory: 71M/4827M
[INFO] ------------------------------------------------------------------------
cd dataset/august-2018/bugs-dot-jar/commons-math_buggy/ && ~/apache-maven-3.3.9/bin/mvn clean versions:use-latest-versions -Dincludes=junit:junit eu.stamp-project:diff-test-selection:0.2:list -DpathToDiff=.bugs-dot-jar/developer-patch.diff -DpathToOtherVersion=../commons-math_fixed/ -DoutputPath=../../commons-math/data_test-selection_bugs-dot-jar_MATH-326_ce185345.csv -Dreport=CSV
rm -rf commons-math_fixed
